<?xml version="1.0" encoding="UTF-8"?>
<testsuites>
    <testsuite name="kaffemaskin;paying-with-coins" tests="15" failures="1" skipped="8">
        <properties>
            <property name="URI" value="C:/Users/matti/OneDrive/Skrivbord/Programming/kaffemaskin/features/kaffemaskin.feature">
            </property>
        </properties>
        <testcase name="Given that I want to buy coffee" classname="kaffemaskin;paying-with-coins" time="0.0014525">
        </testcase>
        <testcase name="And that the machine is plugged in" classname="kaffemaskin;paying-with-coins" time="0.0001613">
        </testcase>
        <testcase name="And that the user has pressed the start button" classname="kaffemaskin;paying-with-coins" time="0.0002337">
        </testcase>
        <testcase name="And that ground coffee is available" classname="kaffemaskin;paying-with-coins" time="0.0002344">
        </testcase>
        <testcase name="And that water is available" classname="kaffemaskin;paying-with-coins" time="0.0002033">
        </testcase>
        <testcase name="And that a cup has been placed" classname="kaffemaskin;paying-with-coins" time="0.000231">
        </testcase>
        <testcase name="Given that coffee type Black Coffee has been chosen" classname="kaffemaskin;paying-with-coins" time="0.0003233">
            <failure message="TypeError: Cannot read property &apos;0&apos; of undefined">TypeError: Cannot read property &apos;0&apos; of undefined
    at createWorld.&lt;anonymous&gt; (C:\Users\matti\OneDrive\Skrivbord\Programming\kaffemaskin\step-definitions\kaffemaskin.js:72:44)
    at processTicksAndRejections (internal/process/task_queues.js:75:11)</failure>
        </testcase>
        <testcase name="And the payment method coins has been chosen" classname="kaffemaskin;paying-with-coins">
            <skipped message="">
            </skipped>
        </testcase>
        <testcase name="When the user inserts 10 kr coin" classname="kaffemaskin;paying-with-coins">
            <skipped message="">
            </skipped>
        </testcase>
        <testcase name="And the user inserts 10 kr coin" classname="kaffemaskin;paying-with-coins">
            <skipped message="">
            </skipped>
        </testcase>
        <testcase name="And the user inserts 5 kr coin" classname="kaffemaskin;paying-with-coins">
            <skipped message="">
            </skipped>
        </testcase>
        <testcase name="And the user inserts 0 kr coin" classname="kaffemaskin;paying-with-coins">
            <skipped message="">
            </skipped>
        </testcase>
        <testcase name="And the user inserts 0 kr coin" classname="kaffemaskin;paying-with-coins">
            <skipped message="">
            </skipped>
        </testcase>
        <testcase name="And the user inserts 0 kr coin" classname="kaffemaskin;paying-with-coins">
            <skipped message="">
            </skipped>
        </testcase>
        <testcase name="Then the user recieves 1 cup of coffee." classname="kaffemaskin;paying-with-coins">
            <skipped message="">
            </skipped>
        </testcase>
    </testsuite>
    <testsuite name="kaffemaskin;paying-with-coins" tests="15" failures="1" skipped="8">
        <properties>
            <property name="URI" value="C:/Users/matti/OneDrive/Skrivbord/Programming/kaffemaskin/features/kaffemaskin.feature">
            </property>
        </properties>
        <testcase name="Given that I want to buy coffee" classname="kaffemaskin;paying-with-coins" time="0.0000892">
        </testcase>
        <testcase name="And that the machine is plugged in" classname="kaffemaskin;paying-with-coins" time="0.0000821">
        </testcase>
        <testcase name="And that the user has pressed the start button" classname="kaffemaskin;paying-with-coins" time="0.0001021">
        </testcase>
        <testcase name="And that ground coffee is available" classname="kaffemaskin;paying-with-coins" time="0.0000454">
        </testcase>
        <testcase name="And that water is available" classname="kaffemaskin;paying-with-coins" time="0.0000427">
        </testcase>
        <testcase name="And that a cup has been placed" classname="kaffemaskin;paying-with-coins" time="0.0000458">
        </testcase>
        <testcase name="Given that coffee type Black Coffee has been chosen" classname="kaffemaskin;paying-with-coins" time="0.0000563">
            <failure message="TypeError: Cannot read property &apos;0&apos; of undefined">TypeError: Cannot read property &apos;0&apos; of undefined
    at createWorld.&lt;anonymous&gt; (C:\Users\matti\OneDrive\Skrivbord\Programming\kaffemaskin\step-definitions\kaffemaskin.js:72:44)
    at processTicksAndRejections (internal/process/task_queues.js:75:11)</failure>
        </testcase>
        <testcase name="And the payment method coins has been chosen" classname="kaffemaskin;paying-with-coins">
            <skipped message="">
            </skipped>
        </testcase>
        <testcase name="When the user inserts 10 kr coin" classname="kaffemaskin;paying-with-coins">
            <skipped message="">
            </skipped>
        </testcase>
        <testcase name="And the user inserts 5 kr coin" classname="kaffemaskin;paying-with-coins">
            <skipped message="">
            </skipped>
        </testcase>
        <testcase name="And the user inserts 5 kr coin" classname="kaffemaskin;paying-with-coins">
            <skipped message="">
            </skipped>
        </testcase>
        <testcase name="And the user inserts 5 kr coin" classname="kaffemaskin;paying-with-coins">
            <skipped message="">
            </skipped>
        </testcase>
        <testcase name="And the user inserts 0 kr coin" classname="kaffemaskin;paying-with-coins">
            <skipped message="">
            </skipped>
        </testcase>
        <testcase name="And the user inserts 0 kr coin" classname="kaffemaskin;paying-with-coins">
            <skipped message="">
            </skipped>
        </testcase>
        <testcase name="Then the user recieves 1 cup of coffee." classname="kaffemaskin;paying-with-coins">
            <skipped message="">
            </skipped>
        </testcase>
    </testsuite>
    <testsuite name="kaffemaskin;paying-with-coins" tests="15" failures="1" skipped="8">
        <properties>
            <property name="URI" value="C:/Users/matti/OneDrive/Skrivbord/Programming/kaffemaskin/features/kaffemaskin.feature">
            </property>
        </properties>
        <testcase name="Given that I want to buy coffee" classname="kaffemaskin;paying-with-coins" time="0.000059701">
        </testcase>
        <testcase name="And that the machine is plugged in" classname="kaffemaskin;paying-with-coins" time="0.000119799">
        </testcase>
        <testcase name="And that the user has pressed the start button" classname="kaffemaskin;paying-with-coins" time="0.000092501">
        </testcase>
        <testcase name="And that ground coffee is available" classname="kaffemaskin;paying-with-coins" time="0.0000741">
        </testcase>
        <testcase name="And that water is available" classname="kaffemaskin;paying-with-coins" time="0.000103199">
        </testcase>
        <testcase name="And that a cup has been placed" classname="kaffemaskin;paying-with-coins" time="0.0000366">
        </testcase>
        <testcase name="Given that coffee type Black Coffee has been chosen" classname="kaffemaskin;paying-with-coins" time="0.0000628">
            <failure message="TypeError: Cannot read property &apos;0&apos; of undefined">TypeError: Cannot read property &apos;0&apos; of undefined
    at createWorld.&lt;anonymous&gt; (C:\Users\matti\OneDrive\Skrivbord\Programming\kaffemaskin\step-definitions\kaffemaskin.js:72:44)
    at processTicksAndRejections (internal/process/task_queues.js:75:11)</failure>
        </testcase>
        <testcase name="And the payment method coins has been chosen" classname="kaffemaskin;paying-with-coins">
            <skipped message="">
            </skipped>
        </testcase>
        <testcase name="When the user inserts &quot;pollett&quot; kr coin" classname="kaffemaskin;paying-with-coins">
            <skipped message="">
            </skipped>
        </testcase>
        <testcase name="And the user inserts 5 kr coin" classname="kaffemaskin;paying-with-coins">
            <skipped message="">
            </skipped>
        </testcase>
        <testcase name="And the user inserts 5 kr coin" classname="kaffemaskin;paying-with-coins">
            <skipped message="">
            </skipped>
        </testcase>
        <testcase name="And the user inserts 2 kr coin" classname="kaffemaskin;paying-with-coins">
            <skipped message="">
            </skipped>
        </testcase>
        <testcase name="And the user inserts 2 kr coin" classname="kaffemaskin;paying-with-coins">
            <skipped message="">
            </skipped>
        </testcase>
        <testcase name="And the user inserts 0 kr coin" classname="kaffemaskin;paying-with-coins">
            <skipped message="">
            </skipped>
        </testcase>
        <testcase name="Then the user recieves 0 cup of coffee." classname="kaffemaskin;paying-with-coins">
            <skipped message="">
            </skipped>
        </testcase>
    </testsuite>
    <testsuite name="kaffemaskin;paying-with-coins" tests="15" failures="1" skipped="8">
        <properties>
            <property name="URI" value="C:/Users/matti/OneDrive/Skrivbord/Programming/kaffemaskin/features/kaffemaskin.feature">
            </property>
        </properties>
        <testcase name="Given that I want to buy coffee" classname="kaffemaskin;paying-with-coins" time="0.0000605">
        </testcase>
        <testcase name="And that the machine is plugged in" classname="kaffemaskin;paying-with-coins" time="0.000082">
        </testcase>
        <testcase name="And that the user has pressed the start button" classname="kaffemaskin;paying-with-coins" time="0.000079599">
        </testcase>
        <testcase name="And that ground coffee is available" classname="kaffemaskin;paying-with-coins" time="0.0000532">
        </testcase>
        <testcase name="And that water is available" classname="kaffemaskin;paying-with-coins" time="0.000066099">
        </testcase>
        <testcase name="And that a cup has been placed" classname="kaffemaskin;paying-with-coins" time="0.000041401">
        </testcase>
        <testcase name="Given that coffee type Black Coffee has been chosen" classname="kaffemaskin;paying-with-coins" time="0.000057299">
            <failure message="TypeError: Cannot read property &apos;0&apos; of undefined">TypeError: Cannot read property &apos;0&apos; of undefined
    at createWorld.&lt;anonymous&gt; (C:\Users\matti\OneDrive\Skrivbord\Programming\kaffemaskin\step-definitions\kaffemaskin.js:72:44)
    at processTicksAndRejections (internal/process/task_queues.js:75:11)</failure>
        </testcase>
        <testcase name="And the payment method coins has been chosen" classname="kaffemaskin;paying-with-coins">
            <skipped message="">
            </skipped>
        </testcase>
        <testcase name="When the user inserts 5 kr coin" classname="kaffemaskin;paying-with-coins">
            <skipped message="">
            </skipped>
        </testcase>
        <testcase name="And the user inserts 5 kr coin" classname="kaffemaskin;paying-with-coins">
            <skipped message="">
            </skipped>
        </testcase>
        <testcase name="And the user inserts 5 kr coin" classname="kaffemaskin;paying-with-coins">
            <skipped message="">
            </skipped>
        </testcase>
        <testcase name="And the user inserts 5 kr coin" classname="kaffemaskin;paying-with-coins">
            <skipped message="">
            </skipped>
        </testcase>
        <testcase name="And the user inserts 2 kr coin" classname="kaffemaskin;paying-with-coins">
            <skipped message="">
            </skipped>
        </testcase>
        <testcase name="And the user inserts 1 kr coin" classname="kaffemaskin;paying-with-coins">
            <skipped message="">
            </skipped>
        </testcase>
        <testcase name="Then the user recieves 0 cup of coffee." classname="kaffemaskin;paying-with-coins">
            <skipped message="">
            </skipped>
        </testcase>
    </testsuite>
    <testsuite name="kaffemaskin;paying-with-coins" tests="15" failures="0" skipped="9">
        <properties>
            <property name="URI" value="C:/Users/matti/OneDrive/Skrivbord/Programming/kaffemaskin/features/kaffemaskin.feature">
            </property>
        </properties>
        <testcase name="Given that I want to buy coffee" classname="kaffemaskin;paying-with-coins" time="0.000069699">
        </testcase>
        <testcase name="And that the machine is plugged in" classname="kaffemaskin;paying-with-coins" time="0.0001075">
        </testcase>
        <testcase name="And that the user has pressed the start button" classname="kaffemaskin;paying-with-coins" time="0.000080201">
        </testcase>
        <testcase name="And that ground coffee is available" classname="kaffemaskin;paying-with-coins" time="0.0000851">
        </testcase>
        <testcase name="And that water is available" classname="kaffemaskin;paying-with-coins" time="0.0000505">
        </testcase>
        <testcase name="And that a cup has been placed" classname="kaffemaskin;paying-with-coins" time="0.0000484">
        </testcase>
        <testcase name="Given that coffee type Caffe Latte has been chosen" classname="kaffemaskin;paying-with-coins">
            <skipped message="">
            </skipped>
        </testcase>
        <testcase name="And the payment method coins has been chosen" classname="kaffemaskin;paying-with-coins">
            <skipped message="">
            </skipped>
        </testcase>
        <testcase name="When the user inserts 10 kr coin" classname="kaffemaskin;paying-with-coins">
            <skipped message="">
            </skipped>
        </testcase>
        <testcase name="And the user inserts 10 kr coin" classname="kaffemaskin;paying-with-coins">
            <skipped message="">
            </skipped>
        </testcase>
        <testcase name="And the user inserts 5 kr coin" classname="kaffemaskin;paying-with-coins">
            <skipped message="">
            </skipped>
        </testcase>
        <testcase name="And the user inserts 0 kr coin" classname="kaffemaskin;paying-with-coins">
            <skipped message="">
            </skipped>
        </testcase>
        <testcase name="And the user inserts 0 kr coin" classname="kaffemaskin;paying-with-coins">
            <skipped message="">
            </skipped>
        </testcase>
        <testcase name="And the user inserts 0 kr coin" classname="kaffemaskin;paying-with-coins">
            <skipped message="">
            </skipped>
        </testcase>
        <testcase name="Then the user recieves 1 cup of coffee." classname="kaffemaskin;paying-with-coins">
            <skipped message="">
            </skipped>
        </testcase>
    </testsuite>
    <testsuite name="kaffemaskin;paying-with-coins" tests="15" failures="0" skipped="9">
        <properties>
            <property name="URI" value="C:/Users/matti/OneDrive/Skrivbord/Programming/kaffemaskin/features/kaffemaskin.feature">
            </property>
        </properties>
        <testcase name="Given that I want to buy coffee" classname="kaffemaskin;paying-with-coins" time="0.0000962">
        </testcase>
        <testcase name="And that the machine is plugged in" classname="kaffemaskin;paying-with-coins" time="0.0000709">
        </testcase>
        <testcase name="And that the user has pressed the start button" classname="kaffemaskin;paying-with-coins" time="0.0000907">
        </testcase>
        <testcase name="And that ground coffee is available" classname="kaffemaskin;paying-with-coins" time="0.0000504">
        </testcase>
        <testcase name="And that water is available" classname="kaffemaskin;paying-with-coins" time="0.000038599">
        </testcase>
        <testcase name="And that a cup has been placed" classname="kaffemaskin;paying-with-coins" time="0.0000369">
        </testcase>
        <testcase name="Given that coffee type Caffe Latte has been chosen" classname="kaffemaskin;paying-with-coins">
            <skipped message="">
            </skipped>
        </testcase>
        <testcase name="And the payment method coins has been chosen" classname="kaffemaskin;paying-with-coins">
            <skipped message="">
            </skipped>
        </testcase>
        <testcase name="When the user inserts 10 kr coin" classname="kaffemaskin;paying-with-coins">
            <skipped message="">
            </skipped>
        </testcase>
        <testcase name="And the user inserts 5 kr coin" classname="kaffemaskin;paying-with-coins">
            <skipped message="">
            </skipped>
        </testcase>
        <testcase name="And the user inserts 5 kr coin" classname="kaffemaskin;paying-with-coins">
            <skipped message="">
            </skipped>
        </testcase>
        <testcase name="And the user inserts 5 kr coin" classname="kaffemaskin;paying-with-coins">
            <skipped message="">
            </skipped>
        </testcase>
        <testcase name="And the user inserts 0 kr coin" classname="kaffemaskin;paying-with-coins">
            <skipped message="">
            </skipped>
        </testcase>
        <testcase name="And the user inserts 0 kr coin" classname="kaffemaskin;paying-with-coins">
            <skipped message="">
            </skipped>
        </testcase>
        <testcase name="Then the user recieves 1 cup of coffee." classname="kaffemaskin;paying-with-coins">
            <skipped message="">
            </skipped>
        </testcase>
    </testsuite>
    <testsuite name="kaffemaskin;paying-with-coins" tests="15" failures="0" skipped="9">
        <properties>
            <property name="URI" value="C:/Users/matti/OneDrive/Skrivbord/Programming/kaffemaskin/features/kaffemaskin.feature">
            </property>
        </properties>
        <testcase name="Given that I want to buy coffee" classname="kaffemaskin;paying-with-coins" time="0.0000668">
        </testcase>
        <testcase name="And that the machine is plugged in" classname="kaffemaskin;paying-with-coins" time="0.0000823">
        </testcase>
        <testcase name="And that the user has pressed the start button" classname="kaffemaskin;paying-with-coins" time="0.000104">
        </testcase>
        <testcase name="And that ground coffee is available" classname="kaffemaskin;paying-with-coins" time="0.000062501">
        </testcase>
        <testcase name="And that water is available" classname="kaffemaskin;paying-with-coins" time="0.000089501">
        </testcase>
        <testcase name="And that a cup has been placed" classname="kaffemaskin;paying-with-coins" time="0.0000895">
        </testcase>
        <testcase name="Given that coffee type Caffe Latte has been chosen" classname="kaffemaskin;paying-with-coins">
            <skipped message="">
            </skipped>
        </testcase>
        <testcase name="And the payment method coins has been chosen" classname="kaffemaskin;paying-with-coins">
            <skipped message="">
            </skipped>
        </testcase>
        <testcase name="When the user inserts 10 kr coin" classname="kaffemaskin;paying-with-coins">
            <skipped message="">
            </skipped>
        </testcase>
        <testcase name="And the user inserts 5 kr coin" classname="kaffemaskin;paying-with-coins">
            <skipped message="">
            </skipped>
        </testcase>
        <testcase name="And the user inserts &quot;pollett&quot; kr coin" classname="kaffemaskin;paying-with-coins">
            <skipped message="">
            </skipped>
        </testcase>
        <testcase name="And the user inserts 2 kr coin" classname="kaffemaskin;paying-with-coins">
            <skipped message="">
            </skipped>
        </testcase>
        <testcase name="And the user inserts 2 kr coin" classname="kaffemaskin;paying-with-coins">
            <skipped message="">
            </skipped>
        </testcase>
        <testcase name="And the user inserts 0 kr coin" classname="kaffemaskin;paying-with-coins">
            <skipped message="">
            </skipped>
        </testcase>
        <testcase name="Then the user recieves 0 cup of coffee." classname="kaffemaskin;paying-with-coins">
            <skipped message="">
            </skipped>
        </testcase>
    </testsuite>
    <testsuite name="kaffemaskin;paying-with-coins" tests="15" failures="0" skipped="9">
        <properties>
            <property name="URI" value="C:/Users/matti/OneDrive/Skrivbord/Programming/kaffemaskin/features/kaffemaskin.feature">
            </property>
        </properties>
        <testcase name="Given that I want to buy coffee" classname="kaffemaskin;paying-with-coins" time="0.0000529">
        </testcase>
        <testcase name="And that the machine is plugged in" classname="kaffemaskin;paying-with-coins" time="0.0000701">
        </testcase>
        <testcase name="And that the user has pressed the start button" classname="kaffemaskin;paying-with-coins" time="0.0000522">
        </testcase>
        <testcase name="And that ground coffee is available" classname="kaffemaskin;paying-with-coins" time="0.000057399">
        </testcase>
        <testcase name="And that water is available" classname="kaffemaskin;paying-with-coins" time="0.000062">
        </testcase>
        <testcase name="And that a cup has been placed" classname="kaffemaskin;paying-with-coins" time="0.0001251">
        </testcase>
        <testcase name="Given that coffee type Caffe Latte has been chosen" classname="kaffemaskin;paying-with-coins">
            <skipped message="">
            </skipped>
        </testcase>
        <testcase name="And the payment method coins has been chosen" classname="kaffemaskin;paying-with-coins">
            <skipped message="">
            </skipped>
        </testcase>
        <testcase name="When the user inserts 5 kr coin" classname="kaffemaskin;paying-with-coins">
            <skipped message="">
            </skipped>
        </testcase>
        <testcase name="And the user inserts 5 kr coin" classname="kaffemaskin;paying-with-coins">
            <skipped message="">
            </skipped>
        </testcase>
        <testcase name="And the user inserts 5 kr coin" classname="kaffemaskin;paying-with-coins">
            <skipped message="">
            </skipped>
        </testcase>
        <testcase name="And the user inserts 5 kr coin" classname="kaffemaskin;paying-with-coins">
            <skipped message="">
            </skipped>
        </testcase>
        <testcase name="And the user inserts 2 kr coin" classname="kaffemaskin;paying-with-coins">
            <skipped message="">
            </skipped>
        </testcase>
        <testcase name="And the user inserts 1 kr coin" classname="kaffemaskin;paying-with-coins">
            <skipped message="">
            </skipped>
        </testcase>
        <testcase name="Then the user recieves 0 cup of coffee." classname="kaffemaskin;paying-with-coins">
            <skipped message="">
            </skipped>
        </testcase>
    </testsuite>
    <testsuite name="kaffemaskin;paying-with-coins" tests="15" failures="0" skipped="9">
        <properties>
            <property name="URI" value="C:/Users/matti/OneDrive/Skrivbord/Programming/kaffemaskin/features/kaffemaskin.feature">
            </property>
        </properties>
        <testcase name="Given that I want to buy coffee" classname="kaffemaskin;paying-with-coins" time="0.000055">
        </testcase>
        <testcase name="And that the machine is plugged in" classname="kaffemaskin;paying-with-coins" time="0.000088401">
        </testcase>
        <testcase name="And that the user has pressed the start button" classname="kaffemaskin;paying-with-coins" time="0.00007">
        </testcase>
        <testcase name="And that ground coffee is available" classname="kaffemaskin;paying-with-coins" time="0.0000458">
        </testcase>
        <testcase name="And that water is available" classname="kaffemaskin;paying-with-coins" time="0.0000401">
        </testcase>
        <testcase name="And that a cup has been placed" classname="kaffemaskin;paying-with-coins" time="0.0000348">
        </testcase>
        <testcase name="Given that coffee type Cappucino has been chosen" classname="kaffemaskin;paying-with-coins">
            <skipped message="">
            </skipped>
        </testcase>
        <testcase name="And the payment method coins has been chosen" classname="kaffemaskin;paying-with-coins">
            <skipped message="">
            </skipped>
        </testcase>
        <testcase name="When the user inserts 10 kr coin" classname="kaffemaskin;paying-with-coins">
            <skipped message="">
            </skipped>
        </testcase>
        <testcase name="And the user inserts 10 kr coin" classname="kaffemaskin;paying-with-coins">
            <skipped message="">
            </skipped>
        </testcase>
        <testcase name="And the user inserts 5 kr coin" classname="kaffemaskin;paying-with-coins">
            <skipped message="">
            </skipped>
        </testcase>
        <testcase name="And the user inserts 0 kr coin" classname="kaffemaskin;paying-with-coins">
            <skipped message="">
            </skipped>
        </testcase>
        <testcase name="And the user inserts 0 kr coin" classname="kaffemaskin;paying-with-coins">
            <skipped message="">
            </skipped>
        </testcase>
        <testcase name="And the user inserts 0 kr coin" classname="kaffemaskin;paying-with-coins">
            <skipped message="">
            </skipped>
        </testcase>
        <testcase name="Then the user recieves 1 cup of coffee." classname="kaffemaskin;paying-with-coins">
            <skipped message="">
            </skipped>
        </testcase>
    </testsuite>
    <testsuite name="kaffemaskin;paying-with-coins" tests="15" failures="0" skipped="9">
        <properties>
            <property name="URI" value="C:/Users/matti/OneDrive/Skrivbord/Programming/kaffemaskin/features/kaffemaskin.feature">
            </property>
        </properties>
        <testcase name="Given that I want to buy coffee" classname="kaffemaskin;paying-with-coins" time="0.0000575">
        </testcase>
        <testcase name="And that the machine is plugged in" classname="kaffemaskin;paying-with-coins" time="0.0000858">
        </testcase>
        <testcase name="And that the user has pressed the start button" classname="kaffemaskin;paying-with-coins" time="0.000117301">
        </testcase>
        <testcase name="And that ground coffee is available" classname="kaffemaskin;paying-with-coins" time="0.0000624">
        </testcase>
        <testcase name="And that water is available" classname="kaffemaskin;paying-with-coins" time="0.000059099">
        </testcase>
        <testcase name="And that a cup has been placed" classname="kaffemaskin;paying-with-coins" time="0.0000419">
        </testcase>
        <testcase name="Given that coffee type Cappucino has been chosen" classname="kaffemaskin;paying-with-coins">
            <skipped message="">
            </skipped>
        </testcase>
        <testcase name="And the payment method coins has been chosen" classname="kaffemaskin;paying-with-coins">
            <skipped message="">
            </skipped>
        </testcase>
        <testcase name="When the user inserts 10 kr coin" classname="kaffemaskin;paying-with-coins">
            <skipped message="">
            </skipped>
        </testcase>
        <testcase name="And the user inserts 5 kr coin" classname="kaffemaskin;paying-with-coins">
            <skipped message="">
            </skipped>
        </testcase>
        <testcase name="And the user inserts 5 kr coin" classname="kaffemaskin;paying-with-coins">
            <skipped message="">
            </skipped>
        </testcase>
        <testcase name="And the user inserts 5 kr coin" classname="kaffemaskin;paying-with-coins">
            <skipped message="">
            </skipped>
        </testcase>
        <testcase name="And the user inserts 0 kr coin" classname="kaffemaskin;paying-with-coins">
            <skipped message="">
            </skipped>
        </testcase>
        <testcase name="And the user inserts 0 kr coin" classname="kaffemaskin;paying-with-coins">
            <skipped message="">
            </skipped>
        </testcase>
        <testcase name="Then the user recieves 1 cup of coffee." classname="kaffemaskin;paying-with-coins">
            <skipped message="">
            </skipped>
        </testcase>
    </testsuite>
    <testsuite name="kaffemaskin;paying-with-coins" tests="15" failures="0" skipped="9">
        <properties>
            <property name="URI" value="C:/Users/matti/OneDrive/Skrivbord/Programming/kaffemaskin/features/kaffemaskin.feature">
            </property>
        </properties>
        <testcase name="Given that I want to buy coffee" classname="kaffemaskin;paying-with-coins" time="0.0000864">
        </testcase>
        <testcase name="And that the machine is plugged in" classname="kaffemaskin;paying-with-coins" time="0.0000814">
        </testcase>
        <testcase name="And that the user has pressed the start button" classname="kaffemaskin;paying-with-coins" time="0.0000747">
        </testcase>
        <testcase name="And that ground coffee is available" classname="kaffemaskin;paying-with-coins" time="0.0000595">
        </testcase>
        <testcase name="And that water is available" classname="kaffemaskin;paying-with-coins" time="0.0000391">
        </testcase>
        <testcase name="And that a cup has been placed" classname="kaffemaskin;paying-with-coins" time="0.0000607">
        </testcase>
        <testcase name="Given that coffee type Cappucino has been chosen" classname="kaffemaskin;paying-with-coins">
            <skipped message="">
            </skipped>
        </testcase>
        <testcase name="And the payment method coins has been chosen" classname="kaffemaskin;paying-with-coins">
            <skipped message="">
            </skipped>
        </testcase>
        <testcase name="When the user inserts 10 kr coin" classname="kaffemaskin;paying-with-coins">
            <skipped message="">
            </skipped>
        </testcase>
        <testcase name="And the user inserts 5 kr coin" classname="kaffemaskin;paying-with-coins">
            <skipped message="">
            </skipped>
        </testcase>
        <testcase name="And the user inserts 5 kr coin" classname="kaffemaskin;paying-with-coins">
            <skipped message="">
            </skipped>
        </testcase>
        <testcase name="And the user inserts 2 kr coin" classname="kaffemaskin;paying-with-coins">
            <skipped message="">
            </skipped>
        </testcase>
        <testcase name="And the user inserts 2 kr coin" classname="kaffemaskin;paying-with-coins">
            <skipped message="">
            </skipped>
        </testcase>
        <testcase name="And the user inserts &quot;pollett&quot; kr coin" classname="kaffemaskin;paying-with-coins">
            <skipped message="">
            </skipped>
        </testcase>
        <testcase name="Then the user recieves 0 cup of coffee." classname="kaffemaskin;paying-with-coins">
            <skipped message="">
            </skipped>
        </testcase>
    </testsuite>
    <testsuite name="kaffemaskin;paying-with-coins" tests="15" failures="0" skipped="9">
        <properties>
            <property name="URI" value="C:/Users/matti/OneDrive/Skrivbord/Programming/kaffemaskin/features/kaffemaskin.feature">
            </property>
        </properties>
        <testcase name="Given that I want to buy coffee" classname="kaffemaskin;paying-with-coins" time="0.0000512">
        </testcase>
        <testcase name="And that the machine is plugged in" classname="kaffemaskin;paying-with-coins" time="0.0000764">
        </testcase>
        <testcase name="And that the user has pressed the start button" classname="kaffemaskin;paying-with-coins" time="0.0000735">
        </testcase>
        <testcase name="And that ground coffee is available" classname="kaffemaskin;paying-with-coins" time="0.0001323">
        </testcase>
        <testcase name="And that water is available" classname="kaffemaskin;paying-with-coins" time="0.000062">
        </testcase>
        <testcase name="And that a cup has been placed" classname="kaffemaskin;paying-with-coins" time="0.0000414">
        </testcase>
        <testcase name="Given that coffee type Cappucino has been chosen" classname="kaffemaskin;paying-with-coins">
            <skipped message="">
            </skipped>
        </testcase>
        <testcase name="And the payment method coins has been chosen" classname="kaffemaskin;paying-with-coins">
            <skipped message="">
            </skipped>
        </testcase>
        <testcase name="When the user inserts 5 kr coin" classname="kaffemaskin;paying-with-coins">
            <skipped message="">
            </skipped>
        </testcase>
        <testcase name="And the user inserts 5 kr coin" classname="kaffemaskin;paying-with-coins">
            <skipped message="">
            </skipped>
        </testcase>
        <testcase name="And the user inserts 5 kr coin" classname="kaffemaskin;paying-with-coins">
            <skipped message="">
            </skipped>
        </testcase>
        <testcase name="And the user inserts 5 kr coin" classname="kaffemaskin;paying-with-coins">
            <skipped message="">
            </skipped>
        </testcase>
        <testcase name="And the user inserts 2 kr coin" classname="kaffemaskin;paying-with-coins">
            <skipped message="">
            </skipped>
        </testcase>
        <testcase name="And the user inserts 1 kr coin" classname="kaffemaskin;paying-with-coins">
            <skipped message="">
            </skipped>
        </testcase>
        <testcase name="Then the user recieves 0 cup of coffee." classname="kaffemaskin;paying-with-coins">
            <skipped message="">
            </skipped>
        </testcase>
    </testsuite>
    <testsuite name="kaffemaskin;paying-with-coins" tests="15" failures="0" skipped="9">
        <properties>
            <property name="URI" value="C:/Users/matti/OneDrive/Skrivbord/Programming/kaffemaskin/features/kaffemaskin.feature">
            </property>
        </properties>
        <testcase name="Given that I want to buy coffee" classname="kaffemaskin;paying-with-coins" time="0.0000874">
        </testcase>
        <testcase name="And that the machine is plugged in" classname="kaffemaskin;paying-with-coins" time="0.0000683">
        </testcase>
        <testcase name="And that the user has pressed the start button" classname="kaffemaskin;paying-with-coins" time="0.0001014">
        </testcase>
        <testcase name="And that ground coffee is available" classname="kaffemaskin;paying-with-coins" time="0.000064">
        </testcase>
        <testcase name="And that water is available" classname="kaffemaskin;paying-with-coins" time="0.000045099">
        </testcase>
        <testcase name="And that a cup has been placed" classname="kaffemaskin;paying-with-coins" time="0.000037301">
        </testcase>
        <testcase name="Given that coffee type Espresso has been chosen" classname="kaffemaskin;paying-with-coins">
            <skipped message="">
            </skipped>
        </testcase>
        <testcase name="And the payment method coins has been chosen" classname="kaffemaskin;paying-with-coins">
            <skipped message="">
            </skipped>
        </testcase>
        <testcase name="When the user inserts 10 kr coin" classname="kaffemaskin;paying-with-coins">
            <skipped message="">
            </skipped>
        </testcase>
        <testcase name="And the user inserts 10 kr coin" classname="kaffemaskin;paying-with-coins">
            <skipped message="">
            </skipped>
        </testcase>
        <testcase name="And the user inserts 5 kr coin" classname="kaffemaskin;paying-with-coins">
            <skipped message="">
            </skipped>
        </testcase>
        <testcase name="And the user inserts 0 kr coin" classname="kaffemaskin;paying-with-coins">
            <skipped message="">
            </skipped>
        </testcase>
        <testcase name="And the user inserts 0 kr coin" classname="kaffemaskin;paying-with-coins">
            <skipped message="">
            </skipped>
        </testcase>
        <testcase name="And the user inserts 0 kr coin" classname="kaffemaskin;paying-with-coins">
            <skipped message="">
            </skipped>
        </testcase>
        <testcase name="Then the user recieves 1 cup of coffee." classname="kaffemaskin;paying-with-coins">
            <skipped message="">
            </skipped>
        </testcase>
    </testsuite>
    <testsuite name="kaffemaskin;paying-with-coins" tests="15" failures="0" skipped="9">
        <properties>
            <property name="URI" value="C:/Users/matti/OneDrive/Skrivbord/Programming/kaffemaskin/features/kaffemaskin.feature">
            </property>
        </properties>
        <testcase name="Given that I want to buy coffee" classname="kaffemaskin;paying-with-coins" time="0.0000747">
        </testcase>
        <testcase name="And that the machine is plugged in" classname="kaffemaskin;paying-with-coins" time="0.0001014">
        </testcase>
        <testcase name="And that the user has pressed the start button" classname="kaffemaskin;paying-with-coins" time="0.000063401">
        </testcase>
        <testcase name="And that ground coffee is available" classname="kaffemaskin;paying-with-coins" time="0.0001177">
        </testcase>
        <testcase name="And that water is available" classname="kaffemaskin;paying-with-coins" time="0.000052399">
        </testcase>
        <testcase name="And that a cup has been placed" classname="kaffemaskin;paying-with-coins" time="0.0000367">
        </testcase>
        <testcase name="Given that coffee type Espresso has been chosen" classname="kaffemaskin;paying-with-coins">
            <skipped message="">
            </skipped>
        </testcase>
        <testcase name="And the payment method coins has been chosen" classname="kaffemaskin;paying-with-coins">
            <skipped message="">
            </skipped>
        </testcase>
        <testcase name="When the user inserts 10 kr coin" classname="kaffemaskin;paying-with-coins">
            <skipped message="">
            </skipped>
        </testcase>
        <testcase name="And the user inserts 5 kr coin" classname="kaffemaskin;paying-with-coins">
            <skipped message="">
            </skipped>
        </testcase>
        <testcase name="And the user inserts 5 kr coin" classname="kaffemaskin;paying-with-coins">
            <skipped message="">
            </skipped>
        </testcase>
        <testcase name="And the user inserts 5 kr coin" classname="kaffemaskin;paying-with-coins">
            <skipped message="">
            </skipped>
        </testcase>
        <testcase name="And the user inserts 0 kr coin" classname="kaffemaskin;paying-with-coins">
            <skipped message="">
            </skipped>
        </testcase>
        <testcase name="And the user inserts 0 kr coin" classname="kaffemaskin;paying-with-coins">
            <skipped message="">
            </skipped>
        </testcase>
        <testcase name="Then the user recieves 1 cup of coffee." classname="kaffemaskin;paying-with-coins">
            <skipped message="">
            </skipped>
        </testcase>
    </testsuite>
    <testsuite name="kaffemaskin;paying-with-coins" tests="15" failures="0" skipped="9">
        <properties>
            <property name="URI" value="C:/Users/matti/OneDrive/Skrivbord/Programming/kaffemaskin/features/kaffemaskin.feature">
            </property>
        </properties>
        <testcase name="Given that I want to buy coffee" classname="kaffemaskin;paying-with-coins" time="0.0000681">
        </testcase>
        <testcase name="And that the machine is plugged in" classname="kaffemaskin;paying-with-coins" time="0.0000724">
        </testcase>
        <testcase name="And that the user has pressed the start button" classname="kaffemaskin;paying-with-coins" time="0.00009">
        </testcase>
        <testcase name="And that ground coffee is available" classname="kaffemaskin;paying-with-coins" time="0.00006">
        </testcase>
        <testcase name="And that water is available" classname="kaffemaskin;paying-with-coins" time="0.0000565">
        </testcase>
        <testcase name="And that a cup has been placed" classname="kaffemaskin;paying-with-coins" time="0.000091">
        </testcase>
        <testcase name="Given that coffee type Espresso has been chosen" classname="kaffemaskin;paying-with-coins">
            <skipped message="">
            </skipped>
        </testcase>
        <testcase name="And the payment method coins has been chosen" classname="kaffemaskin;paying-with-coins">
            <skipped message="">
            </skipped>
        </testcase>
        <testcase name="When the user inserts 10 kr coin" classname="kaffemaskin;paying-with-coins">
            <skipped message="">
            </skipped>
        </testcase>
        <testcase name="And the user inserts 5 kr coin" classname="kaffemaskin;paying-with-coins">
            <skipped message="">
            </skipped>
        </testcase>
        <testcase name="And the user inserts 5 kr coin" classname="kaffemaskin;paying-with-coins">
            <skipped message="">
            </skipped>
        </testcase>
        <testcase name="And the user inserts 2 kr coin" classname="kaffemaskin;paying-with-coins">
            <skipped message="">
            </skipped>
        </testcase>
        <testcase name="And the user inserts 2 kr coin" classname="kaffemaskin;paying-with-coins">
            <skipped message="">
            </skipped>
        </testcase>
        <testcase name="And the user inserts 0 kr coin" classname="kaffemaskin;paying-with-coins">
            <skipped message="">
            </skipped>
        </testcase>
        <testcase name="Then the user recieves 0 cup of coffee." classname="kaffemaskin;paying-with-coins">
            <skipped message="">
            </skipped>
        </testcase>
    </testsuite>
    <testsuite name="kaffemaskin;paying-with-coins" tests="15" failures="0" skipped="9">
        <properties>
            <property name="URI" value="C:/Users/matti/OneDrive/Skrivbord/Programming/kaffemaskin/features/kaffemaskin.feature">
            </property>
        </properties>
        <testcase name="Given that I want to buy coffee" classname="kaffemaskin;paying-with-coins" time="0.0001255">
        </testcase>
        <testcase name="And that the machine is plugged in" classname="kaffemaskin;paying-with-coins" time="0.000077401">
        </testcase>
        <testcase name="And that the user has pressed the start button" classname="kaffemaskin;paying-with-coins" time="0.0000793">
        </testcase>
        <testcase name="And that ground coffee is available" classname="kaffemaskin;paying-with-coins" time="0.0000535">
        </testcase>
        <testcase name="And that water is available" classname="kaffemaskin;paying-with-coins" time="0.0000837">
        </testcase>
        <testcase name="And that a cup has been placed" classname="kaffemaskin;paying-with-coins" time="0.000036701">
        </testcase>
        <testcase name="Given that coffee type Espresso has been chosen" classname="kaffemaskin;paying-with-coins">
            <skipped message="">
            </skipped>
        </testcase>
        <testcase name="And the payment method coins has been chosen" classname="kaffemaskin;paying-with-coins">
            <skipped message="">
            </skipped>
        </testcase>
        <testcase name="When the user inserts &quot;pollett&quot; kr coin" classname="kaffemaskin;paying-with-coins">
            <skipped message="">
            </skipped>
        </testcase>
        <testcase name="And the user inserts 5 kr coin" classname="kaffemaskin;paying-with-coins">
            <skipped message="">
            </skipped>
        </testcase>
        <testcase name="And the user inserts 5 kr coin" classname="kaffemaskin;paying-with-coins">
            <skipped message="">
            </skipped>
        </testcase>
        <testcase name="And the user inserts 5 kr coin" classname="kaffemaskin;paying-with-coins">
            <skipped message="">
            </skipped>
        </testcase>
        <testcase name="And the user inserts 2 kr coin" classname="kaffemaskin;paying-with-coins">
            <skipped message="">
            </skipped>
        </testcase>
        <testcase name="And the user inserts 2 kr coin" classname="kaffemaskin;paying-with-coins">
            <skipped message="">
            </skipped>
        </testcase>
        <testcase name="Then the user recieves 0 cup of coffee." classname="kaffemaskin;paying-with-coins">
            <skipped message="">
            </skipped>
        </testcase>
    </testsuite>
    <testsuite name="kaffemaskin;paying-with-creditcard" tests="10" failures="1" skipped="3">
        <properties>
            <property name="URI" value="C:/Users/matti/OneDrive/Skrivbord/Programming/kaffemaskin/features/kaffemaskin.feature">
            </property>
        </properties>
        <testcase name="Given that I want to buy coffee" classname="kaffemaskin;paying-with-creditcard" time="0.0000675">
        </testcase>
        <testcase name="And that the machine is plugged in" classname="kaffemaskin;paying-with-creditcard" time="0.0000741">
        </testcase>
        <testcase name="And that the user has pressed the start button" classname="kaffemaskin;paying-with-creditcard" time="0.0001069">
        </testcase>
        <testcase name="And that ground coffee is available" classname="kaffemaskin;paying-with-creditcard" time="0.000104399">
        </testcase>
        <testcase name="And that water is available" classname="kaffemaskin;paying-with-creditcard" time="0.0000458">
        </testcase>
        <testcase name="And that a cup has been placed" classname="kaffemaskin;paying-with-creditcard" time="0.0000359">
        </testcase>
        <testcase name="Given that coffee type Black Coffee has been chosen" classname="kaffemaskin;paying-with-creditcard" time="0.0000688">
            <failure message="TypeError: Cannot read property &apos;0&apos; of undefined">TypeError: Cannot read property &apos;0&apos; of undefined
    at createWorld.&lt;anonymous&gt; (C:\Users\matti\OneDrive\Skrivbord\Programming\kaffemaskin\step-definitions\kaffemaskin.js:72:44)
    at processTicksAndRejections (internal/process/task_queues.js:75:11)</failure>
        </testcase>
        <testcase name="When the payment method creditcard has been chosen" classname="kaffemaskin;paying-with-creditcard">
            <skipped message="">
            </skipped>
        </testcase>
        <testcase name="And has enough 10" classname="kaffemaskin;paying-with-creditcard">
            <skipped message="">
            </skipped>
        </testcase>
        <testcase name="Then the user recieves 1 cup of coffee." classname="kaffemaskin;paying-with-creditcard">
            <skipped message="">
            </skipped>
        </testcase>
    </testsuite>
    <testsuite name="kaffemaskin;paying-with-creditcard" tests="10" failures="1" skipped="3">
        <properties>
            <property name="URI" value="C:/Users/matti/OneDrive/Skrivbord/Programming/kaffemaskin/features/kaffemaskin.feature">
            </property>
        </properties>
        <testcase name="Given that I want to buy coffee" classname="kaffemaskin;paying-with-creditcard" time="0.0000637">
        </testcase>
        <testcase name="And that the machine is plugged in" classname="kaffemaskin;paying-with-creditcard" time="0.0000789">
        </testcase>
        <testcase name="And that the user has pressed the start button" classname="kaffemaskin;paying-with-creditcard" time="0.0000539">
        </testcase>
        <testcase name="And that ground coffee is available" classname="kaffemaskin;paying-with-creditcard" time="0.0000643">
        </testcase>
        <testcase name="And that water is available" classname="kaffemaskin;paying-with-creditcard" time="0.0000408">
        </testcase>
        <testcase name="And that a cup has been placed" classname="kaffemaskin;paying-with-creditcard" time="0.000060599">
        </testcase>
        <testcase name="Given that coffee type Black Coffee has been chosen" classname="kaffemaskin;paying-with-creditcard" time="0.0001105">
            <failure message="TypeError: Cannot read property &apos;0&apos; of undefined">TypeError: Cannot read property &apos;0&apos; of undefined
    at createWorld.&lt;anonymous&gt; (C:\Users\matti\OneDrive\Skrivbord\Programming\kaffemaskin\step-definitions\kaffemaskin.js:72:44)
    at processTicksAndRejections (internal/process/task_queues.js:75:11)</failure>
        </testcase>
        <testcase name="When the payment method creditcard has been chosen" classname="kaffemaskin;paying-with-creditcard">
            <skipped message="">
            </skipped>
        </testcase>
        <testcase name="And has enough 13" classname="kaffemaskin;paying-with-creditcard">
            <skipped message="">
            </skipped>
        </testcase>
        <testcase name="Then the user recieves 1 cup of coffee." classname="kaffemaskin;paying-with-creditcard">
            <skipped message="">
            </skipped>
        </testcase>
    </testsuite>
    <testsuite name="kaffemaskin;paying-with-creditcard" tests="10" failures="1" skipped="3">
        <properties>
            <property name="URI" value="C:/Users/matti/OneDrive/Skrivbord/Programming/kaffemaskin/features/kaffemaskin.feature">
            </property>
        </properties>
        <testcase name="Given that I want to buy coffee" classname="kaffemaskin;paying-with-creditcard" time="0.0000437">
        </testcase>
        <testcase name="And that the machine is plugged in" classname="kaffemaskin;paying-with-creditcard" time="0.000062901">
        </testcase>
        <testcase name="And that the user has pressed the start button" classname="kaffemaskin;paying-with-creditcard" time="0.0000391">
        </testcase>
        <testcase name="And that ground coffee is available" classname="kaffemaskin;paying-with-creditcard" time="0.0000611">
        </testcase>
        <testcase name="And that water is available" classname="kaffemaskin;paying-with-creditcard" time="0.000046">
        </testcase>
        <testcase name="And that a cup has been placed" classname="kaffemaskin;paying-with-creditcard" time="0.0000449">
        </testcase>
        <testcase name="Given that coffee type Black Coffee has been chosen" classname="kaffemaskin;paying-with-creditcard" time="0.0001404">
            <failure message="TypeError: Cannot read property &apos;0&apos; of undefined">TypeError: Cannot read property &apos;0&apos; of undefined
    at createWorld.&lt;anonymous&gt; (C:\Users\matti\OneDrive\Skrivbord\Programming\kaffemaskin\step-definitions\kaffemaskin.js:72:44)
    at processTicksAndRejections (internal/process/task_queues.js:75:11)</failure>
        </testcase>
        <testcase name="When the payment method creditcard has been chosen" classname="kaffemaskin;paying-with-creditcard">
            <skipped message="">
            </skipped>
        </testcase>
        <testcase name="And has enough 7" classname="kaffemaskin;paying-with-creditcard">
            <skipped message="">
            </skipped>
        </testcase>
        <testcase name="Then the user recieves 0 cup of coffee." classname="kaffemaskin;paying-with-creditcard">
            <skipped message="">
            </skipped>
        </testcase>
    </testsuite>
    <testsuite name="kaffemaskin;paying-with-creditcard" tests="10" failures="1" skipped="3">
        <properties>
            <property name="URI" value="C:/Users/matti/OneDrive/Skrivbord/Programming/kaffemaskin/features/kaffemaskin.feature">
            </property>
        </properties>
        <testcase name="Given that I want to buy coffee" classname="kaffemaskin;paying-with-creditcard" time="0.0000461">
        </testcase>
        <testcase name="And that the machine is plugged in" classname="kaffemaskin;paying-with-creditcard" time="0.000068901">
        </testcase>
        <testcase name="And that the user has pressed the start button" classname="kaffemaskin;paying-with-creditcard" time="0.0001693">
        </testcase>
        <testcase name="And that ground coffee is available" classname="kaffemaskin;paying-with-creditcard" time="0.0000529">
        </testcase>
        <testcase name="And that water is available" classname="kaffemaskin;paying-with-creditcard" time="0.0001126">
        </testcase>
        <testcase name="And that a cup has been placed" classname="kaffemaskin;paying-with-creditcard" time="0.0000365">
        </testcase>
        <testcase name="Given that coffee type Black Coffee has been chosen" classname="kaffemaskin;paying-with-creditcard" time="0.000075999">
            <failure message="TypeError: Cannot read property &apos;0&apos; of undefined">TypeError: Cannot read property &apos;0&apos; of undefined
    at createWorld.&lt;anonymous&gt; (C:\Users\matti\OneDrive\Skrivbord\Programming\kaffemaskin\step-definitions\kaffemaskin.js:72:44)
    at processTicksAndRejections (internal/process/task_queues.js:75:11)</failure>
        </testcase>
        <testcase name="When the payment method creditcard has been chosen" classname="kaffemaskin;paying-with-creditcard">
            <skipped message="">
            </skipped>
        </testcase>
        <testcase name="And has enough 9" classname="kaffemaskin;paying-with-creditcard">
            <skipped message="">
            </skipped>
        </testcase>
        <testcase name="Then the user recieves 0 cup of coffee." classname="kaffemaskin;paying-with-creditcard">
            <skipped message="">
            </skipped>
        </testcase>
    </testsuite>
    <testsuite name="kaffemaskin;paying-with-creditcard" tests="10" failures="0" skipped="4">
        <properties>
            <property name="URI" value="C:/Users/matti/OneDrive/Skrivbord/Programming/kaffemaskin/features/kaffemaskin.feature">
            </property>
        </properties>
        <testcase name="Given that I want to buy coffee" classname="kaffemaskin;paying-with-creditcard" time="0.000045199">
        </testcase>
        <testcase name="And that the machine is plugged in" classname="kaffemaskin;paying-with-creditcard" time="0.0000949">
        </testcase>
        <testcase name="And that the user has pressed the start button" classname="kaffemaskin;paying-with-creditcard" time="0.000118199">
        </testcase>
        <testcase name="And that ground coffee is available" classname="kaffemaskin;paying-with-creditcard" time="0.0000988">
        </testcase>
        <testcase name="And that water is available" classname="kaffemaskin;paying-with-creditcard" time="0.0000478">
        </testcase>
        <testcase name="And that a cup has been placed" classname="kaffemaskin;paying-with-creditcard" time="0.000036699">
        </testcase>
        <testcase name="Given that coffee type Caffe Latte has been chosen" classname="kaffemaskin;paying-with-creditcard">
            <skipped message="">
            </skipped>
        </testcase>
        <testcase name="When the payment method creditcard has been chosen" classname="kaffemaskin;paying-with-creditcard">
            <skipped message="">
            </skipped>
        </testcase>
        <testcase name="And has enough 20" classname="kaffemaskin;paying-with-creditcard">
            <skipped message="">
            </skipped>
        </testcase>
        <testcase name="Then the user recieves 1 cup of coffee." classname="kaffemaskin;paying-with-creditcard">
            <skipped message="">
            </skipped>
        </testcase>
    </testsuite>
    <testsuite name="kaffemaskin;paying-with-creditcard" tests="10" failures="0" skipped="4">
        <properties>
            <property name="URI" value="C:/Users/matti/OneDrive/Skrivbord/Programming/kaffemaskin/features/kaffemaskin.feature">
            </property>
        </properties>
        <testcase name="Given that I want to buy coffee" classname="kaffemaskin;paying-with-creditcard" time="0.0000678">
        </testcase>
        <testcase name="And that the machine is plugged in" classname="kaffemaskin;paying-with-creditcard" time="0.0000621">
        </testcase>
        <testcase name="And that the user has pressed the start button" classname="kaffemaskin;paying-with-creditcard" time="0.0000557">
        </testcase>
        <testcase name="And that ground coffee is available" classname="kaffemaskin;paying-with-creditcard" time="0.000071499">
        </testcase>
        <testcase name="And that water is available" classname="kaffemaskin;paying-with-creditcard" time="0.0000634">
        </testcase>
        <testcase name="And that a cup has been placed" classname="kaffemaskin;paying-with-creditcard" time="0.0000596">
        </testcase>
        <testcase name="Given that coffee type Caffe Latte has been chosen" classname="kaffemaskin;paying-with-creditcard">
            <skipped message="">
            </skipped>
        </testcase>
        <testcase name="When the payment method creditcard has been chosen" classname="kaffemaskin;paying-with-creditcard">
            <skipped message="">
            </skipped>
        </testcase>
        <testcase name="And has enough 40" classname="kaffemaskin;paying-with-creditcard">
            <skipped message="">
            </skipped>
        </testcase>
        <testcase name="Then the user recieves 1 cup of coffee." classname="kaffemaskin;paying-with-creditcard">
            <skipped message="">
            </skipped>
        </testcase>
    </testsuite>
    <testsuite name="kaffemaskin;paying-with-creditcard" tests="10" failures="0" skipped="4">
        <properties>
            <property name="URI" value="C:/Users/matti/OneDrive/Skrivbord/Programming/kaffemaskin/features/kaffemaskin.feature">
            </property>
        </properties>
        <testcase name="Given that I want to buy coffee" classname="kaffemaskin;paying-with-creditcard" time="0.0000431">
        </testcase>
        <testcase name="And that the machine is plugged in" classname="kaffemaskin;paying-with-creditcard" time="0.0001076">
        </testcase>
        <testcase name="And that the user has pressed the start button" classname="kaffemaskin;paying-with-creditcard" time="0.000071799">
        </testcase>
        <testcase name="And that ground coffee is available" classname="kaffemaskin;paying-with-creditcard" time="0.0000791">
        </testcase>
        <testcase name="And that water is available" classname="kaffemaskin;paying-with-creditcard" time="0.0001056">
        </testcase>
        <testcase name="And that a cup has been placed" classname="kaffemaskin;paying-with-creditcard" time="0.000042801">
        </testcase>
        <testcase name="Given that coffee type Caffe Latte has been chosen" classname="kaffemaskin;paying-with-creditcard">
            <skipped message="">
            </skipped>
        </testcase>
        <testcase name="When the payment method creditcard has been chosen" classname="kaffemaskin;paying-with-creditcard">
            <skipped message="">
            </skipped>
        </testcase>
        <testcase name="And has enough 10" classname="kaffemaskin;paying-with-creditcard">
            <skipped message="">
            </skipped>
        </testcase>
        <testcase name="Then the user recieves 0 cup of coffee." classname="kaffemaskin;paying-with-creditcard">
            <skipped message="">
            </skipped>
        </testcase>
    </testsuite>
    <testsuite name="kaffemaskin;paying-with-creditcard" tests="10" failures="0" skipped="4">
        <properties>
            <property name="URI" value="C:/Users/matti/OneDrive/Skrivbord/Programming/kaffemaskin/features/kaffemaskin.feature">
            </property>
        </properties>
        <testcase name="Given that I want to buy coffee" classname="kaffemaskin;paying-with-creditcard" time="0.0000558">
        </testcase>
        <testcase name="And that the machine is plugged in" classname="kaffemaskin;paying-with-creditcard" time="0.0000539">
        </testcase>
        <testcase name="And that the user has pressed the start button" classname="kaffemaskin;paying-with-creditcard" time="0.0000571">
        </testcase>
        <testcase name="And that ground coffee is available" classname="kaffemaskin;paying-with-creditcard" time="0.0000535">
        </testcase>
        <testcase name="And that water is available" classname="kaffemaskin;paying-with-creditcard" time="0.0000877">
        </testcase>
        <testcase name="And that a cup has been placed" classname="kaffemaskin;paying-with-creditcard" time="0.0000641">
        </testcase>
        <testcase name="Given that coffee type Caffe Latte has been chosen" classname="kaffemaskin;paying-with-creditcard">
            <skipped message="">
            </skipped>
        </testcase>
        <testcase name="When the payment method creditcard has been chosen" classname="kaffemaskin;paying-with-creditcard">
            <skipped message="">
            </skipped>
        </testcase>
        <testcase name="And has enough 14" classname="kaffemaskin;paying-with-creditcard">
            <skipped message="">
            </skipped>
        </testcase>
        <testcase name="Then the user recieves 0 cup of coffee." classname="kaffemaskin;paying-with-creditcard">
            <skipped message="">
            </skipped>
        </testcase>
    </testsuite>
    <testsuite name="kaffemaskin;paying-with-creditcard" tests="10" failures="0" skipped="4">
        <properties>
            <property name="URI" value="C:/Users/matti/OneDrive/Skrivbord/Programming/kaffemaskin/features/kaffemaskin.feature">
            </property>
        </properties>
        <testcase name="Given that I want to buy coffee" classname="kaffemaskin;paying-with-creditcard" time="0.0000578">
        </testcase>
        <testcase name="And that the machine is plugged in" classname="kaffemaskin;paying-with-creditcard" time="0.0000568">
        </testcase>
        <testcase name="And that the user has pressed the start button" classname="kaffemaskin;paying-with-creditcard" time="0.0000789">
        </testcase>
        <testcase name="And that ground coffee is available" classname="kaffemaskin;paying-with-creditcard" time="0.0000886">
        </testcase>
        <testcase name="And that water is available" classname="kaffemaskin;paying-with-creditcard" time="0.0000625">
        </testcase>
        <testcase name="And that a cup has been placed" classname="kaffemaskin;paying-with-creditcard" time="0.0000487">
        </testcase>
        <testcase name="Given that coffee type Cappucino has been chosen" classname="kaffemaskin;paying-with-creditcard">
            <skipped message="">
            </skipped>
        </testcase>
        <testcase name="When the payment method creditcard has been chosen" classname="kaffemaskin;paying-with-creditcard">
            <skipped message="">
            </skipped>
        </testcase>
        <testcase name="And has enough 214" classname="kaffemaskin;paying-with-creditcard">
            <skipped message="">
            </skipped>
        </testcase>
        <testcase name="Then the user recieves 1 cup of coffee." classname="kaffemaskin;paying-with-creditcard">
            <skipped message="">
            </skipped>
        </testcase>
    </testsuite>
    <testsuite name="kaffemaskin;paying-with-creditcard" tests="10" failures="0" skipped="4">
        <properties>
            <property name="URI" value="C:/Users/matti/OneDrive/Skrivbord/Programming/kaffemaskin/features/kaffemaskin.feature">
            </property>
        </properties>
        <testcase name="Given that I want to buy coffee" classname="kaffemaskin;paying-with-creditcard" time="0.0000737">
        </testcase>
        <testcase name="And that the machine is plugged in" classname="kaffemaskin;paying-with-creditcard" time="0.0000768">
        </testcase>
        <testcase name="And that the user has pressed the start button" classname="kaffemaskin;paying-with-creditcard" time="0.000102599">
        </testcase>
        <testcase name="And that ground coffee is available" classname="kaffemaskin;paying-with-creditcard" time="0.000055301">
        </testcase>
        <testcase name="And that water is available" classname="kaffemaskin;paying-with-creditcard" time="0.0000922">
        </testcase>
        <testcase name="And that a cup has been placed" classname="kaffemaskin;paying-with-creditcard" time="0.0000395">
        </testcase>
        <testcase name="Given that coffee type Cappucino has been chosen" classname="kaffemaskin;paying-with-creditcard">
            <skipped message="">
            </skipped>
        </testcase>
        <testcase name="When the payment method creditcard has been chosen" classname="kaffemaskin;paying-with-creditcard">
            <skipped message="">
            </skipped>
        </testcase>
        <testcase name="And has enough 34" classname="kaffemaskin;paying-with-creditcard">
            <skipped message="">
            </skipped>
        </testcase>
        <testcase name="Then the user recieves 1 cup of coffee." classname="kaffemaskin;paying-with-creditcard">
            <skipped message="">
            </skipped>
        </testcase>
    </testsuite>
    <testsuite name="kaffemaskin;paying-with-creditcard" tests="10" failures="0" skipped="4">
        <properties>
            <property name="URI" value="C:/Users/matti/OneDrive/Skrivbord/Programming/kaffemaskin/features/kaffemaskin.feature">
            </property>
        </properties>
        <testcase name="Given that I want to buy coffee" classname="kaffemaskin;paying-with-creditcard" time="0.0000615">
        </testcase>
        <testcase name="And that the machine is plugged in" classname="kaffemaskin;paying-with-creditcard" time="0.000062599">
        </testcase>
        <testcase name="And that the user has pressed the start button" classname="kaffemaskin;paying-with-creditcard" time="0.000072">
        </testcase>
        <testcase name="And that ground coffee is available" classname="kaffemaskin;paying-with-creditcard" time="0.0000724">
        </testcase>
        <testcase name="And that water is available" classname="kaffemaskin;paying-with-creditcard" time="0.0000498">
        </testcase>
        <testcase name="And that a cup has been placed" classname="kaffemaskin;paying-with-creditcard" time="0.0000473">
        </testcase>
        <testcase name="Given that coffee type Cappucino has been chosen" classname="kaffemaskin;paying-with-creditcard">
            <skipped message="">
            </skipped>
        </testcase>
        <testcase name="When the payment method creditcard has been chosen" classname="kaffemaskin;paying-with-creditcard">
            <skipped message="">
            </skipped>
        </testcase>
        <testcase name="And has enough 18" classname="kaffemaskin;paying-with-creditcard">
            <skipped message="">
            </skipped>
        </testcase>
        <testcase name="Then the user recieves 0 cup of coffee." classname="kaffemaskin;paying-with-creditcard">
            <skipped message="">
            </skipped>
        </testcase>
    </testsuite>
    <testsuite name="kaffemaskin;paying-with-creditcard" tests="10" failures="0" skipped="4">
        <properties>
            <property name="URI" value="C:/Users/matti/OneDrive/Skrivbord/Programming/kaffemaskin/features/kaffemaskin.feature">
            </property>
        </properties>
        <testcase name="Given that I want to buy coffee" classname="kaffemaskin;paying-with-creditcard" time="0.0000537">
        </testcase>
        <testcase name="And that the machine is plugged in" classname="kaffemaskin;paying-with-creditcard" time="0.0000869">
        </testcase>
        <testcase name="And that the user has pressed the start button" classname="kaffemaskin;paying-with-creditcard" time="0.000047999">
        </testcase>
        <testcase name="And that ground coffee is available" classname="kaffemaskin;paying-with-creditcard" time="0.0000563">
        </testcase>
        <testcase name="And that water is available" classname="kaffemaskin;paying-with-creditcard" time="0.0000622">
        </testcase>
        <testcase name="And that a cup has been placed" classname="kaffemaskin;paying-with-creditcard" time="0.0000375">
        </testcase>
        <testcase name="Given that coffee type Cappucino has been chosen" classname="kaffemaskin;paying-with-creditcard">
            <skipped message="">
            </skipped>
        </testcase>
        <testcase name="When the payment method creditcard has been chosen" classname="kaffemaskin;paying-with-creditcard">
            <skipped message="">
            </skipped>
        </testcase>
        <testcase name="And has enough 14" classname="kaffemaskin;paying-with-creditcard">
            <skipped message="">
            </skipped>
        </testcase>
        <testcase name="Then the user recieves 0 cup of coffee." classname="kaffemaskin;paying-with-creditcard">
            <skipped message="">
            </skipped>
        </testcase>
    </testsuite>
    <testsuite name="kaffemaskin;paying-with-creditcard" tests="10" failures="0" skipped="4">
        <properties>
            <property name="URI" value="C:/Users/matti/OneDrive/Skrivbord/Programming/kaffemaskin/features/kaffemaskin.feature">
            </property>
        </properties>
        <testcase name="Given that I want to buy coffee" classname="kaffemaskin;paying-with-creditcard" time="0.0000586">
        </testcase>
        <testcase name="And that the machine is plugged in" classname="kaffemaskin;paying-with-creditcard" time="0.000144499">
        </testcase>
        <testcase name="And that the user has pressed the start button" classname="kaffemaskin;paying-with-creditcard" time="0.0000461">
        </testcase>
        <testcase name="And that ground coffee is available" classname="kaffemaskin;paying-with-creditcard" time="0.0000386">
        </testcase>
        <testcase name="And that water is available" classname="kaffemaskin;paying-with-creditcard" time="0.0000334">
        </testcase>
        <testcase name="And that a cup has been placed" classname="kaffemaskin;paying-with-creditcard" time="0.000029">
        </testcase>
        <testcase name="Given that coffee type Espresso has been chosen" classname="kaffemaskin;paying-with-creditcard">
            <skipped message="">
            </skipped>
        </testcase>
        <testcase name="When the payment method creditcard has been chosen" classname="kaffemaskin;paying-with-creditcard">
            <skipped message="">
            </skipped>
        </testcase>
        <testcase name="And has enough 53" classname="kaffemaskin;paying-with-creditcard">
            <skipped message="">
            </skipped>
        </testcase>
        <testcase name="Then the user recieves 1 cup of coffee." classname="kaffemaskin;paying-with-creditcard">
            <skipped message="">
            </skipped>
        </testcase>
    </testsuite>
    <testsuite name="kaffemaskin;paying-with-creditcard" tests="10" failures="0" skipped="4">
        <properties>
            <property name="URI" value="C:/Users/matti/OneDrive/Skrivbord/Programming/kaffemaskin/features/kaffemaskin.feature">
            </property>
        </properties>
        <testcase name="Given that I want to buy coffee" classname="kaffemaskin;paying-with-creditcard" time="0.0000703">
        </testcase>
        <testcase name="And that the machine is plugged in" classname="kaffemaskin;paying-with-creditcard" time="0.0000819">
        </testcase>
        <testcase name="And that the user has pressed the start button" classname="kaffemaskin;paying-with-creditcard" time="0.0001969">
        </testcase>
        <testcase name="And that ground coffee is available" classname="kaffemaskin;paying-with-creditcard" time="0.0000451">
        </testcase>
        <testcase name="And that water is available" classname="kaffemaskin;paying-with-creditcard" time="0.000043501">
        </testcase>
        <testcase name="And that a cup has been placed" classname="kaffemaskin;paying-with-creditcard" time="0.0000329">
        </testcase>
        <testcase name="Given that coffee type Espresso has been chosen" classname="kaffemaskin;paying-with-creditcard">
            <skipped message="">
            </skipped>
        </testcase>
        <testcase name="When the payment method creditcard has been chosen" classname="kaffemaskin;paying-with-creditcard">
            <skipped message="">
            </skipped>
        </testcase>
        <testcase name="And has enough 90" classname="kaffemaskin;paying-with-creditcard">
            <skipped message="">
            </skipped>
        </testcase>
        <testcase name="Then the user recieves 1 cup of coffee." classname="kaffemaskin;paying-with-creditcard">
            <skipped message="">
            </skipped>
        </testcase>
    </testsuite>
    <testsuite name="kaffemaskin;paying-with-creditcard" tests="10" failures="0" skipped="4">
        <properties>
            <property name="URI" value="C:/Users/matti/OneDrive/Skrivbord/Programming/kaffemaskin/features/kaffemaskin.feature">
            </property>
        </properties>
        <testcase name="Given that I want to buy coffee" classname="kaffemaskin;paying-with-creditcard" time="0.0000443">
        </testcase>
        <testcase name="And that the machine is plugged in" classname="kaffemaskin;paying-with-creditcard" time="0.000058201">
        </testcase>
        <testcase name="And that the user has pressed the start button" classname="kaffemaskin;paying-with-creditcard" time="0.0000512">
        </testcase>
        <testcase name="And that ground coffee is available" classname="kaffemaskin;paying-with-creditcard" time="0.0000688">
        </testcase>
        <testcase name="And that water is available" classname="kaffemaskin;paying-with-creditcard" time="0.0000374">
        </testcase>
        <testcase name="And that a cup has been placed" classname="kaffemaskin;paying-with-creditcard" time="0.0000302">
        </testcase>
        <testcase name="Given that coffee type Espresso has been chosen" classname="kaffemaskin;paying-with-creditcard">
            <skipped message="">
            </skipped>
        </testcase>
        <testcase name="When the payment method creditcard has been chosen" classname="kaffemaskin;paying-with-creditcard">
            <skipped message="">
            </skipped>
        </testcase>
        <testcase name="And has enough 23" classname="kaffemaskin;paying-with-creditcard">
            <skipped message="">
            </skipped>
        </testcase>
        <testcase name="Then the user recieves 0 cup of coffee." classname="kaffemaskin;paying-with-creditcard">
            <skipped message="">
            </skipped>
        </testcase>
    </testsuite>
    <testsuite name="kaffemaskin;paying-with-creditcard" tests="10" failures="0" skipped="4">
        <properties>
            <property name="URI" value="C:/Users/matti/OneDrive/Skrivbord/Programming/kaffemaskin/features/kaffemaskin.feature">
            </property>
        </properties>
        <testcase name="Given that I want to buy coffee" classname="kaffemaskin;paying-with-creditcard" time="0.0000555">
        </testcase>
        <testcase name="And that the machine is plugged in" classname="kaffemaskin;paying-with-creditcard" time="0.000057">
        </testcase>
        <testcase name="And that the user has pressed the start button" classname="kaffemaskin;paying-with-creditcard" time="0.000063201">
        </testcase>
        <testcase name="And that ground coffee is available" classname="kaffemaskin;paying-with-creditcard" time="0.0000476">
        </testcase>
        <testcase name="And that water is available" classname="kaffemaskin;paying-with-creditcard" time="0.0000867">
        </testcase>
        <testcase name="And that a cup has been placed" classname="kaffemaskin;paying-with-creditcard" time="0.0000374">
        </testcase>
        <testcase name="Given that coffee type Espresso has been chosen" classname="kaffemaskin;paying-with-creditcard">
            <skipped message="">
            </skipped>
        </testcase>
        <testcase name="When the payment method creditcard has been chosen" classname="kaffemaskin;paying-with-creditcard">
            <skipped message="">
            </skipped>
        </testcase>
        <testcase name="And has enough 12" classname="kaffemaskin;paying-with-creditcard">
            <skipped message="">
            </skipped>
        </testcase>
        <testcase name="Then the user recieves 0 cup of coffee." classname="kaffemaskin;paying-with-creditcard">
            <skipped message="">
            </skipped>
        </testcase>
    </testsuite>
</testsuites>