<?xml version="1.0" encoding="UTF-8"?>
<testsuites>
    <testsuite name="kaffemaskin;paying-with-coins" tests="18" failures="1" skipped="17">
        <properties>
            <property name="URI" value="C:/Users/matti/OneDrive/Skrivbord/Programming/kaffemaskin/features/kaffemaskin.feature">
            </property>
        </properties>
        <testcase name="Given that the machine is plugged in" classname="kaffemaskin;paying-with-coins" time="0.0004953">
            <failure message="TypeError: Cannot read property &apos;plugIn&apos; of undefined">TypeError: Cannot read property &apos;plugIn&apos; of undefined
    at createWorld.&lt;anonymous&gt; (C:\Users\matti\OneDrive\Skrivbord\Programming\kaffemaskin\step-definitions\kaffemaskin.js:30:19)
    at processTicksAndRejections (internal/process/task_queues.js:75:11)</failure>
        </testcase>
        <testcase name="And that the user has pressed the start button" classname="kaffemaskin;paying-with-coins">
            <skipped message="">
            </skipped>
        </testcase>
        <testcase name="And that ground coffee is available" classname="kaffemaskin;paying-with-coins">
            <skipped message="">
            </skipped>
        </testcase>
        <testcase name="And that water is available" classname="kaffemaskin;paying-with-coins">
            <skipped message="">
            </skipped>
        </testcase>
        <testcase name="And that milk is available" classname="kaffemaskin;paying-with-coins">
            <skipped message="">
            </skipped>
        </testcase>
        <testcase name="And that a cup has been placed" classname="kaffemaskin;paying-with-coins">
            <skipped message="">
            </skipped>
        </testcase>
        <testcase name="And you have used SEK only" classname="kaffemaskin;paying-with-coins">
            <skipped message="">
            </skipped>
        </testcase>
        <testcase name="And you have used either coins or creditcard" classname="kaffemaskin;paying-with-coins">
            <skipped message="">
            </skipped>
        </testcase>
        <testcase name="Then you get a cup of coffee" classname="kaffemaskin;paying-with-coins">
            <skipped message="">
            </skipped>
        </testcase>
        <testcase name="Given that coffee type Black Coffee has been chosen" classname="kaffemaskin;paying-with-coins">
            <skipped message="">
            </skipped>
        </testcase>
        <testcase name="And the payment method coins has been chosen" classname="kaffemaskin;paying-with-coins">
            <skipped message="">
            </skipped>
        </testcase>
        <testcase name="When the user inserts 10 kr coin" classname="kaffemaskin;paying-with-coins">
            <skipped message="">
            </skipped>
        </testcase>
        <testcase name="And the user inserts 10 kr coin" classname="kaffemaskin;paying-with-coins">
            <skipped message="">
            </skipped>
        </testcase>
        <testcase name="And the user inserts 5 kr coin" classname="kaffemaskin;paying-with-coins">
            <skipped message="">
            </skipped>
        </testcase>
        <testcase name="And the user inserts 0 kr coin" classname="kaffemaskin;paying-with-coins">
            <skipped message="">
            </skipped>
        </testcase>
        <testcase name="And the user inserts 0 kr coin" classname="kaffemaskin;paying-with-coins">
            <skipped message="">
            </skipped>
        </testcase>
        <testcase name="And the user inserts 0 kr coin" classname="kaffemaskin;paying-with-coins">
            <skipped message="">
            </skipped>
        </testcase>
        <testcase name="Then the user recieves 1 cup of coffee." classname="kaffemaskin;paying-with-coins">
            <skipped message="">
            </skipped>
        </testcase>
    </testsuite>
    <testsuite name="kaffemaskin;paying-with-coins" tests="18" failures="1" skipped="17">
        <properties>
            <property name="URI" value="C:/Users/matti/OneDrive/Skrivbord/Programming/kaffemaskin/features/kaffemaskin.feature">
            </property>
        </properties>
        <testcase name="Given that the machine is plugged in" classname="kaffemaskin;paying-with-coins" time="0.000110699">
            <failure message="TypeError: Cannot read property &apos;plugIn&apos; of undefined">TypeError: Cannot read property &apos;plugIn&apos; of undefined
    at createWorld.&lt;anonymous&gt; (C:\Users\matti\OneDrive\Skrivbord\Programming\kaffemaskin\step-definitions\kaffemaskin.js:30:19)
    at processTicksAndRejections (internal/process/task_queues.js:75:11)</failure>
        </testcase>
        <testcase name="And that the user has pressed the start button" classname="kaffemaskin;paying-with-coins">
            <skipped message="">
            </skipped>
        </testcase>
        <testcase name="And that ground coffee is available" classname="kaffemaskin;paying-with-coins">
            <skipped message="">
            </skipped>
        </testcase>
        <testcase name="And that water is available" classname="kaffemaskin;paying-with-coins">
            <skipped message="">
            </skipped>
        </testcase>
        <testcase name="And that milk is available" classname="kaffemaskin;paying-with-coins">
            <skipped message="">
            </skipped>
        </testcase>
        <testcase name="And that a cup has been placed" classname="kaffemaskin;paying-with-coins">
            <skipped message="">
            </skipped>
        </testcase>
        <testcase name="And you have used SEK only" classname="kaffemaskin;paying-with-coins">
            <skipped message="">
            </skipped>
        </testcase>
        <testcase name="And you have used either coins or creditcard" classname="kaffemaskin;paying-with-coins">
            <skipped message="">
            </skipped>
        </testcase>
        <testcase name="Then you get a cup of coffee" classname="kaffemaskin;paying-with-coins">
            <skipped message="">
            </skipped>
        </testcase>
        <testcase name="Given that coffee type Black Coffee has been chosen" classname="kaffemaskin;paying-with-coins">
            <skipped message="">
            </skipped>
        </testcase>
        <testcase name="And the payment method coins has been chosen" classname="kaffemaskin;paying-with-coins">
            <skipped message="">
            </skipped>
        </testcase>
        <testcase name="When the user inserts 10 kr coin" classname="kaffemaskin;paying-with-coins">
            <skipped message="">
            </skipped>
        </testcase>
        <testcase name="And the user inserts 5 kr coin" classname="kaffemaskin;paying-with-coins">
            <skipped message="">
            </skipped>
        </testcase>
        <testcase name="And the user inserts 5 kr coin" classname="kaffemaskin;paying-with-coins">
            <skipped message="">
            </skipped>
        </testcase>
        <testcase name="And the user inserts 5 kr coin" classname="kaffemaskin;paying-with-coins">
            <skipped message="">
            </skipped>
        </testcase>
        <testcase name="And the user inserts 0 kr coin" classname="kaffemaskin;paying-with-coins">
            <skipped message="">
            </skipped>
        </testcase>
        <testcase name="And the user inserts 0 kr coin" classname="kaffemaskin;paying-with-coins">
            <skipped message="">
            </skipped>
        </testcase>
        <testcase name="Then the user recieves 1 cup of coffee." classname="kaffemaskin;paying-with-coins">
            <skipped message="">
            </skipped>
        </testcase>
    </testsuite>
    <testsuite name="kaffemaskin;paying-with-coins" tests="18" failures="1" skipped="17">
        <properties>
            <property name="URI" value="C:/Users/matti/OneDrive/Skrivbord/Programming/kaffemaskin/features/kaffemaskin.feature">
            </property>
        </properties>
        <testcase name="Given that the machine is plugged in" classname="kaffemaskin;paying-with-coins" time="0.0001467">
            <failure message="TypeError: Cannot read property &apos;plugIn&apos; of undefined">TypeError: Cannot read property &apos;plugIn&apos; of undefined
    at createWorld.&lt;anonymous&gt; (C:\Users\matti\OneDrive\Skrivbord\Programming\kaffemaskin\step-definitions\kaffemaskin.js:30:19)
    at processTicksAndRejections (internal/process/task_queues.js:75:11)</failure>
        </testcase>
        <testcase name="And that the user has pressed the start button" classname="kaffemaskin;paying-with-coins">
            <skipped message="">
            </skipped>
        </testcase>
        <testcase name="And that ground coffee is available" classname="kaffemaskin;paying-with-coins">
            <skipped message="">
            </skipped>
        </testcase>
        <testcase name="And that water is available" classname="kaffemaskin;paying-with-coins">
            <skipped message="">
            </skipped>
        </testcase>
        <testcase name="And that milk is available" classname="kaffemaskin;paying-with-coins">
            <skipped message="">
            </skipped>
        </testcase>
        <testcase name="And that a cup has been placed" classname="kaffemaskin;paying-with-coins">
            <skipped message="">
            </skipped>
        </testcase>
        <testcase name="And you have used SEK only" classname="kaffemaskin;paying-with-coins">
            <skipped message="">
            </skipped>
        </testcase>
        <testcase name="And you have used either coins or creditcard" classname="kaffemaskin;paying-with-coins">
            <skipped message="">
            </skipped>
        </testcase>
        <testcase name="Then you get a cup of coffee" classname="kaffemaskin;paying-with-coins">
            <skipped message="">
            </skipped>
        </testcase>
        <testcase name="Given that coffee type Black Coffee has been chosen" classname="kaffemaskin;paying-with-coins">
            <skipped message="">
            </skipped>
        </testcase>
        <testcase name="And the payment method coins has been chosen" classname="kaffemaskin;paying-with-coins">
            <skipped message="">
            </skipped>
        </testcase>
        <testcase name="When the user inserts &quot;pollett&quot; kr coin" classname="kaffemaskin;paying-with-coins">
            <skipped message="">
            </skipped>
        </testcase>
        <testcase name="And the user inserts 5 kr coin" classname="kaffemaskin;paying-with-coins">
            <skipped message="">
            </skipped>
        </testcase>
        <testcase name="And the user inserts 5 kr coin" classname="kaffemaskin;paying-with-coins">
            <skipped message="">
            </skipped>
        </testcase>
        <testcase name="And the user inserts 2 kr coin" classname="kaffemaskin;paying-with-coins">
            <skipped message="">
            </skipped>
        </testcase>
        <testcase name="And the user inserts 2 kr coin" classname="kaffemaskin;paying-with-coins">
            <skipped message="">
            </skipped>
        </testcase>
        <testcase name="And the user inserts 0 kr coin" classname="kaffemaskin;paying-with-coins">
            <skipped message="">
            </skipped>
        </testcase>
        <testcase name="Then the user recieves 0 cup of coffee." classname="kaffemaskin;paying-with-coins">
            <skipped message="">
            </skipped>
        </testcase>
    </testsuite>
    <testsuite name="kaffemaskin;paying-with-coins" tests="18" failures="1" skipped="17">
        <properties>
            <property name="URI" value="C:/Users/matti/OneDrive/Skrivbord/Programming/kaffemaskin/features/kaffemaskin.feature">
            </property>
        </properties>
        <testcase name="Given that the machine is plugged in" classname="kaffemaskin;paying-with-coins" time="0.0001272">
            <failure message="TypeError: Cannot read property &apos;plugIn&apos; of undefined">TypeError: Cannot read property &apos;plugIn&apos; of undefined
    at createWorld.&lt;anonymous&gt; (C:\Users\matti\OneDrive\Skrivbord\Programming\kaffemaskin\step-definitions\kaffemaskin.js:30:19)
    at processTicksAndRejections (internal/process/task_queues.js:75:11)</failure>
        </testcase>
        <testcase name="And that the user has pressed the start button" classname="kaffemaskin;paying-with-coins">
            <skipped message="">
            </skipped>
        </testcase>
        <testcase name="And that ground coffee is available" classname="kaffemaskin;paying-with-coins">
            <skipped message="">
            </skipped>
        </testcase>
        <testcase name="And that water is available" classname="kaffemaskin;paying-with-coins">
            <skipped message="">
            </skipped>
        </testcase>
        <testcase name="And that milk is available" classname="kaffemaskin;paying-with-coins">
            <skipped message="">
            </skipped>
        </testcase>
        <testcase name="And that a cup has been placed" classname="kaffemaskin;paying-with-coins">
            <skipped message="">
            </skipped>
        </testcase>
        <testcase name="And you have used SEK only" classname="kaffemaskin;paying-with-coins">
            <skipped message="">
            </skipped>
        </testcase>
        <testcase name="And you have used either coins or creditcard" classname="kaffemaskin;paying-with-coins">
            <skipped message="">
            </skipped>
        </testcase>
        <testcase name="Then you get a cup of coffee" classname="kaffemaskin;paying-with-coins">
            <skipped message="">
            </skipped>
        </testcase>
        <testcase name="Given that coffee type Black Coffee has been chosen" classname="kaffemaskin;paying-with-coins">
            <skipped message="">
            </skipped>
        </testcase>
        <testcase name="And the payment method coins has been chosen" classname="kaffemaskin;paying-with-coins">
            <skipped message="">
            </skipped>
        </testcase>
        <testcase name="When the user inserts 5 kr coin" classname="kaffemaskin;paying-with-coins">
            <skipped message="">
            </skipped>
        </testcase>
        <testcase name="And the user inserts 5 kr coin" classname="kaffemaskin;paying-with-coins">
            <skipped message="">
            </skipped>
        </testcase>
        <testcase name="And the user inserts 5 kr coin" classname="kaffemaskin;paying-with-coins">
            <skipped message="">
            </skipped>
        </testcase>
        <testcase name="And the user inserts 5 kr coin" classname="kaffemaskin;paying-with-coins">
            <skipped message="">
            </skipped>
        </testcase>
        <testcase name="And the user inserts 2 kr coin" classname="kaffemaskin;paying-with-coins">
            <skipped message="">
            </skipped>
        </testcase>
        <testcase name="And the user inserts 1 kr coin" classname="kaffemaskin;paying-with-coins">
            <skipped message="">
            </skipped>
        </testcase>
        <testcase name="Then the user recieves 0 cup of coffee." classname="kaffemaskin;paying-with-coins">
            <skipped message="">
            </skipped>
        </testcase>
    </testsuite>
    <testsuite name="kaffemaskin;paying-with-coins" tests="18" failures="1" skipped="17">
        <properties>
            <property name="URI" value="C:/Users/matti/OneDrive/Skrivbord/Programming/kaffemaskin/features/kaffemaskin.feature">
            </property>
        </properties>
        <testcase name="Given that the machine is plugged in" classname="kaffemaskin;paying-with-coins" time="0.0001148">
            <failure message="TypeError: Cannot read property &apos;plugIn&apos; of undefined">TypeError: Cannot read property &apos;plugIn&apos; of undefined
    at createWorld.&lt;anonymous&gt; (C:\Users\matti\OneDrive\Skrivbord\Programming\kaffemaskin\step-definitions\kaffemaskin.js:30:19)
    at processTicksAndRejections (internal/process/task_queues.js:75:11)</failure>
        </testcase>
        <testcase name="And that the user has pressed the start button" classname="kaffemaskin;paying-with-coins">
            <skipped message="">
            </skipped>
        </testcase>
        <testcase name="And that ground coffee is available" classname="kaffemaskin;paying-with-coins">
            <skipped message="">
            </skipped>
        </testcase>
        <testcase name="And that water is available" classname="kaffemaskin;paying-with-coins">
            <skipped message="">
            </skipped>
        </testcase>
        <testcase name="And that milk is available" classname="kaffemaskin;paying-with-coins">
            <skipped message="">
            </skipped>
        </testcase>
        <testcase name="And that a cup has been placed" classname="kaffemaskin;paying-with-coins">
            <skipped message="">
            </skipped>
        </testcase>
        <testcase name="And you have used SEK only" classname="kaffemaskin;paying-with-coins">
            <skipped message="">
            </skipped>
        </testcase>
        <testcase name="And you have used either coins or creditcard" classname="kaffemaskin;paying-with-coins">
            <skipped message="">
            </skipped>
        </testcase>
        <testcase name="Then you get a cup of coffee" classname="kaffemaskin;paying-with-coins">
            <skipped message="">
            </skipped>
        </testcase>
        <testcase name="Given that coffee type Caffe Latte has been chosen" classname="kaffemaskin;paying-with-coins">
            <skipped message="">
            </skipped>
        </testcase>
        <testcase name="And the payment method coins has been chosen" classname="kaffemaskin;paying-with-coins">
            <skipped message="">
            </skipped>
        </testcase>
        <testcase name="When the user inserts 10 kr coin" classname="kaffemaskin;paying-with-coins">
            <skipped message="">
            </skipped>
        </testcase>
        <testcase name="And the user inserts 10 kr coin" classname="kaffemaskin;paying-with-coins">
            <skipped message="">
            </skipped>
        </testcase>
        <testcase name="And the user inserts 5 kr coin" classname="kaffemaskin;paying-with-coins">
            <skipped message="">
            </skipped>
        </testcase>
        <testcase name="And the user inserts 0 kr coin" classname="kaffemaskin;paying-with-coins">
            <skipped message="">
            </skipped>
        </testcase>
        <testcase name="And the user inserts 0 kr coin" classname="kaffemaskin;paying-with-coins">
            <skipped message="">
            </skipped>
        </testcase>
        <testcase name="And the user inserts 0 kr coin" classname="kaffemaskin;paying-with-coins">
            <skipped message="">
            </skipped>
        </testcase>
        <testcase name="Then the user recieves 1 cup of coffee." classname="kaffemaskin;paying-with-coins">
            <skipped message="">
            </skipped>
        </testcase>
    </testsuite>
    <testsuite name="kaffemaskin;paying-with-coins" tests="18" failures="1" skipped="17">
        <properties>
            <property name="URI" value="C:/Users/matti/OneDrive/Skrivbord/Programming/kaffemaskin/features/kaffemaskin.feature">
            </property>
        </properties>
        <testcase name="Given that the machine is plugged in" classname="kaffemaskin;paying-with-coins" time="0.000127">
            <failure message="TypeError: Cannot read property &apos;plugIn&apos; of undefined">TypeError: Cannot read property &apos;plugIn&apos; of undefined
    at createWorld.&lt;anonymous&gt; (C:\Users\matti\OneDrive\Skrivbord\Programming\kaffemaskin\step-definitions\kaffemaskin.js:30:19)
    at processTicksAndRejections (internal/process/task_queues.js:75:11)</failure>
        </testcase>
        <testcase name="And that the user has pressed the start button" classname="kaffemaskin;paying-with-coins">
            <skipped message="">
            </skipped>
        </testcase>
        <testcase name="And that ground coffee is available" classname="kaffemaskin;paying-with-coins">
            <skipped message="">
            </skipped>
        </testcase>
        <testcase name="And that water is available" classname="kaffemaskin;paying-with-coins">
            <skipped message="">
            </skipped>
        </testcase>
        <testcase name="And that milk is available" classname="kaffemaskin;paying-with-coins">
            <skipped message="">
            </skipped>
        </testcase>
        <testcase name="And that a cup has been placed" classname="kaffemaskin;paying-with-coins">
            <skipped message="">
            </skipped>
        </testcase>
        <testcase name="And you have used SEK only" classname="kaffemaskin;paying-with-coins">
            <skipped message="">
            </skipped>
        </testcase>
        <testcase name="And you have used either coins or creditcard" classname="kaffemaskin;paying-with-coins">
            <skipped message="">
            </skipped>
        </testcase>
        <testcase name="Then you get a cup of coffee" classname="kaffemaskin;paying-with-coins">
            <skipped message="">
            </skipped>
        </testcase>
        <testcase name="Given that coffee type Caffe Latte has been chosen" classname="kaffemaskin;paying-with-coins">
            <skipped message="">
            </skipped>
        </testcase>
        <testcase name="And the payment method coins has been chosen" classname="kaffemaskin;paying-with-coins">
            <skipped message="">
            </skipped>
        </testcase>
        <testcase name="When the user inserts 10 kr coin" classname="kaffemaskin;paying-with-coins">
            <skipped message="">
            </skipped>
        </testcase>
        <testcase name="And the user inserts 5 kr coin" classname="kaffemaskin;paying-with-coins">
            <skipped message="">
            </skipped>
        </testcase>
        <testcase name="And the user inserts 5 kr coin" classname="kaffemaskin;paying-with-coins">
            <skipped message="">
            </skipped>
        </testcase>
        <testcase name="And the user inserts 5 kr coin" classname="kaffemaskin;paying-with-coins">
            <skipped message="">
            </skipped>
        </testcase>
        <testcase name="And the user inserts 0 kr coin" classname="kaffemaskin;paying-with-coins">
            <skipped message="">
            </skipped>
        </testcase>
        <testcase name="And the user inserts 0 kr coin" classname="kaffemaskin;paying-with-coins">
            <skipped message="">
            </skipped>
        </testcase>
        <testcase name="Then the user recieves 1 cup of coffee." classname="kaffemaskin;paying-with-coins">
            <skipped message="">
            </skipped>
        </testcase>
    </testsuite>
    <testsuite name="kaffemaskin;paying-with-coins" tests="18" failures="1" skipped="17">
        <properties>
            <property name="URI" value="C:/Users/matti/OneDrive/Skrivbord/Programming/kaffemaskin/features/kaffemaskin.feature">
            </property>
        </properties>
        <testcase name="Given that the machine is plugged in" classname="kaffemaskin;paying-with-coins" time="0.000066701">
            <failure message="TypeError: Cannot read property &apos;plugIn&apos; of undefined">TypeError: Cannot read property &apos;plugIn&apos; of undefined
    at createWorld.&lt;anonymous&gt; (C:\Users\matti\OneDrive\Skrivbord\Programming\kaffemaskin\step-definitions\kaffemaskin.js:30:19)
    at processTicksAndRejections (internal/process/task_queues.js:75:11)</failure>
        </testcase>
        <testcase name="And that the user has pressed the start button" classname="kaffemaskin;paying-with-coins">
            <skipped message="">
            </skipped>
        </testcase>
        <testcase name="And that ground coffee is available" classname="kaffemaskin;paying-with-coins">
            <skipped message="">
            </skipped>
        </testcase>
        <testcase name="And that water is available" classname="kaffemaskin;paying-with-coins">
            <skipped message="">
            </skipped>
        </testcase>
        <testcase name="And that milk is available" classname="kaffemaskin;paying-with-coins">
            <skipped message="">
            </skipped>
        </testcase>
        <testcase name="And that a cup has been placed" classname="kaffemaskin;paying-with-coins">
            <skipped message="">
            </skipped>
        </testcase>
        <testcase name="And you have used SEK only" classname="kaffemaskin;paying-with-coins">
            <skipped message="">
            </skipped>
        </testcase>
        <testcase name="And you have used either coins or creditcard" classname="kaffemaskin;paying-with-coins">
            <skipped message="">
            </skipped>
        </testcase>
        <testcase name="Then you get a cup of coffee" classname="kaffemaskin;paying-with-coins">
            <skipped message="">
            </skipped>
        </testcase>
        <testcase name="Given that coffee type Caffe Latte has been chosen" classname="kaffemaskin;paying-with-coins">
            <skipped message="">
            </skipped>
        </testcase>
        <testcase name="And the payment method coins has been chosen" classname="kaffemaskin;paying-with-coins">
            <skipped message="">
            </skipped>
        </testcase>
        <testcase name="When the user inserts 10 kr coin" classname="kaffemaskin;paying-with-coins">
            <skipped message="">
            </skipped>
        </testcase>
        <testcase name="And the user inserts 5 kr coin" classname="kaffemaskin;paying-with-coins">
            <skipped message="">
            </skipped>
        </testcase>
        <testcase name="And the user inserts &quot;pollett&quot; kr coin" classname="kaffemaskin;paying-with-coins">
            <skipped message="">
            </skipped>
        </testcase>
        <testcase name="And the user inserts 2 kr coin" classname="kaffemaskin;paying-with-coins">
            <skipped message="">
            </skipped>
        </testcase>
        <testcase name="And the user inserts 2 kr coin" classname="kaffemaskin;paying-with-coins">
            <skipped message="">
            </skipped>
        </testcase>
        <testcase name="And the user inserts 0 kr coin" classname="kaffemaskin;paying-with-coins">
            <skipped message="">
            </skipped>
        </testcase>
        <testcase name="Then the user recieves 0 cup of coffee." classname="kaffemaskin;paying-with-coins">
            <skipped message="">
            </skipped>
        </testcase>
    </testsuite>
    <testsuite name="kaffemaskin;paying-with-coins" tests="18" failures="1" skipped="17">
        <properties>
            <property name="URI" value="C:/Users/matti/OneDrive/Skrivbord/Programming/kaffemaskin/features/kaffemaskin.feature">
            </property>
        </properties>
        <testcase name="Given that the machine is plugged in" classname="kaffemaskin;paying-with-coins" time="0.0000898">
            <failure message="TypeError: Cannot read property &apos;plugIn&apos; of undefined">TypeError: Cannot read property &apos;plugIn&apos; of undefined
    at createWorld.&lt;anonymous&gt; (C:\Users\matti\OneDrive\Skrivbord\Programming\kaffemaskin\step-definitions\kaffemaskin.js:30:19)
    at processTicksAndRejections (internal/process/task_queues.js:75:11)</failure>
        </testcase>
        <testcase name="And that the user has pressed the start button" classname="kaffemaskin;paying-with-coins">
            <skipped message="">
            </skipped>
        </testcase>
        <testcase name="And that ground coffee is available" classname="kaffemaskin;paying-with-coins">
            <skipped message="">
            </skipped>
        </testcase>
        <testcase name="And that water is available" classname="kaffemaskin;paying-with-coins">
            <skipped message="">
            </skipped>
        </testcase>
        <testcase name="And that milk is available" classname="kaffemaskin;paying-with-coins">
            <skipped message="">
            </skipped>
        </testcase>
        <testcase name="And that a cup has been placed" classname="kaffemaskin;paying-with-coins">
            <skipped message="">
            </skipped>
        </testcase>
        <testcase name="And you have used SEK only" classname="kaffemaskin;paying-with-coins">
            <skipped message="">
            </skipped>
        </testcase>
        <testcase name="And you have used either coins or creditcard" classname="kaffemaskin;paying-with-coins">
            <skipped message="">
            </skipped>
        </testcase>
        <testcase name="Then you get a cup of coffee" classname="kaffemaskin;paying-with-coins">
            <skipped message="">
            </skipped>
        </testcase>
        <testcase name="Given that coffee type Caffe Latte has been chosen" classname="kaffemaskin;paying-with-coins">
            <skipped message="">
            </skipped>
        </testcase>
        <testcase name="And the payment method coins has been chosen" classname="kaffemaskin;paying-with-coins">
            <skipped message="">
            </skipped>
        </testcase>
        <testcase name="When the user inserts 5 kr coin" classname="kaffemaskin;paying-with-coins">
            <skipped message="">
            </skipped>
        </testcase>
        <testcase name="And the user inserts 5 kr coin" classname="kaffemaskin;paying-with-coins">
            <skipped message="">
            </skipped>
        </testcase>
        <testcase name="And the user inserts 5 kr coin" classname="kaffemaskin;paying-with-coins">
            <skipped message="">
            </skipped>
        </testcase>
        <testcase name="And the user inserts 5 kr coin" classname="kaffemaskin;paying-with-coins">
            <skipped message="">
            </skipped>
        </testcase>
        <testcase name="And the user inserts 2 kr coin" classname="kaffemaskin;paying-with-coins">
            <skipped message="">
            </skipped>
        </testcase>
        <testcase name="And the user inserts 1 kr coin" classname="kaffemaskin;paying-with-coins">
            <skipped message="">
            </skipped>
        </testcase>
        <testcase name="Then the user recieves 0 cup of coffee." classname="kaffemaskin;paying-with-coins">
            <skipped message="">
            </skipped>
        </testcase>
    </testsuite>
    <testsuite name="kaffemaskin;paying-with-coins" tests="18" failures="1" skipped="17">
        <properties>
            <property name="URI" value="C:/Users/matti/OneDrive/Skrivbord/Programming/kaffemaskin/features/kaffemaskin.feature">
            </property>
        </properties>
        <testcase name="Given that the machine is plugged in" classname="kaffemaskin;paying-with-coins" time="0.0000841">
            <failure message="TypeError: Cannot read property &apos;plugIn&apos; of undefined">TypeError: Cannot read property &apos;plugIn&apos; of undefined
    at createWorld.&lt;anonymous&gt; (C:\Users\matti\OneDrive\Skrivbord\Programming\kaffemaskin\step-definitions\kaffemaskin.js:30:19)
    at processTicksAndRejections (internal/process/task_queues.js:75:11)</failure>
        </testcase>
        <testcase name="And that the user has pressed the start button" classname="kaffemaskin;paying-with-coins">
            <skipped message="">
            </skipped>
        </testcase>
        <testcase name="And that ground coffee is available" classname="kaffemaskin;paying-with-coins">
            <skipped message="">
            </skipped>
        </testcase>
        <testcase name="And that water is available" classname="kaffemaskin;paying-with-coins">
            <skipped message="">
            </skipped>
        </testcase>
        <testcase name="And that milk is available" classname="kaffemaskin;paying-with-coins">
            <skipped message="">
            </skipped>
        </testcase>
        <testcase name="And that a cup has been placed" classname="kaffemaskin;paying-with-coins">
            <skipped message="">
            </skipped>
        </testcase>
        <testcase name="And you have used SEK only" classname="kaffemaskin;paying-with-coins">
            <skipped message="">
            </skipped>
        </testcase>
        <testcase name="And you have used either coins or creditcard" classname="kaffemaskin;paying-with-coins">
            <skipped message="">
            </skipped>
        </testcase>
        <testcase name="Then you get a cup of coffee" classname="kaffemaskin;paying-with-coins">
            <skipped message="">
            </skipped>
        </testcase>
        <testcase name="Given that coffee type Cappucino has been chosen" classname="kaffemaskin;paying-with-coins">
            <skipped message="">
            </skipped>
        </testcase>
        <testcase name="And the payment method coins has been chosen" classname="kaffemaskin;paying-with-coins">
            <skipped message="">
            </skipped>
        </testcase>
        <testcase name="When the user inserts 10 kr coin" classname="kaffemaskin;paying-with-coins">
            <skipped message="">
            </skipped>
        </testcase>
        <testcase name="And the user inserts 10 kr coin" classname="kaffemaskin;paying-with-coins">
            <skipped message="">
            </skipped>
        </testcase>
        <testcase name="And the user inserts 5 kr coin" classname="kaffemaskin;paying-with-coins">
            <skipped message="">
            </skipped>
        </testcase>
        <testcase name="And the user inserts 0 kr coin" classname="kaffemaskin;paying-with-coins">
            <skipped message="">
            </skipped>
        </testcase>
        <testcase name="And the user inserts 0 kr coin" classname="kaffemaskin;paying-with-coins">
            <skipped message="">
            </skipped>
        </testcase>
        <testcase name="And the user inserts 0 kr coin" classname="kaffemaskin;paying-with-coins">
            <skipped message="">
            </skipped>
        </testcase>
        <testcase name="Then the user recieves 1 cup of coffee." classname="kaffemaskin;paying-with-coins">
            <skipped message="">
            </skipped>
        </testcase>
    </testsuite>
    <testsuite name="kaffemaskin;paying-with-coins" tests="18" failures="1" skipped="17">
        <properties>
            <property name="URI" value="C:/Users/matti/OneDrive/Skrivbord/Programming/kaffemaskin/features/kaffemaskin.feature">
            </property>
        </properties>
        <testcase name="Given that the machine is plugged in" classname="kaffemaskin;paying-with-coins" time="0.0000864">
            <failure message="TypeError: Cannot read property &apos;plugIn&apos; of undefined">TypeError: Cannot read property &apos;plugIn&apos; of undefined
    at createWorld.&lt;anonymous&gt; (C:\Users\matti\OneDrive\Skrivbord\Programming\kaffemaskin\step-definitions\kaffemaskin.js:30:19)
    at processTicksAndRejections (internal/process/task_queues.js:75:11)</failure>
        </testcase>
        <testcase name="And that the user has pressed the start button" classname="kaffemaskin;paying-with-coins">
            <skipped message="">
            </skipped>
        </testcase>
        <testcase name="And that ground coffee is available" classname="kaffemaskin;paying-with-coins">
            <skipped message="">
            </skipped>
        </testcase>
        <testcase name="And that water is available" classname="kaffemaskin;paying-with-coins">
            <skipped message="">
            </skipped>
        </testcase>
        <testcase name="And that milk is available" classname="kaffemaskin;paying-with-coins">
            <skipped message="">
            </skipped>
        </testcase>
        <testcase name="And that a cup has been placed" classname="kaffemaskin;paying-with-coins">
            <skipped message="">
            </skipped>
        </testcase>
        <testcase name="And you have used SEK only" classname="kaffemaskin;paying-with-coins">
            <skipped message="">
            </skipped>
        </testcase>
        <testcase name="And you have used either coins or creditcard" classname="kaffemaskin;paying-with-coins">
            <skipped message="">
            </skipped>
        </testcase>
        <testcase name="Then you get a cup of coffee" classname="kaffemaskin;paying-with-coins">
            <skipped message="">
            </skipped>
        </testcase>
        <testcase name="Given that coffee type Cappucino has been chosen" classname="kaffemaskin;paying-with-coins">
            <skipped message="">
            </skipped>
        </testcase>
        <testcase name="And the payment method coins has been chosen" classname="kaffemaskin;paying-with-coins">
            <skipped message="">
            </skipped>
        </testcase>
        <testcase name="When the user inserts 10 kr coin" classname="kaffemaskin;paying-with-coins">
            <skipped message="">
            </skipped>
        </testcase>
        <testcase name="And the user inserts 5 kr coin" classname="kaffemaskin;paying-with-coins">
            <skipped message="">
            </skipped>
        </testcase>
        <testcase name="And the user inserts 5 kr coin" classname="kaffemaskin;paying-with-coins">
            <skipped message="">
            </skipped>
        </testcase>
        <testcase name="And the user inserts 5 kr coin" classname="kaffemaskin;paying-with-coins">
            <skipped message="">
            </skipped>
        </testcase>
        <testcase name="And the user inserts 0 kr coin" classname="kaffemaskin;paying-with-coins">
            <skipped message="">
            </skipped>
        </testcase>
        <testcase name="And the user inserts 0 kr coin" classname="kaffemaskin;paying-with-coins">
            <skipped message="">
            </skipped>
        </testcase>
        <testcase name="Then the user recieves 1 cup of coffee." classname="kaffemaskin;paying-with-coins">
            <skipped message="">
            </skipped>
        </testcase>
    </testsuite>
    <testsuite name="kaffemaskin;paying-with-coins" tests="18" failures="1" skipped="17">
        <properties>
            <property name="URI" value="C:/Users/matti/OneDrive/Skrivbord/Programming/kaffemaskin/features/kaffemaskin.feature">
            </property>
        </properties>
        <testcase name="Given that the machine is plugged in" classname="kaffemaskin;paying-with-coins" time="0.0000761">
            <failure message="TypeError: Cannot read property &apos;plugIn&apos; of undefined">TypeError: Cannot read property &apos;plugIn&apos; of undefined
    at createWorld.&lt;anonymous&gt; (C:\Users\matti\OneDrive\Skrivbord\Programming\kaffemaskin\step-definitions\kaffemaskin.js:30:19)
    at processTicksAndRejections (internal/process/task_queues.js:75:11)</failure>
        </testcase>
        <testcase name="And that the user has pressed the start button" classname="kaffemaskin;paying-with-coins">
            <skipped message="">
            </skipped>
        </testcase>
        <testcase name="And that ground coffee is available" classname="kaffemaskin;paying-with-coins">
            <skipped message="">
            </skipped>
        </testcase>
        <testcase name="And that water is available" classname="kaffemaskin;paying-with-coins">
            <skipped message="">
            </skipped>
        </testcase>
        <testcase name="And that milk is available" classname="kaffemaskin;paying-with-coins">
            <skipped message="">
            </skipped>
        </testcase>
        <testcase name="And that a cup has been placed" classname="kaffemaskin;paying-with-coins">
            <skipped message="">
            </skipped>
        </testcase>
        <testcase name="And you have used SEK only" classname="kaffemaskin;paying-with-coins">
            <skipped message="">
            </skipped>
        </testcase>
        <testcase name="And you have used either coins or creditcard" classname="kaffemaskin;paying-with-coins">
            <skipped message="">
            </skipped>
        </testcase>
        <testcase name="Then you get a cup of coffee" classname="kaffemaskin;paying-with-coins">
            <skipped message="">
            </skipped>
        </testcase>
        <testcase name="Given that coffee type Cappucino has been chosen" classname="kaffemaskin;paying-with-coins">
            <skipped message="">
            </skipped>
        </testcase>
        <testcase name="And the payment method coins has been chosen" classname="kaffemaskin;paying-with-coins">
            <skipped message="">
            </skipped>
        </testcase>
        <testcase name="When the user inserts 10 kr coin" classname="kaffemaskin;paying-with-coins">
            <skipped message="">
            </skipped>
        </testcase>
        <testcase name="And the user inserts 5 kr coin" classname="kaffemaskin;paying-with-coins">
            <skipped message="">
            </skipped>
        </testcase>
        <testcase name="And the user inserts 5 kr coin" classname="kaffemaskin;paying-with-coins">
            <skipped message="">
            </skipped>
        </testcase>
        <testcase name="And the user inserts 2 kr coin" classname="kaffemaskin;paying-with-coins">
            <skipped message="">
            </skipped>
        </testcase>
        <testcase name="And the user inserts 2 kr coin" classname="kaffemaskin;paying-with-coins">
            <skipped message="">
            </skipped>
        </testcase>
        <testcase name="And the user inserts &quot;pollett&quot; kr coin" classname="kaffemaskin;paying-with-coins">
            <skipped message="">
            </skipped>
        </testcase>
        <testcase name="Then the user recieves 0 cup of coffee." classname="kaffemaskin;paying-with-coins">
            <skipped message="">
            </skipped>
        </testcase>
    </testsuite>
    <testsuite name="kaffemaskin;paying-with-coins" tests="18" failures="1" skipped="17">
        <properties>
            <property name="URI" value="C:/Users/matti/OneDrive/Skrivbord/Programming/kaffemaskin/features/kaffemaskin.feature">
            </property>
        </properties>
        <testcase name="Given that the machine is plugged in" classname="kaffemaskin;paying-with-coins" time="0.0001024">
            <failure message="TypeError: Cannot read property &apos;plugIn&apos; of undefined">TypeError: Cannot read property &apos;plugIn&apos; of undefined
    at createWorld.&lt;anonymous&gt; (C:\Users\matti\OneDrive\Skrivbord\Programming\kaffemaskin\step-definitions\kaffemaskin.js:30:19)
    at processTicksAndRejections (internal/process/task_queues.js:75:11)</failure>
        </testcase>
        <testcase name="And that the user has pressed the start button" classname="kaffemaskin;paying-with-coins">
            <skipped message="">
            </skipped>
        </testcase>
        <testcase name="And that ground coffee is available" classname="kaffemaskin;paying-with-coins">
            <skipped message="">
            </skipped>
        </testcase>
        <testcase name="And that water is available" classname="kaffemaskin;paying-with-coins">
            <skipped message="">
            </skipped>
        </testcase>
        <testcase name="And that milk is available" classname="kaffemaskin;paying-with-coins">
            <skipped message="">
            </skipped>
        </testcase>
        <testcase name="And that a cup has been placed" classname="kaffemaskin;paying-with-coins">
            <skipped message="">
            </skipped>
        </testcase>
        <testcase name="And you have used SEK only" classname="kaffemaskin;paying-with-coins">
            <skipped message="">
            </skipped>
        </testcase>
        <testcase name="And you have used either coins or creditcard" classname="kaffemaskin;paying-with-coins">
            <skipped message="">
            </skipped>
        </testcase>
        <testcase name="Then you get a cup of coffee" classname="kaffemaskin;paying-with-coins">
            <skipped message="">
            </skipped>
        </testcase>
        <testcase name="Given that coffee type Cappucino has been chosen" classname="kaffemaskin;paying-with-coins">
            <skipped message="">
            </skipped>
        </testcase>
        <testcase name="And the payment method coins has been chosen" classname="kaffemaskin;paying-with-coins">
            <skipped message="">
            </skipped>
        </testcase>
        <testcase name="When the user inserts 5 kr coin" classname="kaffemaskin;paying-with-coins">
            <skipped message="">
            </skipped>
        </testcase>
        <testcase name="And the user inserts 5 kr coin" classname="kaffemaskin;paying-with-coins">
            <skipped message="">
            </skipped>
        </testcase>
        <testcase name="And the user inserts 5 kr coin" classname="kaffemaskin;paying-with-coins">
            <skipped message="">
            </skipped>
        </testcase>
        <testcase name="And the user inserts 5 kr coin" classname="kaffemaskin;paying-with-coins">
            <skipped message="">
            </skipped>
        </testcase>
        <testcase name="And the user inserts 2 kr coin" classname="kaffemaskin;paying-with-coins">
            <skipped message="">
            </skipped>
        </testcase>
        <testcase name="And the user inserts 1 kr coin" classname="kaffemaskin;paying-with-coins">
            <skipped message="">
            </skipped>
        </testcase>
        <testcase name="Then the user recieves 0 cup of coffee." classname="kaffemaskin;paying-with-coins">
            <skipped message="">
            </skipped>
        </testcase>
    </testsuite>
    <testsuite name="kaffemaskin;paying-with-coins" tests="18" failures="1" skipped="17">
        <properties>
            <property name="URI" value="C:/Users/matti/OneDrive/Skrivbord/Programming/kaffemaskin/features/kaffemaskin.feature">
            </property>
        </properties>
        <testcase name="Given that the machine is plugged in" classname="kaffemaskin;paying-with-coins" time="0.0000898">
            <failure message="TypeError: Cannot read property &apos;plugIn&apos; of undefined">TypeError: Cannot read property &apos;plugIn&apos; of undefined
    at createWorld.&lt;anonymous&gt; (C:\Users\matti\OneDrive\Skrivbord\Programming\kaffemaskin\step-definitions\kaffemaskin.js:30:19)
    at processTicksAndRejections (internal/process/task_queues.js:75:11)</failure>
        </testcase>
        <testcase name="And that the user has pressed the start button" classname="kaffemaskin;paying-with-coins">
            <skipped message="">
            </skipped>
        </testcase>
        <testcase name="And that ground coffee is available" classname="kaffemaskin;paying-with-coins">
            <skipped message="">
            </skipped>
        </testcase>
        <testcase name="And that water is available" classname="kaffemaskin;paying-with-coins">
            <skipped message="">
            </skipped>
        </testcase>
        <testcase name="And that milk is available" classname="kaffemaskin;paying-with-coins">
            <skipped message="">
            </skipped>
        </testcase>
        <testcase name="And that a cup has been placed" classname="kaffemaskin;paying-with-coins">
            <skipped message="">
            </skipped>
        </testcase>
        <testcase name="And you have used SEK only" classname="kaffemaskin;paying-with-coins">
            <skipped message="">
            </skipped>
        </testcase>
        <testcase name="And you have used either coins or creditcard" classname="kaffemaskin;paying-with-coins">
            <skipped message="">
            </skipped>
        </testcase>
        <testcase name="Then you get a cup of coffee" classname="kaffemaskin;paying-with-coins">
            <skipped message="">
            </skipped>
        </testcase>
        <testcase name="Given that coffee type Espresso has been chosen" classname="kaffemaskin;paying-with-coins">
            <skipped message="">
            </skipped>
        </testcase>
        <testcase name="And the payment method coins has been chosen" classname="kaffemaskin;paying-with-coins">
            <skipped message="">
            </skipped>
        </testcase>
        <testcase name="When the user inserts 10 kr coin" classname="kaffemaskin;paying-with-coins">
            <skipped message="">
            </skipped>
        </testcase>
        <testcase name="And the user inserts 10 kr coin" classname="kaffemaskin;paying-with-coins">
            <skipped message="">
            </skipped>
        </testcase>
        <testcase name="And the user inserts 5 kr coin" classname="kaffemaskin;paying-with-coins">
            <skipped message="">
            </skipped>
        </testcase>
        <testcase name="And the user inserts 0 kr coin" classname="kaffemaskin;paying-with-coins">
            <skipped message="">
            </skipped>
        </testcase>
        <testcase name="And the user inserts 0 kr coin" classname="kaffemaskin;paying-with-coins">
            <skipped message="">
            </skipped>
        </testcase>
        <testcase name="And the user inserts 0 kr coin" classname="kaffemaskin;paying-with-coins">
            <skipped message="">
            </skipped>
        </testcase>
        <testcase name="Then the user recieves 1 cup of coffee." classname="kaffemaskin;paying-with-coins">
            <skipped message="">
            </skipped>
        </testcase>
    </testsuite>
    <testsuite name="kaffemaskin;paying-with-coins" tests="18" failures="1" skipped="17">
        <properties>
            <property name="URI" value="C:/Users/matti/OneDrive/Skrivbord/Programming/kaffemaskin/features/kaffemaskin.feature">
            </property>
        </properties>
        <testcase name="Given that the machine is plugged in" classname="kaffemaskin;paying-with-coins" time="0.000073999">
            <failure message="TypeError: Cannot read property &apos;plugIn&apos; of undefined">TypeError: Cannot read property &apos;plugIn&apos; of undefined
    at createWorld.&lt;anonymous&gt; (C:\Users\matti\OneDrive\Skrivbord\Programming\kaffemaskin\step-definitions\kaffemaskin.js:30:19)
    at processTicksAndRejections (internal/process/task_queues.js:75:11)</failure>
        </testcase>
        <testcase name="And that the user has pressed the start button" classname="kaffemaskin;paying-with-coins">
            <skipped message="">
            </skipped>
        </testcase>
        <testcase name="And that ground coffee is available" classname="kaffemaskin;paying-with-coins">
            <skipped message="">
            </skipped>
        </testcase>
        <testcase name="And that water is available" classname="kaffemaskin;paying-with-coins">
            <skipped message="">
            </skipped>
        </testcase>
        <testcase name="And that milk is available" classname="kaffemaskin;paying-with-coins">
            <skipped message="">
            </skipped>
        </testcase>
        <testcase name="And that a cup has been placed" classname="kaffemaskin;paying-with-coins">
            <skipped message="">
            </skipped>
        </testcase>
        <testcase name="And you have used SEK only" classname="kaffemaskin;paying-with-coins">
            <skipped message="">
            </skipped>
        </testcase>
        <testcase name="And you have used either coins or creditcard" classname="kaffemaskin;paying-with-coins">
            <skipped message="">
            </skipped>
        </testcase>
        <testcase name="Then you get a cup of coffee" classname="kaffemaskin;paying-with-coins">
            <skipped message="">
            </skipped>
        </testcase>
        <testcase name="Given that coffee type Espresso has been chosen" classname="kaffemaskin;paying-with-coins">
            <skipped message="">
            </skipped>
        </testcase>
        <testcase name="And the payment method coins has been chosen" classname="kaffemaskin;paying-with-coins">
            <skipped message="">
            </skipped>
        </testcase>
        <testcase name="When the user inserts 10 kr coin" classname="kaffemaskin;paying-with-coins">
            <skipped message="">
            </skipped>
        </testcase>
        <testcase name="And the user inserts 5 kr coin" classname="kaffemaskin;paying-with-coins">
            <skipped message="">
            </skipped>
        </testcase>
        <testcase name="And the user inserts 5 kr coin" classname="kaffemaskin;paying-with-coins">
            <skipped message="">
            </skipped>
        </testcase>
        <testcase name="And the user inserts 5 kr coin" classname="kaffemaskin;paying-with-coins">
            <skipped message="">
            </skipped>
        </testcase>
        <testcase name="And the user inserts 0 kr coin" classname="kaffemaskin;paying-with-coins">
            <skipped message="">
            </skipped>
        </testcase>
        <testcase name="And the user inserts 0 kr coin" classname="kaffemaskin;paying-with-coins">
            <skipped message="">
            </skipped>
        </testcase>
        <testcase name="Then the user recieves 1 cup of coffee." classname="kaffemaskin;paying-with-coins">
            <skipped message="">
            </skipped>
        </testcase>
    </testsuite>
    <testsuite name="kaffemaskin;paying-with-coins" tests="18" failures="1" skipped="17">
        <properties>
            <property name="URI" value="C:/Users/matti/OneDrive/Skrivbord/Programming/kaffemaskin/features/kaffemaskin.feature">
            </property>
        </properties>
        <testcase name="Given that the machine is plugged in" classname="kaffemaskin;paying-with-coins" time="0.000130501">
            <failure message="TypeError: Cannot read property &apos;plugIn&apos; of undefined">TypeError: Cannot read property &apos;plugIn&apos; of undefined
    at createWorld.&lt;anonymous&gt; (C:\Users\matti\OneDrive\Skrivbord\Programming\kaffemaskin\step-definitions\kaffemaskin.js:30:19)
    at processTicksAndRejections (internal/process/task_queues.js:75:11)</failure>
        </testcase>
        <testcase name="And that the user has pressed the start button" classname="kaffemaskin;paying-with-coins">
            <skipped message="">
            </skipped>
        </testcase>
        <testcase name="And that ground coffee is available" classname="kaffemaskin;paying-with-coins">
            <skipped message="">
            </skipped>
        </testcase>
        <testcase name="And that water is available" classname="kaffemaskin;paying-with-coins">
            <skipped message="">
            </skipped>
        </testcase>
        <testcase name="And that milk is available" classname="kaffemaskin;paying-with-coins">
            <skipped message="">
            </skipped>
        </testcase>
        <testcase name="And that a cup has been placed" classname="kaffemaskin;paying-with-coins">
            <skipped message="">
            </skipped>
        </testcase>
        <testcase name="And you have used SEK only" classname="kaffemaskin;paying-with-coins">
            <skipped message="">
            </skipped>
        </testcase>
        <testcase name="And you have used either coins or creditcard" classname="kaffemaskin;paying-with-coins">
            <skipped message="">
            </skipped>
        </testcase>
        <testcase name="Then you get a cup of coffee" classname="kaffemaskin;paying-with-coins">
            <skipped message="">
            </skipped>
        </testcase>
        <testcase name="Given that coffee type Espresso has been chosen" classname="kaffemaskin;paying-with-coins">
            <skipped message="">
            </skipped>
        </testcase>
        <testcase name="And the payment method coins has been chosen" classname="kaffemaskin;paying-with-coins">
            <skipped message="">
            </skipped>
        </testcase>
        <testcase name="When the user inserts 10 kr coin" classname="kaffemaskin;paying-with-coins">
            <skipped message="">
            </skipped>
        </testcase>
        <testcase name="And the user inserts 5 kr coin" classname="kaffemaskin;paying-with-coins">
            <skipped message="">
            </skipped>
        </testcase>
        <testcase name="And the user inserts 5 kr coin" classname="kaffemaskin;paying-with-coins">
            <skipped message="">
            </skipped>
        </testcase>
        <testcase name="And the user inserts 2 kr coin" classname="kaffemaskin;paying-with-coins">
            <skipped message="">
            </skipped>
        </testcase>
        <testcase name="And the user inserts 2 kr coin" classname="kaffemaskin;paying-with-coins">
            <skipped message="">
            </skipped>
        </testcase>
        <testcase name="And the user inserts 0 kr coin" classname="kaffemaskin;paying-with-coins">
            <skipped message="">
            </skipped>
        </testcase>
        <testcase name="Then the user recieves 0 cup of coffee." classname="kaffemaskin;paying-with-coins">
            <skipped message="">
            </skipped>
        </testcase>
    </testsuite>
    <testsuite name="kaffemaskin;paying-with-coins" tests="18" failures="1" skipped="17">
        <properties>
            <property name="URI" value="C:/Users/matti/OneDrive/Skrivbord/Programming/kaffemaskin/features/kaffemaskin.feature">
            </property>
        </properties>
        <testcase name="Given that the machine is plugged in" classname="kaffemaskin;paying-with-coins" time="0.0001437">
            <failure message="TypeError: Cannot read property &apos;plugIn&apos; of undefined">TypeError: Cannot read property &apos;plugIn&apos; of undefined
    at createWorld.&lt;anonymous&gt; (C:\Users\matti\OneDrive\Skrivbord\Programming\kaffemaskin\step-definitions\kaffemaskin.js:30:19)
    at processTicksAndRejections (internal/process/task_queues.js:75:11)</failure>
        </testcase>
        <testcase name="And that the user has pressed the start button" classname="kaffemaskin;paying-with-coins">
            <skipped message="">
            </skipped>
        </testcase>
        <testcase name="And that ground coffee is available" classname="kaffemaskin;paying-with-coins">
            <skipped message="">
            </skipped>
        </testcase>
        <testcase name="And that water is available" classname="kaffemaskin;paying-with-coins">
            <skipped message="">
            </skipped>
        </testcase>
        <testcase name="And that milk is available" classname="kaffemaskin;paying-with-coins">
            <skipped message="">
            </skipped>
        </testcase>
        <testcase name="And that a cup has been placed" classname="kaffemaskin;paying-with-coins">
            <skipped message="">
            </skipped>
        </testcase>
        <testcase name="And you have used SEK only" classname="kaffemaskin;paying-with-coins">
            <skipped message="">
            </skipped>
        </testcase>
        <testcase name="And you have used either coins or creditcard" classname="kaffemaskin;paying-with-coins">
            <skipped message="">
            </skipped>
        </testcase>
        <testcase name="Then you get a cup of coffee" classname="kaffemaskin;paying-with-coins">
            <skipped message="">
            </skipped>
        </testcase>
        <testcase name="Given that coffee type Espresso has been chosen" classname="kaffemaskin;paying-with-coins">
            <skipped message="">
            </skipped>
        </testcase>
        <testcase name="And the payment method coins has been chosen" classname="kaffemaskin;paying-with-coins">
            <skipped message="">
            </skipped>
        </testcase>
        <testcase name="When the user inserts &quot;pollett&quot; kr coin" classname="kaffemaskin;paying-with-coins">
            <skipped message="">
            </skipped>
        </testcase>
        <testcase name="And the user inserts 5 kr coin" classname="kaffemaskin;paying-with-coins">
            <skipped message="">
            </skipped>
        </testcase>
        <testcase name="And the user inserts 5 kr coin" classname="kaffemaskin;paying-with-coins">
            <skipped message="">
            </skipped>
        </testcase>
        <testcase name="And the user inserts 5 kr coin" classname="kaffemaskin;paying-with-coins">
            <skipped message="">
            </skipped>
        </testcase>
        <testcase name="And the user inserts 2 kr coin" classname="kaffemaskin;paying-with-coins">
            <skipped message="">
            </skipped>
        </testcase>
        <testcase name="And the user inserts 2 kr coin" classname="kaffemaskin;paying-with-coins">
            <skipped message="">
            </skipped>
        </testcase>
        <testcase name="Then the user recieves 0 cup of coffee." classname="kaffemaskin;paying-with-coins">
            <skipped message="">
            </skipped>
        </testcase>
    </testsuite>
    <testsuite name="kaffemaskin;paying-with-creditcard" tests="13" failures="1" skipped="12">
        <properties>
            <property name="URI" value="C:/Users/matti/OneDrive/Skrivbord/Programming/kaffemaskin/features/kaffemaskin.feature">
            </property>
        </properties>
        <testcase name="Given that the machine is plugged in" classname="kaffemaskin;paying-with-creditcard" time="0.0001068">
            <failure message="TypeError: Cannot read property &apos;plugIn&apos; of undefined">TypeError: Cannot read property &apos;plugIn&apos; of undefined
    at createWorld.&lt;anonymous&gt; (C:\Users\matti\OneDrive\Skrivbord\Programming\kaffemaskin\step-definitions\kaffemaskin.js:30:19)
    at processTicksAndRejections (internal/process/task_queues.js:75:11)</failure>
        </testcase>
        <testcase name="And that the user has pressed the start button" classname="kaffemaskin;paying-with-creditcard">
            <skipped message="">
            </skipped>
        </testcase>
        <testcase name="And that ground coffee is available" classname="kaffemaskin;paying-with-creditcard">
            <skipped message="">
            </skipped>
        </testcase>
        <testcase name="And that water is available" classname="kaffemaskin;paying-with-creditcard">
            <skipped message="">
            </skipped>
        </testcase>
        <testcase name="And that milk is available" classname="kaffemaskin;paying-with-creditcard">
            <skipped message="">
            </skipped>
        </testcase>
        <testcase name="And that a cup has been placed" classname="kaffemaskin;paying-with-creditcard">
            <skipped message="">
            </skipped>
        </testcase>
        <testcase name="And you have used SEK only" classname="kaffemaskin;paying-with-creditcard">
            <skipped message="">
            </skipped>
        </testcase>
        <testcase name="And you have used either coins or creditcard" classname="kaffemaskin;paying-with-creditcard">
            <skipped message="">
            </skipped>
        </testcase>
        <testcase name="Then you get a cup of coffee" classname="kaffemaskin;paying-with-creditcard">
            <skipped message="">
            </skipped>
        </testcase>
        <testcase name="Given that coffee type Black Coffee has been chosen" classname="kaffemaskin;paying-with-creditcard">
            <skipped message="">
            </skipped>
        </testcase>
        <testcase name="When the payment method creditcard has been chosen" classname="kaffemaskin;paying-with-creditcard">
            <skipped message="">
            </skipped>
        </testcase>
        <testcase name="And has enough 10" classname="kaffemaskin;paying-with-creditcard">
            <skipped message="">
            </skipped>
        </testcase>
        <testcase name="Then the user recieves 1 cup of coffee." classname="kaffemaskin;paying-with-creditcard">
            <skipped message="">
            </skipped>
        </testcase>
    </testsuite>
    <testsuite name="kaffemaskin;paying-with-creditcard" tests="13" failures="1" skipped="12">
        <properties>
            <property name="URI" value="C:/Users/matti/OneDrive/Skrivbord/Programming/kaffemaskin/features/kaffemaskin.feature">
            </property>
        </properties>
        <testcase name="Given that the machine is plugged in" classname="kaffemaskin;paying-with-creditcard" time="0.000107299">
            <failure message="TypeError: Cannot read property &apos;plugIn&apos; of undefined">TypeError: Cannot read property &apos;plugIn&apos; of undefined
    at createWorld.&lt;anonymous&gt; (C:\Users\matti\OneDrive\Skrivbord\Programming\kaffemaskin\step-definitions\kaffemaskin.js:30:19)
    at processTicksAndRejections (internal/process/task_queues.js:75:11)</failure>
        </testcase>
        <testcase name="And that the user has pressed the start button" classname="kaffemaskin;paying-with-creditcard">
            <skipped message="">
            </skipped>
        </testcase>
        <testcase name="And that ground coffee is available" classname="kaffemaskin;paying-with-creditcard">
            <skipped message="">
            </skipped>
        </testcase>
        <testcase name="And that water is available" classname="kaffemaskin;paying-with-creditcard">
            <skipped message="">
            </skipped>
        </testcase>
        <testcase name="And that milk is available" classname="kaffemaskin;paying-with-creditcard">
            <skipped message="">
            </skipped>
        </testcase>
        <testcase name="And that a cup has been placed" classname="kaffemaskin;paying-with-creditcard">
            <skipped message="">
            </skipped>
        </testcase>
        <testcase name="And you have used SEK only" classname="kaffemaskin;paying-with-creditcard">
            <skipped message="">
            </skipped>
        </testcase>
        <testcase name="And you have used either coins or creditcard" classname="kaffemaskin;paying-with-creditcard">
            <skipped message="">
            </skipped>
        </testcase>
        <testcase name="Then you get a cup of coffee" classname="kaffemaskin;paying-with-creditcard">
            <skipped message="">
            </skipped>
        </testcase>
        <testcase name="Given that coffee type Black Coffee has been chosen" classname="kaffemaskin;paying-with-creditcard">
            <skipped message="">
            </skipped>
        </testcase>
        <testcase name="When the payment method creditcard has been chosen" classname="kaffemaskin;paying-with-creditcard">
            <skipped message="">
            </skipped>
        </testcase>
        <testcase name="And has enough 13" classname="kaffemaskin;paying-with-creditcard">
            <skipped message="">
            </skipped>
        </testcase>
        <testcase name="Then the user recieves 1 cup of coffee." classname="kaffemaskin;paying-with-creditcard">
            <skipped message="">
            </skipped>
        </testcase>
    </testsuite>
    <testsuite name="kaffemaskin;paying-with-creditcard" tests="13" failures="1" skipped="12">
        <properties>
            <property name="URI" value="C:/Users/matti/OneDrive/Skrivbord/Programming/kaffemaskin/features/kaffemaskin.feature">
            </property>
        </properties>
        <testcase name="Given that the machine is plugged in" classname="kaffemaskin;paying-with-creditcard" time="0.000104801">
            <failure message="TypeError: Cannot read property &apos;plugIn&apos; of undefined">TypeError: Cannot read property &apos;plugIn&apos; of undefined
    at createWorld.&lt;anonymous&gt; (C:\Users\matti\OneDrive\Skrivbord\Programming\kaffemaskin\step-definitions\kaffemaskin.js:30:19)
    at processTicksAndRejections (internal/process/task_queues.js:75:11)</failure>
        </testcase>
        <testcase name="And that the user has pressed the start button" classname="kaffemaskin;paying-with-creditcard">
            <skipped message="">
            </skipped>
        </testcase>
        <testcase name="And that ground coffee is available" classname="kaffemaskin;paying-with-creditcard">
            <skipped message="">
            </skipped>
        </testcase>
        <testcase name="And that water is available" classname="kaffemaskin;paying-with-creditcard">
            <skipped message="">
            </skipped>
        </testcase>
        <testcase name="And that milk is available" classname="kaffemaskin;paying-with-creditcard">
            <skipped message="">
            </skipped>
        </testcase>
        <testcase name="And that a cup has been placed" classname="kaffemaskin;paying-with-creditcard">
            <skipped message="">
            </skipped>
        </testcase>
        <testcase name="And you have used SEK only" classname="kaffemaskin;paying-with-creditcard">
            <skipped message="">
            </skipped>
        </testcase>
        <testcase name="And you have used either coins or creditcard" classname="kaffemaskin;paying-with-creditcard">
            <skipped message="">
            </skipped>
        </testcase>
        <testcase name="Then you get a cup of coffee" classname="kaffemaskin;paying-with-creditcard">
            <skipped message="">
            </skipped>
        </testcase>
        <testcase name="Given that coffee type Black Coffee has been chosen" classname="kaffemaskin;paying-with-creditcard">
            <skipped message="">
            </skipped>
        </testcase>
        <testcase name="When the payment method creditcard has been chosen" classname="kaffemaskin;paying-with-creditcard">
            <skipped message="">
            </skipped>
        </testcase>
        <testcase name="And has enough 7" classname="kaffemaskin;paying-with-creditcard">
            <skipped message="">
            </skipped>
        </testcase>
        <testcase name="Then the user recieves 0 cup of coffee." classname="kaffemaskin;paying-with-creditcard">
            <skipped message="">
            </skipped>
        </testcase>
    </testsuite>
    <testsuite name="kaffemaskin;paying-with-creditcard" tests="13" failures="1" skipped="12">
        <properties>
            <property name="URI" value="C:/Users/matti/OneDrive/Skrivbord/Programming/kaffemaskin/features/kaffemaskin.feature">
            </property>
        </properties>
        <testcase name="Given that the machine is plugged in" classname="kaffemaskin;paying-with-creditcard" time="0.000053301">
            <failure message="TypeError: Cannot read property &apos;plugIn&apos; of undefined">TypeError: Cannot read property &apos;plugIn&apos; of undefined
    at createWorld.&lt;anonymous&gt; (C:\Users\matti\OneDrive\Skrivbord\Programming\kaffemaskin\step-definitions\kaffemaskin.js:30:19)
    at processTicksAndRejections (internal/process/task_queues.js:75:11)</failure>
        </testcase>
        <testcase name="And that the user has pressed the start button" classname="kaffemaskin;paying-with-creditcard">
            <skipped message="">
            </skipped>
        </testcase>
        <testcase name="And that ground coffee is available" classname="kaffemaskin;paying-with-creditcard">
            <skipped message="">
            </skipped>
        </testcase>
        <testcase name="And that water is available" classname="kaffemaskin;paying-with-creditcard">
            <skipped message="">
            </skipped>
        </testcase>
        <testcase name="And that milk is available" classname="kaffemaskin;paying-with-creditcard">
            <skipped message="">
            </skipped>
        </testcase>
        <testcase name="And that a cup has been placed" classname="kaffemaskin;paying-with-creditcard">
            <skipped message="">
            </skipped>
        </testcase>
        <testcase name="And you have used SEK only" classname="kaffemaskin;paying-with-creditcard">
            <skipped message="">
            </skipped>
        </testcase>
        <testcase name="And you have used either coins or creditcard" classname="kaffemaskin;paying-with-creditcard">
            <skipped message="">
            </skipped>
        </testcase>
        <testcase name="Then you get a cup of coffee" classname="kaffemaskin;paying-with-creditcard">
            <skipped message="">
            </skipped>
        </testcase>
        <testcase name="Given that coffee type Black Coffee has been chosen" classname="kaffemaskin;paying-with-creditcard">
            <skipped message="">
            </skipped>
        </testcase>
        <testcase name="When the payment method creditcard has been chosen" classname="kaffemaskin;paying-with-creditcard">
            <skipped message="">
            </skipped>
        </testcase>
        <testcase name="And has enough 9" classname="kaffemaskin;paying-with-creditcard">
            <skipped message="">
            </skipped>
        </testcase>
        <testcase name="Then the user recieves 0 cup of coffee." classname="kaffemaskin;paying-with-creditcard">
            <skipped message="">
            </skipped>
        </testcase>
    </testsuite>
    <testsuite name="kaffemaskin;paying-with-creditcard" tests="13" failures="1" skipped="12">
        <properties>
            <property name="URI" value="C:/Users/matti/OneDrive/Skrivbord/Programming/kaffemaskin/features/kaffemaskin.feature">
            </property>
        </properties>
        <testcase name="Given that the machine is plugged in" classname="kaffemaskin;paying-with-creditcard" time="0.000103701">
            <failure message="TypeError: Cannot read property &apos;plugIn&apos; of undefined">TypeError: Cannot read property &apos;plugIn&apos; of undefined
    at createWorld.&lt;anonymous&gt; (C:\Users\matti\OneDrive\Skrivbord\Programming\kaffemaskin\step-definitions\kaffemaskin.js:30:19)
    at processTicksAndRejections (internal/process/task_queues.js:75:11)</failure>
        </testcase>
        <testcase name="And that the user has pressed the start button" classname="kaffemaskin;paying-with-creditcard">
            <skipped message="">
            </skipped>
        </testcase>
        <testcase name="And that ground coffee is available" classname="kaffemaskin;paying-with-creditcard">
            <skipped message="">
            </skipped>
        </testcase>
        <testcase name="And that water is available" classname="kaffemaskin;paying-with-creditcard">
            <skipped message="">
            </skipped>
        </testcase>
        <testcase name="And that milk is available" classname="kaffemaskin;paying-with-creditcard">
            <skipped message="">
            </skipped>
        </testcase>
        <testcase name="And that a cup has been placed" classname="kaffemaskin;paying-with-creditcard">
            <skipped message="">
            </skipped>
        </testcase>
        <testcase name="And you have used SEK only" classname="kaffemaskin;paying-with-creditcard">
            <skipped message="">
            </skipped>
        </testcase>
        <testcase name="And you have used either coins or creditcard" classname="kaffemaskin;paying-with-creditcard">
            <skipped message="">
            </skipped>
        </testcase>
        <testcase name="Then you get a cup of coffee" classname="kaffemaskin;paying-with-creditcard">
            <skipped message="">
            </skipped>
        </testcase>
        <testcase name="Given that coffee type Caffe Latte has been chosen" classname="kaffemaskin;paying-with-creditcard">
            <skipped message="">
            </skipped>
        </testcase>
        <testcase name="When the payment method creditcard has been chosen" classname="kaffemaskin;paying-with-creditcard">
            <skipped message="">
            </skipped>
        </testcase>
        <testcase name="And has enough 20" classname="kaffemaskin;paying-with-creditcard">
            <skipped message="">
            </skipped>
        </testcase>
        <testcase name="Then the user recieves 1 cup of coffee." classname="kaffemaskin;paying-with-creditcard">
            <skipped message="">
            </skipped>
        </testcase>
    </testsuite>
    <testsuite name="kaffemaskin;paying-with-creditcard" tests="13" failures="1" skipped="12">
        <properties>
            <property name="URI" value="C:/Users/matti/OneDrive/Skrivbord/Programming/kaffemaskin/features/kaffemaskin.feature">
            </property>
        </properties>
        <testcase name="Given that the machine is plugged in" classname="kaffemaskin;paying-with-creditcard" time="0.000137199">
            <failure message="TypeError: Cannot read property &apos;plugIn&apos; of undefined">TypeError: Cannot read property &apos;plugIn&apos; of undefined
    at createWorld.&lt;anonymous&gt; (C:\Users\matti\OneDrive\Skrivbord\Programming\kaffemaskin\step-definitions\kaffemaskin.js:30:19)
    at processTicksAndRejections (internal/process/task_queues.js:75:11)</failure>
        </testcase>
        <testcase name="And that the user has pressed the start button" classname="kaffemaskin;paying-with-creditcard">
            <skipped message="">
            </skipped>
        </testcase>
        <testcase name="And that ground coffee is available" classname="kaffemaskin;paying-with-creditcard">
            <skipped message="">
            </skipped>
        </testcase>
        <testcase name="And that water is available" classname="kaffemaskin;paying-with-creditcard">
            <skipped message="">
            </skipped>
        </testcase>
        <testcase name="And that milk is available" classname="kaffemaskin;paying-with-creditcard">
            <skipped message="">
            </skipped>
        </testcase>
        <testcase name="And that a cup has been placed" classname="kaffemaskin;paying-with-creditcard">
            <skipped message="">
            </skipped>
        </testcase>
        <testcase name="And you have used SEK only" classname="kaffemaskin;paying-with-creditcard">
            <skipped message="">
            </skipped>
        </testcase>
        <testcase name="And you have used either coins or creditcard" classname="kaffemaskin;paying-with-creditcard">
            <skipped message="">
            </skipped>
        </testcase>
        <testcase name="Then you get a cup of coffee" classname="kaffemaskin;paying-with-creditcard">
            <skipped message="">
            </skipped>
        </testcase>
        <testcase name="Given that coffee type Caffe Latte has been chosen" classname="kaffemaskin;paying-with-creditcard">
            <skipped message="">
            </skipped>
        </testcase>
        <testcase name="When the payment method creditcard has been chosen" classname="kaffemaskin;paying-with-creditcard">
            <skipped message="">
            </skipped>
        </testcase>
        <testcase name="And has enough 40" classname="kaffemaskin;paying-with-creditcard">
            <skipped message="">
            </skipped>
        </testcase>
        <testcase name="Then the user recieves 1 cup of coffee." classname="kaffemaskin;paying-with-creditcard">
            <skipped message="">
            </skipped>
        </testcase>
    </testsuite>
    <testsuite name="kaffemaskin;paying-with-creditcard" tests="13" failures="1" skipped="12">
        <properties>
            <property name="URI" value="C:/Users/matti/OneDrive/Skrivbord/Programming/kaffemaskin/features/kaffemaskin.feature">
            </property>
        </properties>
        <testcase name="Given that the machine is plugged in" classname="kaffemaskin;paying-with-creditcard" time="0.000098499">
            <failure message="TypeError: Cannot read property &apos;plugIn&apos; of undefined">TypeError: Cannot read property &apos;plugIn&apos; of undefined
    at createWorld.&lt;anonymous&gt; (C:\Users\matti\OneDrive\Skrivbord\Programming\kaffemaskin\step-definitions\kaffemaskin.js:30:19)
    at processTicksAndRejections (internal/process/task_queues.js:75:11)</failure>
        </testcase>
        <testcase name="And that the user has pressed the start button" classname="kaffemaskin;paying-with-creditcard">
            <skipped message="">
            </skipped>
        </testcase>
        <testcase name="And that ground coffee is available" classname="kaffemaskin;paying-with-creditcard">
            <skipped message="">
            </skipped>
        </testcase>
        <testcase name="And that water is available" classname="kaffemaskin;paying-with-creditcard">
            <skipped message="">
            </skipped>
        </testcase>
        <testcase name="And that milk is available" classname="kaffemaskin;paying-with-creditcard">
            <skipped message="">
            </skipped>
        </testcase>
        <testcase name="And that a cup has been placed" classname="kaffemaskin;paying-with-creditcard">
            <skipped message="">
            </skipped>
        </testcase>
        <testcase name="And you have used SEK only" classname="kaffemaskin;paying-with-creditcard">
            <skipped message="">
            </skipped>
        </testcase>
        <testcase name="And you have used either coins or creditcard" classname="kaffemaskin;paying-with-creditcard">
            <skipped message="">
            </skipped>
        </testcase>
        <testcase name="Then you get a cup of coffee" classname="kaffemaskin;paying-with-creditcard">
            <skipped message="">
            </skipped>
        </testcase>
        <testcase name="Given that coffee type Caffe Latte has been chosen" classname="kaffemaskin;paying-with-creditcard">
            <skipped message="">
            </skipped>
        </testcase>
        <testcase name="When the payment method creditcard has been chosen" classname="kaffemaskin;paying-with-creditcard">
            <skipped message="">
            </skipped>
        </testcase>
        <testcase name="And has enough 10" classname="kaffemaskin;paying-with-creditcard">
            <skipped message="">
            </skipped>
        </testcase>
        <testcase name="Then the user recieves 0 cup of coffee." classname="kaffemaskin;paying-with-creditcard">
            <skipped message="">
            </skipped>
        </testcase>
    </testsuite>
    <testsuite name="kaffemaskin;paying-with-creditcard" tests="13" failures="1" skipped="12">
        <properties>
            <property name="URI" value="C:/Users/matti/OneDrive/Skrivbord/Programming/kaffemaskin/features/kaffemaskin.feature">
            </property>
        </properties>
        <testcase name="Given that the machine is plugged in" classname="kaffemaskin;paying-with-creditcard" time="0.0001427">
            <failure message="TypeError: Cannot read property &apos;plugIn&apos; of undefined">TypeError: Cannot read property &apos;plugIn&apos; of undefined
    at createWorld.&lt;anonymous&gt; (C:\Users\matti\OneDrive\Skrivbord\Programming\kaffemaskin\step-definitions\kaffemaskin.js:30:19)
    at processTicksAndRejections (internal/process/task_queues.js:75:11)</failure>
        </testcase>
        <testcase name="And that the user has pressed the start button" classname="kaffemaskin;paying-with-creditcard">
            <skipped message="">
            </skipped>
        </testcase>
        <testcase name="And that ground coffee is available" classname="kaffemaskin;paying-with-creditcard">
            <skipped message="">
            </skipped>
        </testcase>
        <testcase name="And that water is available" classname="kaffemaskin;paying-with-creditcard">
            <skipped message="">
            </skipped>
        </testcase>
        <testcase name="And that milk is available" classname="kaffemaskin;paying-with-creditcard">
            <skipped message="">
            </skipped>
        </testcase>
        <testcase name="And that a cup has been placed" classname="kaffemaskin;paying-with-creditcard">
            <skipped message="">
            </skipped>
        </testcase>
        <testcase name="And you have used SEK only" classname="kaffemaskin;paying-with-creditcard">
            <skipped message="">
            </skipped>
        </testcase>
        <testcase name="And you have used either coins or creditcard" classname="kaffemaskin;paying-with-creditcard">
            <skipped message="">
            </skipped>
        </testcase>
        <testcase name="Then you get a cup of coffee" classname="kaffemaskin;paying-with-creditcard">
            <skipped message="">
            </skipped>
        </testcase>
        <testcase name="Given that coffee type Caffe Latte has been chosen" classname="kaffemaskin;paying-with-creditcard">
            <skipped message="">
            </skipped>
        </testcase>
        <testcase name="When the payment method creditcard has been chosen" classname="kaffemaskin;paying-with-creditcard">
            <skipped message="">
            </skipped>
        </testcase>
        <testcase name="And has enough 14" classname="kaffemaskin;paying-with-creditcard">
            <skipped message="">
            </skipped>
        </testcase>
        <testcase name="Then the user recieves 0 cup of coffee." classname="kaffemaskin;paying-with-creditcard">
            <skipped message="">
            </skipped>
        </testcase>
    </testsuite>
    <testsuite name="kaffemaskin;paying-with-creditcard" tests="13" failures="1" skipped="12">
        <properties>
            <property name="URI" value="C:/Users/matti/OneDrive/Skrivbord/Programming/kaffemaskin/features/kaffemaskin.feature">
            </property>
        </properties>
        <testcase name="Given that the machine is plugged in" classname="kaffemaskin;paying-with-creditcard" time="0.000090999">
            <failure message="TypeError: Cannot read property &apos;plugIn&apos; of undefined">TypeError: Cannot read property &apos;plugIn&apos; of undefined
    at createWorld.&lt;anonymous&gt; (C:\Users\matti\OneDrive\Skrivbord\Programming\kaffemaskin\step-definitions\kaffemaskin.js:30:19)
    at processTicksAndRejections (internal/process/task_queues.js:75:11)</failure>
        </testcase>
        <testcase name="And that the user has pressed the start button" classname="kaffemaskin;paying-with-creditcard">
            <skipped message="">
            </skipped>
        </testcase>
        <testcase name="And that ground coffee is available" classname="kaffemaskin;paying-with-creditcard">
            <skipped message="">
            </skipped>
        </testcase>
        <testcase name="And that water is available" classname="kaffemaskin;paying-with-creditcard">
            <skipped message="">
            </skipped>
        </testcase>
        <testcase name="And that milk is available" classname="kaffemaskin;paying-with-creditcard">
            <skipped message="">
            </skipped>
        </testcase>
        <testcase name="And that a cup has been placed" classname="kaffemaskin;paying-with-creditcard">
            <skipped message="">
            </skipped>
        </testcase>
        <testcase name="And you have used SEK only" classname="kaffemaskin;paying-with-creditcard">
            <skipped message="">
            </skipped>
        </testcase>
        <testcase name="And you have used either coins or creditcard" classname="kaffemaskin;paying-with-creditcard">
            <skipped message="">
            </skipped>
        </testcase>
        <testcase name="Then you get a cup of coffee" classname="kaffemaskin;paying-with-creditcard">
            <skipped message="">
            </skipped>
        </testcase>
        <testcase name="Given that coffee type Cappucino has been chosen" classname="kaffemaskin;paying-with-creditcard">
            <skipped message="">
            </skipped>
        </testcase>
        <testcase name="When the payment method creditcard has been chosen" classname="kaffemaskin;paying-with-creditcard">
            <skipped message="">
            </skipped>
        </testcase>
        <testcase name="And has enough 214" classname="kaffemaskin;paying-with-creditcard">
            <skipped message="">
            </skipped>
        </testcase>
        <testcase name="Then the user recieves 1 cup of coffee." classname="kaffemaskin;paying-with-creditcard">
            <skipped message="">
            </skipped>
        </testcase>
    </testsuite>
    <testsuite name="kaffemaskin;paying-with-creditcard" tests="13" failures="1" skipped="12">
        <properties>
            <property name="URI" value="C:/Users/matti/OneDrive/Skrivbord/Programming/kaffemaskin/features/kaffemaskin.feature">
            </property>
        </properties>
        <testcase name="Given that the machine is plugged in" classname="kaffemaskin;paying-with-creditcard" time="0.0000692">
            <failure message="TypeError: Cannot read property &apos;plugIn&apos; of undefined">TypeError: Cannot read property &apos;plugIn&apos; of undefined
    at createWorld.&lt;anonymous&gt; (C:\Users\matti\OneDrive\Skrivbord\Programming\kaffemaskin\step-definitions\kaffemaskin.js:30:19)
    at processTicksAndRejections (internal/process/task_queues.js:75:11)</failure>
        </testcase>
        <testcase name="And that the user has pressed the start button" classname="kaffemaskin;paying-with-creditcard">
            <skipped message="">
            </skipped>
        </testcase>
        <testcase name="And that ground coffee is available" classname="kaffemaskin;paying-with-creditcard">
            <skipped message="">
            </skipped>
        </testcase>
        <testcase name="And that water is available" classname="kaffemaskin;paying-with-creditcard">
            <skipped message="">
            </skipped>
        </testcase>
        <testcase name="And that milk is available" classname="kaffemaskin;paying-with-creditcard">
            <skipped message="">
            </skipped>
        </testcase>
        <testcase name="And that a cup has been placed" classname="kaffemaskin;paying-with-creditcard">
            <skipped message="">
            </skipped>
        </testcase>
        <testcase name="And you have used SEK only" classname="kaffemaskin;paying-with-creditcard">
            <skipped message="">
            </skipped>
        </testcase>
        <testcase name="And you have used either coins or creditcard" classname="kaffemaskin;paying-with-creditcard">
            <skipped message="">
            </skipped>
        </testcase>
        <testcase name="Then you get a cup of coffee" classname="kaffemaskin;paying-with-creditcard">
            <skipped message="">
            </skipped>
        </testcase>
        <testcase name="Given that coffee type Cappucino has been chosen" classname="kaffemaskin;paying-with-creditcard">
            <skipped message="">
            </skipped>
        </testcase>
        <testcase name="When the payment method creditcard has been chosen" classname="kaffemaskin;paying-with-creditcard">
            <skipped message="">
            </skipped>
        </testcase>
        <testcase name="And has enough 34" classname="kaffemaskin;paying-with-creditcard">
            <skipped message="">
            </skipped>
        </testcase>
        <testcase name="Then the user recieves 1 cup of coffee." classname="kaffemaskin;paying-with-creditcard">
            <skipped message="">
            </skipped>
        </testcase>
    </testsuite>
    <testsuite name="kaffemaskin;paying-with-creditcard" tests="13" failures="1" skipped="12">
        <properties>
            <property name="URI" value="C:/Users/matti/OneDrive/Skrivbord/Programming/kaffemaskin/features/kaffemaskin.feature">
            </property>
        </properties>
        <testcase name="Given that the machine is plugged in" classname="kaffemaskin;paying-with-creditcard" time="0.000055401">
            <failure message="TypeError: Cannot read property &apos;plugIn&apos; of undefined">TypeError: Cannot read property &apos;plugIn&apos; of undefined
    at createWorld.&lt;anonymous&gt; (C:\Users\matti\OneDrive\Skrivbord\Programming\kaffemaskin\step-definitions\kaffemaskin.js:30:19)
    at processTicksAndRejections (internal/process/task_queues.js:75:11)</failure>
        </testcase>
        <testcase name="And that the user has pressed the start button" classname="kaffemaskin;paying-with-creditcard">
            <skipped message="">
            </skipped>
        </testcase>
        <testcase name="And that ground coffee is available" classname="kaffemaskin;paying-with-creditcard">
            <skipped message="">
            </skipped>
        </testcase>
        <testcase name="And that water is available" classname="kaffemaskin;paying-with-creditcard">
            <skipped message="">
            </skipped>
        </testcase>
        <testcase name="And that milk is available" classname="kaffemaskin;paying-with-creditcard">
            <skipped message="">
            </skipped>
        </testcase>
        <testcase name="And that a cup has been placed" classname="kaffemaskin;paying-with-creditcard">
            <skipped message="">
            </skipped>
        </testcase>
        <testcase name="And you have used SEK only" classname="kaffemaskin;paying-with-creditcard">
            <skipped message="">
            </skipped>
        </testcase>
        <testcase name="And you have used either coins or creditcard" classname="kaffemaskin;paying-with-creditcard">
            <skipped message="">
            </skipped>
        </testcase>
        <testcase name="Then you get a cup of coffee" classname="kaffemaskin;paying-with-creditcard">
            <skipped message="">
            </skipped>
        </testcase>
        <testcase name="Given that coffee type Cappucino has been chosen" classname="kaffemaskin;paying-with-creditcard">
            <skipped message="">
            </skipped>
        </testcase>
        <testcase name="When the payment method creditcard has been chosen" classname="kaffemaskin;paying-with-creditcard">
            <skipped message="">
            </skipped>
        </testcase>
        <testcase name="And has enough 18" classname="kaffemaskin;paying-with-creditcard">
            <skipped message="">
            </skipped>
        </testcase>
        <testcase name="Then the user recieves 0 cup of coffee." classname="kaffemaskin;paying-with-creditcard">
            <skipped message="">
            </skipped>
        </testcase>
    </testsuite>
    <testsuite name="kaffemaskin;paying-with-creditcard" tests="13" failures="1" skipped="12">
        <properties>
            <property name="URI" value="C:/Users/matti/OneDrive/Skrivbord/Programming/kaffemaskin/features/kaffemaskin.feature">
            </property>
        </properties>
        <testcase name="Given that the machine is plugged in" classname="kaffemaskin;paying-with-creditcard" time="0.0000562">
            <failure message="TypeError: Cannot read property &apos;plugIn&apos; of undefined">TypeError: Cannot read property &apos;plugIn&apos; of undefined
    at createWorld.&lt;anonymous&gt; (C:\Users\matti\OneDrive\Skrivbord\Programming\kaffemaskin\step-definitions\kaffemaskin.js:30:19)
    at processTicksAndRejections (internal/process/task_queues.js:75:11)</failure>
        </testcase>
        <testcase name="And that the user has pressed the start button" classname="kaffemaskin;paying-with-creditcard">
            <skipped message="">
            </skipped>
        </testcase>
        <testcase name="And that ground coffee is available" classname="kaffemaskin;paying-with-creditcard">
            <skipped message="">
            </skipped>
        </testcase>
        <testcase name="And that water is available" classname="kaffemaskin;paying-with-creditcard">
            <skipped message="">
            </skipped>
        </testcase>
        <testcase name="And that milk is available" classname="kaffemaskin;paying-with-creditcard">
            <skipped message="">
            </skipped>
        </testcase>
        <testcase name="And that a cup has been placed" classname="kaffemaskin;paying-with-creditcard">
            <skipped message="">
            </skipped>
        </testcase>
        <testcase name="And you have used SEK only" classname="kaffemaskin;paying-with-creditcard">
            <skipped message="">
            </skipped>
        </testcase>
        <testcase name="And you have used either coins or creditcard" classname="kaffemaskin;paying-with-creditcard">
            <skipped message="">
            </skipped>
        </testcase>
        <testcase name="Then you get a cup of coffee" classname="kaffemaskin;paying-with-creditcard">
            <skipped message="">
            </skipped>
        </testcase>
        <testcase name="Given that coffee type Cappucino has been chosen" classname="kaffemaskin;paying-with-creditcard">
            <skipped message="">
            </skipped>
        </testcase>
        <testcase name="When the payment method creditcard has been chosen" classname="kaffemaskin;paying-with-creditcard">
            <skipped message="">
            </skipped>
        </testcase>
        <testcase name="And has enough 14" classname="kaffemaskin;paying-with-creditcard">
            <skipped message="">
            </skipped>
        </testcase>
        <testcase name="Then the user recieves 0 cup of coffee." classname="kaffemaskin;paying-with-creditcard">
            <skipped message="">
            </skipped>
        </testcase>
    </testsuite>
    <testsuite name="kaffemaskin;paying-with-creditcard" tests="13" failures="1" skipped="12">
        <properties>
            <property name="URI" value="C:/Users/matti/OneDrive/Skrivbord/Programming/kaffemaskin/features/kaffemaskin.feature">
            </property>
        </properties>
        <testcase name="Given that the machine is plugged in" classname="kaffemaskin;paying-with-creditcard" time="0.000064599">
            <failure message="TypeError: Cannot read property &apos;plugIn&apos; of undefined">TypeError: Cannot read property &apos;plugIn&apos; of undefined
    at createWorld.&lt;anonymous&gt; (C:\Users\matti\OneDrive\Skrivbord\Programming\kaffemaskin\step-definitions\kaffemaskin.js:30:19)
    at processTicksAndRejections (internal/process/task_queues.js:75:11)</failure>
        </testcase>
        <testcase name="And that the user has pressed the start button" classname="kaffemaskin;paying-with-creditcard">
            <skipped message="">
            </skipped>
        </testcase>
        <testcase name="And that ground coffee is available" classname="kaffemaskin;paying-with-creditcard">
            <skipped message="">
            </skipped>
        </testcase>
        <testcase name="And that water is available" classname="kaffemaskin;paying-with-creditcard">
            <skipped message="">
            </skipped>
        </testcase>
        <testcase name="And that milk is available" classname="kaffemaskin;paying-with-creditcard">
            <skipped message="">
            </skipped>
        </testcase>
        <testcase name="And that a cup has been placed" classname="kaffemaskin;paying-with-creditcard">
            <skipped message="">
            </skipped>
        </testcase>
        <testcase name="And you have used SEK only" classname="kaffemaskin;paying-with-creditcard">
            <skipped message="">
            </skipped>
        </testcase>
        <testcase name="And you have used either coins or creditcard" classname="kaffemaskin;paying-with-creditcard">
            <skipped message="">
            </skipped>
        </testcase>
        <testcase name="Then you get a cup of coffee" classname="kaffemaskin;paying-with-creditcard">
            <skipped message="">
            </skipped>
        </testcase>
        <testcase name="Given that coffee type Espresso has been chosen" classname="kaffemaskin;paying-with-creditcard">
            <skipped message="">
            </skipped>
        </testcase>
        <testcase name="When the payment method creditcard has been chosen" classname="kaffemaskin;paying-with-creditcard">
            <skipped message="">
            </skipped>
        </testcase>
        <testcase name="And has enough 53" classname="kaffemaskin;paying-with-creditcard">
            <skipped message="">
            </skipped>
        </testcase>
        <testcase name="Then the user recieves 1 cup of coffee." classname="kaffemaskin;paying-with-creditcard">
            <skipped message="">
            </skipped>
        </testcase>
    </testsuite>
    <testsuite name="kaffemaskin;paying-with-creditcard" tests="13" failures="1" skipped="12">
        <properties>
            <property name="URI" value="C:/Users/matti/OneDrive/Skrivbord/Programming/kaffemaskin/features/kaffemaskin.feature">
            </property>
        </properties>
        <testcase name="Given that the machine is plugged in" classname="kaffemaskin;paying-with-creditcard" time="0.0000612">
            <failure message="TypeError: Cannot read property &apos;plugIn&apos; of undefined">TypeError: Cannot read property &apos;plugIn&apos; of undefined
    at createWorld.&lt;anonymous&gt; (C:\Users\matti\OneDrive\Skrivbord\Programming\kaffemaskin\step-definitions\kaffemaskin.js:30:19)
    at processTicksAndRejections (internal/process/task_queues.js:75:11)</failure>
        </testcase>
        <testcase name="And that the user has pressed the start button" classname="kaffemaskin;paying-with-creditcard">
            <skipped message="">
            </skipped>
        </testcase>
        <testcase name="And that ground coffee is available" classname="kaffemaskin;paying-with-creditcard">
            <skipped message="">
            </skipped>
        </testcase>
        <testcase name="And that water is available" classname="kaffemaskin;paying-with-creditcard">
            <skipped message="">
            </skipped>
        </testcase>
        <testcase name="And that milk is available" classname="kaffemaskin;paying-with-creditcard">
            <skipped message="">
            </skipped>
        </testcase>
        <testcase name="And that a cup has been placed" classname="kaffemaskin;paying-with-creditcard">
            <skipped message="">
            </skipped>
        </testcase>
        <testcase name="And you have used SEK only" classname="kaffemaskin;paying-with-creditcard">
            <skipped message="">
            </skipped>
        </testcase>
        <testcase name="And you have used either coins or creditcard" classname="kaffemaskin;paying-with-creditcard">
            <skipped message="">
            </skipped>
        </testcase>
        <testcase name="Then you get a cup of coffee" classname="kaffemaskin;paying-with-creditcard">
            <skipped message="">
            </skipped>
        </testcase>
        <testcase name="Given that coffee type Espresso has been chosen" classname="kaffemaskin;paying-with-creditcard">
            <skipped message="">
            </skipped>
        </testcase>
        <testcase name="When the payment method creditcard has been chosen" classname="kaffemaskin;paying-with-creditcard">
            <skipped message="">
            </skipped>
        </testcase>
        <testcase name="And has enough 90" classname="kaffemaskin;paying-with-creditcard">
            <skipped message="">
            </skipped>
        </testcase>
        <testcase name="Then the user recieves 1 cup of coffee." classname="kaffemaskin;paying-with-creditcard">
            <skipped message="">
            </skipped>
        </testcase>
    </testsuite>
    <testsuite name="kaffemaskin;paying-with-creditcard" tests="13" failures="1" skipped="12">
        <properties>
            <property name="URI" value="C:/Users/matti/OneDrive/Skrivbord/Programming/kaffemaskin/features/kaffemaskin.feature">
            </property>
        </properties>
        <testcase name="Given that the machine is plugged in" classname="kaffemaskin;paying-with-creditcard" time="0.0000829">
            <failure message="TypeError: Cannot read property &apos;plugIn&apos; of undefined">TypeError: Cannot read property &apos;plugIn&apos; of undefined
    at createWorld.&lt;anonymous&gt; (C:\Users\matti\OneDrive\Skrivbord\Programming\kaffemaskin\step-definitions\kaffemaskin.js:30:19)
    at processTicksAndRejections (internal/process/task_queues.js:75:11)</failure>
        </testcase>
        <testcase name="And that the user has pressed the start button" classname="kaffemaskin;paying-with-creditcard">
            <skipped message="">
            </skipped>
        </testcase>
        <testcase name="And that ground coffee is available" classname="kaffemaskin;paying-with-creditcard">
            <skipped message="">
            </skipped>
        </testcase>
        <testcase name="And that water is available" classname="kaffemaskin;paying-with-creditcard">
            <skipped message="">
            </skipped>
        </testcase>
        <testcase name="And that milk is available" classname="kaffemaskin;paying-with-creditcard">
            <skipped message="">
            </skipped>
        </testcase>
        <testcase name="And that a cup has been placed" classname="kaffemaskin;paying-with-creditcard">
            <skipped message="">
            </skipped>
        </testcase>
        <testcase name="And you have used SEK only" classname="kaffemaskin;paying-with-creditcard">
            <skipped message="">
            </skipped>
        </testcase>
        <testcase name="And you have used either coins or creditcard" classname="kaffemaskin;paying-with-creditcard">
            <skipped message="">
            </skipped>
        </testcase>
        <testcase name="Then you get a cup of coffee" classname="kaffemaskin;paying-with-creditcard">
            <skipped message="">
            </skipped>
        </testcase>
        <testcase name="Given that coffee type Espresso has been chosen" classname="kaffemaskin;paying-with-creditcard">
            <skipped message="">
            </skipped>
        </testcase>
        <testcase name="When the payment method creditcard has been chosen" classname="kaffemaskin;paying-with-creditcard">
            <skipped message="">
            </skipped>
        </testcase>
        <testcase name="And has enough 23" classname="kaffemaskin;paying-with-creditcard">
            <skipped message="">
            </skipped>
        </testcase>
        <testcase name="Then the user recieves 0 cup of coffee." classname="kaffemaskin;paying-with-creditcard">
            <skipped message="">
            </skipped>
        </testcase>
    </testsuite>
    <testsuite name="kaffemaskin;paying-with-creditcard" tests="13" failures="1" skipped="12">
        <properties>
            <property name="URI" value="C:/Users/matti/OneDrive/Skrivbord/Programming/kaffemaskin/features/kaffemaskin.feature">
            </property>
        </properties>
        <testcase name="Given that the machine is plugged in" classname="kaffemaskin;paying-with-creditcard" time="0.0000719">
            <failure message="TypeError: Cannot read property &apos;plugIn&apos; of undefined">TypeError: Cannot read property &apos;plugIn&apos; of undefined
    at createWorld.&lt;anonymous&gt; (C:\Users\matti\OneDrive\Skrivbord\Programming\kaffemaskin\step-definitions\kaffemaskin.js:30:19)
    at processTicksAndRejections (internal/process/task_queues.js:75:11)</failure>
        </testcase>
        <testcase name="And that the user has pressed the start button" classname="kaffemaskin;paying-with-creditcard">
            <skipped message="">
            </skipped>
        </testcase>
        <testcase name="And that ground coffee is available" classname="kaffemaskin;paying-with-creditcard">
            <skipped message="">
            </skipped>
        </testcase>
        <testcase name="And that water is available" classname="kaffemaskin;paying-with-creditcard">
            <skipped message="">
            </skipped>
        </testcase>
        <testcase name="And that milk is available" classname="kaffemaskin;paying-with-creditcard">
            <skipped message="">
            </skipped>
        </testcase>
        <testcase name="And that a cup has been placed" classname="kaffemaskin;paying-with-creditcard">
            <skipped message="">
            </skipped>
        </testcase>
        <testcase name="And you have used SEK only" classname="kaffemaskin;paying-with-creditcard">
            <skipped message="">
            </skipped>
        </testcase>
        <testcase name="And you have used either coins or creditcard" classname="kaffemaskin;paying-with-creditcard">
            <skipped message="">
            </skipped>
        </testcase>
        <testcase name="Then you get a cup of coffee" classname="kaffemaskin;paying-with-creditcard">
            <skipped message="">
            </skipped>
        </testcase>
        <testcase name="Given that coffee type Espresso has been chosen" classname="kaffemaskin;paying-with-creditcard">
            <skipped message="">
            </skipped>
        </testcase>
        <testcase name="When the payment method creditcard has been chosen" classname="kaffemaskin;paying-with-creditcard">
            <skipped message="">
            </skipped>
        </testcase>
        <testcase name="And has enough 12" classname="kaffemaskin;paying-with-creditcard">
            <skipped message="">
            </skipped>
        </testcase>
        <testcase name="Then the user recieves 0 cup of coffee." classname="kaffemaskin;paying-with-creditcard">
            <skipped message="">
            </skipped>
        </testcase>
    </testsuite>
    <testsuite name="kaffemaskin;user-doesn&apos;t-have-enough-balance-on-their-creditcard" tests="12" failures="1" skipped="11">
        <properties>
            <property name="URI" value="C:/Users/matti/OneDrive/Skrivbord/Programming/kaffemaskin/features/kaffemaskin.feature">
            </property>
        </properties>
        <testcase name="Given that the machine is plugged in" classname="kaffemaskin;user-doesn&apos;t-have-enough-balance-on-their-creditcard" time="0.000094">
            <failure message="TypeError: Cannot read property &apos;plugIn&apos; of undefined">TypeError: Cannot read property &apos;plugIn&apos; of undefined
    at createWorld.&lt;anonymous&gt; (C:\Users\matti\OneDrive\Skrivbord\Programming\kaffemaskin\step-definitions\kaffemaskin.js:30:19)
    at processTicksAndRejections (internal/process/task_queues.js:75:11)</failure>
        </testcase>
        <testcase name="And that the user has pressed the start button" classname="kaffemaskin;user-doesn&apos;t-have-enough-balance-on-their-creditcard">
            <skipped message="">
            </skipped>
        </testcase>
        <testcase name="And that ground coffee is available" classname="kaffemaskin;user-doesn&apos;t-have-enough-balance-on-their-creditcard">
            <skipped message="">
            </skipped>
        </testcase>
        <testcase name="And that water is available" classname="kaffemaskin;user-doesn&apos;t-have-enough-balance-on-their-creditcard">
            <skipped message="">
            </skipped>
        </testcase>
        <testcase name="And that milk is available" classname="kaffemaskin;user-doesn&apos;t-have-enough-balance-on-their-creditcard">
            <skipped message="">
            </skipped>
        </testcase>
        <testcase name="And that a cup has been placed" classname="kaffemaskin;user-doesn&apos;t-have-enough-balance-on-their-creditcard">
            <skipped message="">
            </skipped>
        </testcase>
        <testcase name="And you have used SEK only" classname="kaffemaskin;user-doesn&apos;t-have-enough-balance-on-their-creditcard">
            <skipped message="">
            </skipped>
        </testcase>
        <testcase name="And you have used either coins or creditcard" classname="kaffemaskin;user-doesn&apos;t-have-enough-balance-on-their-creditcard">
            <skipped message="">
            </skipped>
        </testcase>
        <testcase name="Then you get a cup of coffee" classname="kaffemaskin;user-doesn&apos;t-have-enough-balance-on-their-creditcard">
            <skipped message="">
            </skipped>
        </testcase>
        <testcase name="Given that the user chooses to pay with a creditcard" classname="kaffemaskin;user-doesn&apos;t-have-enough-balance-on-their-creditcard">
            <skipped message="">
            </skipped>
        </testcase>
        <testcase name="And the user doesn&apos;t have enough balance on the card" classname="kaffemaskin;user-doesn&apos;t-have-enough-balance-on-their-creditcard">
            <skipped message="">
            </skipped>
        </testcase>
        <testcase name="Then the user gets an error message" classname="kaffemaskin;user-doesn&apos;t-have-enough-balance-on-their-creditcard">
            <skipped message="">
            </skipped>
        </testcase>
    </testsuite>
    <testsuite name="kaffemaskin;the-machine-doesn&apos;t-have-enough-ingredients-for-desired-beverage" tests="13" failures="1" skipped="12">
        <properties>
            <property name="URI" value="C:/Users/matti/OneDrive/Skrivbord/Programming/kaffemaskin/features/kaffemaskin.feature">
            </property>
        </properties>
        <testcase name="Given that the machine is plugged in" classname="kaffemaskin;the-machine-doesn&apos;t-have-enough-ingredients-for-desired-beverage" time="0.000093601">
            <failure message="TypeError: Cannot read property &apos;plugIn&apos; of undefined">TypeError: Cannot read property &apos;plugIn&apos; of undefined
    at createWorld.&lt;anonymous&gt; (C:\Users\matti\OneDrive\Skrivbord\Programming\kaffemaskin\step-definitions\kaffemaskin.js:30:19)
    at processTicksAndRejections (internal/process/task_queues.js:75:11)</failure>
        </testcase>
        <testcase name="And that the user has pressed the start button" classname="kaffemaskin;the-machine-doesn&apos;t-have-enough-ingredients-for-desired-beverage">
            <skipped message="">
            </skipped>
        </testcase>
        <testcase name="And that ground coffee is available" classname="kaffemaskin;the-machine-doesn&apos;t-have-enough-ingredients-for-desired-beverage">
            <skipped message="">
            </skipped>
        </testcase>
        <testcase name="And that water is available" classname="kaffemaskin;the-machine-doesn&apos;t-have-enough-ingredients-for-desired-beverage">
            <skipped message="">
            </skipped>
        </testcase>
        <testcase name="And that milk is available" classname="kaffemaskin;the-machine-doesn&apos;t-have-enough-ingredients-for-desired-beverage">
            <skipped message="">
            </skipped>
        </testcase>
        <testcase name="And that a cup has been placed" classname="kaffemaskin;the-machine-doesn&apos;t-have-enough-ingredients-for-desired-beverage">
            <skipped message="">
            </skipped>
        </testcase>
        <testcase name="And you have used SEK only" classname="kaffemaskin;the-machine-doesn&apos;t-have-enough-ingredients-for-desired-beverage">
            <skipped message="">
            </skipped>
        </testcase>
        <testcase name="And you have used either coins or creditcard" classname="kaffemaskin;the-machine-doesn&apos;t-have-enough-ingredients-for-desired-beverage">
            <skipped message="">
            </skipped>
        </testcase>
        <testcase name="Then you get a cup of coffee" classname="kaffemaskin;the-machine-doesn&apos;t-have-enough-ingredients-for-desired-beverage">
            <skipped message="">
            </skipped>
        </testcase>
        <testcase name="Given that the user has selected Black Coffee" classname="kaffemaskin;the-machine-doesn&apos;t-have-enough-ingredients-for-desired-beverage">
            <skipped message="">
            </skipped>
        </testcase>
        <testcase name="And there is not enough of ground coffee" classname="kaffemaskin;the-machine-doesn&apos;t-have-enough-ingredients-for-desired-beverage">
            <skipped message="">
            </skipped>
        </testcase>
        <testcase name="When you press the Black Coffee button" classname="kaffemaskin;the-machine-doesn&apos;t-have-enough-ingredients-for-desired-beverage">
            <skipped message="">
            </skipped>
        </testcase>
        <testcase name="Then the machine displays &quot;not enough ground coffee, please refill&quot;" classname="kaffemaskin;the-machine-doesn&apos;t-have-enough-ingredients-for-desired-beverage">
            <skipped message="">
            </skipped>
        </testcase>
    </testsuite>
    <testsuite name="kaffemaskin;the-machine-doesn&apos;t-have-enough-ingredients-for-desired-beverage" tests="13" failures="1" skipped="12">
        <properties>
            <property name="URI" value="C:/Users/matti/OneDrive/Skrivbord/Programming/kaffemaskin/features/kaffemaskin.feature">
            </property>
        </properties>
        <testcase name="Given that the machine is plugged in" classname="kaffemaskin;the-machine-doesn&apos;t-have-enough-ingredients-for-desired-beverage" time="0.000083099">
            <failure message="TypeError: Cannot read property &apos;plugIn&apos; of undefined">TypeError: Cannot read property &apos;plugIn&apos; of undefined
    at createWorld.&lt;anonymous&gt; (C:\Users\matti\OneDrive\Skrivbord\Programming\kaffemaskin\step-definitions\kaffemaskin.js:30:19)
    at processTicksAndRejections (internal/process/task_queues.js:75:11)</failure>
        </testcase>
        <testcase name="And that the user has pressed the start button" classname="kaffemaskin;the-machine-doesn&apos;t-have-enough-ingredients-for-desired-beverage">
            <skipped message="">
            </skipped>
        </testcase>
        <testcase name="And that ground coffee is available" classname="kaffemaskin;the-machine-doesn&apos;t-have-enough-ingredients-for-desired-beverage">
            <skipped message="">
            </skipped>
        </testcase>
        <testcase name="And that water is available" classname="kaffemaskin;the-machine-doesn&apos;t-have-enough-ingredients-for-desired-beverage">
            <skipped message="">
            </skipped>
        </testcase>
        <testcase name="And that milk is available" classname="kaffemaskin;the-machine-doesn&apos;t-have-enough-ingredients-for-desired-beverage">
            <skipped message="">
            </skipped>
        </testcase>
        <testcase name="And that a cup has been placed" classname="kaffemaskin;the-machine-doesn&apos;t-have-enough-ingredients-for-desired-beverage">
            <skipped message="">
            </skipped>
        </testcase>
        <testcase name="And you have used SEK only" classname="kaffemaskin;the-machine-doesn&apos;t-have-enough-ingredients-for-desired-beverage">
            <skipped message="">
            </skipped>
        </testcase>
        <testcase name="And you have used either coins or creditcard" classname="kaffemaskin;the-machine-doesn&apos;t-have-enough-ingredients-for-desired-beverage">
            <skipped message="">
            </skipped>
        </testcase>
        <testcase name="Then you get a cup of coffee" classname="kaffemaskin;the-machine-doesn&apos;t-have-enough-ingredients-for-desired-beverage">
            <skipped message="">
            </skipped>
        </testcase>
        <testcase name="Given that the user has selected Caffe Latte" classname="kaffemaskin;the-machine-doesn&apos;t-have-enough-ingredients-for-desired-beverage">
            <skipped message="">
            </skipped>
        </testcase>
        <testcase name="And there is not enough of water" classname="kaffemaskin;the-machine-doesn&apos;t-have-enough-ingredients-for-desired-beverage">
            <skipped message="">
            </skipped>
        </testcase>
        <testcase name="When you press the Caffe Latte button" classname="kaffemaskin;the-machine-doesn&apos;t-have-enough-ingredients-for-desired-beverage">
            <skipped message="">
            </skipped>
        </testcase>
        <testcase name="Then the machine displays &quot;not enough water, please refill&quot;" classname="kaffemaskin;the-machine-doesn&apos;t-have-enough-ingredients-for-desired-beverage">
            <skipped message="">
            </skipped>
        </testcase>
    </testsuite>
    <testsuite name="kaffemaskin;the-machine-doesn&apos;t-have-enough-ingredients-for-desired-beverage" tests="13" failures="1" skipped="12">
        <properties>
            <property name="URI" value="C:/Users/matti/OneDrive/Skrivbord/Programming/kaffemaskin/features/kaffemaskin.feature">
            </property>
        </properties>
        <testcase name="Given that the machine is plugged in" classname="kaffemaskin;the-machine-doesn&apos;t-have-enough-ingredients-for-desired-beverage" time="0.0001275">
            <failure message="TypeError: Cannot read property &apos;plugIn&apos; of undefined">TypeError: Cannot read property &apos;plugIn&apos; of undefined
    at createWorld.&lt;anonymous&gt; (C:\Users\matti\OneDrive\Skrivbord\Programming\kaffemaskin\step-definitions\kaffemaskin.js:30:19)
    at processTicksAndRejections (internal/process/task_queues.js:75:11)</failure>
        </testcase>
        <testcase name="And that the user has pressed the start button" classname="kaffemaskin;the-machine-doesn&apos;t-have-enough-ingredients-for-desired-beverage">
            <skipped message="">
            </skipped>
        </testcase>
        <testcase name="And that ground coffee is available" classname="kaffemaskin;the-machine-doesn&apos;t-have-enough-ingredients-for-desired-beverage">
            <skipped message="">
            </skipped>
        </testcase>
        <testcase name="And that water is available" classname="kaffemaskin;the-machine-doesn&apos;t-have-enough-ingredients-for-desired-beverage">
            <skipped message="">
            </skipped>
        </testcase>
        <testcase name="And that milk is available" classname="kaffemaskin;the-machine-doesn&apos;t-have-enough-ingredients-for-desired-beverage">
            <skipped message="">
            </skipped>
        </testcase>
        <testcase name="And that a cup has been placed" classname="kaffemaskin;the-machine-doesn&apos;t-have-enough-ingredients-for-desired-beverage">
            <skipped message="">
            </skipped>
        </testcase>
        <testcase name="And you have used SEK only" classname="kaffemaskin;the-machine-doesn&apos;t-have-enough-ingredients-for-desired-beverage">
            <skipped message="">
            </skipped>
        </testcase>
        <testcase name="And you have used either coins or creditcard" classname="kaffemaskin;the-machine-doesn&apos;t-have-enough-ingredients-for-desired-beverage">
            <skipped message="">
            </skipped>
        </testcase>
        <testcase name="Then you get a cup of coffee" classname="kaffemaskin;the-machine-doesn&apos;t-have-enough-ingredients-for-desired-beverage">
            <skipped message="">
            </skipped>
        </testcase>
        <testcase name="Given that the user has selected Cappucino" classname="kaffemaskin;the-machine-doesn&apos;t-have-enough-ingredients-for-desired-beverage">
            <skipped message="">
            </skipped>
        </testcase>
        <testcase name="And there is not enough of milk" classname="kaffemaskin;the-machine-doesn&apos;t-have-enough-ingredients-for-desired-beverage">
            <skipped message="">
            </skipped>
        </testcase>
        <testcase name="When you press the Cappucino button" classname="kaffemaskin;the-machine-doesn&apos;t-have-enough-ingredients-for-desired-beverage">
            <skipped message="">
            </skipped>
        </testcase>
        <testcase name="Then the machine displays &quot;not enough milk, please refill&quot;" classname="kaffemaskin;the-machine-doesn&apos;t-have-enough-ingredients-for-desired-beverage">
            <skipped message="">
            </skipped>
        </testcase>
    </testsuite>
    <testsuite name="kaffemaskin;the-machine-doesn&apos;t-have-enough-ingredients-for-desired-beverage" tests="13" failures="1" skipped="12">
        <properties>
            <property name="URI" value="C:/Users/matti/OneDrive/Skrivbord/Programming/kaffemaskin/features/kaffemaskin.feature">
            </property>
        </properties>
        <testcase name="Given that the machine is plugged in" classname="kaffemaskin;the-machine-doesn&apos;t-have-enough-ingredients-for-desired-beverage" time="0.0000725">
            <failure message="TypeError: Cannot read property &apos;plugIn&apos; of undefined">TypeError: Cannot read property &apos;plugIn&apos; of undefined
    at createWorld.&lt;anonymous&gt; (C:\Users\matti\OneDrive\Skrivbord\Programming\kaffemaskin\step-definitions\kaffemaskin.js:30:19)
    at processTicksAndRejections (internal/process/task_queues.js:75:11)</failure>
        </testcase>
        <testcase name="And that the user has pressed the start button" classname="kaffemaskin;the-machine-doesn&apos;t-have-enough-ingredients-for-desired-beverage">
            <skipped message="">
            </skipped>
        </testcase>
        <testcase name="And that ground coffee is available" classname="kaffemaskin;the-machine-doesn&apos;t-have-enough-ingredients-for-desired-beverage">
            <skipped message="">
            </skipped>
        </testcase>
        <testcase name="And that water is available" classname="kaffemaskin;the-machine-doesn&apos;t-have-enough-ingredients-for-desired-beverage">
            <skipped message="">
            </skipped>
        </testcase>
        <testcase name="And that milk is available" classname="kaffemaskin;the-machine-doesn&apos;t-have-enough-ingredients-for-desired-beverage">
            <skipped message="">
            </skipped>
        </testcase>
        <testcase name="And that a cup has been placed" classname="kaffemaskin;the-machine-doesn&apos;t-have-enough-ingredients-for-desired-beverage">
            <skipped message="">
            </skipped>
        </testcase>
        <testcase name="And you have used SEK only" classname="kaffemaskin;the-machine-doesn&apos;t-have-enough-ingredients-for-desired-beverage">
            <skipped message="">
            </skipped>
        </testcase>
        <testcase name="And you have used either coins or creditcard" classname="kaffemaskin;the-machine-doesn&apos;t-have-enough-ingredients-for-desired-beverage">
            <skipped message="">
            </skipped>
        </testcase>
        <testcase name="Then you get a cup of coffee" classname="kaffemaskin;the-machine-doesn&apos;t-have-enough-ingredients-for-desired-beverage">
            <skipped message="">
            </skipped>
        </testcase>
        <testcase name="Given that the user has selected Espresso" classname="kaffemaskin;the-machine-doesn&apos;t-have-enough-ingredients-for-desired-beverage">
            <skipped message="">
            </skipped>
        </testcase>
        <testcase name="And there is not enough of " classname="kaffemaskin;the-machine-doesn&apos;t-have-enough-ingredients-for-desired-beverage">
            <skipped message="">
            </skipped>
        </testcase>
        <testcase name="When you press the Espresso button" classname="kaffemaskin;the-machine-doesn&apos;t-have-enough-ingredients-for-desired-beverage">
            <skipped message="">
            </skipped>
        </testcase>
        <testcase name="Then the machine displays " classname="kaffemaskin;the-machine-doesn&apos;t-have-enough-ingredients-for-desired-beverage">
            <skipped message="">
            </skipped>
        </testcase>
    </testsuite>
    <testsuite name="kaffemaskin;there-is-not-a-cup-placed" tests="12" failures="1" skipped="11">
        <properties>
            <property name="URI" value="C:/Users/matti/OneDrive/Skrivbord/Programming/kaffemaskin/features/kaffemaskin.feature">
            </property>
        </properties>
        <testcase name="Given that the machine is plugged in" classname="kaffemaskin;there-is-not-a-cup-placed" time="0.000099299">
            <failure message="TypeError: Cannot read property &apos;plugIn&apos; of undefined">TypeError: Cannot read property &apos;plugIn&apos; of undefined
    at createWorld.&lt;anonymous&gt; (C:\Users\matti\OneDrive\Skrivbord\Programming\kaffemaskin\step-definitions\kaffemaskin.js:30:19)
    at processTicksAndRejections (internal/process/task_queues.js:75:11)</failure>
        </testcase>
        <testcase name="And that the user has pressed the start button" classname="kaffemaskin;there-is-not-a-cup-placed">
            <skipped message="">
            </skipped>
        </testcase>
        <testcase name="And that ground coffee is available" classname="kaffemaskin;there-is-not-a-cup-placed">
            <skipped message="">
            </skipped>
        </testcase>
        <testcase name="And that water is available" classname="kaffemaskin;there-is-not-a-cup-placed">
            <skipped message="">
            </skipped>
        </testcase>
        <testcase name="And that milk is available" classname="kaffemaskin;there-is-not-a-cup-placed">
            <skipped message="">
            </skipped>
        </testcase>
        <testcase name="And that a cup has been placed" classname="kaffemaskin;there-is-not-a-cup-placed">
            <skipped message="">
            </skipped>
        </testcase>
        <testcase name="And you have used SEK only" classname="kaffemaskin;there-is-not-a-cup-placed">
            <skipped message="">
            </skipped>
        </testcase>
        <testcase name="And you have used either coins or creditcard" classname="kaffemaskin;there-is-not-a-cup-placed">
            <skipped message="">
            </skipped>
        </testcase>
        <testcase name="Then you get a cup of coffee" classname="kaffemaskin;there-is-not-a-cup-placed">
            <skipped message="">
            </skipped>
        </testcase>
        <testcase name="Given that you need a cup in order for the machine to make the coffee" classname="kaffemaskin;there-is-not-a-cup-placed">
            <skipped message="">
            </skipped>
        </testcase>
        <testcase name="And a cup has not been placed" classname="kaffemaskin;there-is-not-a-cup-placed">
            <skipped message="">
            </skipped>
        </testcase>
        <testcase name="Then the machine will stop and prompt the user to place a cup" classname="kaffemaskin;there-is-not-a-cup-placed">
            <skipped message="">
            </skipped>
        </testcase>
    </testsuite>
</testsuites>