<?xml version="1.0" encoding="UTF-8"?>
<testsuites>
    <testsuite name="kaffemaskin;paying-with-coins" tests="18" failures="1" skipped="15">
        <properties>
            <property name="URI" value="C:/Users/matti/OneDrive/Skrivbord/Programming/kaffemaskin/features/kaffemaskin.feature">
            </property>
        </properties>
        <testcase name="Given that the machine is plugged in" classname="kaffemaskin;paying-with-coins" time="0.001255999">
        </testcase>
        <testcase name="And that the user has pressed the start button" classname="kaffemaskin;paying-with-coins" time="0.0001949">
        </testcase>
        <testcase name="And that ground coffee is available" classname="kaffemaskin;paying-with-coins" time="0.000146199">
            <failure message="ReferenceError: amountOfCoffee is not defined">ReferenceError: amountOfCoffee is not defined
    at CoffeeMachine.checkIfGroundCoffeeExists (C:\Users\matti\OneDrive\Skrivbord\Programming\kaffemaskin\index.js:41:9)
    at createWorld.&lt;anonymous&gt; (C:\Users\matti\OneDrive\Skrivbord\Programming\kaffemaskin\step-definitions\kaffemaskin.js:37:36)
    at processTicksAndRejections (internal/process/task_queues.js:75:11)</failure>
        </testcase>
        <testcase name="And that water is available" classname="kaffemaskin;paying-with-coins">
            <skipped message="">
            </skipped>
        </testcase>
        <testcase name="And that milk is available" classname="kaffemaskin;paying-with-coins">
            <skipped message="">
            </skipped>
        </testcase>
        <testcase name="And that a cup has been placed" classname="kaffemaskin;paying-with-coins">
            <skipped message="">
            </skipped>
        </testcase>
        <testcase name="And you have used SEK only" classname="kaffemaskin;paying-with-coins">
            <skipped message="">
            </skipped>
        </testcase>
        <testcase name="And you have used either coins or creditcard" classname="kaffemaskin;paying-with-coins">
            <skipped message="">
            </skipped>
        </testcase>
        <testcase name="Then you get a cup of coffee" classname="kaffemaskin;paying-with-coins">
            <skipped message="">
            </skipped>
        </testcase>
        <testcase name="Given that coffee type Black Coffee has been chosen" classname="kaffemaskin;paying-with-coins">
            <skipped message="">
            </skipped>
        </testcase>
        <testcase name="And the payment method coins has been chosen" classname="kaffemaskin;paying-with-coins">
            <skipped message="">
            </skipped>
        </testcase>
        <testcase name="When the user inserts 10 kr coin" classname="kaffemaskin;paying-with-coins">
            <skipped message="">
            </skipped>
        </testcase>
        <testcase name="And the user inserts 10 kr coin" classname="kaffemaskin;paying-with-coins">
            <skipped message="">
            </skipped>
        </testcase>
        <testcase name="And the user inserts 5 kr coin" classname="kaffemaskin;paying-with-coins">
            <skipped message="">
            </skipped>
        </testcase>
        <testcase name="And the user inserts 0 kr coin" classname="kaffemaskin;paying-with-coins">
            <skipped message="">
            </skipped>
        </testcase>
        <testcase name="And the user inserts 0 kr coin" classname="kaffemaskin;paying-with-coins">
            <skipped message="">
            </skipped>
        </testcase>
        <testcase name="And the user inserts 0 kr coin" classname="kaffemaskin;paying-with-coins">
            <skipped message="">
            </skipped>
        </testcase>
        <testcase name="Then the user recieves 1 cup of coffee." classname="kaffemaskin;paying-with-coins">
            <skipped message="">
            </skipped>
        </testcase>
    </testsuite>
    <testsuite name="kaffemaskin;paying-with-coins" tests="18" failures="1" skipped="15">
        <properties>
            <property name="URI" value="C:/Users/matti/OneDrive/Skrivbord/Programming/kaffemaskin/features/kaffemaskin.feature">
            </property>
        </properties>
        <testcase name="Given that the machine is plugged in" classname="kaffemaskin;paying-with-coins" time="0.000165499">
        </testcase>
        <testcase name="And that the user has pressed the start button" classname="kaffemaskin;paying-with-coins" time="0.0001168">
        </testcase>
        <testcase name="And that ground coffee is available" classname="kaffemaskin;paying-with-coins" time="0.000149301">
            <failure message="ReferenceError: amountOfCoffee is not defined">ReferenceError: amountOfCoffee is not defined
    at CoffeeMachine.checkIfGroundCoffeeExists (C:\Users\matti\OneDrive\Skrivbord\Programming\kaffemaskin\index.js:41:9)
    at createWorld.&lt;anonymous&gt; (C:\Users\matti\OneDrive\Skrivbord\Programming\kaffemaskin\step-definitions\kaffemaskin.js:37:36)
    at processTicksAndRejections (internal/process/task_queues.js:75:11)</failure>
        </testcase>
        <testcase name="And that water is available" classname="kaffemaskin;paying-with-coins">
            <skipped message="">
            </skipped>
        </testcase>
        <testcase name="And that milk is available" classname="kaffemaskin;paying-with-coins">
            <skipped message="">
            </skipped>
        </testcase>
        <testcase name="And that a cup has been placed" classname="kaffemaskin;paying-with-coins">
            <skipped message="">
            </skipped>
        </testcase>
        <testcase name="And you have used SEK only" classname="kaffemaskin;paying-with-coins">
            <skipped message="">
            </skipped>
        </testcase>
        <testcase name="And you have used either coins or creditcard" classname="kaffemaskin;paying-with-coins">
            <skipped message="">
            </skipped>
        </testcase>
        <testcase name="Then you get a cup of coffee" classname="kaffemaskin;paying-with-coins">
            <skipped message="">
            </skipped>
        </testcase>
        <testcase name="Given that coffee type Black Coffee has been chosen" classname="kaffemaskin;paying-with-coins">
            <skipped message="">
            </skipped>
        </testcase>
        <testcase name="And the payment method coins has been chosen" classname="kaffemaskin;paying-with-coins">
            <skipped message="">
            </skipped>
        </testcase>
        <testcase name="When the user inserts 10 kr coin" classname="kaffemaskin;paying-with-coins">
            <skipped message="">
            </skipped>
        </testcase>
        <testcase name="And the user inserts 5 kr coin" classname="kaffemaskin;paying-with-coins">
            <skipped message="">
            </skipped>
        </testcase>
        <testcase name="And the user inserts 5 kr coin" classname="kaffemaskin;paying-with-coins">
            <skipped message="">
            </skipped>
        </testcase>
        <testcase name="And the user inserts 5 kr coin" classname="kaffemaskin;paying-with-coins">
            <skipped message="">
            </skipped>
        </testcase>
        <testcase name="And the user inserts 0 kr coin" classname="kaffemaskin;paying-with-coins">
            <skipped message="">
            </skipped>
        </testcase>
        <testcase name="And the user inserts 0 kr coin" classname="kaffemaskin;paying-with-coins">
            <skipped message="">
            </skipped>
        </testcase>
        <testcase name="Then the user recieves 1 cup of coffee." classname="kaffemaskin;paying-with-coins">
            <skipped message="">
            </skipped>
        </testcase>
    </testsuite>
    <testsuite name="kaffemaskin;paying-with-coins" tests="18" failures="1" skipped="15">
        <properties>
            <property name="URI" value="C:/Users/matti/OneDrive/Skrivbord/Programming/kaffemaskin/features/kaffemaskin.feature">
            </property>
        </properties>
        <testcase name="Given that the machine is plugged in" classname="kaffemaskin;paying-with-coins" time="0.0001108">
        </testcase>
        <testcase name="And that the user has pressed the start button" classname="kaffemaskin;paying-with-coins" time="0.000159299">
        </testcase>
        <testcase name="And that ground coffee is available" classname="kaffemaskin;paying-with-coins" time="0.000219001">
            <failure message="ReferenceError: amountOfCoffee is not defined">ReferenceError: amountOfCoffee is not defined
    at CoffeeMachine.checkIfGroundCoffeeExists (C:\Users\matti\OneDrive\Skrivbord\Programming\kaffemaskin\index.js:41:9)
    at createWorld.&lt;anonymous&gt; (C:\Users\matti\OneDrive\Skrivbord\Programming\kaffemaskin\step-definitions\kaffemaskin.js:37:36)
    at processTicksAndRejections (internal/process/task_queues.js:75:11)</failure>
        </testcase>
        <testcase name="And that water is available" classname="kaffemaskin;paying-with-coins">
            <skipped message="">
            </skipped>
        </testcase>
        <testcase name="And that milk is available" classname="kaffemaskin;paying-with-coins">
            <skipped message="">
            </skipped>
        </testcase>
        <testcase name="And that a cup has been placed" classname="kaffemaskin;paying-with-coins">
            <skipped message="">
            </skipped>
        </testcase>
        <testcase name="And you have used SEK only" classname="kaffemaskin;paying-with-coins">
            <skipped message="">
            </skipped>
        </testcase>
        <testcase name="And you have used either coins or creditcard" classname="kaffemaskin;paying-with-coins">
            <skipped message="">
            </skipped>
        </testcase>
        <testcase name="Then you get a cup of coffee" classname="kaffemaskin;paying-with-coins">
            <skipped message="">
            </skipped>
        </testcase>
        <testcase name="Given that coffee type Black Coffee has been chosen" classname="kaffemaskin;paying-with-coins">
            <skipped message="">
            </skipped>
        </testcase>
        <testcase name="And the payment method coins has been chosen" classname="kaffemaskin;paying-with-coins">
            <skipped message="">
            </skipped>
        </testcase>
        <testcase name="When the user inserts &quot;pollett&quot; kr coin" classname="kaffemaskin;paying-with-coins">
            <skipped message="">
            </skipped>
        </testcase>
        <testcase name="And the user inserts 5 kr coin" classname="kaffemaskin;paying-with-coins">
            <skipped message="">
            </skipped>
        </testcase>
        <testcase name="And the user inserts 5 kr coin" classname="kaffemaskin;paying-with-coins">
            <skipped message="">
            </skipped>
        </testcase>
        <testcase name="And the user inserts 2 kr coin" classname="kaffemaskin;paying-with-coins">
            <skipped message="">
            </skipped>
        </testcase>
        <testcase name="And the user inserts 2 kr coin" classname="kaffemaskin;paying-with-coins">
            <skipped message="">
            </skipped>
        </testcase>
        <testcase name="And the user inserts 0 kr coin" classname="kaffemaskin;paying-with-coins">
            <skipped message="">
            </skipped>
        </testcase>
        <testcase name="Then the user recieves 0 cup of coffee." classname="kaffemaskin;paying-with-coins">
            <skipped message="">
            </skipped>
        </testcase>
    </testsuite>
    <testsuite name="kaffemaskin;paying-with-coins" tests="18" failures="1" skipped="15">
        <properties>
            <property name="URI" value="C:/Users/matti/OneDrive/Skrivbord/Programming/kaffemaskin/features/kaffemaskin.feature">
            </property>
        </properties>
        <testcase name="Given that the machine is plugged in" classname="kaffemaskin;paying-with-coins" time="0.0000752">
        </testcase>
        <testcase name="And that the user has pressed the start button" classname="kaffemaskin;paying-with-coins" time="0.0000986">
        </testcase>
        <testcase name="And that ground coffee is available" classname="kaffemaskin;paying-with-coins" time="0.0000823">
            <failure message="ReferenceError: amountOfCoffee is not defined">ReferenceError: amountOfCoffee is not defined
    at CoffeeMachine.checkIfGroundCoffeeExists (C:\Users\matti\OneDrive\Skrivbord\Programming\kaffemaskin\index.js:41:9)
    at createWorld.&lt;anonymous&gt; (C:\Users\matti\OneDrive\Skrivbord\Programming\kaffemaskin\step-definitions\kaffemaskin.js:37:36)
    at processTicksAndRejections (internal/process/task_queues.js:75:11)</failure>
        </testcase>
        <testcase name="And that water is available" classname="kaffemaskin;paying-with-coins">
            <skipped message="">
            </skipped>
        </testcase>
        <testcase name="And that milk is available" classname="kaffemaskin;paying-with-coins">
            <skipped message="">
            </skipped>
        </testcase>
        <testcase name="And that a cup has been placed" classname="kaffemaskin;paying-with-coins">
            <skipped message="">
            </skipped>
        </testcase>
        <testcase name="And you have used SEK only" classname="kaffemaskin;paying-with-coins">
            <skipped message="">
            </skipped>
        </testcase>
        <testcase name="And you have used either coins or creditcard" classname="kaffemaskin;paying-with-coins">
            <skipped message="">
            </skipped>
        </testcase>
        <testcase name="Then you get a cup of coffee" classname="kaffemaskin;paying-with-coins">
            <skipped message="">
            </skipped>
        </testcase>
        <testcase name="Given that coffee type Black Coffee has been chosen" classname="kaffemaskin;paying-with-coins">
            <skipped message="">
            </skipped>
        </testcase>
        <testcase name="And the payment method coins has been chosen" classname="kaffemaskin;paying-with-coins">
            <skipped message="">
            </skipped>
        </testcase>
        <testcase name="When the user inserts 5 kr coin" classname="kaffemaskin;paying-with-coins">
            <skipped message="">
            </skipped>
        </testcase>
        <testcase name="And the user inserts 5 kr coin" classname="kaffemaskin;paying-with-coins">
            <skipped message="">
            </skipped>
        </testcase>
        <testcase name="And the user inserts 5 kr coin" classname="kaffemaskin;paying-with-coins">
            <skipped message="">
            </skipped>
        </testcase>
        <testcase name="And the user inserts 5 kr coin" classname="kaffemaskin;paying-with-coins">
            <skipped message="">
            </skipped>
        </testcase>
        <testcase name="And the user inserts 2 kr coin" classname="kaffemaskin;paying-with-coins">
            <skipped message="">
            </skipped>
        </testcase>
        <testcase name="And the user inserts 1 kr coin" classname="kaffemaskin;paying-with-coins">
            <skipped message="">
            </skipped>
        </testcase>
        <testcase name="Then the user recieves 0 cup of coffee." classname="kaffemaskin;paying-with-coins">
            <skipped message="">
            </skipped>
        </testcase>
    </testsuite>
    <testsuite name="kaffemaskin;paying-with-coins" tests="18" failures="1" skipped="15">
        <properties>
            <property name="URI" value="C:/Users/matti/OneDrive/Skrivbord/Programming/kaffemaskin/features/kaffemaskin.feature">
            </property>
        </properties>
        <testcase name="Given that the machine is plugged in" classname="kaffemaskin;paying-with-coins" time="0.0000657">
        </testcase>
        <testcase name="And that the user has pressed the start button" classname="kaffemaskin;paying-with-coins" time="0.0001021">
        </testcase>
        <testcase name="And that ground coffee is available" classname="kaffemaskin;paying-with-coins" time="0.000106601">
            <failure message="ReferenceError: amountOfCoffee is not defined">ReferenceError: amountOfCoffee is not defined
    at CoffeeMachine.checkIfGroundCoffeeExists (C:\Users\matti\OneDrive\Skrivbord\Programming\kaffemaskin\index.js:41:9)
    at createWorld.&lt;anonymous&gt; (C:\Users\matti\OneDrive\Skrivbord\Programming\kaffemaskin\step-definitions\kaffemaskin.js:37:36)
    at processTicksAndRejections (internal/process/task_queues.js:75:11)</failure>
        </testcase>
        <testcase name="And that water is available" classname="kaffemaskin;paying-with-coins">
            <skipped message="">
            </skipped>
        </testcase>
        <testcase name="And that milk is available" classname="kaffemaskin;paying-with-coins">
            <skipped message="">
            </skipped>
        </testcase>
        <testcase name="And that a cup has been placed" classname="kaffemaskin;paying-with-coins">
            <skipped message="">
            </skipped>
        </testcase>
        <testcase name="And you have used SEK only" classname="kaffemaskin;paying-with-coins">
            <skipped message="">
            </skipped>
        </testcase>
        <testcase name="And you have used either coins or creditcard" classname="kaffemaskin;paying-with-coins">
            <skipped message="">
            </skipped>
        </testcase>
        <testcase name="Then you get a cup of coffee" classname="kaffemaskin;paying-with-coins">
            <skipped message="">
            </skipped>
        </testcase>
        <testcase name="Given that coffee type Caffe Latte has been chosen" classname="kaffemaskin;paying-with-coins">
            <skipped message="">
            </skipped>
        </testcase>
        <testcase name="And the payment method coins has been chosen" classname="kaffemaskin;paying-with-coins">
            <skipped message="">
            </skipped>
        </testcase>
        <testcase name="When the user inserts 10 kr coin" classname="kaffemaskin;paying-with-coins">
            <skipped message="">
            </skipped>
        </testcase>
        <testcase name="And the user inserts 10 kr coin" classname="kaffemaskin;paying-with-coins">
            <skipped message="">
            </skipped>
        </testcase>
        <testcase name="And the user inserts 5 kr coin" classname="kaffemaskin;paying-with-coins">
            <skipped message="">
            </skipped>
        </testcase>
        <testcase name="And the user inserts 0 kr coin" classname="kaffemaskin;paying-with-coins">
            <skipped message="">
            </skipped>
        </testcase>
        <testcase name="And the user inserts 0 kr coin" classname="kaffemaskin;paying-with-coins">
            <skipped message="">
            </skipped>
        </testcase>
        <testcase name="And the user inserts 0 kr coin" classname="kaffemaskin;paying-with-coins">
            <skipped message="">
            </skipped>
        </testcase>
        <testcase name="Then the user recieves 1 cup of coffee." classname="kaffemaskin;paying-with-coins">
            <skipped message="">
            </skipped>
        </testcase>
    </testsuite>
    <testsuite name="kaffemaskin;paying-with-coins" tests="18" failures="1" skipped="15">
        <properties>
            <property name="URI" value="C:/Users/matti/OneDrive/Skrivbord/Programming/kaffemaskin/features/kaffemaskin.feature">
            </property>
        </properties>
        <testcase name="Given that the machine is plugged in" classname="kaffemaskin;paying-with-coins" time="0.0000743">
        </testcase>
        <testcase name="And that the user has pressed the start button" classname="kaffemaskin;paying-with-coins" time="0.0000822">
        </testcase>
        <testcase name="And that ground coffee is available" classname="kaffemaskin;paying-with-coins" time="0.000226099">
            <failure message="ReferenceError: amountOfCoffee is not defined">ReferenceError: amountOfCoffee is not defined
    at CoffeeMachine.checkIfGroundCoffeeExists (C:\Users\matti\OneDrive\Skrivbord\Programming\kaffemaskin\index.js:41:9)
    at createWorld.&lt;anonymous&gt; (C:\Users\matti\OneDrive\Skrivbord\Programming\kaffemaskin\step-definitions\kaffemaskin.js:37:36)
    at processTicksAndRejections (internal/process/task_queues.js:75:11)</failure>
        </testcase>
        <testcase name="And that water is available" classname="kaffemaskin;paying-with-coins">
            <skipped message="">
            </skipped>
        </testcase>
        <testcase name="And that milk is available" classname="kaffemaskin;paying-with-coins">
            <skipped message="">
            </skipped>
        </testcase>
        <testcase name="And that a cup has been placed" classname="kaffemaskin;paying-with-coins">
            <skipped message="">
            </skipped>
        </testcase>
        <testcase name="And you have used SEK only" classname="kaffemaskin;paying-with-coins">
            <skipped message="">
            </skipped>
        </testcase>
        <testcase name="And you have used either coins or creditcard" classname="kaffemaskin;paying-with-coins">
            <skipped message="">
            </skipped>
        </testcase>
        <testcase name="Then you get a cup of coffee" classname="kaffemaskin;paying-with-coins">
            <skipped message="">
            </skipped>
        </testcase>
        <testcase name="Given that coffee type Caffe Latte has been chosen" classname="kaffemaskin;paying-with-coins">
            <skipped message="">
            </skipped>
        </testcase>
        <testcase name="And the payment method coins has been chosen" classname="kaffemaskin;paying-with-coins">
            <skipped message="">
            </skipped>
        </testcase>
        <testcase name="When the user inserts 10 kr coin" classname="kaffemaskin;paying-with-coins">
            <skipped message="">
            </skipped>
        </testcase>
        <testcase name="And the user inserts 5 kr coin" classname="kaffemaskin;paying-with-coins">
            <skipped message="">
            </skipped>
        </testcase>
        <testcase name="And the user inserts 5 kr coin" classname="kaffemaskin;paying-with-coins">
            <skipped message="">
            </skipped>
        </testcase>
        <testcase name="And the user inserts 5 kr coin" classname="kaffemaskin;paying-with-coins">
            <skipped message="">
            </skipped>
        </testcase>
        <testcase name="And the user inserts 0 kr coin" classname="kaffemaskin;paying-with-coins">
            <skipped message="">
            </skipped>
        </testcase>
        <testcase name="And the user inserts 0 kr coin" classname="kaffemaskin;paying-with-coins">
            <skipped message="">
            </skipped>
        </testcase>
        <testcase name="Then the user recieves 1 cup of coffee." classname="kaffemaskin;paying-with-coins">
            <skipped message="">
            </skipped>
        </testcase>
    </testsuite>
    <testsuite name="kaffemaskin;paying-with-coins" tests="18" failures="1" skipped="15">
        <properties>
            <property name="URI" value="C:/Users/matti/OneDrive/Skrivbord/Programming/kaffemaskin/features/kaffemaskin.feature">
            </property>
        </properties>
        <testcase name="Given that the machine is plugged in" classname="kaffemaskin;paying-with-coins" time="0.0001241">
        </testcase>
        <testcase name="And that the user has pressed the start button" classname="kaffemaskin;paying-with-coins" time="0.0000888">
        </testcase>
        <testcase name="And that ground coffee is available" classname="kaffemaskin;paying-with-coins" time="0.000067201">
            <failure message="ReferenceError: amountOfCoffee is not defined">ReferenceError: amountOfCoffee is not defined
    at CoffeeMachine.checkIfGroundCoffeeExists (C:\Users\matti\OneDrive\Skrivbord\Programming\kaffemaskin\index.js:41:9)
    at createWorld.&lt;anonymous&gt; (C:\Users\matti\OneDrive\Skrivbord\Programming\kaffemaskin\step-definitions\kaffemaskin.js:37:36)
    at processTicksAndRejections (internal/process/task_queues.js:75:11)</failure>
        </testcase>
        <testcase name="And that water is available" classname="kaffemaskin;paying-with-coins">
            <skipped message="">
            </skipped>
        </testcase>
        <testcase name="And that milk is available" classname="kaffemaskin;paying-with-coins">
            <skipped message="">
            </skipped>
        </testcase>
        <testcase name="And that a cup has been placed" classname="kaffemaskin;paying-with-coins">
            <skipped message="">
            </skipped>
        </testcase>
        <testcase name="And you have used SEK only" classname="kaffemaskin;paying-with-coins">
            <skipped message="">
            </skipped>
        </testcase>
        <testcase name="And you have used either coins or creditcard" classname="kaffemaskin;paying-with-coins">
            <skipped message="">
            </skipped>
        </testcase>
        <testcase name="Then you get a cup of coffee" classname="kaffemaskin;paying-with-coins">
            <skipped message="">
            </skipped>
        </testcase>
        <testcase name="Given that coffee type Caffe Latte has been chosen" classname="kaffemaskin;paying-with-coins">
            <skipped message="">
            </skipped>
        </testcase>
        <testcase name="And the payment method coins has been chosen" classname="kaffemaskin;paying-with-coins">
            <skipped message="">
            </skipped>
        </testcase>
        <testcase name="When the user inserts 10 kr coin" classname="kaffemaskin;paying-with-coins">
            <skipped message="">
            </skipped>
        </testcase>
        <testcase name="And the user inserts 5 kr coin" classname="kaffemaskin;paying-with-coins">
            <skipped message="">
            </skipped>
        </testcase>
        <testcase name="And the user inserts &quot;pollett&quot; kr coin" classname="kaffemaskin;paying-with-coins">
            <skipped message="">
            </skipped>
        </testcase>
        <testcase name="And the user inserts 2 kr coin" classname="kaffemaskin;paying-with-coins">
            <skipped message="">
            </skipped>
        </testcase>
        <testcase name="And the user inserts 2 kr coin" classname="kaffemaskin;paying-with-coins">
            <skipped message="">
            </skipped>
        </testcase>
        <testcase name="And the user inserts 0 kr coin" classname="kaffemaskin;paying-with-coins">
            <skipped message="">
            </skipped>
        </testcase>
        <testcase name="Then the user recieves 0 cup of coffee." classname="kaffemaskin;paying-with-coins">
            <skipped message="">
            </skipped>
        </testcase>
    </testsuite>
    <testsuite name="kaffemaskin;paying-with-coins" tests="18" failures="1" skipped="15">
        <properties>
            <property name="URI" value="C:/Users/matti/OneDrive/Skrivbord/Programming/kaffemaskin/features/kaffemaskin.feature">
            </property>
        </properties>
        <testcase name="Given that the machine is plugged in" classname="kaffemaskin;paying-with-coins" time="0.000061">
        </testcase>
        <testcase name="And that the user has pressed the start button" classname="kaffemaskin;paying-with-coins" time="0.000107801">
        </testcase>
        <testcase name="And that ground coffee is available" classname="kaffemaskin;paying-with-coins" time="0.000142701">
            <failure message="ReferenceError: amountOfCoffee is not defined">ReferenceError: amountOfCoffee is not defined
    at CoffeeMachine.checkIfGroundCoffeeExists (C:\Users\matti\OneDrive\Skrivbord\Programming\kaffemaskin\index.js:41:9)
    at createWorld.&lt;anonymous&gt; (C:\Users\matti\OneDrive\Skrivbord\Programming\kaffemaskin\step-definitions\kaffemaskin.js:37:36)
    at processTicksAndRejections (internal/process/task_queues.js:75:11)</failure>
        </testcase>
        <testcase name="And that water is available" classname="kaffemaskin;paying-with-coins">
            <skipped message="">
            </skipped>
        </testcase>
        <testcase name="And that milk is available" classname="kaffemaskin;paying-with-coins">
            <skipped message="">
            </skipped>
        </testcase>
        <testcase name="And that a cup has been placed" classname="kaffemaskin;paying-with-coins">
            <skipped message="">
            </skipped>
        </testcase>
        <testcase name="And you have used SEK only" classname="kaffemaskin;paying-with-coins">
            <skipped message="">
            </skipped>
        </testcase>
        <testcase name="And you have used either coins or creditcard" classname="kaffemaskin;paying-with-coins">
            <skipped message="">
            </skipped>
        </testcase>
        <testcase name="Then you get a cup of coffee" classname="kaffemaskin;paying-with-coins">
            <skipped message="">
            </skipped>
        </testcase>
        <testcase name="Given that coffee type Caffe Latte has been chosen" classname="kaffemaskin;paying-with-coins">
            <skipped message="">
            </skipped>
        </testcase>
        <testcase name="And the payment method coins has been chosen" classname="kaffemaskin;paying-with-coins">
            <skipped message="">
            </skipped>
        </testcase>
        <testcase name="When the user inserts 5 kr coin" classname="kaffemaskin;paying-with-coins">
            <skipped message="">
            </skipped>
        </testcase>
        <testcase name="And the user inserts 5 kr coin" classname="kaffemaskin;paying-with-coins">
            <skipped message="">
            </skipped>
        </testcase>
        <testcase name="And the user inserts 5 kr coin" classname="kaffemaskin;paying-with-coins">
            <skipped message="">
            </skipped>
        </testcase>
        <testcase name="And the user inserts 5 kr coin" classname="kaffemaskin;paying-with-coins">
            <skipped message="">
            </skipped>
        </testcase>
        <testcase name="And the user inserts 2 kr coin" classname="kaffemaskin;paying-with-coins">
            <skipped message="">
            </skipped>
        </testcase>
        <testcase name="And the user inserts 1 kr coin" classname="kaffemaskin;paying-with-coins">
            <skipped message="">
            </skipped>
        </testcase>
        <testcase name="Then the user recieves 0 cup of coffee." classname="kaffemaskin;paying-with-coins">
            <skipped message="">
            </skipped>
        </testcase>
    </testsuite>
    <testsuite name="kaffemaskin;paying-with-coins" tests="18" failures="1" skipped="15">
        <properties>
            <property name="URI" value="C:/Users/matti/OneDrive/Skrivbord/Programming/kaffemaskin/features/kaffemaskin.feature">
            </property>
        </properties>
        <testcase name="Given that the machine is plugged in" classname="kaffemaskin;paying-with-coins" time="0.000060799">
        </testcase>
        <testcase name="And that the user has pressed the start button" classname="kaffemaskin;paying-with-coins" time="0.0000702">
        </testcase>
        <testcase name="And that ground coffee is available" classname="kaffemaskin;paying-with-coins" time="0.000142999">
            <failure message="ReferenceError: amountOfCoffee is not defined">ReferenceError: amountOfCoffee is not defined
    at CoffeeMachine.checkIfGroundCoffeeExists (C:\Users\matti\OneDrive\Skrivbord\Programming\kaffemaskin\index.js:41:9)
    at createWorld.&lt;anonymous&gt; (C:\Users\matti\OneDrive\Skrivbord\Programming\kaffemaskin\step-definitions\kaffemaskin.js:37:36)
    at processTicksAndRejections (internal/process/task_queues.js:75:11)</failure>
        </testcase>
        <testcase name="And that water is available" classname="kaffemaskin;paying-with-coins">
            <skipped message="">
            </skipped>
        </testcase>
        <testcase name="And that milk is available" classname="kaffemaskin;paying-with-coins">
            <skipped message="">
            </skipped>
        </testcase>
        <testcase name="And that a cup has been placed" classname="kaffemaskin;paying-with-coins">
            <skipped message="">
            </skipped>
        </testcase>
        <testcase name="And you have used SEK only" classname="kaffemaskin;paying-with-coins">
            <skipped message="">
            </skipped>
        </testcase>
        <testcase name="And you have used either coins or creditcard" classname="kaffemaskin;paying-with-coins">
            <skipped message="">
            </skipped>
        </testcase>
        <testcase name="Then you get a cup of coffee" classname="kaffemaskin;paying-with-coins">
            <skipped message="">
            </skipped>
        </testcase>
        <testcase name="Given that coffee type Cappucino has been chosen" classname="kaffemaskin;paying-with-coins">
            <skipped message="">
            </skipped>
        </testcase>
        <testcase name="And the payment method coins has been chosen" classname="kaffemaskin;paying-with-coins">
            <skipped message="">
            </skipped>
        </testcase>
        <testcase name="When the user inserts 10 kr coin" classname="kaffemaskin;paying-with-coins">
            <skipped message="">
            </skipped>
        </testcase>
        <testcase name="And the user inserts 10 kr coin" classname="kaffemaskin;paying-with-coins">
            <skipped message="">
            </skipped>
        </testcase>
        <testcase name="And the user inserts 5 kr coin" classname="kaffemaskin;paying-with-coins">
            <skipped message="">
            </skipped>
        </testcase>
        <testcase name="And the user inserts 0 kr coin" classname="kaffemaskin;paying-with-coins">
            <skipped message="">
            </skipped>
        </testcase>
        <testcase name="And the user inserts 0 kr coin" classname="kaffemaskin;paying-with-coins">
            <skipped message="">
            </skipped>
        </testcase>
        <testcase name="And the user inserts 0 kr coin" classname="kaffemaskin;paying-with-coins">
            <skipped message="">
            </skipped>
        </testcase>
        <testcase name="Then the user recieves 1 cup of coffee." classname="kaffemaskin;paying-with-coins">
            <skipped message="">
            </skipped>
        </testcase>
    </testsuite>
    <testsuite name="kaffemaskin;paying-with-coins" tests="18" failures="1" skipped="15">
        <properties>
            <property name="URI" value="C:/Users/matti/OneDrive/Skrivbord/Programming/kaffemaskin/features/kaffemaskin.feature">
            </property>
        </properties>
        <testcase name="Given that the machine is plugged in" classname="kaffemaskin;paying-with-coins" time="0.000052301">
        </testcase>
        <testcase name="And that the user has pressed the start button" classname="kaffemaskin;paying-with-coins" time="0.00011">
        </testcase>
        <testcase name="And that ground coffee is available" classname="kaffemaskin;paying-with-coins" time="0.0000917">
            <failure message="ReferenceError: amountOfCoffee is not defined">ReferenceError: amountOfCoffee is not defined
    at CoffeeMachine.checkIfGroundCoffeeExists (C:\Users\matti\OneDrive\Skrivbord\Programming\kaffemaskin\index.js:41:9)
    at createWorld.&lt;anonymous&gt; (C:\Users\matti\OneDrive\Skrivbord\Programming\kaffemaskin\step-definitions\kaffemaskin.js:37:36)
    at processTicksAndRejections (internal/process/task_queues.js:75:11)</failure>
        </testcase>
        <testcase name="And that water is available" classname="kaffemaskin;paying-with-coins">
            <skipped message="">
            </skipped>
        </testcase>
        <testcase name="And that milk is available" classname="kaffemaskin;paying-with-coins">
            <skipped message="">
            </skipped>
        </testcase>
        <testcase name="And that a cup has been placed" classname="kaffemaskin;paying-with-coins">
            <skipped message="">
            </skipped>
        </testcase>
        <testcase name="And you have used SEK only" classname="kaffemaskin;paying-with-coins">
            <skipped message="">
            </skipped>
        </testcase>
        <testcase name="And you have used either coins or creditcard" classname="kaffemaskin;paying-with-coins">
            <skipped message="">
            </skipped>
        </testcase>
        <testcase name="Then you get a cup of coffee" classname="kaffemaskin;paying-with-coins">
            <skipped message="">
            </skipped>
        </testcase>
        <testcase name="Given that coffee type Cappucino has been chosen" classname="kaffemaskin;paying-with-coins">
            <skipped message="">
            </skipped>
        </testcase>
        <testcase name="And the payment method coins has been chosen" classname="kaffemaskin;paying-with-coins">
            <skipped message="">
            </skipped>
        </testcase>
        <testcase name="When the user inserts 10 kr coin" classname="kaffemaskin;paying-with-coins">
            <skipped message="">
            </skipped>
        </testcase>
        <testcase name="And the user inserts 5 kr coin" classname="kaffemaskin;paying-with-coins">
            <skipped message="">
            </skipped>
        </testcase>
        <testcase name="And the user inserts 5 kr coin" classname="kaffemaskin;paying-with-coins">
            <skipped message="">
            </skipped>
        </testcase>
        <testcase name="And the user inserts 5 kr coin" classname="kaffemaskin;paying-with-coins">
            <skipped message="">
            </skipped>
        </testcase>
        <testcase name="And the user inserts 0 kr coin" classname="kaffemaskin;paying-with-coins">
            <skipped message="">
            </skipped>
        </testcase>
        <testcase name="And the user inserts 0 kr coin" classname="kaffemaskin;paying-with-coins">
            <skipped message="">
            </skipped>
        </testcase>
        <testcase name="Then the user recieves 1 cup of coffee." classname="kaffemaskin;paying-with-coins">
            <skipped message="">
            </skipped>
        </testcase>
    </testsuite>
    <testsuite name="kaffemaskin;paying-with-coins" tests="18" failures="1" skipped="15">
        <properties>
            <property name="URI" value="C:/Users/matti/OneDrive/Skrivbord/Programming/kaffemaskin/features/kaffemaskin.feature">
            </property>
        </properties>
        <testcase name="Given that the machine is plugged in" classname="kaffemaskin;paying-with-coins" time="0.0001092">
        </testcase>
        <testcase name="And that the user has pressed the start button" classname="kaffemaskin;paying-with-coins" time="0.000087199">
        </testcase>
        <testcase name="And that ground coffee is available" classname="kaffemaskin;paying-with-coins" time="0.0000739">
            <failure message="ReferenceError: amountOfCoffee is not defined">ReferenceError: amountOfCoffee is not defined
    at CoffeeMachine.checkIfGroundCoffeeExists (C:\Users\matti\OneDrive\Skrivbord\Programming\kaffemaskin\index.js:41:9)
    at createWorld.&lt;anonymous&gt; (C:\Users\matti\OneDrive\Skrivbord\Programming\kaffemaskin\step-definitions\kaffemaskin.js:37:36)
    at processTicksAndRejections (internal/process/task_queues.js:75:11)</failure>
        </testcase>
        <testcase name="And that water is available" classname="kaffemaskin;paying-with-coins">
            <skipped message="">
            </skipped>
        </testcase>
        <testcase name="And that milk is available" classname="kaffemaskin;paying-with-coins">
            <skipped message="">
            </skipped>
        </testcase>
        <testcase name="And that a cup has been placed" classname="kaffemaskin;paying-with-coins">
            <skipped message="">
            </skipped>
        </testcase>
        <testcase name="And you have used SEK only" classname="kaffemaskin;paying-with-coins">
            <skipped message="">
            </skipped>
        </testcase>
        <testcase name="And you have used either coins or creditcard" classname="kaffemaskin;paying-with-coins">
            <skipped message="">
            </skipped>
        </testcase>
        <testcase name="Then you get a cup of coffee" classname="kaffemaskin;paying-with-coins">
            <skipped message="">
            </skipped>
        </testcase>
        <testcase name="Given that coffee type Cappucino has been chosen" classname="kaffemaskin;paying-with-coins">
            <skipped message="">
            </skipped>
        </testcase>
        <testcase name="And the payment method coins has been chosen" classname="kaffemaskin;paying-with-coins">
            <skipped message="">
            </skipped>
        </testcase>
        <testcase name="When the user inserts 10 kr coin" classname="kaffemaskin;paying-with-coins">
            <skipped message="">
            </skipped>
        </testcase>
        <testcase name="And the user inserts 5 kr coin" classname="kaffemaskin;paying-with-coins">
            <skipped message="">
            </skipped>
        </testcase>
        <testcase name="And the user inserts 5 kr coin" classname="kaffemaskin;paying-with-coins">
            <skipped message="">
            </skipped>
        </testcase>
        <testcase name="And the user inserts 2 kr coin" classname="kaffemaskin;paying-with-coins">
            <skipped message="">
            </skipped>
        </testcase>
        <testcase name="And the user inserts 2 kr coin" classname="kaffemaskin;paying-with-coins">
            <skipped message="">
            </skipped>
        </testcase>
        <testcase name="And the user inserts &quot;pollett&quot; kr coin" classname="kaffemaskin;paying-with-coins">
            <skipped message="">
            </skipped>
        </testcase>
        <testcase name="Then the user recieves 0 cup of coffee." classname="kaffemaskin;paying-with-coins">
            <skipped message="">
            </skipped>
        </testcase>
    </testsuite>
    <testsuite name="kaffemaskin;paying-with-coins" tests="18" failures="1" skipped="15">
        <properties>
            <property name="URI" value="C:/Users/matti/OneDrive/Skrivbord/Programming/kaffemaskin/features/kaffemaskin.feature">
            </property>
        </properties>
        <testcase name="Given that the machine is plugged in" classname="kaffemaskin;paying-with-coins" time="0.0000687">
        </testcase>
        <testcase name="And that the user has pressed the start button" classname="kaffemaskin;paying-with-coins" time="0.000061799">
        </testcase>
        <testcase name="And that ground coffee is available" classname="kaffemaskin;paying-with-coins" time="0.000085001">
            <failure message="ReferenceError: amountOfCoffee is not defined">ReferenceError: amountOfCoffee is not defined
    at CoffeeMachine.checkIfGroundCoffeeExists (C:\Users\matti\OneDrive\Skrivbord\Programming\kaffemaskin\index.js:41:9)
    at createWorld.&lt;anonymous&gt; (C:\Users\matti\OneDrive\Skrivbord\Programming\kaffemaskin\step-definitions\kaffemaskin.js:37:36)
    at processTicksAndRejections (internal/process/task_queues.js:75:11)</failure>
        </testcase>
        <testcase name="And that water is available" classname="kaffemaskin;paying-with-coins">
            <skipped message="">
            </skipped>
        </testcase>
        <testcase name="And that milk is available" classname="kaffemaskin;paying-with-coins">
            <skipped message="">
            </skipped>
        </testcase>
        <testcase name="And that a cup has been placed" classname="kaffemaskin;paying-with-coins">
            <skipped message="">
            </skipped>
        </testcase>
        <testcase name="And you have used SEK only" classname="kaffemaskin;paying-with-coins">
            <skipped message="">
            </skipped>
        </testcase>
        <testcase name="And you have used either coins or creditcard" classname="kaffemaskin;paying-with-coins">
            <skipped message="">
            </skipped>
        </testcase>
        <testcase name="Then you get a cup of coffee" classname="kaffemaskin;paying-with-coins">
            <skipped message="">
            </skipped>
        </testcase>
        <testcase name="Given that coffee type Cappucino has been chosen" classname="kaffemaskin;paying-with-coins">
            <skipped message="">
            </skipped>
        </testcase>
        <testcase name="And the payment method coins has been chosen" classname="kaffemaskin;paying-with-coins">
            <skipped message="">
            </skipped>
        </testcase>
        <testcase name="When the user inserts 5 kr coin" classname="kaffemaskin;paying-with-coins">
            <skipped message="">
            </skipped>
        </testcase>
        <testcase name="And the user inserts 5 kr coin" classname="kaffemaskin;paying-with-coins">
            <skipped message="">
            </skipped>
        </testcase>
        <testcase name="And the user inserts 5 kr coin" classname="kaffemaskin;paying-with-coins">
            <skipped message="">
            </skipped>
        </testcase>
        <testcase name="And the user inserts 5 kr coin" classname="kaffemaskin;paying-with-coins">
            <skipped message="">
            </skipped>
        </testcase>
        <testcase name="And the user inserts 2 kr coin" classname="kaffemaskin;paying-with-coins">
            <skipped message="">
            </skipped>
        </testcase>
        <testcase name="And the user inserts 1 kr coin" classname="kaffemaskin;paying-with-coins">
            <skipped message="">
            </skipped>
        </testcase>
        <testcase name="Then the user recieves 0 cup of coffee." classname="kaffemaskin;paying-with-coins">
            <skipped message="">
            </skipped>
        </testcase>
    </testsuite>
    <testsuite name="kaffemaskin;paying-with-coins" tests="18" failures="1" skipped="15">
        <properties>
            <property name="URI" value="C:/Users/matti/OneDrive/Skrivbord/Programming/kaffemaskin/features/kaffemaskin.feature">
            </property>
        </properties>
        <testcase name="Given that the machine is plugged in" classname="kaffemaskin;paying-with-coins" time="0.0000728">
        </testcase>
        <testcase name="And that the user has pressed the start button" classname="kaffemaskin;paying-with-coins" time="0.0000659">
        </testcase>
        <testcase name="And that ground coffee is available" classname="kaffemaskin;paying-with-coins" time="0.000192099">
            <failure message="ReferenceError: amountOfCoffee is not defined">ReferenceError: amountOfCoffee is not defined
    at CoffeeMachine.checkIfGroundCoffeeExists (C:\Users\matti\OneDrive\Skrivbord\Programming\kaffemaskin\index.js:41:9)
    at createWorld.&lt;anonymous&gt; (C:\Users\matti\OneDrive\Skrivbord\Programming\kaffemaskin\step-definitions\kaffemaskin.js:37:36)
    at processTicksAndRejections (internal/process/task_queues.js:75:11)</failure>
        </testcase>
        <testcase name="And that water is available" classname="kaffemaskin;paying-with-coins">
            <skipped message="">
            </skipped>
        </testcase>
        <testcase name="And that milk is available" classname="kaffemaskin;paying-with-coins">
            <skipped message="">
            </skipped>
        </testcase>
        <testcase name="And that a cup has been placed" classname="kaffemaskin;paying-with-coins">
            <skipped message="">
            </skipped>
        </testcase>
        <testcase name="And you have used SEK only" classname="kaffemaskin;paying-with-coins">
            <skipped message="">
            </skipped>
        </testcase>
        <testcase name="And you have used either coins or creditcard" classname="kaffemaskin;paying-with-coins">
            <skipped message="">
            </skipped>
        </testcase>
        <testcase name="Then you get a cup of coffee" classname="kaffemaskin;paying-with-coins">
            <skipped message="">
            </skipped>
        </testcase>
        <testcase name="Given that coffee type Espresso has been chosen" classname="kaffemaskin;paying-with-coins">
            <skipped message="">
            </skipped>
        </testcase>
        <testcase name="And the payment method coins has been chosen" classname="kaffemaskin;paying-with-coins">
            <skipped message="">
            </skipped>
        </testcase>
        <testcase name="When the user inserts 10 kr coin" classname="kaffemaskin;paying-with-coins">
            <skipped message="">
            </skipped>
        </testcase>
        <testcase name="And the user inserts 10 kr coin" classname="kaffemaskin;paying-with-coins">
            <skipped message="">
            </skipped>
        </testcase>
        <testcase name="And the user inserts 5 kr coin" classname="kaffemaskin;paying-with-coins">
            <skipped message="">
            </skipped>
        </testcase>
        <testcase name="And the user inserts 0 kr coin" classname="kaffemaskin;paying-with-coins">
            <skipped message="">
            </skipped>
        </testcase>
        <testcase name="And the user inserts 0 kr coin" classname="kaffemaskin;paying-with-coins">
            <skipped message="">
            </skipped>
        </testcase>
        <testcase name="And the user inserts 0 kr coin" classname="kaffemaskin;paying-with-coins">
            <skipped message="">
            </skipped>
        </testcase>
        <testcase name="Then the user recieves 1 cup of coffee." classname="kaffemaskin;paying-with-coins">
            <skipped message="">
            </skipped>
        </testcase>
    </testsuite>
    <testsuite name="kaffemaskin;paying-with-coins" tests="18" failures="1" skipped="15">
        <properties>
            <property name="URI" value="C:/Users/matti/OneDrive/Skrivbord/Programming/kaffemaskin/features/kaffemaskin.feature">
            </property>
        </properties>
        <testcase name="Given that the machine is plugged in" classname="kaffemaskin;paying-with-coins" time="0.0000518">
        </testcase>
        <testcase name="And that the user has pressed the start button" classname="kaffemaskin;paying-with-coins" time="0.0000748">
        </testcase>
        <testcase name="And that ground coffee is available" classname="kaffemaskin;paying-with-coins" time="0.0001543">
            <failure message="ReferenceError: amountOfCoffee is not defined">ReferenceError: amountOfCoffee is not defined
    at CoffeeMachine.checkIfGroundCoffeeExists (C:\Users\matti\OneDrive\Skrivbord\Programming\kaffemaskin\index.js:41:9)
    at createWorld.&lt;anonymous&gt; (C:\Users\matti\OneDrive\Skrivbord\Programming\kaffemaskin\step-definitions\kaffemaskin.js:37:36)
    at processTicksAndRejections (internal/process/task_queues.js:75:11)</failure>
        </testcase>
        <testcase name="And that water is available" classname="kaffemaskin;paying-with-coins">
            <skipped message="">
            </skipped>
        </testcase>
        <testcase name="And that milk is available" classname="kaffemaskin;paying-with-coins">
            <skipped message="">
            </skipped>
        </testcase>
        <testcase name="And that a cup has been placed" classname="kaffemaskin;paying-with-coins">
            <skipped message="">
            </skipped>
        </testcase>
        <testcase name="And you have used SEK only" classname="kaffemaskin;paying-with-coins">
            <skipped message="">
            </skipped>
        </testcase>
        <testcase name="And you have used either coins or creditcard" classname="kaffemaskin;paying-with-coins">
            <skipped message="">
            </skipped>
        </testcase>
        <testcase name="Then you get a cup of coffee" classname="kaffemaskin;paying-with-coins">
            <skipped message="">
            </skipped>
        </testcase>
        <testcase name="Given that coffee type Espresso has been chosen" classname="kaffemaskin;paying-with-coins">
            <skipped message="">
            </skipped>
        </testcase>
        <testcase name="And the payment method coins has been chosen" classname="kaffemaskin;paying-with-coins">
            <skipped message="">
            </skipped>
        </testcase>
        <testcase name="When the user inserts 10 kr coin" classname="kaffemaskin;paying-with-coins">
            <skipped message="">
            </skipped>
        </testcase>
        <testcase name="And the user inserts 5 kr coin" classname="kaffemaskin;paying-with-coins">
            <skipped message="">
            </skipped>
        </testcase>
        <testcase name="And the user inserts 5 kr coin" classname="kaffemaskin;paying-with-coins">
            <skipped message="">
            </skipped>
        </testcase>
        <testcase name="And the user inserts 5 kr coin" classname="kaffemaskin;paying-with-coins">
            <skipped message="">
            </skipped>
        </testcase>
        <testcase name="And the user inserts 0 kr coin" classname="kaffemaskin;paying-with-coins">
            <skipped message="">
            </skipped>
        </testcase>
        <testcase name="And the user inserts 0 kr coin" classname="kaffemaskin;paying-with-coins">
            <skipped message="">
            </skipped>
        </testcase>
        <testcase name="Then the user recieves 1 cup of coffee." classname="kaffemaskin;paying-with-coins">
            <skipped message="">
            </skipped>
        </testcase>
    </testsuite>
    <testsuite name="kaffemaskin;paying-with-coins" tests="18" failures="1" skipped="15">
        <properties>
            <property name="URI" value="C:/Users/matti/OneDrive/Skrivbord/Programming/kaffemaskin/features/kaffemaskin.feature">
            </property>
        </properties>
        <testcase name="Given that the machine is plugged in" classname="kaffemaskin;paying-with-coins" time="0.0000451">
        </testcase>
        <testcase name="And that the user has pressed the start button" classname="kaffemaskin;paying-with-coins" time="0.0000351">
        </testcase>
        <testcase name="And that ground coffee is available" classname="kaffemaskin;paying-with-coins" time="0.0000914">
            <failure message="ReferenceError: amountOfCoffee is not defined">ReferenceError: amountOfCoffee is not defined
    at CoffeeMachine.checkIfGroundCoffeeExists (C:\Users\matti\OneDrive\Skrivbord\Programming\kaffemaskin\index.js:41:9)
    at createWorld.&lt;anonymous&gt; (C:\Users\matti\OneDrive\Skrivbord\Programming\kaffemaskin\step-definitions\kaffemaskin.js:37:36)
    at processTicksAndRejections (internal/process/task_queues.js:75:11)</failure>
        </testcase>
        <testcase name="And that water is available" classname="kaffemaskin;paying-with-coins">
            <skipped message="">
            </skipped>
        </testcase>
        <testcase name="And that milk is available" classname="kaffemaskin;paying-with-coins">
            <skipped message="">
            </skipped>
        </testcase>
        <testcase name="And that a cup has been placed" classname="kaffemaskin;paying-with-coins">
            <skipped message="">
            </skipped>
        </testcase>
        <testcase name="And you have used SEK only" classname="kaffemaskin;paying-with-coins">
            <skipped message="">
            </skipped>
        </testcase>
        <testcase name="And you have used either coins or creditcard" classname="kaffemaskin;paying-with-coins">
            <skipped message="">
            </skipped>
        </testcase>
        <testcase name="Then you get a cup of coffee" classname="kaffemaskin;paying-with-coins">
            <skipped message="">
            </skipped>
        </testcase>
        <testcase name="Given that coffee type Espresso has been chosen" classname="kaffemaskin;paying-with-coins">
            <skipped message="">
            </skipped>
        </testcase>
        <testcase name="And the payment method coins has been chosen" classname="kaffemaskin;paying-with-coins">
            <skipped message="">
            </skipped>
        </testcase>
        <testcase name="When the user inserts 10 kr coin" classname="kaffemaskin;paying-with-coins">
            <skipped message="">
            </skipped>
        </testcase>
        <testcase name="And the user inserts 5 kr coin" classname="kaffemaskin;paying-with-coins">
            <skipped message="">
            </skipped>
        </testcase>
        <testcase name="And the user inserts 5 kr coin" classname="kaffemaskin;paying-with-coins">
            <skipped message="">
            </skipped>
        </testcase>
        <testcase name="And the user inserts 2 kr coin" classname="kaffemaskin;paying-with-coins">
            <skipped message="">
            </skipped>
        </testcase>
        <testcase name="And the user inserts 2 kr coin" classname="kaffemaskin;paying-with-coins">
            <skipped message="">
            </skipped>
        </testcase>
        <testcase name="And the user inserts 0 kr coin" classname="kaffemaskin;paying-with-coins">
            <skipped message="">
            </skipped>
        </testcase>
        <testcase name="Then the user recieves 0 cup of coffee." classname="kaffemaskin;paying-with-coins">
            <skipped message="">
            </skipped>
        </testcase>
    </testsuite>
    <testsuite name="kaffemaskin;paying-with-coins" tests="18" failures="1" skipped="15">
        <properties>
            <property name="URI" value="C:/Users/matti/OneDrive/Skrivbord/Programming/kaffemaskin/features/kaffemaskin.feature">
            </property>
        </properties>
        <testcase name="Given that the machine is plugged in" classname="kaffemaskin;paying-with-coins" time="0.0000611">
        </testcase>
        <testcase name="And that the user has pressed the start button" classname="kaffemaskin;paying-with-coins" time="0.000116799">
        </testcase>
        <testcase name="And that ground coffee is available" classname="kaffemaskin;paying-with-coins" time="0.000182001">
            <failure message="ReferenceError: amountOfCoffee is not defined">ReferenceError: amountOfCoffee is not defined
    at CoffeeMachine.checkIfGroundCoffeeExists (C:\Users\matti\OneDrive\Skrivbord\Programming\kaffemaskin\index.js:41:9)
    at createWorld.&lt;anonymous&gt; (C:\Users\matti\OneDrive\Skrivbord\Programming\kaffemaskin\step-definitions\kaffemaskin.js:37:36)
    at processTicksAndRejections (internal/process/task_queues.js:75:11)</failure>
        </testcase>
        <testcase name="And that water is available" classname="kaffemaskin;paying-with-coins">
            <skipped message="">
            </skipped>
        </testcase>
        <testcase name="And that milk is available" classname="kaffemaskin;paying-with-coins">
            <skipped message="">
            </skipped>
        </testcase>
        <testcase name="And that a cup has been placed" classname="kaffemaskin;paying-with-coins">
            <skipped message="">
            </skipped>
        </testcase>
        <testcase name="And you have used SEK only" classname="kaffemaskin;paying-with-coins">
            <skipped message="">
            </skipped>
        </testcase>
        <testcase name="And you have used either coins or creditcard" classname="kaffemaskin;paying-with-coins">
            <skipped message="">
            </skipped>
        </testcase>
        <testcase name="Then you get a cup of coffee" classname="kaffemaskin;paying-with-coins">
            <skipped message="">
            </skipped>
        </testcase>
        <testcase name="Given that coffee type Espresso has been chosen" classname="kaffemaskin;paying-with-coins">
            <skipped message="">
            </skipped>
        </testcase>
        <testcase name="And the payment method coins has been chosen" classname="kaffemaskin;paying-with-coins">
            <skipped message="">
            </skipped>
        </testcase>
        <testcase name="When the user inserts &quot;pollett&quot; kr coin" classname="kaffemaskin;paying-with-coins">
            <skipped message="">
            </skipped>
        </testcase>
        <testcase name="And the user inserts 5 kr coin" classname="kaffemaskin;paying-with-coins">
            <skipped message="">
            </skipped>
        </testcase>
        <testcase name="And the user inserts 5 kr coin" classname="kaffemaskin;paying-with-coins">
            <skipped message="">
            </skipped>
        </testcase>
        <testcase name="And the user inserts 5 kr coin" classname="kaffemaskin;paying-with-coins">
            <skipped message="">
            </skipped>
        </testcase>
        <testcase name="And the user inserts 2 kr coin" classname="kaffemaskin;paying-with-coins">
            <skipped message="">
            </skipped>
        </testcase>
        <testcase name="And the user inserts 2 kr coin" classname="kaffemaskin;paying-with-coins">
            <skipped message="">
            </skipped>
        </testcase>
        <testcase name="Then the user recieves 0 cup of coffee." classname="kaffemaskin;paying-with-coins">
            <skipped message="">
            </skipped>
        </testcase>
    </testsuite>
    <testsuite name="kaffemaskin;paying-with-creditcard" tests="13" failures="1" skipped="10">
        <properties>
            <property name="URI" value="C:/Users/matti/OneDrive/Skrivbord/Programming/kaffemaskin/features/kaffemaskin.feature">
            </property>
        </properties>
        <testcase name="Given that the machine is plugged in" classname="kaffemaskin;paying-with-creditcard" time="0.0000522">
        </testcase>
        <testcase name="And that the user has pressed the start button" classname="kaffemaskin;paying-with-creditcard" time="0.000065601">
        </testcase>
        <testcase name="And that ground coffee is available" classname="kaffemaskin;paying-with-creditcard" time="0.000214901">
            <failure message="ReferenceError: amountOfCoffee is not defined">ReferenceError: amountOfCoffee is not defined
    at CoffeeMachine.checkIfGroundCoffeeExists (C:\Users\matti\OneDrive\Skrivbord\Programming\kaffemaskin\index.js:41:9)
    at createWorld.&lt;anonymous&gt; (C:\Users\matti\OneDrive\Skrivbord\Programming\kaffemaskin\step-definitions\kaffemaskin.js:37:36)
    at processTicksAndRejections (internal/process/task_queues.js:75:11)</failure>
        </testcase>
        <testcase name="And that water is available" classname="kaffemaskin;paying-with-creditcard">
            <skipped message="">
            </skipped>
        </testcase>
        <testcase name="And that milk is available" classname="kaffemaskin;paying-with-creditcard">
            <skipped message="">
            </skipped>
        </testcase>
        <testcase name="And that a cup has been placed" classname="kaffemaskin;paying-with-creditcard">
            <skipped message="">
            </skipped>
        </testcase>
        <testcase name="And you have used SEK only" classname="kaffemaskin;paying-with-creditcard">
            <skipped message="">
            </skipped>
        </testcase>
        <testcase name="And you have used either coins or creditcard" classname="kaffemaskin;paying-with-creditcard">
            <skipped message="">
            </skipped>
        </testcase>
        <testcase name="Then you get a cup of coffee" classname="kaffemaskin;paying-with-creditcard">
            <skipped message="">
            </skipped>
        </testcase>
        <testcase name="Given that coffee type Black Coffee has been chosen" classname="kaffemaskin;paying-with-creditcard">
            <skipped message="">
            </skipped>
        </testcase>
        <testcase name="When the payment method creditcard has been chosen" classname="kaffemaskin;paying-with-creditcard">
            <skipped message="">
            </skipped>
        </testcase>
        <testcase name="And has enough 10" classname="kaffemaskin;paying-with-creditcard">
            <skipped message="">
            </skipped>
        </testcase>
        <testcase name="Then the user recieves 1 cup of coffee." classname="kaffemaskin;paying-with-creditcard">
            <skipped message="">
            </skipped>
        </testcase>
    </testsuite>
    <testsuite name="kaffemaskin;paying-with-creditcard" tests="13" failures="1" skipped="10">
        <properties>
            <property name="URI" value="C:/Users/matti/OneDrive/Skrivbord/Programming/kaffemaskin/features/kaffemaskin.feature">
            </property>
        </properties>
        <testcase name="Given that the machine is plugged in" classname="kaffemaskin;paying-with-creditcard" time="0.0000573">
        </testcase>
        <testcase name="And that the user has pressed the start button" classname="kaffemaskin;paying-with-creditcard" time="0.000102201">
        </testcase>
        <testcase name="And that ground coffee is available" classname="kaffemaskin;paying-with-creditcard" time="0.000129">
            <failure message="ReferenceError: amountOfCoffee is not defined">ReferenceError: amountOfCoffee is not defined
    at CoffeeMachine.checkIfGroundCoffeeExists (C:\Users\matti\OneDrive\Skrivbord\Programming\kaffemaskin\index.js:41:9)
    at createWorld.&lt;anonymous&gt; (C:\Users\matti\OneDrive\Skrivbord\Programming\kaffemaskin\step-definitions\kaffemaskin.js:37:36)
    at processTicksAndRejections (internal/process/task_queues.js:75:11)</failure>
        </testcase>
        <testcase name="And that water is available" classname="kaffemaskin;paying-with-creditcard">
            <skipped message="">
            </skipped>
        </testcase>
        <testcase name="And that milk is available" classname="kaffemaskin;paying-with-creditcard">
            <skipped message="">
            </skipped>
        </testcase>
        <testcase name="And that a cup has been placed" classname="kaffemaskin;paying-with-creditcard">
            <skipped message="">
            </skipped>
        </testcase>
        <testcase name="And you have used SEK only" classname="kaffemaskin;paying-with-creditcard">
            <skipped message="">
            </skipped>
        </testcase>
        <testcase name="And you have used either coins or creditcard" classname="kaffemaskin;paying-with-creditcard">
            <skipped message="">
            </skipped>
        </testcase>
        <testcase name="Then you get a cup of coffee" classname="kaffemaskin;paying-with-creditcard">
            <skipped message="">
            </skipped>
        </testcase>
        <testcase name="Given that coffee type Black Coffee has been chosen" classname="kaffemaskin;paying-with-creditcard">
            <skipped message="">
            </skipped>
        </testcase>
        <testcase name="When the payment method creditcard has been chosen" classname="kaffemaskin;paying-with-creditcard">
            <skipped message="">
            </skipped>
        </testcase>
        <testcase name="And has enough 13" classname="kaffemaskin;paying-with-creditcard">
            <skipped message="">
            </skipped>
        </testcase>
        <testcase name="Then the user recieves 1 cup of coffee." classname="kaffemaskin;paying-with-creditcard">
            <skipped message="">
            </skipped>
        </testcase>
    </testsuite>
    <testsuite name="kaffemaskin;paying-with-creditcard" tests="13" failures="1" skipped="10">
        <properties>
            <property name="URI" value="C:/Users/matti/OneDrive/Skrivbord/Programming/kaffemaskin/features/kaffemaskin.feature">
            </property>
        </properties>
        <testcase name="Given that the machine is plugged in" classname="kaffemaskin;paying-with-creditcard" time="0.0000889">
        </testcase>
        <testcase name="And that the user has pressed the start button" classname="kaffemaskin;paying-with-creditcard" time="0.0000803">
        </testcase>
        <testcase name="And that ground coffee is available" classname="kaffemaskin;paying-with-creditcard" time="0.000135001">
            <failure message="ReferenceError: amountOfCoffee is not defined">ReferenceError: amountOfCoffee is not defined
    at CoffeeMachine.checkIfGroundCoffeeExists (C:\Users\matti\OneDrive\Skrivbord\Programming\kaffemaskin\index.js:41:9)
    at createWorld.&lt;anonymous&gt; (C:\Users\matti\OneDrive\Skrivbord\Programming\kaffemaskin\step-definitions\kaffemaskin.js:37:36)
    at processTicksAndRejections (internal/process/task_queues.js:75:11)</failure>
        </testcase>
        <testcase name="And that water is available" classname="kaffemaskin;paying-with-creditcard">
            <skipped message="">
            </skipped>
        </testcase>
        <testcase name="And that milk is available" classname="kaffemaskin;paying-with-creditcard">
            <skipped message="">
            </skipped>
        </testcase>
        <testcase name="And that a cup has been placed" classname="kaffemaskin;paying-with-creditcard">
            <skipped message="">
            </skipped>
        </testcase>
        <testcase name="And you have used SEK only" classname="kaffemaskin;paying-with-creditcard">
            <skipped message="">
            </skipped>
        </testcase>
        <testcase name="And you have used either coins or creditcard" classname="kaffemaskin;paying-with-creditcard">
            <skipped message="">
            </skipped>
        </testcase>
        <testcase name="Then you get a cup of coffee" classname="kaffemaskin;paying-with-creditcard">
            <skipped message="">
            </skipped>
        </testcase>
        <testcase name="Given that coffee type Black Coffee has been chosen" classname="kaffemaskin;paying-with-creditcard">
            <skipped message="">
            </skipped>
        </testcase>
        <testcase name="When the payment method creditcard has been chosen" classname="kaffemaskin;paying-with-creditcard">
            <skipped message="">
            </skipped>
        </testcase>
        <testcase name="And has enough 7" classname="kaffemaskin;paying-with-creditcard">
            <skipped message="">
            </skipped>
        </testcase>
        <testcase name="Then the user recieves 0 cup of coffee." classname="kaffemaskin;paying-with-creditcard">
            <skipped message="">
            </skipped>
        </testcase>
    </testsuite>
    <testsuite name="kaffemaskin;paying-with-creditcard" tests="13" failures="1" skipped="10">
        <properties>
            <property name="URI" value="C:/Users/matti/OneDrive/Skrivbord/Programming/kaffemaskin/features/kaffemaskin.feature">
            </property>
        </properties>
        <testcase name="Given that the machine is plugged in" classname="kaffemaskin;paying-with-creditcard" time="0.0000432">
        </testcase>
        <testcase name="And that the user has pressed the start button" classname="kaffemaskin;paying-with-creditcard" time="0.000052999">
        </testcase>
        <testcase name="And that ground coffee is available" classname="kaffemaskin;paying-with-creditcard" time="0.0001491">
            <failure message="ReferenceError: amountOfCoffee is not defined">ReferenceError: amountOfCoffee is not defined
    at CoffeeMachine.checkIfGroundCoffeeExists (C:\Users\matti\OneDrive\Skrivbord\Programming\kaffemaskin\index.js:41:9)
    at createWorld.&lt;anonymous&gt; (C:\Users\matti\OneDrive\Skrivbord\Programming\kaffemaskin\step-definitions\kaffemaskin.js:37:36)
    at processTicksAndRejections (internal/process/task_queues.js:75:11)</failure>
        </testcase>
        <testcase name="And that water is available" classname="kaffemaskin;paying-with-creditcard">
            <skipped message="">
            </skipped>
        </testcase>
        <testcase name="And that milk is available" classname="kaffemaskin;paying-with-creditcard">
            <skipped message="">
            </skipped>
        </testcase>
        <testcase name="And that a cup has been placed" classname="kaffemaskin;paying-with-creditcard">
            <skipped message="">
            </skipped>
        </testcase>
        <testcase name="And you have used SEK only" classname="kaffemaskin;paying-with-creditcard">
            <skipped message="">
            </skipped>
        </testcase>
        <testcase name="And you have used either coins or creditcard" classname="kaffemaskin;paying-with-creditcard">
            <skipped message="">
            </skipped>
        </testcase>
        <testcase name="Then you get a cup of coffee" classname="kaffemaskin;paying-with-creditcard">
            <skipped message="">
            </skipped>
        </testcase>
        <testcase name="Given that coffee type Black Coffee has been chosen" classname="kaffemaskin;paying-with-creditcard">
            <skipped message="">
            </skipped>
        </testcase>
        <testcase name="When the payment method creditcard has been chosen" classname="kaffemaskin;paying-with-creditcard">
            <skipped message="">
            </skipped>
        </testcase>
        <testcase name="And has enough 9" classname="kaffemaskin;paying-with-creditcard">
            <skipped message="">
            </skipped>
        </testcase>
        <testcase name="Then the user recieves 0 cup of coffee." classname="kaffemaskin;paying-with-creditcard">
            <skipped message="">
            </skipped>
        </testcase>
    </testsuite>
    <testsuite name="kaffemaskin;paying-with-creditcard" tests="13" failures="1" skipped="10">
        <properties>
            <property name="URI" value="C:/Users/matti/OneDrive/Skrivbord/Programming/kaffemaskin/features/kaffemaskin.feature">
            </property>
        </properties>
        <testcase name="Given that the machine is plugged in" classname="kaffemaskin;paying-with-creditcard" time="0.0000607">
        </testcase>
        <testcase name="And that the user has pressed the start button" classname="kaffemaskin;paying-with-creditcard" time="0.0000999">
        </testcase>
        <testcase name="And that ground coffee is available" classname="kaffemaskin;paying-with-creditcard" time="0.0002162">
            <failure message="ReferenceError: amountOfCoffee is not defined">ReferenceError: amountOfCoffee is not defined
    at CoffeeMachine.checkIfGroundCoffeeExists (C:\Users\matti\OneDrive\Skrivbord\Programming\kaffemaskin\index.js:41:9)
    at createWorld.&lt;anonymous&gt; (C:\Users\matti\OneDrive\Skrivbord\Programming\kaffemaskin\step-definitions\kaffemaskin.js:37:36)
    at processTicksAndRejections (internal/process/task_queues.js:75:11)</failure>
        </testcase>
        <testcase name="And that water is available" classname="kaffemaskin;paying-with-creditcard">
            <skipped message="">
            </skipped>
        </testcase>
        <testcase name="And that milk is available" classname="kaffemaskin;paying-with-creditcard">
            <skipped message="">
            </skipped>
        </testcase>
        <testcase name="And that a cup has been placed" classname="kaffemaskin;paying-with-creditcard">
            <skipped message="">
            </skipped>
        </testcase>
        <testcase name="And you have used SEK only" classname="kaffemaskin;paying-with-creditcard">
            <skipped message="">
            </skipped>
        </testcase>
        <testcase name="And you have used either coins or creditcard" classname="kaffemaskin;paying-with-creditcard">
            <skipped message="">
            </skipped>
        </testcase>
        <testcase name="Then you get a cup of coffee" classname="kaffemaskin;paying-with-creditcard">
            <skipped message="">
            </skipped>
        </testcase>
        <testcase name="Given that coffee type Caffe Latte has been chosen" classname="kaffemaskin;paying-with-creditcard">
            <skipped message="">
            </skipped>
        </testcase>
        <testcase name="When the payment method creditcard has been chosen" classname="kaffemaskin;paying-with-creditcard">
            <skipped message="">
            </skipped>
        </testcase>
        <testcase name="And has enough 20" classname="kaffemaskin;paying-with-creditcard">
            <skipped message="">
            </skipped>
        </testcase>
        <testcase name="Then the user recieves 1 cup of coffee." classname="kaffemaskin;paying-with-creditcard">
            <skipped message="">
            </skipped>
        </testcase>
    </testsuite>
    <testsuite name="kaffemaskin;paying-with-creditcard" tests="13" failures="1" skipped="10">
        <properties>
            <property name="URI" value="C:/Users/matti/OneDrive/Skrivbord/Programming/kaffemaskin/features/kaffemaskin.feature">
            </property>
        </properties>
        <testcase name="Given that the machine is plugged in" classname="kaffemaskin;paying-with-creditcard" time="0.0000766">
        </testcase>
        <testcase name="And that the user has pressed the start button" classname="kaffemaskin;paying-with-creditcard" time="0.0000594">
        </testcase>
        <testcase name="And that ground coffee is available" classname="kaffemaskin;paying-with-creditcard" time="0.000235299">
            <failure message="ReferenceError: amountOfCoffee is not defined">ReferenceError: amountOfCoffee is not defined
    at CoffeeMachine.checkIfGroundCoffeeExists (C:\Users\matti\OneDrive\Skrivbord\Programming\kaffemaskin\index.js:41:9)
    at createWorld.&lt;anonymous&gt; (C:\Users\matti\OneDrive\Skrivbord\Programming\kaffemaskin\step-definitions\kaffemaskin.js:37:36)
    at processTicksAndRejections (internal/process/task_queues.js:75:11)</failure>
        </testcase>
        <testcase name="And that water is available" classname="kaffemaskin;paying-with-creditcard">
            <skipped message="">
            </skipped>
        </testcase>
        <testcase name="And that milk is available" classname="kaffemaskin;paying-with-creditcard">
            <skipped message="">
            </skipped>
        </testcase>
        <testcase name="And that a cup has been placed" classname="kaffemaskin;paying-with-creditcard">
            <skipped message="">
            </skipped>
        </testcase>
        <testcase name="And you have used SEK only" classname="kaffemaskin;paying-with-creditcard">
            <skipped message="">
            </skipped>
        </testcase>
        <testcase name="And you have used either coins or creditcard" classname="kaffemaskin;paying-with-creditcard">
            <skipped message="">
            </skipped>
        </testcase>
        <testcase name="Then you get a cup of coffee" classname="kaffemaskin;paying-with-creditcard">
            <skipped message="">
            </skipped>
        </testcase>
        <testcase name="Given that coffee type Caffe Latte has been chosen" classname="kaffemaskin;paying-with-creditcard">
            <skipped message="">
            </skipped>
        </testcase>
        <testcase name="When the payment method creditcard has been chosen" classname="kaffemaskin;paying-with-creditcard">
            <skipped message="">
            </skipped>
        </testcase>
        <testcase name="And has enough 40" classname="kaffemaskin;paying-with-creditcard">
            <skipped message="">
            </skipped>
        </testcase>
        <testcase name="Then the user recieves 1 cup of coffee." classname="kaffemaskin;paying-with-creditcard">
            <skipped message="">
            </skipped>
        </testcase>
    </testsuite>
    <testsuite name="kaffemaskin;paying-with-creditcard" tests="13" failures="1" skipped="10">
        <properties>
            <property name="URI" value="C:/Users/matti/OneDrive/Skrivbord/Programming/kaffemaskin/features/kaffemaskin.feature">
            </property>
        </properties>
        <testcase name="Given that the machine is plugged in" classname="kaffemaskin;paying-with-creditcard" time="0.0000672">
        </testcase>
        <testcase name="And that the user has pressed the start button" classname="kaffemaskin;paying-with-creditcard" time="0.000077601">
        </testcase>
        <testcase name="And that ground coffee is available" classname="kaffemaskin;paying-with-creditcard" time="0.000155099">
            <failure message="ReferenceError: amountOfCoffee is not defined">ReferenceError: amountOfCoffee is not defined
    at CoffeeMachine.checkIfGroundCoffeeExists (C:\Users\matti\OneDrive\Skrivbord\Programming\kaffemaskin\index.js:41:9)
    at createWorld.&lt;anonymous&gt; (C:\Users\matti\OneDrive\Skrivbord\Programming\kaffemaskin\step-definitions\kaffemaskin.js:37:36)
    at processTicksAndRejections (internal/process/task_queues.js:75:11)</failure>
        </testcase>
        <testcase name="And that water is available" classname="kaffemaskin;paying-with-creditcard">
            <skipped message="">
            </skipped>
        </testcase>
        <testcase name="And that milk is available" classname="kaffemaskin;paying-with-creditcard">
            <skipped message="">
            </skipped>
        </testcase>
        <testcase name="And that a cup has been placed" classname="kaffemaskin;paying-with-creditcard">
            <skipped message="">
            </skipped>
        </testcase>
        <testcase name="And you have used SEK only" classname="kaffemaskin;paying-with-creditcard">
            <skipped message="">
            </skipped>
        </testcase>
        <testcase name="And you have used either coins or creditcard" classname="kaffemaskin;paying-with-creditcard">
            <skipped message="">
            </skipped>
        </testcase>
        <testcase name="Then you get a cup of coffee" classname="kaffemaskin;paying-with-creditcard">
            <skipped message="">
            </skipped>
        </testcase>
        <testcase name="Given that coffee type Caffe Latte has been chosen" classname="kaffemaskin;paying-with-creditcard">
            <skipped message="">
            </skipped>
        </testcase>
        <testcase name="When the payment method creditcard has been chosen" classname="kaffemaskin;paying-with-creditcard">
            <skipped message="">
            </skipped>
        </testcase>
        <testcase name="And has enough 10" classname="kaffemaskin;paying-with-creditcard">
            <skipped message="">
            </skipped>
        </testcase>
        <testcase name="Then the user recieves 0 cup of coffee." classname="kaffemaskin;paying-with-creditcard">
            <skipped message="">
            </skipped>
        </testcase>
    </testsuite>
    <testsuite name="kaffemaskin;paying-with-creditcard" tests="13" failures="1" skipped="10">
        <properties>
            <property name="URI" value="C:/Users/matti/OneDrive/Skrivbord/Programming/kaffemaskin/features/kaffemaskin.feature">
            </property>
        </properties>
        <testcase name="Given that the machine is plugged in" classname="kaffemaskin;paying-with-creditcard" time="0.0000487">
        </testcase>
        <testcase name="And that the user has pressed the start button" classname="kaffemaskin;paying-with-creditcard" time="0.0000672">
        </testcase>
        <testcase name="And that ground coffee is available" classname="kaffemaskin;paying-with-creditcard" time="0.0000861">
            <failure message="ReferenceError: amountOfCoffee is not defined">ReferenceError: amountOfCoffee is not defined
    at CoffeeMachine.checkIfGroundCoffeeExists (C:\Users\matti\OneDrive\Skrivbord\Programming\kaffemaskin\index.js:41:9)
    at createWorld.&lt;anonymous&gt; (C:\Users\matti\OneDrive\Skrivbord\Programming\kaffemaskin\step-definitions\kaffemaskin.js:37:36)
    at processTicksAndRejections (internal/process/task_queues.js:75:11)</failure>
        </testcase>
        <testcase name="And that water is available" classname="kaffemaskin;paying-with-creditcard">
            <skipped message="">
            </skipped>
        </testcase>
        <testcase name="And that milk is available" classname="kaffemaskin;paying-with-creditcard">
            <skipped message="">
            </skipped>
        </testcase>
        <testcase name="And that a cup has been placed" classname="kaffemaskin;paying-with-creditcard">
            <skipped message="">
            </skipped>
        </testcase>
        <testcase name="And you have used SEK only" classname="kaffemaskin;paying-with-creditcard">
            <skipped message="">
            </skipped>
        </testcase>
        <testcase name="And you have used either coins or creditcard" classname="kaffemaskin;paying-with-creditcard">
            <skipped message="">
            </skipped>
        </testcase>
        <testcase name="Then you get a cup of coffee" classname="kaffemaskin;paying-with-creditcard">
            <skipped message="">
            </skipped>
        </testcase>
        <testcase name="Given that coffee type Caffe Latte has been chosen" classname="kaffemaskin;paying-with-creditcard">
            <skipped message="">
            </skipped>
        </testcase>
        <testcase name="When the payment method creditcard has been chosen" classname="kaffemaskin;paying-with-creditcard">
            <skipped message="">
            </skipped>
        </testcase>
        <testcase name="And has enough 14" classname="kaffemaskin;paying-with-creditcard">
            <skipped message="">
            </skipped>
        </testcase>
        <testcase name="Then the user recieves 0 cup of coffee." classname="kaffemaskin;paying-with-creditcard">
            <skipped message="">
            </skipped>
        </testcase>
    </testsuite>
    <testsuite name="kaffemaskin;paying-with-creditcard" tests="13" failures="1" skipped="10">
        <properties>
            <property name="URI" value="C:/Users/matti/OneDrive/Skrivbord/Programming/kaffemaskin/features/kaffemaskin.feature">
            </property>
        </properties>
        <testcase name="Given that the machine is plugged in" classname="kaffemaskin;paying-with-creditcard" time="0.0000473">
        </testcase>
        <testcase name="And that the user has pressed the start button" classname="kaffemaskin;paying-with-creditcard" time="0.0000637">
        </testcase>
        <testcase name="And that ground coffee is available" classname="kaffemaskin;paying-with-creditcard" time="0.000149699">
            <failure message="ReferenceError: amountOfCoffee is not defined">ReferenceError: amountOfCoffee is not defined
    at CoffeeMachine.checkIfGroundCoffeeExists (C:\Users\matti\OneDrive\Skrivbord\Programming\kaffemaskin\index.js:41:9)
    at createWorld.&lt;anonymous&gt; (C:\Users\matti\OneDrive\Skrivbord\Programming\kaffemaskin\step-definitions\kaffemaskin.js:37:36)
    at processTicksAndRejections (internal/process/task_queues.js:75:11)</failure>
        </testcase>
        <testcase name="And that water is available" classname="kaffemaskin;paying-with-creditcard">
            <skipped message="">
            </skipped>
        </testcase>
        <testcase name="And that milk is available" classname="kaffemaskin;paying-with-creditcard">
            <skipped message="">
            </skipped>
        </testcase>
        <testcase name="And that a cup has been placed" classname="kaffemaskin;paying-with-creditcard">
            <skipped message="">
            </skipped>
        </testcase>
        <testcase name="And you have used SEK only" classname="kaffemaskin;paying-with-creditcard">
            <skipped message="">
            </skipped>
        </testcase>
        <testcase name="And you have used either coins or creditcard" classname="kaffemaskin;paying-with-creditcard">
            <skipped message="">
            </skipped>
        </testcase>
        <testcase name="Then you get a cup of coffee" classname="kaffemaskin;paying-with-creditcard">
            <skipped message="">
            </skipped>
        </testcase>
        <testcase name="Given that coffee type Cappucino has been chosen" classname="kaffemaskin;paying-with-creditcard">
            <skipped message="">
            </skipped>
        </testcase>
        <testcase name="When the payment method creditcard has been chosen" classname="kaffemaskin;paying-with-creditcard">
            <skipped message="">
            </skipped>
        </testcase>
        <testcase name="And has enough 214" classname="kaffemaskin;paying-with-creditcard">
            <skipped message="">
            </skipped>
        </testcase>
        <testcase name="Then the user recieves 1 cup of coffee." classname="kaffemaskin;paying-with-creditcard">
            <skipped message="">
            </skipped>
        </testcase>
    </testsuite>
    <testsuite name="kaffemaskin;paying-with-creditcard" tests="13" failures="1" skipped="10">
        <properties>
            <property name="URI" value="C:/Users/matti/OneDrive/Skrivbord/Programming/kaffemaskin/features/kaffemaskin.feature">
            </property>
        </properties>
        <testcase name="Given that the machine is plugged in" classname="kaffemaskin;paying-with-creditcard" time="0.000077">
        </testcase>
        <testcase name="And that the user has pressed the start button" classname="kaffemaskin;paying-with-creditcard" time="0.0000454">
        </testcase>
        <testcase name="And that ground coffee is available" classname="kaffemaskin;paying-with-creditcard" time="0.0000684">
            <failure message="ReferenceError: amountOfCoffee is not defined">ReferenceError: amountOfCoffee is not defined
    at CoffeeMachine.checkIfGroundCoffeeExists (C:\Users\matti\OneDrive\Skrivbord\Programming\kaffemaskin\index.js:41:9)
    at createWorld.&lt;anonymous&gt; (C:\Users\matti\OneDrive\Skrivbord\Programming\kaffemaskin\step-definitions\kaffemaskin.js:37:36)
    at processTicksAndRejections (internal/process/task_queues.js:75:11)</failure>
        </testcase>
        <testcase name="And that water is available" classname="kaffemaskin;paying-with-creditcard">
            <skipped message="">
            </skipped>
        </testcase>
        <testcase name="And that milk is available" classname="kaffemaskin;paying-with-creditcard">
            <skipped message="">
            </skipped>
        </testcase>
        <testcase name="And that a cup has been placed" classname="kaffemaskin;paying-with-creditcard">
            <skipped message="">
            </skipped>
        </testcase>
        <testcase name="And you have used SEK only" classname="kaffemaskin;paying-with-creditcard">
            <skipped message="">
            </skipped>
        </testcase>
        <testcase name="And you have used either coins or creditcard" classname="kaffemaskin;paying-with-creditcard">
            <skipped message="">
            </skipped>
        </testcase>
        <testcase name="Then you get a cup of coffee" classname="kaffemaskin;paying-with-creditcard">
            <skipped message="">
            </skipped>
        </testcase>
        <testcase name="Given that coffee type Cappucino has been chosen" classname="kaffemaskin;paying-with-creditcard">
            <skipped message="">
            </skipped>
        </testcase>
        <testcase name="When the payment method creditcard has been chosen" classname="kaffemaskin;paying-with-creditcard">
            <skipped message="">
            </skipped>
        </testcase>
        <testcase name="And has enough 34" classname="kaffemaskin;paying-with-creditcard">
            <skipped message="">
            </skipped>
        </testcase>
        <testcase name="Then the user recieves 1 cup of coffee." classname="kaffemaskin;paying-with-creditcard">
            <skipped message="">
            </skipped>
        </testcase>
    </testsuite>
    <testsuite name="kaffemaskin;paying-with-creditcard" tests="13" failures="1" skipped="10">
        <properties>
            <property name="URI" value="C:/Users/matti/OneDrive/Skrivbord/Programming/kaffemaskin/features/kaffemaskin.feature">
            </property>
        </properties>
        <testcase name="Given that the machine is plugged in" classname="kaffemaskin;paying-with-creditcard" time="0.0000418">
        </testcase>
        <testcase name="And that the user has pressed the start button" classname="kaffemaskin;paying-with-creditcard" time="0.0000568">
        </testcase>
        <testcase name="And that ground coffee is available" classname="kaffemaskin;paying-with-creditcard" time="0.0001774">
            <failure message="ReferenceError: amountOfCoffee is not defined">ReferenceError: amountOfCoffee is not defined
    at CoffeeMachine.checkIfGroundCoffeeExists (C:\Users\matti\OneDrive\Skrivbord\Programming\kaffemaskin\index.js:41:9)
    at createWorld.&lt;anonymous&gt; (C:\Users\matti\OneDrive\Skrivbord\Programming\kaffemaskin\step-definitions\kaffemaskin.js:37:36)
    at processTicksAndRejections (internal/process/task_queues.js:75:11)</failure>
        </testcase>
        <testcase name="And that water is available" classname="kaffemaskin;paying-with-creditcard">
            <skipped message="">
            </skipped>
        </testcase>
        <testcase name="And that milk is available" classname="kaffemaskin;paying-with-creditcard">
            <skipped message="">
            </skipped>
        </testcase>
        <testcase name="And that a cup has been placed" classname="kaffemaskin;paying-with-creditcard">
            <skipped message="">
            </skipped>
        </testcase>
        <testcase name="And you have used SEK only" classname="kaffemaskin;paying-with-creditcard">
            <skipped message="">
            </skipped>
        </testcase>
        <testcase name="And you have used either coins or creditcard" classname="kaffemaskin;paying-with-creditcard">
            <skipped message="">
            </skipped>
        </testcase>
        <testcase name="Then you get a cup of coffee" classname="kaffemaskin;paying-with-creditcard">
            <skipped message="">
            </skipped>
        </testcase>
        <testcase name="Given that coffee type Cappucino has been chosen" classname="kaffemaskin;paying-with-creditcard">
            <skipped message="">
            </skipped>
        </testcase>
        <testcase name="When the payment method creditcard has been chosen" classname="kaffemaskin;paying-with-creditcard">
            <skipped message="">
            </skipped>
        </testcase>
        <testcase name="And has enough 18" classname="kaffemaskin;paying-with-creditcard">
            <skipped message="">
            </skipped>
        </testcase>
        <testcase name="Then the user recieves 0 cup of coffee." classname="kaffemaskin;paying-with-creditcard">
            <skipped message="">
            </skipped>
        </testcase>
    </testsuite>
    <testsuite name="kaffemaskin;paying-with-creditcard" tests="13" failures="1" skipped="10">
        <properties>
            <property name="URI" value="C:/Users/matti/OneDrive/Skrivbord/Programming/kaffemaskin/features/kaffemaskin.feature">
            </property>
        </properties>
        <testcase name="Given that the machine is plugged in" classname="kaffemaskin;paying-with-creditcard" time="0.000047199">
        </testcase>
        <testcase name="And that the user has pressed the start button" classname="kaffemaskin;paying-with-creditcard" time="0.0000893">
        </testcase>
        <testcase name="And that ground coffee is available" classname="kaffemaskin;paying-with-creditcard" time="0.0001718">
            <failure message="ReferenceError: amountOfCoffee is not defined">ReferenceError: amountOfCoffee is not defined
    at CoffeeMachine.checkIfGroundCoffeeExists (C:\Users\matti\OneDrive\Skrivbord\Programming\kaffemaskin\index.js:41:9)
    at createWorld.&lt;anonymous&gt; (C:\Users\matti\OneDrive\Skrivbord\Programming\kaffemaskin\step-definitions\kaffemaskin.js:37:36)
    at processTicksAndRejections (internal/process/task_queues.js:75:11)</failure>
        </testcase>
        <testcase name="And that water is available" classname="kaffemaskin;paying-with-creditcard">
            <skipped message="">
            </skipped>
        </testcase>
        <testcase name="And that milk is available" classname="kaffemaskin;paying-with-creditcard">
            <skipped message="">
            </skipped>
        </testcase>
        <testcase name="And that a cup has been placed" classname="kaffemaskin;paying-with-creditcard">
            <skipped message="">
            </skipped>
        </testcase>
        <testcase name="And you have used SEK only" classname="kaffemaskin;paying-with-creditcard">
            <skipped message="">
            </skipped>
        </testcase>
        <testcase name="And you have used either coins or creditcard" classname="kaffemaskin;paying-with-creditcard">
            <skipped message="">
            </skipped>
        </testcase>
        <testcase name="Then you get a cup of coffee" classname="kaffemaskin;paying-with-creditcard">
            <skipped message="">
            </skipped>
        </testcase>
        <testcase name="Given that coffee type Cappucino has been chosen" classname="kaffemaskin;paying-with-creditcard">
            <skipped message="">
            </skipped>
        </testcase>
        <testcase name="When the payment method creditcard has been chosen" classname="kaffemaskin;paying-with-creditcard">
            <skipped message="">
            </skipped>
        </testcase>
        <testcase name="And has enough 14" classname="kaffemaskin;paying-with-creditcard">
            <skipped message="">
            </skipped>
        </testcase>
        <testcase name="Then the user recieves 0 cup of coffee." classname="kaffemaskin;paying-with-creditcard">
            <skipped message="">
            </skipped>
        </testcase>
    </testsuite>
    <testsuite name="kaffemaskin;paying-with-creditcard" tests="13" failures="1" skipped="10">
        <properties>
            <property name="URI" value="C:/Users/matti/OneDrive/Skrivbord/Programming/kaffemaskin/features/kaffemaskin.feature">
            </property>
        </properties>
        <testcase name="Given that the machine is plugged in" classname="kaffemaskin;paying-with-creditcard" time="0.000064601">
        </testcase>
        <testcase name="And that the user has pressed the start button" classname="kaffemaskin;paying-with-creditcard" time="0.000065699">
        </testcase>
        <testcase name="And that ground coffee is available" classname="kaffemaskin;paying-with-creditcard" time="0.000076699">
            <failure message="ReferenceError: amountOfCoffee is not defined">ReferenceError: amountOfCoffee is not defined
    at CoffeeMachine.checkIfGroundCoffeeExists (C:\Users\matti\OneDrive\Skrivbord\Programming\kaffemaskin\index.js:41:9)
    at createWorld.&lt;anonymous&gt; (C:\Users\matti\OneDrive\Skrivbord\Programming\kaffemaskin\step-definitions\kaffemaskin.js:37:36)
    at processTicksAndRejections (internal/process/task_queues.js:75:11)</failure>
        </testcase>
        <testcase name="And that water is available" classname="kaffemaskin;paying-with-creditcard">
            <skipped message="">
            </skipped>
        </testcase>
        <testcase name="And that milk is available" classname="kaffemaskin;paying-with-creditcard">
            <skipped message="">
            </skipped>
        </testcase>
        <testcase name="And that a cup has been placed" classname="kaffemaskin;paying-with-creditcard">
            <skipped message="">
            </skipped>
        </testcase>
        <testcase name="And you have used SEK only" classname="kaffemaskin;paying-with-creditcard">
            <skipped message="">
            </skipped>
        </testcase>
        <testcase name="And you have used either coins or creditcard" classname="kaffemaskin;paying-with-creditcard">
            <skipped message="">
            </skipped>
        </testcase>
        <testcase name="Then you get a cup of coffee" classname="kaffemaskin;paying-with-creditcard">
            <skipped message="">
            </skipped>
        </testcase>
        <testcase name="Given that coffee type Espresso has been chosen" classname="kaffemaskin;paying-with-creditcard">
            <skipped message="">
            </skipped>
        </testcase>
        <testcase name="When the payment method creditcard has been chosen" classname="kaffemaskin;paying-with-creditcard">
            <skipped message="">
            </skipped>
        </testcase>
        <testcase name="And has enough 53" classname="kaffemaskin;paying-with-creditcard">
            <skipped message="">
            </skipped>
        </testcase>
        <testcase name="Then the user recieves 1 cup of coffee." classname="kaffemaskin;paying-with-creditcard">
            <skipped message="">
            </skipped>
        </testcase>
    </testsuite>
    <testsuite name="kaffemaskin;paying-with-creditcard" tests="13" failures="1" skipped="10">
        <properties>
            <property name="URI" value="C:/Users/matti/OneDrive/Skrivbord/Programming/kaffemaskin/features/kaffemaskin.feature">
            </property>
        </properties>
        <testcase name="Given that the machine is plugged in" classname="kaffemaskin;paying-with-creditcard" time="0.0000434">
        </testcase>
        <testcase name="And that the user has pressed the start button" classname="kaffemaskin;paying-with-creditcard" time="0.0000496">
        </testcase>
        <testcase name="And that ground coffee is available" classname="kaffemaskin;paying-with-creditcard" time="0.0001147">
            <failure message="ReferenceError: amountOfCoffee is not defined">ReferenceError: amountOfCoffee is not defined
    at CoffeeMachine.checkIfGroundCoffeeExists (C:\Users\matti\OneDrive\Skrivbord\Programming\kaffemaskin\index.js:41:9)
    at createWorld.&lt;anonymous&gt; (C:\Users\matti\OneDrive\Skrivbord\Programming\kaffemaskin\step-definitions\kaffemaskin.js:37:36)
    at processTicksAndRejections (internal/process/task_queues.js:75:11)</failure>
        </testcase>
        <testcase name="And that water is available" classname="kaffemaskin;paying-with-creditcard">
            <skipped message="">
            </skipped>
        </testcase>
        <testcase name="And that milk is available" classname="kaffemaskin;paying-with-creditcard">
            <skipped message="">
            </skipped>
        </testcase>
        <testcase name="And that a cup has been placed" classname="kaffemaskin;paying-with-creditcard">
            <skipped message="">
            </skipped>
        </testcase>
        <testcase name="And you have used SEK only" classname="kaffemaskin;paying-with-creditcard">
            <skipped message="">
            </skipped>
        </testcase>
        <testcase name="And you have used either coins or creditcard" classname="kaffemaskin;paying-with-creditcard">
            <skipped message="">
            </skipped>
        </testcase>
        <testcase name="Then you get a cup of coffee" classname="kaffemaskin;paying-with-creditcard">
            <skipped message="">
            </skipped>
        </testcase>
        <testcase name="Given that coffee type Espresso has been chosen" classname="kaffemaskin;paying-with-creditcard">
            <skipped message="">
            </skipped>
        </testcase>
        <testcase name="When the payment method creditcard has been chosen" classname="kaffemaskin;paying-with-creditcard">
            <skipped message="">
            </skipped>
        </testcase>
        <testcase name="And has enough 90" classname="kaffemaskin;paying-with-creditcard">
            <skipped message="">
            </skipped>
        </testcase>
        <testcase name="Then the user recieves 1 cup of coffee." classname="kaffemaskin;paying-with-creditcard">
            <skipped message="">
            </skipped>
        </testcase>
    </testsuite>
    <testsuite name="kaffemaskin;paying-with-creditcard" tests="13" failures="1" skipped="10">
        <properties>
            <property name="URI" value="C:/Users/matti/OneDrive/Skrivbord/Programming/kaffemaskin/features/kaffemaskin.feature">
            </property>
        </properties>
        <testcase name="Given that the machine is plugged in" classname="kaffemaskin;paying-with-creditcard" time="0.000056">
        </testcase>
        <testcase name="And that the user has pressed the start button" classname="kaffemaskin;paying-with-creditcard" time="0.0000963">
        </testcase>
        <testcase name="And that ground coffee is available" classname="kaffemaskin;paying-with-creditcard" time="0.000127799">
            <failure message="ReferenceError: amountOfCoffee is not defined">ReferenceError: amountOfCoffee is not defined
    at CoffeeMachine.checkIfGroundCoffeeExists (C:\Users\matti\OneDrive\Skrivbord\Programming\kaffemaskin\index.js:41:9)
    at createWorld.&lt;anonymous&gt; (C:\Users\matti\OneDrive\Skrivbord\Programming\kaffemaskin\step-definitions\kaffemaskin.js:37:36)
    at processTicksAndRejections (internal/process/task_queues.js:75:11)</failure>
        </testcase>
        <testcase name="And that water is available" classname="kaffemaskin;paying-with-creditcard">
            <skipped message="">
            </skipped>
        </testcase>
        <testcase name="And that milk is available" classname="kaffemaskin;paying-with-creditcard">
            <skipped message="">
            </skipped>
        </testcase>
        <testcase name="And that a cup has been placed" classname="kaffemaskin;paying-with-creditcard">
            <skipped message="">
            </skipped>
        </testcase>
        <testcase name="And you have used SEK only" classname="kaffemaskin;paying-with-creditcard">
            <skipped message="">
            </skipped>
        </testcase>
        <testcase name="And you have used either coins or creditcard" classname="kaffemaskin;paying-with-creditcard">
            <skipped message="">
            </skipped>
        </testcase>
        <testcase name="Then you get a cup of coffee" classname="kaffemaskin;paying-with-creditcard">
            <skipped message="">
            </skipped>
        </testcase>
        <testcase name="Given that coffee type Espresso has been chosen" classname="kaffemaskin;paying-with-creditcard">
            <skipped message="">
            </skipped>
        </testcase>
        <testcase name="When the payment method creditcard has been chosen" classname="kaffemaskin;paying-with-creditcard">
            <skipped message="">
            </skipped>
        </testcase>
        <testcase name="And has enough 23" classname="kaffemaskin;paying-with-creditcard">
            <skipped message="">
            </skipped>
        </testcase>
        <testcase name="Then the user recieves 0 cup of coffee." classname="kaffemaskin;paying-with-creditcard">
            <skipped message="">
            </skipped>
        </testcase>
    </testsuite>
    <testsuite name="kaffemaskin;paying-with-creditcard" tests="13" failures="1" skipped="10">
        <properties>
            <property name="URI" value="C:/Users/matti/OneDrive/Skrivbord/Programming/kaffemaskin/features/kaffemaskin.feature">
            </property>
        </properties>
        <testcase name="Given that the machine is plugged in" classname="kaffemaskin;paying-with-creditcard" time="0.0000422">
        </testcase>
        <testcase name="And that the user has pressed the start button" classname="kaffemaskin;paying-with-creditcard" time="0.0000587">
        </testcase>
        <testcase name="And that ground coffee is available" classname="kaffemaskin;paying-with-creditcard" time="0.000068299">
            <failure message="ReferenceError: amountOfCoffee is not defined">ReferenceError: amountOfCoffee is not defined
    at CoffeeMachine.checkIfGroundCoffeeExists (C:\Users\matti\OneDrive\Skrivbord\Programming\kaffemaskin\index.js:41:9)
    at createWorld.&lt;anonymous&gt; (C:\Users\matti\OneDrive\Skrivbord\Programming\kaffemaskin\step-definitions\kaffemaskin.js:37:36)
    at processTicksAndRejections (internal/process/task_queues.js:75:11)</failure>
        </testcase>
        <testcase name="And that water is available" classname="kaffemaskin;paying-with-creditcard">
            <skipped message="">
            </skipped>
        </testcase>
        <testcase name="And that milk is available" classname="kaffemaskin;paying-with-creditcard">
            <skipped message="">
            </skipped>
        </testcase>
        <testcase name="And that a cup has been placed" classname="kaffemaskin;paying-with-creditcard">
            <skipped message="">
            </skipped>
        </testcase>
        <testcase name="And you have used SEK only" classname="kaffemaskin;paying-with-creditcard">
            <skipped message="">
            </skipped>
        </testcase>
        <testcase name="And you have used either coins or creditcard" classname="kaffemaskin;paying-with-creditcard">
            <skipped message="">
            </skipped>
        </testcase>
        <testcase name="Then you get a cup of coffee" classname="kaffemaskin;paying-with-creditcard">
            <skipped message="">
            </skipped>
        </testcase>
        <testcase name="Given that coffee type Espresso has been chosen" classname="kaffemaskin;paying-with-creditcard">
            <skipped message="">
            </skipped>
        </testcase>
        <testcase name="When the payment method creditcard has been chosen" classname="kaffemaskin;paying-with-creditcard">
            <skipped message="">
            </skipped>
        </testcase>
        <testcase name="And has enough 12" classname="kaffemaskin;paying-with-creditcard">
            <skipped message="">
            </skipped>
        </testcase>
        <testcase name="Then the user recieves 0 cup of coffee." classname="kaffemaskin;paying-with-creditcard">
            <skipped message="">
            </skipped>
        </testcase>
    </testsuite>
    <testsuite name="kaffemaskin;user-doesn&apos;t-have-enough-balance-on-their-creditcard" tests="12" failures="1" skipped="9">
        <properties>
            <property name="URI" value="C:/Users/matti/OneDrive/Skrivbord/Programming/kaffemaskin/features/kaffemaskin.feature">
            </property>
        </properties>
        <testcase name="Given that the machine is plugged in" classname="kaffemaskin;user-doesn&apos;t-have-enough-balance-on-their-creditcard" time="0.0000574">
        </testcase>
        <testcase name="And that the user has pressed the start button" classname="kaffemaskin;user-doesn&apos;t-have-enough-balance-on-their-creditcard" time="0.0000922">
        </testcase>
        <testcase name="And that ground coffee is available" classname="kaffemaskin;user-doesn&apos;t-have-enough-balance-on-their-creditcard" time="0.0001381">
            <failure message="ReferenceError: amountOfCoffee is not defined">ReferenceError: amountOfCoffee is not defined
    at CoffeeMachine.checkIfGroundCoffeeExists (C:\Users\matti\OneDrive\Skrivbord\Programming\kaffemaskin\index.js:41:9)
    at createWorld.&lt;anonymous&gt; (C:\Users\matti\OneDrive\Skrivbord\Programming\kaffemaskin\step-definitions\kaffemaskin.js:37:36)
    at processTicksAndRejections (internal/process/task_queues.js:75:11)</failure>
        </testcase>
        <testcase name="And that water is available" classname="kaffemaskin;user-doesn&apos;t-have-enough-balance-on-their-creditcard">
            <skipped message="">
            </skipped>
        </testcase>
        <testcase name="And that milk is available" classname="kaffemaskin;user-doesn&apos;t-have-enough-balance-on-their-creditcard">
            <skipped message="">
            </skipped>
        </testcase>
        <testcase name="And that a cup has been placed" classname="kaffemaskin;user-doesn&apos;t-have-enough-balance-on-their-creditcard">
            <skipped message="">
            </skipped>
        </testcase>
        <testcase name="And you have used SEK only" classname="kaffemaskin;user-doesn&apos;t-have-enough-balance-on-their-creditcard">
            <skipped message="">
            </skipped>
        </testcase>
        <testcase name="And you have used either coins or creditcard" classname="kaffemaskin;user-doesn&apos;t-have-enough-balance-on-their-creditcard">
            <skipped message="">
            </skipped>
        </testcase>
        <testcase name="Then you get a cup of coffee" classname="kaffemaskin;user-doesn&apos;t-have-enough-balance-on-their-creditcard">
            <skipped message="">
            </skipped>
        </testcase>
        <testcase name="Given that the user chooses to pay with a creditcard" classname="kaffemaskin;user-doesn&apos;t-have-enough-balance-on-their-creditcard">
            <skipped message="">
            </skipped>
        </testcase>
        <testcase name="And the user doesn&apos;t have enough balance on the card" classname="kaffemaskin;user-doesn&apos;t-have-enough-balance-on-their-creditcard">
            <skipped message="">
            </skipped>
        </testcase>
        <testcase name="Then the user gets an error message" classname="kaffemaskin;user-doesn&apos;t-have-enough-balance-on-their-creditcard">
            <skipped message="">
            </skipped>
        </testcase>
    </testsuite>
    <testsuite name="kaffemaskin;the-machine-doesn&apos;t-have-enough-ingredients-for-desired-beverage" tests="13" failures="1" skipped="10">
        <properties>
            <property name="URI" value="C:/Users/matti/OneDrive/Skrivbord/Programming/kaffemaskin/features/kaffemaskin.feature">
            </property>
        </properties>
        <testcase name="Given that the machine is plugged in" classname="kaffemaskin;the-machine-doesn&apos;t-have-enough-ingredients-for-desired-beverage" time="0.0000505">
        </testcase>
        <testcase name="And that the user has pressed the start button" classname="kaffemaskin;the-machine-doesn&apos;t-have-enough-ingredients-for-desired-beverage" time="0.0000567">
        </testcase>
        <testcase name="And that ground coffee is available" classname="kaffemaskin;the-machine-doesn&apos;t-have-enough-ingredients-for-desired-beverage" time="0.000134499">
            <failure message="ReferenceError: amountOfCoffee is not defined">ReferenceError: amountOfCoffee is not defined
    at CoffeeMachine.checkIfGroundCoffeeExists (C:\Users\matti\OneDrive\Skrivbord\Programming\kaffemaskin\index.js:41:9)
    at createWorld.&lt;anonymous&gt; (C:\Users\matti\OneDrive\Skrivbord\Programming\kaffemaskin\step-definitions\kaffemaskin.js:37:36)
    at processTicksAndRejections (internal/process/task_queues.js:75:11)</failure>
        </testcase>
        <testcase name="And that water is available" classname="kaffemaskin;the-machine-doesn&apos;t-have-enough-ingredients-for-desired-beverage">
            <skipped message="">
            </skipped>
        </testcase>
        <testcase name="And that milk is available" classname="kaffemaskin;the-machine-doesn&apos;t-have-enough-ingredients-for-desired-beverage">
            <skipped message="">
            </skipped>
        </testcase>
        <testcase name="And that a cup has been placed" classname="kaffemaskin;the-machine-doesn&apos;t-have-enough-ingredients-for-desired-beverage">
            <skipped message="">
            </skipped>
        </testcase>
        <testcase name="And you have used SEK only" classname="kaffemaskin;the-machine-doesn&apos;t-have-enough-ingredients-for-desired-beverage">
            <skipped message="">
            </skipped>
        </testcase>
        <testcase name="And you have used either coins or creditcard" classname="kaffemaskin;the-machine-doesn&apos;t-have-enough-ingredients-for-desired-beverage">
            <skipped message="">
            </skipped>
        </testcase>
        <testcase name="Then you get a cup of coffee" classname="kaffemaskin;the-machine-doesn&apos;t-have-enough-ingredients-for-desired-beverage">
            <skipped message="">
            </skipped>
        </testcase>
        <testcase name="Given that the user has selected Black Coffee" classname="kaffemaskin;the-machine-doesn&apos;t-have-enough-ingredients-for-desired-beverage">
            <skipped message="">
            </skipped>
        </testcase>
        <testcase name="And there is not enough of ground coffee" classname="kaffemaskin;the-machine-doesn&apos;t-have-enough-ingredients-for-desired-beverage">
            <skipped message="">
            </skipped>
        </testcase>
        <testcase name="When you press the Black Coffee button" classname="kaffemaskin;the-machine-doesn&apos;t-have-enough-ingredients-for-desired-beverage">
            <skipped message="">
            </skipped>
        </testcase>
        <testcase name="Then the machine displays &quot;not enough ground coffee, please refill&quot;" classname="kaffemaskin;the-machine-doesn&apos;t-have-enough-ingredients-for-desired-beverage">
            <skipped message="">
            </skipped>
        </testcase>
    </testsuite>
    <testsuite name="kaffemaskin;the-machine-doesn&apos;t-have-enough-ingredients-for-desired-beverage" tests="13" failures="1" skipped="10">
        <properties>
            <property name="URI" value="C:/Users/matti/OneDrive/Skrivbord/Programming/kaffemaskin/features/kaffemaskin.feature">
            </property>
        </properties>
        <testcase name="Given that the machine is plugged in" classname="kaffemaskin;the-machine-doesn&apos;t-have-enough-ingredients-for-desired-beverage" time="0.000072301">
        </testcase>
        <testcase name="And that the user has pressed the start button" classname="kaffemaskin;the-machine-doesn&apos;t-have-enough-ingredients-for-desired-beverage" time="0.000109299">
        </testcase>
        <testcase name="And that ground coffee is available" classname="kaffemaskin;the-machine-doesn&apos;t-have-enough-ingredients-for-desired-beverage" time="0.0001616">
            <failure message="ReferenceError: amountOfCoffee is not defined">ReferenceError: amountOfCoffee is not defined
    at CoffeeMachine.checkIfGroundCoffeeExists (C:\Users\matti\OneDrive\Skrivbord\Programming\kaffemaskin\index.js:41:9)
    at createWorld.&lt;anonymous&gt; (C:\Users\matti\OneDrive\Skrivbord\Programming\kaffemaskin\step-definitions\kaffemaskin.js:37:36)
    at processTicksAndRejections (internal/process/task_queues.js:75:11)</failure>
        </testcase>
        <testcase name="And that water is available" classname="kaffemaskin;the-machine-doesn&apos;t-have-enough-ingredients-for-desired-beverage">
            <skipped message="">
            </skipped>
        </testcase>
        <testcase name="And that milk is available" classname="kaffemaskin;the-machine-doesn&apos;t-have-enough-ingredients-for-desired-beverage">
            <skipped message="">
            </skipped>
        </testcase>
        <testcase name="And that a cup has been placed" classname="kaffemaskin;the-machine-doesn&apos;t-have-enough-ingredients-for-desired-beverage">
            <skipped message="">
            </skipped>
        </testcase>
        <testcase name="And you have used SEK only" classname="kaffemaskin;the-machine-doesn&apos;t-have-enough-ingredients-for-desired-beverage">
            <skipped message="">
            </skipped>
        </testcase>
        <testcase name="And you have used either coins or creditcard" classname="kaffemaskin;the-machine-doesn&apos;t-have-enough-ingredients-for-desired-beverage">
            <skipped message="">
            </skipped>
        </testcase>
        <testcase name="Then you get a cup of coffee" classname="kaffemaskin;the-machine-doesn&apos;t-have-enough-ingredients-for-desired-beverage">
            <skipped message="">
            </skipped>
        </testcase>
        <testcase name="Given that the user has selected Caffe Latte" classname="kaffemaskin;the-machine-doesn&apos;t-have-enough-ingredients-for-desired-beverage">
            <skipped message="">
            </skipped>
        </testcase>
        <testcase name="And there is not enough of water" classname="kaffemaskin;the-machine-doesn&apos;t-have-enough-ingredients-for-desired-beverage">
            <skipped message="">
            </skipped>
        </testcase>
        <testcase name="When you press the Caffe Latte button" classname="kaffemaskin;the-machine-doesn&apos;t-have-enough-ingredients-for-desired-beverage">
            <skipped message="">
            </skipped>
        </testcase>
        <testcase name="Then the machine displays &quot;not enough water, please refill&quot;" classname="kaffemaskin;the-machine-doesn&apos;t-have-enough-ingredients-for-desired-beverage">
            <skipped message="">
            </skipped>
        </testcase>
    </testsuite>
    <testsuite name="kaffemaskin;the-machine-doesn&apos;t-have-enough-ingredients-for-desired-beverage" tests="13" failures="1" skipped="10">
        <properties>
            <property name="URI" value="C:/Users/matti/OneDrive/Skrivbord/Programming/kaffemaskin/features/kaffemaskin.feature">
            </property>
        </properties>
        <testcase name="Given that the machine is plugged in" classname="kaffemaskin;the-machine-doesn&apos;t-have-enough-ingredients-for-desired-beverage" time="0.0000814">
        </testcase>
        <testcase name="And that the user has pressed the start button" classname="kaffemaskin;the-machine-doesn&apos;t-have-enough-ingredients-for-desired-beverage" time="0.0000958">
        </testcase>
        <testcase name="And that ground coffee is available" classname="kaffemaskin;the-machine-doesn&apos;t-have-enough-ingredients-for-desired-beverage" time="0.000129001">
            <failure message="ReferenceError: amountOfCoffee is not defined">ReferenceError: amountOfCoffee is not defined
    at CoffeeMachine.checkIfGroundCoffeeExists (C:\Users\matti\OneDrive\Skrivbord\Programming\kaffemaskin\index.js:41:9)
    at createWorld.&lt;anonymous&gt; (C:\Users\matti\OneDrive\Skrivbord\Programming\kaffemaskin\step-definitions\kaffemaskin.js:37:36)
    at processTicksAndRejections (internal/process/task_queues.js:75:11)</failure>
        </testcase>
        <testcase name="And that water is available" classname="kaffemaskin;the-machine-doesn&apos;t-have-enough-ingredients-for-desired-beverage">
            <skipped message="">
            </skipped>
        </testcase>
        <testcase name="And that milk is available" classname="kaffemaskin;the-machine-doesn&apos;t-have-enough-ingredients-for-desired-beverage">
            <skipped message="">
            </skipped>
        </testcase>
        <testcase name="And that a cup has been placed" classname="kaffemaskin;the-machine-doesn&apos;t-have-enough-ingredients-for-desired-beverage">
            <skipped message="">
            </skipped>
        </testcase>
        <testcase name="And you have used SEK only" classname="kaffemaskin;the-machine-doesn&apos;t-have-enough-ingredients-for-desired-beverage">
            <skipped message="">
            </skipped>
        </testcase>
        <testcase name="And you have used either coins or creditcard" classname="kaffemaskin;the-machine-doesn&apos;t-have-enough-ingredients-for-desired-beverage">
            <skipped message="">
            </skipped>
        </testcase>
        <testcase name="Then you get a cup of coffee" classname="kaffemaskin;the-machine-doesn&apos;t-have-enough-ingredients-for-desired-beverage">
            <skipped message="">
            </skipped>
        </testcase>
        <testcase name="Given that the user has selected Cappucino" classname="kaffemaskin;the-machine-doesn&apos;t-have-enough-ingredients-for-desired-beverage">
            <skipped message="">
            </skipped>
        </testcase>
        <testcase name="And there is not enough of milk" classname="kaffemaskin;the-machine-doesn&apos;t-have-enough-ingredients-for-desired-beverage">
            <skipped message="">
            </skipped>
        </testcase>
        <testcase name="When you press the Cappucino button" classname="kaffemaskin;the-machine-doesn&apos;t-have-enough-ingredients-for-desired-beverage">
            <skipped message="">
            </skipped>
        </testcase>
        <testcase name="Then the machine displays &quot;not enough milk, please refill&quot;" classname="kaffemaskin;the-machine-doesn&apos;t-have-enough-ingredients-for-desired-beverage">
            <skipped message="">
            </skipped>
        </testcase>
    </testsuite>
    <testsuite name="kaffemaskin;the-machine-doesn&apos;t-have-enough-ingredients-for-desired-beverage" tests="13" failures="1" skipped="10">
        <properties>
            <property name="URI" value="C:/Users/matti/OneDrive/Skrivbord/Programming/kaffemaskin/features/kaffemaskin.feature">
            </property>
        </properties>
        <testcase name="Given that the machine is plugged in" classname="kaffemaskin;the-machine-doesn&apos;t-have-enough-ingredients-for-desired-beverage" time="0.0008712">
        </testcase>
        <testcase name="And that the user has pressed the start button" classname="kaffemaskin;the-machine-doesn&apos;t-have-enough-ingredients-for-desired-beverage" time="0.0000735">
        </testcase>
        <testcase name="And that ground coffee is available" classname="kaffemaskin;the-machine-doesn&apos;t-have-enough-ingredients-for-desired-beverage" time="0.000211199">
            <failure message="ReferenceError: amountOfCoffee is not defined">ReferenceError: amountOfCoffee is not defined
    at CoffeeMachine.checkIfGroundCoffeeExists (C:\Users\matti\OneDrive\Skrivbord\Programming\kaffemaskin\index.js:41:9)
    at createWorld.&lt;anonymous&gt; (C:\Users\matti\OneDrive\Skrivbord\Programming\kaffemaskin\step-definitions\kaffemaskin.js:37:36)
    at processTicksAndRejections (internal/process/task_queues.js:75:11)</failure>
        </testcase>
        <testcase name="And that water is available" classname="kaffemaskin;the-machine-doesn&apos;t-have-enough-ingredients-for-desired-beverage">
            <skipped message="">
            </skipped>
        </testcase>
        <testcase name="And that milk is available" classname="kaffemaskin;the-machine-doesn&apos;t-have-enough-ingredients-for-desired-beverage">
            <skipped message="">
            </skipped>
        </testcase>
        <testcase name="And that a cup has been placed" classname="kaffemaskin;the-machine-doesn&apos;t-have-enough-ingredients-for-desired-beverage">
            <skipped message="">
            </skipped>
        </testcase>
        <testcase name="And you have used SEK only" classname="kaffemaskin;the-machine-doesn&apos;t-have-enough-ingredients-for-desired-beverage">
            <skipped message="">
            </skipped>
        </testcase>
        <testcase name="And you have used either coins or creditcard" classname="kaffemaskin;the-machine-doesn&apos;t-have-enough-ingredients-for-desired-beverage">
            <skipped message="">
            </skipped>
        </testcase>
        <testcase name="Then you get a cup of coffee" classname="kaffemaskin;the-machine-doesn&apos;t-have-enough-ingredients-for-desired-beverage">
            <skipped message="">
            </skipped>
        </testcase>
        <testcase name="Given that the user has selected Espresso" classname="kaffemaskin;the-machine-doesn&apos;t-have-enough-ingredients-for-desired-beverage">
            <skipped message="">
            </skipped>
        </testcase>
        <testcase name="And there is not enough of " classname="kaffemaskin;the-machine-doesn&apos;t-have-enough-ingredients-for-desired-beverage">
            <skipped message="">
            </skipped>
        </testcase>
        <testcase name="When you press the Espresso button" classname="kaffemaskin;the-machine-doesn&apos;t-have-enough-ingredients-for-desired-beverage">
            <skipped message="">
            </skipped>
        </testcase>
        <testcase name="Then the machine displays " classname="kaffemaskin;the-machine-doesn&apos;t-have-enough-ingredients-for-desired-beverage">
            <skipped message="">
            </skipped>
        </testcase>
    </testsuite>
    <testsuite name="kaffemaskin;there-is-not-a-cup-placed" tests="12" failures="1" skipped="9">
        <properties>
            <property name="URI" value="C:/Users/matti/OneDrive/Skrivbord/Programming/kaffemaskin/features/kaffemaskin.feature">
            </property>
        </properties>
        <testcase name="Given that the machine is plugged in" classname="kaffemaskin;there-is-not-a-cup-placed" time="0.0000601">
        </testcase>
        <testcase name="And that the user has pressed the start button" classname="kaffemaskin;there-is-not-a-cup-placed" time="0.0000613">
        </testcase>
        <testcase name="And that ground coffee is available" classname="kaffemaskin;there-is-not-a-cup-placed" time="0.000135199">
            <failure message="ReferenceError: amountOfCoffee is not defined">ReferenceError: amountOfCoffee is not defined
    at CoffeeMachine.checkIfGroundCoffeeExists (C:\Users\matti\OneDrive\Skrivbord\Programming\kaffemaskin\index.js:41:9)
    at createWorld.&lt;anonymous&gt; (C:\Users\matti\OneDrive\Skrivbord\Programming\kaffemaskin\step-definitions\kaffemaskin.js:37:36)
    at processTicksAndRejections (internal/process/task_queues.js:75:11)</failure>
        </testcase>
        <testcase name="And that water is available" classname="kaffemaskin;there-is-not-a-cup-placed">
            <skipped message="">
            </skipped>
        </testcase>
        <testcase name="And that milk is available" classname="kaffemaskin;there-is-not-a-cup-placed">
            <skipped message="">
            </skipped>
        </testcase>
        <testcase name="And that a cup has been placed" classname="kaffemaskin;there-is-not-a-cup-placed">
            <skipped message="">
            </skipped>
        </testcase>
        <testcase name="And you have used SEK only" classname="kaffemaskin;there-is-not-a-cup-placed">
            <skipped message="">
            </skipped>
        </testcase>
        <testcase name="And you have used either coins or creditcard" classname="kaffemaskin;there-is-not-a-cup-placed">
            <skipped message="">
            </skipped>
        </testcase>
        <testcase name="Then you get a cup of coffee" classname="kaffemaskin;there-is-not-a-cup-placed">
            <skipped message="">
            </skipped>
        </testcase>
        <testcase name="Given that you need a cup in order for the machine to make the coffee" classname="kaffemaskin;there-is-not-a-cup-placed">
            <skipped message="">
            </skipped>
        </testcase>
        <testcase name="And a cup has not been placed" classname="kaffemaskin;there-is-not-a-cup-placed">
            <skipped message="">
            </skipped>
        </testcase>
        <testcase name="Then the machine will stop and prompt the user to place a cup" classname="kaffemaskin;there-is-not-a-cup-placed">
            <skipped message="">
            </skipped>
        </testcase>
    </testsuite>
    <testsuite name="kaffemaskin;user-chose-the-wrong-coffee-type" tests="13" failures="1" skipped="10">
        <properties>
            <property name="URI" value="C:/Users/matti/OneDrive/Skrivbord/Programming/kaffemaskin/features/kaffemaskin.feature">
            </property>
        </properties>
        <testcase name="Given that the machine is plugged in" classname="kaffemaskin;user-chose-the-wrong-coffee-type" time="0.0000535">
        </testcase>
        <testcase name="And that the user has pressed the start button" classname="kaffemaskin;user-chose-the-wrong-coffee-type" time="0.000081299">
        </testcase>
        <testcase name="And that ground coffee is available" classname="kaffemaskin;user-chose-the-wrong-coffee-type" time="0.000185601">
            <failure message="ReferenceError: amountOfCoffee is not defined">ReferenceError: amountOfCoffee is not defined
    at CoffeeMachine.checkIfGroundCoffeeExists (C:\Users\matti\OneDrive\Skrivbord\Programming\kaffemaskin\index.js:41:9)
    at createWorld.&lt;anonymous&gt; (C:\Users\matti\OneDrive\Skrivbord\Programming\kaffemaskin\step-definitions\kaffemaskin.js:37:36)
    at processTicksAndRejections (internal/process/task_queues.js:75:11)</failure>
        </testcase>
        <testcase name="And that water is available" classname="kaffemaskin;user-chose-the-wrong-coffee-type">
            <skipped message="">
            </skipped>
        </testcase>
        <testcase name="And that milk is available" classname="kaffemaskin;user-chose-the-wrong-coffee-type">
            <skipped message="">
            </skipped>
        </testcase>
        <testcase name="And that a cup has been placed" classname="kaffemaskin;user-chose-the-wrong-coffee-type">
            <skipped message="">
            </skipped>
        </testcase>
        <testcase name="And you have used SEK only" classname="kaffemaskin;user-chose-the-wrong-coffee-type">
            <skipped message="">
            </skipped>
        </testcase>
        <testcase name="And you have used either coins or creditcard" classname="kaffemaskin;user-chose-the-wrong-coffee-type">
            <skipped message="">
            </skipped>
        </testcase>
        <testcase name="Then you get a cup of coffee" classname="kaffemaskin;user-chose-the-wrong-coffee-type">
            <skipped message="">
            </skipped>
        </testcase>
        <testcase name="Given that the user want Black Coffee" classname="kaffemaskin;user-chose-the-wrong-coffee-type">
            <skipped message="">
            </skipped>
        </testcase>
        <testcase name="And the user chooses Espresso by accident" classname="kaffemaskin;user-chose-the-wrong-coffee-type">
            <skipped message="">
            </skipped>
        </testcase>
        <testcase name="And the user presses the cancel-button" classname="kaffemaskin;user-chose-the-wrong-coffee-type">
            <skipped message="">
            </skipped>
        </testcase>
        <testcase name="Then the user is able to choose another coffee type" classname="kaffemaskin;user-chose-the-wrong-coffee-type">
            <skipped message="">
            </skipped>
        </testcase>
    </testsuite>
    <testsuite name="kaffemaskin;user-chose-the-wrong-payment-method" tests="13" failures="1" skipped="10">
        <properties>
            <property name="URI" value="C:/Users/matti/OneDrive/Skrivbord/Programming/kaffemaskin/features/kaffemaskin.feature">
            </property>
        </properties>
        <testcase name="Given that the machine is plugged in" classname="kaffemaskin;user-chose-the-wrong-payment-method" time="0.00004">
        </testcase>
        <testcase name="And that the user has pressed the start button" classname="kaffemaskin;user-chose-the-wrong-payment-method" time="0.0000666">
        </testcase>
        <testcase name="And that ground coffee is available" classname="kaffemaskin;user-chose-the-wrong-payment-method" time="0.0000947">
            <failure message="ReferenceError: amountOfCoffee is not defined">ReferenceError: amountOfCoffee is not defined
    at CoffeeMachine.checkIfGroundCoffeeExists (C:\Users\matti\OneDrive\Skrivbord\Programming\kaffemaskin\index.js:41:9)
    at createWorld.&lt;anonymous&gt; (C:\Users\matti\OneDrive\Skrivbord\Programming\kaffemaskin\step-definitions\kaffemaskin.js:37:36)
    at processTicksAndRejections (internal/process/task_queues.js:75:11)</failure>
        </testcase>
        <testcase name="And that water is available" classname="kaffemaskin;user-chose-the-wrong-payment-method">
            <skipped message="">
            </skipped>
        </testcase>
        <testcase name="And that milk is available" classname="kaffemaskin;user-chose-the-wrong-payment-method">
            <skipped message="">
            </skipped>
        </testcase>
        <testcase name="And that a cup has been placed" classname="kaffemaskin;user-chose-the-wrong-payment-method">
            <skipped message="">
            </skipped>
        </testcase>
        <testcase name="And you have used SEK only" classname="kaffemaskin;user-chose-the-wrong-payment-method">
            <skipped message="">
            </skipped>
        </testcase>
        <testcase name="And you have used either coins or creditcard" classname="kaffemaskin;user-chose-the-wrong-payment-method">
            <skipped message="">
            </skipped>
        </testcase>
        <testcase name="Then you get a cup of coffee" classname="kaffemaskin;user-chose-the-wrong-payment-method">
            <skipped message="">
            </skipped>
        </testcase>
        <testcase name="Given that the user wants to pay with coins" classname="kaffemaskin;user-chose-the-wrong-payment-method">
            <skipped message="">
            </skipped>
        </testcase>
        <testcase name="And the user selects creditcard as payment method" classname="kaffemaskin;user-chose-the-wrong-payment-method">
            <skipped message="">
            </skipped>
        </testcase>
        <testcase name="When the user presses the cancel-button" classname="kaffemaskin;user-chose-the-wrong-payment-method">
            <skipped message="">
            </skipped>
        </testcase>
        <testcase name="Then the user is able to choose the desired payment method" classname="kaffemaskin;user-chose-the-wrong-payment-method">
            <skipped message="">
            </skipped>
        </testcase>
    </testsuite>
    <testsuite name="kaffemaskin;user-gets-change-back-if-they-pay-to-much-using-coins" tests="12" failures="1" skipped="9">
        <properties>
            <property name="URI" value="C:/Users/matti/OneDrive/Skrivbord/Programming/kaffemaskin/features/kaffemaskin.feature">
            </property>
        </properties>
        <testcase name="Given that the machine is plugged in" classname="kaffemaskin;user-gets-change-back-if-they-pay-to-much-using-coins" time="0.0000471">
        </testcase>
        <testcase name="And that the user has pressed the start button" classname="kaffemaskin;user-gets-change-back-if-they-pay-to-much-using-coins" time="0.0000884">
        </testcase>
        <testcase name="And that ground coffee is available" classname="kaffemaskin;user-gets-change-back-if-they-pay-to-much-using-coins" time="0.000136401">
            <failure message="ReferenceError: amountOfCoffee is not defined">ReferenceError: amountOfCoffee is not defined
    at CoffeeMachine.checkIfGroundCoffeeExists (C:\Users\matti\OneDrive\Skrivbord\Programming\kaffemaskin\index.js:41:9)
    at createWorld.&lt;anonymous&gt; (C:\Users\matti\OneDrive\Skrivbord\Programming\kaffemaskin\step-definitions\kaffemaskin.js:37:36)
    at processTicksAndRejections (internal/process/task_queues.js:75:11)</failure>
        </testcase>
        <testcase name="And that water is available" classname="kaffemaskin;user-gets-change-back-if-they-pay-to-much-using-coins">
            <skipped message="">
            </skipped>
        </testcase>
        <testcase name="And that milk is available" classname="kaffemaskin;user-gets-change-back-if-they-pay-to-much-using-coins">
            <skipped message="">
            </skipped>
        </testcase>
        <testcase name="And that a cup has been placed" classname="kaffemaskin;user-gets-change-back-if-they-pay-to-much-using-coins">
            <skipped message="">
            </skipped>
        </testcase>
        <testcase name="And you have used SEK only" classname="kaffemaskin;user-gets-change-back-if-they-pay-to-much-using-coins">
            <skipped message="">
            </skipped>
        </testcase>
        <testcase name="And you have used either coins or creditcard" classname="kaffemaskin;user-gets-change-back-if-they-pay-to-much-using-coins">
            <skipped message="">
            </skipped>
        </testcase>
        <testcase name="Then you get a cup of coffee" classname="kaffemaskin;user-gets-change-back-if-they-pay-to-much-using-coins">
            <skipped message="">
            </skipped>
        </testcase>
        <testcase name="Given that the user wants a Cappucino that costs 20 kr" classname="kaffemaskin;user-gets-change-back-if-they-pay-to-much-using-coins">
            <skipped message="">
            </skipped>
        </testcase>
        <testcase name="And the user inserts 2 kr too much" classname="kaffemaskin;user-gets-change-back-if-they-pay-to-much-using-coins">
            <skipped message="">
            </skipped>
        </testcase>
        <testcase name="Then the machine returns those 2 kr back" classname="kaffemaskin;user-gets-change-back-if-they-pay-to-much-using-coins">
            <skipped message="">
            </skipped>
        </testcase>
    </testsuite>
</testsuites>