<?xml version="1.0" encoding="UTF-8"?>
<testsuites>
    <testsuite name=";paying-with-coins" tests="16" failures="0" skipped="16">
        <properties>
            <property name="URI" value="C:/Users/matti/OneDrive/Skrivbord/Programming/kaffemaskin/features/kaffemaskin.feature">
            </property>
        </properties>
        <testcase name="Given that I want to buy coffee" classname=";paying-with-coins">
            <skipped message="">
            </skipped>
        </testcase>
        <testcase name="When I have choosen a coffee type and payment method" classname=";paying-with-coins">
            <skipped message="">
            </skipped>
        </testcase>
        <testcase name="Then I should some get some coffee." classname=";paying-with-coins">
            <skipped message="">
            </skipped>
        </testcase>
        <testcase name="Given that the machine is plugged in" classname=";paying-with-coins">
            <skipped message="">
            </skipped>
        </testcase>
        <testcase name="And presses the &quot;start&quot; button" classname=";paying-with-coins">
            <skipped message="">
            </skipped>
        </testcase>
        <testcase name="And that water is available" classname=";paying-with-coins">
            <skipped message="">
            </skipped>
        </testcase>
        <testcase name="And that the machine has enough ground coffee" classname=";paying-with-coins">
            <skipped message="">
            </skipped>
        </testcase>
        <testcase name="And that a cup has been placed" classname=";paying-with-coins">
            <skipped message="">
            </skipped>
        </testcase>
        <testcase name="And that coffee type and payment method has been chosen" classname=";paying-with-coins">
            <skipped message="">
            </skipped>
        </testcase>
        <testcase name="When the user inserts 10 kr coin" classname=";paying-with-coins">
            <skipped message="">
            </skipped>
        </testcase>
        <testcase name="And the user inserts 10 kr coin" classname=";paying-with-coins">
            <skipped message="">
            </skipped>
        </testcase>
        <testcase name="And the user inserts 5 kr coin" classname=";paying-with-coins">
            <skipped message="">
            </skipped>
        </testcase>
        <testcase name="And the user inserts 0 kr coin" classname=";paying-with-coins">
            <skipped message="">
            </skipped>
        </testcase>
        <testcase name="And the user inserts 0 kr coin" classname=";paying-with-coins">
            <skipped message="">
            </skipped>
        </testcase>
        <testcase name="And the user inserts 0 kr coin" classname=";paying-with-coins">
            <skipped message="">
            </skipped>
        </testcase>
        <testcase name="Then the user recieves 1 cup of coffee." classname=";paying-with-coins">
            <skipped message="">
            </skipped>
        </testcase>
    </testsuite>
    <testsuite name=";paying-with-coins" tests="16" failures="0" skipped="16">
        <properties>
            <property name="URI" value="C:/Users/matti/OneDrive/Skrivbord/Programming/kaffemaskin/features/kaffemaskin.feature">
            </property>
        </properties>
        <testcase name="Given that I want to buy coffee" classname=";paying-with-coins">
            <skipped message="">
            </skipped>
        </testcase>
        <testcase name="When I have choosen a coffee type and payment method" classname=";paying-with-coins">
            <skipped message="">
            </skipped>
        </testcase>
        <testcase name="Then I should some get some coffee." classname=";paying-with-coins">
            <skipped message="">
            </skipped>
        </testcase>
        <testcase name="Given that the machine is plugged in" classname=";paying-with-coins">
            <skipped message="">
            </skipped>
        </testcase>
        <testcase name="And presses the &quot;start&quot; button" classname=";paying-with-coins">
            <skipped message="">
            </skipped>
        </testcase>
        <testcase name="And that water is available" classname=";paying-with-coins">
            <skipped message="">
            </skipped>
        </testcase>
        <testcase name="And that the machine has enough ground coffee" classname=";paying-with-coins">
            <skipped message="">
            </skipped>
        </testcase>
        <testcase name="And that a cup has been placed" classname=";paying-with-coins">
            <skipped message="">
            </skipped>
        </testcase>
        <testcase name="And that coffee type and payment method has been chosen" classname=";paying-with-coins">
            <skipped message="">
            </skipped>
        </testcase>
        <testcase name="When the user inserts 10 kr coin" classname=";paying-with-coins">
            <skipped message="">
            </skipped>
        </testcase>
        <testcase name="And the user inserts 5 kr coin" classname=";paying-with-coins">
            <skipped message="">
            </skipped>
        </testcase>
        <testcase name="And the user inserts 5 kr coin" classname=";paying-with-coins">
            <skipped message="">
            </skipped>
        </testcase>
        <testcase name="And the user inserts 5 kr coin" classname=";paying-with-coins">
            <skipped message="">
            </skipped>
        </testcase>
        <testcase name="And the user inserts 0 kr coin" classname=";paying-with-coins">
            <skipped message="">
            </skipped>
        </testcase>
        <testcase name="And the user inserts 0 kr coin" classname=";paying-with-coins">
            <skipped message="">
            </skipped>
        </testcase>
        <testcase name="Then the user recieves 1 cup of coffee." classname=";paying-with-coins">
            <skipped message="">
            </skipped>
        </testcase>
    </testsuite>
    <testsuite name=";paying-with-coins" tests="16" failures="0" skipped="16">
        <properties>
            <property name="URI" value="C:/Users/matti/OneDrive/Skrivbord/Programming/kaffemaskin/features/kaffemaskin.feature">
            </property>
        </properties>
        <testcase name="Given that I want to buy coffee" classname=";paying-with-coins">
            <skipped message="">
            </skipped>
        </testcase>
        <testcase name="When I have choosen a coffee type and payment method" classname=";paying-with-coins">
            <skipped message="">
            </skipped>
        </testcase>
        <testcase name="Then I should some get some coffee." classname=";paying-with-coins">
            <skipped message="">
            </skipped>
        </testcase>
        <testcase name="Given that the machine is plugged in" classname=";paying-with-coins">
            <skipped message="">
            </skipped>
        </testcase>
        <testcase name="And presses the &quot;start&quot; button" classname=";paying-with-coins">
            <skipped message="">
            </skipped>
        </testcase>
        <testcase name="And that water is available" classname=";paying-with-coins">
            <skipped message="">
            </skipped>
        </testcase>
        <testcase name="And that the machine has enough ground coffee" classname=";paying-with-coins">
            <skipped message="">
            </skipped>
        </testcase>
        <testcase name="And that a cup has been placed" classname=";paying-with-coins">
            <skipped message="">
            </skipped>
        </testcase>
        <testcase name="And that coffee type and payment method has been chosen" classname=";paying-with-coins">
            <skipped message="">
            </skipped>
        </testcase>
        <testcase name="When the user inserts &quot;pollett&quot; kr coin" classname=";paying-with-coins">
            <skipped message="">
            </skipped>
        </testcase>
        <testcase name="And the user inserts 5 kr coin" classname=";paying-with-coins">
            <skipped message="">
            </skipped>
        </testcase>
        <testcase name="And the user inserts 5 kr coin" classname=";paying-with-coins">
            <skipped message="">
            </skipped>
        </testcase>
        <testcase name="And the user inserts 2 kr coin" classname=";paying-with-coins">
            <skipped message="">
            </skipped>
        </testcase>
        <testcase name="And the user inserts 2 kr coin" classname=";paying-with-coins">
            <skipped message="">
            </skipped>
        </testcase>
        <testcase name="And the user inserts 0 kr coin" classname=";paying-with-coins">
            <skipped message="">
            </skipped>
        </testcase>
        <testcase name="Then the user recieves 0 cup of coffee." classname=";paying-with-coins">
            <skipped message="">
            </skipped>
        </testcase>
    </testsuite>
    <testsuite name=";paying-with-coins" tests="16" failures="0" skipped="16">
        <properties>
            <property name="URI" value="C:/Users/matti/OneDrive/Skrivbord/Programming/kaffemaskin/features/kaffemaskin.feature">
            </property>
        </properties>
        <testcase name="Given that I want to buy coffee" classname=";paying-with-coins">
            <skipped message="">
            </skipped>
        </testcase>
        <testcase name="When I have choosen a coffee type and payment method" classname=";paying-with-coins">
            <skipped message="">
            </skipped>
        </testcase>
        <testcase name="Then I should some get some coffee." classname=";paying-with-coins">
            <skipped message="">
            </skipped>
        </testcase>
        <testcase name="Given that the machine is plugged in" classname=";paying-with-coins">
            <skipped message="">
            </skipped>
        </testcase>
        <testcase name="And presses the &quot;start&quot; button" classname=";paying-with-coins">
            <skipped message="">
            </skipped>
        </testcase>
        <testcase name="And that water is available" classname=";paying-with-coins">
            <skipped message="">
            </skipped>
        </testcase>
        <testcase name="And that the machine has enough ground coffee" classname=";paying-with-coins">
            <skipped message="">
            </skipped>
        </testcase>
        <testcase name="And that a cup has been placed" classname=";paying-with-coins">
            <skipped message="">
            </skipped>
        </testcase>
        <testcase name="And that coffee type and payment method has been chosen" classname=";paying-with-coins">
            <skipped message="">
            </skipped>
        </testcase>
        <testcase name="When the user inserts 5 kr coin" classname=";paying-with-coins">
            <skipped message="">
            </skipped>
        </testcase>
        <testcase name="And the user inserts 5 kr coin" classname=";paying-with-coins">
            <skipped message="">
            </skipped>
        </testcase>
        <testcase name="And the user inserts 5 kr coin" classname=";paying-with-coins">
            <skipped message="">
            </skipped>
        </testcase>
        <testcase name="And the user inserts 5 kr coin" classname=";paying-with-coins">
            <skipped message="">
            </skipped>
        </testcase>
        <testcase name="And the user inserts 2 kr coin" classname=";paying-with-coins">
            <skipped message="">
            </skipped>
        </testcase>
        <testcase name="And the user inserts 1 kr coin" classname=";paying-with-coins">
            <skipped message="">
            </skipped>
        </testcase>
        <testcase name="Then the user recieves 0 cup of coffee." classname=";paying-with-coins">
            <skipped message="">
            </skipped>
        </testcase>
    </testsuite>
    <testsuite name=";paying-with-coins" tests="16" failures="0" skipped="16">
        <properties>
            <property name="URI" value="C:/Users/matti/OneDrive/Skrivbord/Programming/kaffemaskin/features/kaffemaskin.feature">
            </property>
        </properties>
        <testcase name="Given that I want to buy coffee" classname=";paying-with-coins">
            <skipped message="">
            </skipped>
        </testcase>
        <testcase name="When I have choosen a coffee type and payment method" classname=";paying-with-coins">
            <skipped message="">
            </skipped>
        </testcase>
        <testcase name="Then I should some get some coffee." classname=";paying-with-coins">
            <skipped message="">
            </skipped>
        </testcase>
        <testcase name="Given that the machine is plugged in" classname=";paying-with-coins">
            <skipped message="">
            </skipped>
        </testcase>
        <testcase name="And presses the &quot;start&quot; button" classname=";paying-with-coins">
            <skipped message="">
            </skipped>
        </testcase>
        <testcase name="And that water is available" classname=";paying-with-coins">
            <skipped message="">
            </skipped>
        </testcase>
        <testcase name="And that the machine has enough ground coffee" classname=";paying-with-coins">
            <skipped message="">
            </skipped>
        </testcase>
        <testcase name="And that a cup has been placed" classname=";paying-with-coins">
            <skipped message="">
            </skipped>
        </testcase>
        <testcase name="And that coffee type and payment method has been chosen" classname=";paying-with-coins">
            <skipped message="">
            </skipped>
        </testcase>
        <testcase name="When the user inserts 10 kr coin" classname=";paying-with-coins">
            <skipped message="">
            </skipped>
        </testcase>
        <testcase name="And the user inserts 10 kr coin" classname=";paying-with-coins">
            <skipped message="">
            </skipped>
        </testcase>
        <testcase name="And the user inserts 5 kr coin" classname=";paying-with-coins">
            <skipped message="">
            </skipped>
        </testcase>
        <testcase name="And the user inserts 0 kr coin" classname=";paying-with-coins">
            <skipped message="">
            </skipped>
        </testcase>
        <testcase name="And the user inserts 0 kr coin" classname=";paying-with-coins">
            <skipped message="">
            </skipped>
        </testcase>
        <testcase name="And the user inserts 0 kr coin" classname=";paying-with-coins">
            <skipped message="">
            </skipped>
        </testcase>
        <testcase name="Then the user recieves 1 cup of coffee." classname=";paying-with-coins">
            <skipped message="">
            </skipped>
        </testcase>
    </testsuite>
    <testsuite name=";paying-with-coins" tests="16" failures="0" skipped="16">
        <properties>
            <property name="URI" value="C:/Users/matti/OneDrive/Skrivbord/Programming/kaffemaskin/features/kaffemaskin.feature">
            </property>
        </properties>
        <testcase name="Given that I want to buy coffee" classname=";paying-with-coins">
            <skipped message="">
            </skipped>
        </testcase>
        <testcase name="When I have choosen a coffee type and payment method" classname=";paying-with-coins">
            <skipped message="">
            </skipped>
        </testcase>
        <testcase name="Then I should some get some coffee." classname=";paying-with-coins">
            <skipped message="">
            </skipped>
        </testcase>
        <testcase name="Given that the machine is plugged in" classname=";paying-with-coins">
            <skipped message="">
            </skipped>
        </testcase>
        <testcase name="And presses the &quot;start&quot; button" classname=";paying-with-coins">
            <skipped message="">
            </skipped>
        </testcase>
        <testcase name="And that water is available" classname=";paying-with-coins">
            <skipped message="">
            </skipped>
        </testcase>
        <testcase name="And that the machine has enough ground coffee" classname=";paying-with-coins">
            <skipped message="">
            </skipped>
        </testcase>
        <testcase name="And that a cup has been placed" classname=";paying-with-coins">
            <skipped message="">
            </skipped>
        </testcase>
        <testcase name="And that coffee type and payment method has been chosen" classname=";paying-with-coins">
            <skipped message="">
            </skipped>
        </testcase>
        <testcase name="When the user inserts 10 kr coin" classname=";paying-with-coins">
            <skipped message="">
            </skipped>
        </testcase>
        <testcase name="And the user inserts 5 kr coin" classname=";paying-with-coins">
            <skipped message="">
            </skipped>
        </testcase>
        <testcase name="And the user inserts 5 kr coin" classname=";paying-with-coins">
            <skipped message="">
            </skipped>
        </testcase>
        <testcase name="And the user inserts 5 kr coin" classname=";paying-with-coins">
            <skipped message="">
            </skipped>
        </testcase>
        <testcase name="And the user inserts 0 kr coin" classname=";paying-with-coins">
            <skipped message="">
            </skipped>
        </testcase>
        <testcase name="And the user inserts 0 kr coin" classname=";paying-with-coins">
            <skipped message="">
            </skipped>
        </testcase>
        <testcase name="Then the user recieves 1 cup of coffee." classname=";paying-with-coins">
            <skipped message="">
            </skipped>
        </testcase>
    </testsuite>
    <testsuite name=";paying-with-coins" tests="16" failures="0" skipped="16">
        <properties>
            <property name="URI" value="C:/Users/matti/OneDrive/Skrivbord/Programming/kaffemaskin/features/kaffemaskin.feature">
            </property>
        </properties>
        <testcase name="Given that I want to buy coffee" classname=";paying-with-coins">
            <skipped message="">
            </skipped>
        </testcase>
        <testcase name="When I have choosen a coffee type and payment method" classname=";paying-with-coins">
            <skipped message="">
            </skipped>
        </testcase>
        <testcase name="Then I should some get some coffee." classname=";paying-with-coins">
            <skipped message="">
            </skipped>
        </testcase>
        <testcase name="Given that the machine is plugged in" classname=";paying-with-coins">
            <skipped message="">
            </skipped>
        </testcase>
        <testcase name="And presses the &quot;start&quot; button" classname=";paying-with-coins">
            <skipped message="">
            </skipped>
        </testcase>
        <testcase name="And that water is available" classname=";paying-with-coins">
            <skipped message="">
            </skipped>
        </testcase>
        <testcase name="And that the machine has enough ground coffee" classname=";paying-with-coins">
            <skipped message="">
            </skipped>
        </testcase>
        <testcase name="And that a cup has been placed" classname=";paying-with-coins">
            <skipped message="">
            </skipped>
        </testcase>
        <testcase name="And that coffee type and payment method has been chosen" classname=";paying-with-coins">
            <skipped message="">
            </skipped>
        </testcase>
        <testcase name="When the user inserts 10 kr coin" classname=";paying-with-coins">
            <skipped message="">
            </skipped>
        </testcase>
        <testcase name="And the user inserts 5 kr coin" classname=";paying-with-coins">
            <skipped message="">
            </skipped>
        </testcase>
        <testcase name="And the user inserts &quot;pollett&quot; kr coin" classname=";paying-with-coins">
            <skipped message="">
            </skipped>
        </testcase>
        <testcase name="And the user inserts 2 kr coin" classname=";paying-with-coins">
            <skipped message="">
            </skipped>
        </testcase>
        <testcase name="And the user inserts 2 kr coin" classname=";paying-with-coins">
            <skipped message="">
            </skipped>
        </testcase>
        <testcase name="And the user inserts 0 kr coin" classname=";paying-with-coins">
            <skipped message="">
            </skipped>
        </testcase>
        <testcase name="Then the user recieves 0 cup of coffee." classname=";paying-with-coins">
            <skipped message="">
            </skipped>
        </testcase>
    </testsuite>
    <testsuite name=";paying-with-coins" tests="16" failures="0" skipped="16">
        <properties>
            <property name="URI" value="C:/Users/matti/OneDrive/Skrivbord/Programming/kaffemaskin/features/kaffemaskin.feature">
            </property>
        </properties>
        <testcase name="Given that I want to buy coffee" classname=";paying-with-coins">
            <skipped message="">
            </skipped>
        </testcase>
        <testcase name="When I have choosen a coffee type and payment method" classname=";paying-with-coins">
            <skipped message="">
            </skipped>
        </testcase>
        <testcase name="Then I should some get some coffee." classname=";paying-with-coins">
            <skipped message="">
            </skipped>
        </testcase>
        <testcase name="Given that the machine is plugged in" classname=";paying-with-coins">
            <skipped message="">
            </skipped>
        </testcase>
        <testcase name="And presses the &quot;start&quot; button" classname=";paying-with-coins">
            <skipped message="">
            </skipped>
        </testcase>
        <testcase name="And that water is available" classname=";paying-with-coins">
            <skipped message="">
            </skipped>
        </testcase>
        <testcase name="And that the machine has enough ground coffee" classname=";paying-with-coins">
            <skipped message="">
            </skipped>
        </testcase>
        <testcase name="And that a cup has been placed" classname=";paying-with-coins">
            <skipped message="">
            </skipped>
        </testcase>
        <testcase name="And that coffee type and payment method has been chosen" classname=";paying-with-coins">
            <skipped message="">
            </skipped>
        </testcase>
        <testcase name="When the user inserts 5 kr coin" classname=";paying-with-coins">
            <skipped message="">
            </skipped>
        </testcase>
        <testcase name="And the user inserts 5 kr coin" classname=";paying-with-coins">
            <skipped message="">
            </skipped>
        </testcase>
        <testcase name="And the user inserts 5 kr coin" classname=";paying-with-coins">
            <skipped message="">
            </skipped>
        </testcase>
        <testcase name="And the user inserts 5 kr coin" classname=";paying-with-coins">
            <skipped message="">
            </skipped>
        </testcase>
        <testcase name="And the user inserts 2 kr coin" classname=";paying-with-coins">
            <skipped message="">
            </skipped>
        </testcase>
        <testcase name="And the user inserts 1 kr coin" classname=";paying-with-coins">
            <skipped message="">
            </skipped>
        </testcase>
        <testcase name="Then the user recieves 0 cup of coffee." classname=";paying-with-coins">
            <skipped message="">
            </skipped>
        </testcase>
    </testsuite>
    <testsuite name=";paying-with-coins" tests="16" failures="0" skipped="16">
        <properties>
            <property name="URI" value="C:/Users/matti/OneDrive/Skrivbord/Programming/kaffemaskin/features/kaffemaskin.feature">
            </property>
        </properties>
        <testcase name="Given that I want to buy coffee" classname=";paying-with-coins">
            <skipped message="">
            </skipped>
        </testcase>
        <testcase name="When I have choosen a coffee type and payment method" classname=";paying-with-coins">
            <skipped message="">
            </skipped>
        </testcase>
        <testcase name="Then I should some get some coffee." classname=";paying-with-coins">
            <skipped message="">
            </skipped>
        </testcase>
        <testcase name="Given that the machine is plugged in" classname=";paying-with-coins">
            <skipped message="">
            </skipped>
        </testcase>
        <testcase name="And presses the &quot;start&quot; button" classname=";paying-with-coins">
            <skipped message="">
            </skipped>
        </testcase>
        <testcase name="And that water is available" classname=";paying-with-coins">
            <skipped message="">
            </skipped>
        </testcase>
        <testcase name="And that the machine has enough ground coffee" classname=";paying-with-coins">
            <skipped message="">
            </skipped>
        </testcase>
        <testcase name="And that a cup has been placed" classname=";paying-with-coins">
            <skipped message="">
            </skipped>
        </testcase>
        <testcase name="And that coffee type and payment method has been chosen" classname=";paying-with-coins">
            <skipped message="">
            </skipped>
        </testcase>
        <testcase name="When the user inserts 10 kr coin" classname=";paying-with-coins">
            <skipped message="">
            </skipped>
        </testcase>
        <testcase name="And the user inserts 10 kr coin" classname=";paying-with-coins">
            <skipped message="">
            </skipped>
        </testcase>
        <testcase name="And the user inserts 5 kr coin" classname=";paying-with-coins">
            <skipped message="">
            </skipped>
        </testcase>
        <testcase name="And the user inserts 0 kr coin" classname=";paying-with-coins">
            <skipped message="">
            </skipped>
        </testcase>
        <testcase name="And the user inserts 0 kr coin" classname=";paying-with-coins">
            <skipped message="">
            </skipped>
        </testcase>
        <testcase name="And the user inserts 0 kr coin" classname=";paying-with-coins">
            <skipped message="">
            </skipped>
        </testcase>
        <testcase name="Then the user recieves 1 cup of coffee." classname=";paying-with-coins">
            <skipped message="">
            </skipped>
        </testcase>
    </testsuite>
    <testsuite name=";paying-with-coins" tests="16" failures="0" skipped="16">
        <properties>
            <property name="URI" value="C:/Users/matti/OneDrive/Skrivbord/Programming/kaffemaskin/features/kaffemaskin.feature">
            </property>
        </properties>
        <testcase name="Given that I want to buy coffee" classname=";paying-with-coins">
            <skipped message="">
            </skipped>
        </testcase>
        <testcase name="When I have choosen a coffee type and payment method" classname=";paying-with-coins">
            <skipped message="">
            </skipped>
        </testcase>
        <testcase name="Then I should some get some coffee." classname=";paying-with-coins">
            <skipped message="">
            </skipped>
        </testcase>
        <testcase name="Given that the machine is plugged in" classname=";paying-with-coins">
            <skipped message="">
            </skipped>
        </testcase>
        <testcase name="And presses the &quot;start&quot; button" classname=";paying-with-coins">
            <skipped message="">
            </skipped>
        </testcase>
        <testcase name="And that water is available" classname=";paying-with-coins">
            <skipped message="">
            </skipped>
        </testcase>
        <testcase name="And that the machine has enough ground coffee" classname=";paying-with-coins">
            <skipped message="">
            </skipped>
        </testcase>
        <testcase name="And that a cup has been placed" classname=";paying-with-coins">
            <skipped message="">
            </skipped>
        </testcase>
        <testcase name="And that coffee type and payment method has been chosen" classname=";paying-with-coins">
            <skipped message="">
            </skipped>
        </testcase>
        <testcase name="When the user inserts 10 kr coin" classname=";paying-with-coins">
            <skipped message="">
            </skipped>
        </testcase>
        <testcase name="And the user inserts 5 kr coin" classname=";paying-with-coins">
            <skipped message="">
            </skipped>
        </testcase>
        <testcase name="And the user inserts 5 kr coin" classname=";paying-with-coins">
            <skipped message="">
            </skipped>
        </testcase>
        <testcase name="And the user inserts 5 kr coin" classname=";paying-with-coins">
            <skipped message="">
            </skipped>
        </testcase>
        <testcase name="And the user inserts 0 kr coin" classname=";paying-with-coins">
            <skipped message="">
            </skipped>
        </testcase>
        <testcase name="And the user inserts 0 kr coin" classname=";paying-with-coins">
            <skipped message="">
            </skipped>
        </testcase>
        <testcase name="Then the user recieves 1 cup of coffee." classname=";paying-with-coins">
            <skipped message="">
            </skipped>
        </testcase>
    </testsuite>
    <testsuite name=";paying-with-coins" tests="16" failures="0" skipped="16">
        <properties>
            <property name="URI" value="C:/Users/matti/OneDrive/Skrivbord/Programming/kaffemaskin/features/kaffemaskin.feature">
            </property>
        </properties>
        <testcase name="Given that I want to buy coffee" classname=";paying-with-coins">
            <skipped message="">
            </skipped>
        </testcase>
        <testcase name="When I have choosen a coffee type and payment method" classname=";paying-with-coins">
            <skipped message="">
            </skipped>
        </testcase>
        <testcase name="Then I should some get some coffee." classname=";paying-with-coins">
            <skipped message="">
            </skipped>
        </testcase>
        <testcase name="Given that the machine is plugged in" classname=";paying-with-coins">
            <skipped message="">
            </skipped>
        </testcase>
        <testcase name="And presses the &quot;start&quot; button" classname=";paying-with-coins">
            <skipped message="">
            </skipped>
        </testcase>
        <testcase name="And that water is available" classname=";paying-with-coins">
            <skipped message="">
            </skipped>
        </testcase>
        <testcase name="And that the machine has enough ground coffee" classname=";paying-with-coins">
            <skipped message="">
            </skipped>
        </testcase>
        <testcase name="And that a cup has been placed" classname=";paying-with-coins">
            <skipped message="">
            </skipped>
        </testcase>
        <testcase name="And that coffee type and payment method has been chosen" classname=";paying-with-coins">
            <skipped message="">
            </skipped>
        </testcase>
        <testcase name="When the user inserts 10 kr coin" classname=";paying-with-coins">
            <skipped message="">
            </skipped>
        </testcase>
        <testcase name="And the user inserts 5 kr coin" classname=";paying-with-coins">
            <skipped message="">
            </skipped>
        </testcase>
        <testcase name="And the user inserts 5 kr coin" classname=";paying-with-coins">
            <skipped message="">
            </skipped>
        </testcase>
        <testcase name="And the user inserts 2 kr coin" classname=";paying-with-coins">
            <skipped message="">
            </skipped>
        </testcase>
        <testcase name="And the user inserts 2 kr coin" classname=";paying-with-coins">
            <skipped message="">
            </skipped>
        </testcase>
        <testcase name="And the user inserts &quot;pollett&quot; kr coin" classname=";paying-with-coins">
            <skipped message="">
            </skipped>
        </testcase>
        <testcase name="Then the user recieves 0 cup of coffee." classname=";paying-with-coins">
            <skipped message="">
            </skipped>
        </testcase>
    </testsuite>
    <testsuite name=";paying-with-coins" tests="16" failures="0" skipped="16">
        <properties>
            <property name="URI" value="C:/Users/matti/OneDrive/Skrivbord/Programming/kaffemaskin/features/kaffemaskin.feature">
            </property>
        </properties>
        <testcase name="Given that I want to buy coffee" classname=";paying-with-coins">
            <skipped message="">
            </skipped>
        </testcase>
        <testcase name="When I have choosen a coffee type and payment method" classname=";paying-with-coins">
            <skipped message="">
            </skipped>
        </testcase>
        <testcase name="Then I should some get some coffee." classname=";paying-with-coins">
            <skipped message="">
            </skipped>
        </testcase>
        <testcase name="Given that the machine is plugged in" classname=";paying-with-coins">
            <skipped message="">
            </skipped>
        </testcase>
        <testcase name="And presses the &quot;start&quot; button" classname=";paying-with-coins">
            <skipped message="">
            </skipped>
        </testcase>
        <testcase name="And that water is available" classname=";paying-with-coins">
            <skipped message="">
            </skipped>
        </testcase>
        <testcase name="And that the machine has enough ground coffee" classname=";paying-with-coins">
            <skipped message="">
            </skipped>
        </testcase>
        <testcase name="And that a cup has been placed" classname=";paying-with-coins">
            <skipped message="">
            </skipped>
        </testcase>
        <testcase name="And that coffee type and payment method has been chosen" classname=";paying-with-coins">
            <skipped message="">
            </skipped>
        </testcase>
        <testcase name="When the user inserts 5 kr coin" classname=";paying-with-coins">
            <skipped message="">
            </skipped>
        </testcase>
        <testcase name="And the user inserts 5 kr coin" classname=";paying-with-coins">
            <skipped message="">
            </skipped>
        </testcase>
        <testcase name="And the user inserts 5 kr coin" classname=";paying-with-coins">
            <skipped message="">
            </skipped>
        </testcase>
        <testcase name="And the user inserts 5 kr coin" classname=";paying-with-coins">
            <skipped message="">
            </skipped>
        </testcase>
        <testcase name="And the user inserts 2 kr coin" classname=";paying-with-coins">
            <skipped message="">
            </skipped>
        </testcase>
        <testcase name="And the user inserts 1 kr coin" classname=";paying-with-coins">
            <skipped message="">
            </skipped>
        </testcase>
        <testcase name="Then the user recieves 0 cup of coffee." classname=";paying-with-coins">
            <skipped message="">
            </skipped>
        </testcase>
    </testsuite>
    <testsuite name=";paying-with-coins" tests="16" failures="0" skipped="16">
        <properties>
            <property name="URI" value="C:/Users/matti/OneDrive/Skrivbord/Programming/kaffemaskin/features/kaffemaskin.feature">
            </property>
        </properties>
        <testcase name="Given that I want to buy coffee" classname=";paying-with-coins">
            <skipped message="">
            </skipped>
        </testcase>
        <testcase name="When I have choosen a coffee type and payment method" classname=";paying-with-coins">
            <skipped message="">
            </skipped>
        </testcase>
        <testcase name="Then I should some get some coffee." classname=";paying-with-coins">
            <skipped message="">
            </skipped>
        </testcase>
        <testcase name="Given that the machine is plugged in" classname=";paying-with-coins">
            <skipped message="">
            </skipped>
        </testcase>
        <testcase name="And presses the &quot;start&quot; button" classname=";paying-with-coins">
            <skipped message="">
            </skipped>
        </testcase>
        <testcase name="And that water is available" classname=";paying-with-coins">
            <skipped message="">
            </skipped>
        </testcase>
        <testcase name="And that the machine has enough ground coffee" classname=";paying-with-coins">
            <skipped message="">
            </skipped>
        </testcase>
        <testcase name="And that a cup has been placed" classname=";paying-with-coins">
            <skipped message="">
            </skipped>
        </testcase>
        <testcase name="And that coffee type and payment method has been chosen" classname=";paying-with-coins">
            <skipped message="">
            </skipped>
        </testcase>
        <testcase name="When the user inserts 10 kr coin" classname=";paying-with-coins">
            <skipped message="">
            </skipped>
        </testcase>
        <testcase name="And the user inserts 10 kr coin" classname=";paying-with-coins">
            <skipped message="">
            </skipped>
        </testcase>
        <testcase name="And the user inserts 5 kr coin" classname=";paying-with-coins">
            <skipped message="">
            </skipped>
        </testcase>
        <testcase name="And the user inserts 0 kr coin" classname=";paying-with-coins">
            <skipped message="">
            </skipped>
        </testcase>
        <testcase name="And the user inserts 0 kr coin" classname=";paying-with-coins">
            <skipped message="">
            </skipped>
        </testcase>
        <testcase name="And the user inserts 0 kr coin" classname=";paying-with-coins">
            <skipped message="">
            </skipped>
        </testcase>
        <testcase name="Then the user recieves 1 cup of coffee." classname=";paying-with-coins">
            <skipped message="">
            </skipped>
        </testcase>
    </testsuite>
    <testsuite name=";paying-with-coins" tests="16" failures="0" skipped="16">
        <properties>
            <property name="URI" value="C:/Users/matti/OneDrive/Skrivbord/Programming/kaffemaskin/features/kaffemaskin.feature">
            </property>
        </properties>
        <testcase name="Given that I want to buy coffee" classname=";paying-with-coins">
            <skipped message="">
            </skipped>
        </testcase>
        <testcase name="When I have choosen a coffee type and payment method" classname=";paying-with-coins">
            <skipped message="">
            </skipped>
        </testcase>
        <testcase name="Then I should some get some coffee." classname=";paying-with-coins">
            <skipped message="">
            </skipped>
        </testcase>
        <testcase name="Given that the machine is plugged in" classname=";paying-with-coins">
            <skipped message="">
            </skipped>
        </testcase>
        <testcase name="And presses the &quot;start&quot; button" classname=";paying-with-coins">
            <skipped message="">
            </skipped>
        </testcase>
        <testcase name="And that water is available" classname=";paying-with-coins">
            <skipped message="">
            </skipped>
        </testcase>
        <testcase name="And that the machine has enough ground coffee" classname=";paying-with-coins">
            <skipped message="">
            </skipped>
        </testcase>
        <testcase name="And that a cup has been placed" classname=";paying-with-coins">
            <skipped message="">
            </skipped>
        </testcase>
        <testcase name="And that coffee type and payment method has been chosen" classname=";paying-with-coins">
            <skipped message="">
            </skipped>
        </testcase>
        <testcase name="When the user inserts 10 kr coin" classname=";paying-with-coins">
            <skipped message="">
            </skipped>
        </testcase>
        <testcase name="And the user inserts 5 kr coin" classname=";paying-with-coins">
            <skipped message="">
            </skipped>
        </testcase>
        <testcase name="And the user inserts 5 kr coin" classname=";paying-with-coins">
            <skipped message="">
            </skipped>
        </testcase>
        <testcase name="And the user inserts 5 kr coin" classname=";paying-with-coins">
            <skipped message="">
            </skipped>
        </testcase>
        <testcase name="And the user inserts 0 kr coin" classname=";paying-with-coins">
            <skipped message="">
            </skipped>
        </testcase>
        <testcase name="And the user inserts 0 kr coin" classname=";paying-with-coins">
            <skipped message="">
            </skipped>
        </testcase>
        <testcase name="Then the user recieves 1 cup of coffee." classname=";paying-with-coins">
            <skipped message="">
            </skipped>
        </testcase>
    </testsuite>
    <testsuite name=";paying-with-coins" tests="16" failures="0" skipped="16">
        <properties>
            <property name="URI" value="C:/Users/matti/OneDrive/Skrivbord/Programming/kaffemaskin/features/kaffemaskin.feature">
            </property>
        </properties>
        <testcase name="Given that I want to buy coffee" classname=";paying-with-coins">
            <skipped message="">
            </skipped>
        </testcase>
        <testcase name="When I have choosen a coffee type and payment method" classname=";paying-with-coins">
            <skipped message="">
            </skipped>
        </testcase>
        <testcase name="Then I should some get some coffee." classname=";paying-with-coins">
            <skipped message="">
            </skipped>
        </testcase>
        <testcase name="Given that the machine is plugged in" classname=";paying-with-coins">
            <skipped message="">
            </skipped>
        </testcase>
        <testcase name="And presses the &quot;start&quot; button" classname=";paying-with-coins">
            <skipped message="">
            </skipped>
        </testcase>
        <testcase name="And that water is available" classname=";paying-with-coins">
            <skipped message="">
            </skipped>
        </testcase>
        <testcase name="And that the machine has enough ground coffee" classname=";paying-with-coins">
            <skipped message="">
            </skipped>
        </testcase>
        <testcase name="And that a cup has been placed" classname=";paying-with-coins">
            <skipped message="">
            </skipped>
        </testcase>
        <testcase name="And that coffee type and payment method has been chosen" classname=";paying-with-coins">
            <skipped message="">
            </skipped>
        </testcase>
        <testcase name="When the user inserts 10 kr coin" classname=";paying-with-coins">
            <skipped message="">
            </skipped>
        </testcase>
        <testcase name="And the user inserts 5 kr coin" classname=";paying-with-coins">
            <skipped message="">
            </skipped>
        </testcase>
        <testcase name="And the user inserts 5 kr coin" classname=";paying-with-coins">
            <skipped message="">
            </skipped>
        </testcase>
        <testcase name="And the user inserts 2 kr coin" classname=";paying-with-coins">
            <skipped message="">
            </skipped>
        </testcase>
        <testcase name="And the user inserts 2 kr coin" classname=";paying-with-coins">
            <skipped message="">
            </skipped>
        </testcase>
        <testcase name="And the user inserts 0 kr coin" classname=";paying-with-coins">
            <skipped message="">
            </skipped>
        </testcase>
        <testcase name="Then the user recieves 0 cup of coffee." classname=";paying-with-coins">
            <skipped message="">
            </skipped>
        </testcase>
    </testsuite>
    <testsuite name=";paying-with-coins" tests="16" failures="0" skipped="16">
        <properties>
            <property name="URI" value="C:/Users/matti/OneDrive/Skrivbord/Programming/kaffemaskin/features/kaffemaskin.feature">
            </property>
        </properties>
        <testcase name="Given that I want to buy coffee" classname=";paying-with-coins">
            <skipped message="">
            </skipped>
        </testcase>
        <testcase name="When I have choosen a coffee type and payment method" classname=";paying-with-coins">
            <skipped message="">
            </skipped>
        </testcase>
        <testcase name="Then I should some get some coffee." classname=";paying-with-coins">
            <skipped message="">
            </skipped>
        </testcase>
        <testcase name="Given that the machine is plugged in" classname=";paying-with-coins">
            <skipped message="">
            </skipped>
        </testcase>
        <testcase name="And presses the &quot;start&quot; button" classname=";paying-with-coins">
            <skipped message="">
            </skipped>
        </testcase>
        <testcase name="And that water is available" classname=";paying-with-coins">
            <skipped message="">
            </skipped>
        </testcase>
        <testcase name="And that the machine has enough ground coffee" classname=";paying-with-coins">
            <skipped message="">
            </skipped>
        </testcase>
        <testcase name="And that a cup has been placed" classname=";paying-with-coins">
            <skipped message="">
            </skipped>
        </testcase>
        <testcase name="And that coffee type and payment method has been chosen" classname=";paying-with-coins">
            <skipped message="">
            </skipped>
        </testcase>
        <testcase name="When the user inserts &quot;pollett&quot; kr coin" classname=";paying-with-coins">
            <skipped message="">
            </skipped>
        </testcase>
        <testcase name="And the user inserts 5 kr coin" classname=";paying-with-coins">
            <skipped message="">
            </skipped>
        </testcase>
        <testcase name="And the user inserts 5 kr coin" classname=";paying-with-coins">
            <skipped message="">
            </skipped>
        </testcase>
        <testcase name="And the user inserts 5 kr coin" classname=";paying-with-coins">
            <skipped message="">
            </skipped>
        </testcase>
        <testcase name="And the user inserts 2 kr coin" classname=";paying-with-coins">
            <skipped message="">
            </skipped>
        </testcase>
        <testcase name="And the user inserts 2 kr coin" classname=";paying-with-coins">
            <skipped message="">
            </skipped>
        </testcase>
        <testcase name="Then the user recieves 0 cup of coffee." classname=";paying-with-coins">
            <skipped message="">
            </skipped>
        </testcase>
    </testsuite>
    <testsuite name=";paying-with-creditcard" tests="15" failures="0" skipped="15">
        <properties>
            <property name="URI" value="C:/Users/matti/OneDrive/Skrivbord/Programming/kaffemaskin/features/kaffemaskin.feature">
            </property>
        </properties>
        <testcase name="Given that I want to buy coffee" classname=";paying-with-creditcard">
            <skipped message="">
            </skipped>
        </testcase>
        <testcase name="When I have choosen a coffee type and payment method" classname=";paying-with-creditcard">
            <skipped message="">
            </skipped>
        </testcase>
        <testcase name="Then I should some get some coffee." classname=";paying-with-creditcard">
            <skipped message="">
            </skipped>
        </testcase>
        <testcase name="Given that the machine is plugged in" classname=";paying-with-creditcard">
            <skipped message="">
            </skipped>
        </testcase>
        <testcase name="And presses the &quot;start&quot; button" classname=";paying-with-creditcard">
            <skipped message="">
            </skipped>
        </testcase>
        <testcase name="And that water is available" classname=";paying-with-creditcard">
            <skipped message="">
            </skipped>
        </testcase>
        <testcase name="And that the machine has enough ground coffee" classname=";paying-with-creditcard">
            <skipped message="">
            </skipped>
        </testcase>
        <testcase name="And that a cup has been placed" classname=";paying-with-creditcard">
            <skipped message="">
            </skipped>
        </testcase>
        <testcase name="When the user uses a creditcard" classname=";paying-with-creditcard">
            <skipped message="">
            </skipped>
        </testcase>
        <testcase name="And has enough 10" classname=";paying-with-creditcard">
            <skipped message="">
            </skipped>
        </testcase>
        <testcase name="When the user presses the button for 10" classname=";paying-with-creditcard">
            <skipped message="">
            </skipped>
        </testcase>
        <testcase name="When the user presses the button for &lt;coffee2&gt;" classname=";paying-with-creditcard">
            <skipped message="">
            </skipped>
        </testcase>
        <testcase name="When the user presses the button for &lt;coffee3&gt;" classname=";paying-with-creditcard">
            <skipped message="">
            </skipped>
        </testcase>
        <testcase name="When the user presses the button for &lt;coffee4&gt;" classname=";paying-with-creditcard">
            <skipped message="">
            </skipped>
        </testcase>
        <testcase name="Then the user recieves 1 cup of coffee." classname=";paying-with-creditcard">
            <skipped message="">
            </skipped>
        </testcase>
    </testsuite>
    <testsuite name=";paying-with-creditcard" tests="15" failures="0" skipped="15">
        <properties>
            <property name="URI" value="C:/Users/matti/OneDrive/Skrivbord/Programming/kaffemaskin/features/kaffemaskin.feature">
            </property>
        </properties>
        <testcase name="Given that I want to buy coffee" classname=";paying-with-creditcard">
            <skipped message="">
            </skipped>
        </testcase>
        <testcase name="When I have choosen a coffee type and payment method" classname=";paying-with-creditcard">
            <skipped message="">
            </skipped>
        </testcase>
        <testcase name="Then I should some get some coffee." classname=";paying-with-creditcard">
            <skipped message="">
            </skipped>
        </testcase>
        <testcase name="Given that the machine is plugged in" classname=";paying-with-creditcard">
            <skipped message="">
            </skipped>
        </testcase>
        <testcase name="And presses the &quot;start&quot; button" classname=";paying-with-creditcard">
            <skipped message="">
            </skipped>
        </testcase>
        <testcase name="And that water is available" classname=";paying-with-creditcard">
            <skipped message="">
            </skipped>
        </testcase>
        <testcase name="And that the machine has enough ground coffee" classname=";paying-with-creditcard">
            <skipped message="">
            </skipped>
        </testcase>
        <testcase name="And that a cup has been placed" classname=";paying-with-creditcard">
            <skipped message="">
            </skipped>
        </testcase>
        <testcase name="When the user uses a creditcard" classname=";paying-with-creditcard">
            <skipped message="">
            </skipped>
        </testcase>
        <testcase name="And has enough 13" classname=";paying-with-creditcard">
            <skipped message="">
            </skipped>
        </testcase>
        <testcase name="When the user presses the button for 10" classname=";paying-with-creditcard">
            <skipped message="">
            </skipped>
        </testcase>
        <testcase name="When the user presses the button for &lt;coffee2&gt;" classname=";paying-with-creditcard">
            <skipped message="">
            </skipped>
        </testcase>
        <testcase name="When the user presses the button for &lt;coffee3&gt;" classname=";paying-with-creditcard">
            <skipped message="">
            </skipped>
        </testcase>
        <testcase name="When the user presses the button for &lt;coffee4&gt;" classname=";paying-with-creditcard">
            <skipped message="">
            </skipped>
        </testcase>
        <testcase name="Then the user recieves 1 cup of coffee." classname=";paying-with-creditcard">
            <skipped message="">
            </skipped>
        </testcase>
    </testsuite>
    <testsuite name=";paying-with-creditcard" tests="15" failures="0" skipped="15">
        <properties>
            <property name="URI" value="C:/Users/matti/OneDrive/Skrivbord/Programming/kaffemaskin/features/kaffemaskin.feature">
            </property>
        </properties>
        <testcase name="Given that I want to buy coffee" classname=";paying-with-creditcard">
            <skipped message="">
            </skipped>
        </testcase>
        <testcase name="When I have choosen a coffee type and payment method" classname=";paying-with-creditcard">
            <skipped message="">
            </skipped>
        </testcase>
        <testcase name="Then I should some get some coffee." classname=";paying-with-creditcard">
            <skipped message="">
            </skipped>
        </testcase>
        <testcase name="Given that the machine is plugged in" classname=";paying-with-creditcard">
            <skipped message="">
            </skipped>
        </testcase>
        <testcase name="And presses the &quot;start&quot; button" classname=";paying-with-creditcard">
            <skipped message="">
            </skipped>
        </testcase>
        <testcase name="And that water is available" classname=";paying-with-creditcard">
            <skipped message="">
            </skipped>
        </testcase>
        <testcase name="And that the machine has enough ground coffee" classname=";paying-with-creditcard">
            <skipped message="">
            </skipped>
        </testcase>
        <testcase name="And that a cup has been placed" classname=";paying-with-creditcard">
            <skipped message="">
            </skipped>
        </testcase>
        <testcase name="When the user uses a creditcard" classname=";paying-with-creditcard">
            <skipped message="">
            </skipped>
        </testcase>
        <testcase name="And has enough 7" classname=";paying-with-creditcard">
            <skipped message="">
            </skipped>
        </testcase>
        <testcase name="When the user presses the button for 10" classname=";paying-with-creditcard">
            <skipped message="">
            </skipped>
        </testcase>
        <testcase name="When the user presses the button for &lt;coffee2&gt;" classname=";paying-with-creditcard">
            <skipped message="">
            </skipped>
        </testcase>
        <testcase name="When the user presses the button for &lt;coffee3&gt;" classname=";paying-with-creditcard">
            <skipped message="">
            </skipped>
        </testcase>
        <testcase name="When the user presses the button for &lt;coffee4&gt;" classname=";paying-with-creditcard">
            <skipped message="">
            </skipped>
        </testcase>
        <testcase name="Then the user recieves 0 cup of coffee." classname=";paying-with-creditcard">
            <skipped message="">
            </skipped>
        </testcase>
    </testsuite>
    <testsuite name=";paying-with-creditcard" tests="15" failures="0" skipped="15">
        <properties>
            <property name="URI" value="C:/Users/matti/OneDrive/Skrivbord/Programming/kaffemaskin/features/kaffemaskin.feature">
            </property>
        </properties>
        <testcase name="Given that I want to buy coffee" classname=";paying-with-creditcard">
            <skipped message="">
            </skipped>
        </testcase>
        <testcase name="When I have choosen a coffee type and payment method" classname=";paying-with-creditcard">
            <skipped message="">
            </skipped>
        </testcase>
        <testcase name="Then I should some get some coffee." classname=";paying-with-creditcard">
            <skipped message="">
            </skipped>
        </testcase>
        <testcase name="Given that the machine is plugged in" classname=";paying-with-creditcard">
            <skipped message="">
            </skipped>
        </testcase>
        <testcase name="And presses the &quot;start&quot; button" classname=";paying-with-creditcard">
            <skipped message="">
            </skipped>
        </testcase>
        <testcase name="And that water is available" classname=";paying-with-creditcard">
            <skipped message="">
            </skipped>
        </testcase>
        <testcase name="And that the machine has enough ground coffee" classname=";paying-with-creditcard">
            <skipped message="">
            </skipped>
        </testcase>
        <testcase name="And that a cup has been placed" classname=";paying-with-creditcard">
            <skipped message="">
            </skipped>
        </testcase>
        <testcase name="When the user uses a creditcard" classname=";paying-with-creditcard">
            <skipped message="">
            </skipped>
        </testcase>
        <testcase name="And has enough 9" classname=";paying-with-creditcard">
            <skipped message="">
            </skipped>
        </testcase>
        <testcase name="When the user presses the button for 10" classname=";paying-with-creditcard">
            <skipped message="">
            </skipped>
        </testcase>
        <testcase name="When the user presses the button for &lt;coffee2&gt;" classname=";paying-with-creditcard">
            <skipped message="">
            </skipped>
        </testcase>
        <testcase name="When the user presses the button for &lt;coffee3&gt;" classname=";paying-with-creditcard">
            <skipped message="">
            </skipped>
        </testcase>
        <testcase name="When the user presses the button for &lt;coffee4&gt;" classname=";paying-with-creditcard">
            <skipped message="">
            </skipped>
        </testcase>
        <testcase name="Then the user recieves 0 cup of coffee." classname=";paying-with-creditcard">
            <skipped message="">
            </skipped>
        </testcase>
    </testsuite>
    <testsuite name=";paying-with-creditcard" tests="15" failures="0" skipped="15">
        <properties>
            <property name="URI" value="C:/Users/matti/OneDrive/Skrivbord/Programming/kaffemaskin/features/kaffemaskin.feature">
            </property>
        </properties>
        <testcase name="Given that I want to buy coffee" classname=";paying-with-creditcard">
            <skipped message="">
            </skipped>
        </testcase>
        <testcase name="When I have choosen a coffee type and payment method" classname=";paying-with-creditcard">
            <skipped message="">
            </skipped>
        </testcase>
        <testcase name="Then I should some get some coffee." classname=";paying-with-creditcard">
            <skipped message="">
            </skipped>
        </testcase>
        <testcase name="Given that the machine is plugged in" classname=";paying-with-creditcard">
            <skipped message="">
            </skipped>
        </testcase>
        <testcase name="And presses the &quot;start&quot; button" classname=";paying-with-creditcard">
            <skipped message="">
            </skipped>
        </testcase>
        <testcase name="And that water is available" classname=";paying-with-creditcard">
            <skipped message="">
            </skipped>
        </testcase>
        <testcase name="And that the machine has enough ground coffee" classname=";paying-with-creditcard">
            <skipped message="">
            </skipped>
        </testcase>
        <testcase name="And that a cup has been placed" classname=";paying-with-creditcard">
            <skipped message="">
            </skipped>
        </testcase>
        <testcase name="When the user uses a creditcard" classname=";paying-with-creditcard">
            <skipped message="">
            </skipped>
        </testcase>
        <testcase name="And has enough 20" classname=";paying-with-creditcard">
            <skipped message="">
            </skipped>
        </testcase>
        <testcase name="When the user presses the button for &lt;coffee1&gt;" classname=";paying-with-creditcard">
            <skipped message="">
            </skipped>
        </testcase>
        <testcase name="When the user presses the button for 15" classname=";paying-with-creditcard">
            <skipped message="">
            </skipped>
        </testcase>
        <testcase name="When the user presses the button for &lt;coffee3&gt;" classname=";paying-with-creditcard">
            <skipped message="">
            </skipped>
        </testcase>
        <testcase name="When the user presses the button for &lt;coffee4&gt;" classname=";paying-with-creditcard">
            <skipped message="">
            </skipped>
        </testcase>
        <testcase name="Then the user recieves 1 cup of coffee." classname=";paying-with-creditcard">
            <skipped message="">
            </skipped>
        </testcase>
    </testsuite>
    <testsuite name=";paying-with-creditcard" tests="15" failures="0" skipped="15">
        <properties>
            <property name="URI" value="C:/Users/matti/OneDrive/Skrivbord/Programming/kaffemaskin/features/kaffemaskin.feature">
            </property>
        </properties>
        <testcase name="Given that I want to buy coffee" classname=";paying-with-creditcard">
            <skipped message="">
            </skipped>
        </testcase>
        <testcase name="When I have choosen a coffee type and payment method" classname=";paying-with-creditcard">
            <skipped message="">
            </skipped>
        </testcase>
        <testcase name="Then I should some get some coffee." classname=";paying-with-creditcard">
            <skipped message="">
            </skipped>
        </testcase>
        <testcase name="Given that the machine is plugged in" classname=";paying-with-creditcard">
            <skipped message="">
            </skipped>
        </testcase>
        <testcase name="And presses the &quot;start&quot; button" classname=";paying-with-creditcard">
            <skipped message="">
            </skipped>
        </testcase>
        <testcase name="And that water is available" classname=";paying-with-creditcard">
            <skipped message="">
            </skipped>
        </testcase>
        <testcase name="And that the machine has enough ground coffee" classname=";paying-with-creditcard">
            <skipped message="">
            </skipped>
        </testcase>
        <testcase name="And that a cup has been placed" classname=";paying-with-creditcard">
            <skipped message="">
            </skipped>
        </testcase>
        <testcase name="When the user uses a creditcard" classname=";paying-with-creditcard">
            <skipped message="">
            </skipped>
        </testcase>
        <testcase name="And has enough 40" classname=";paying-with-creditcard">
            <skipped message="">
            </skipped>
        </testcase>
        <testcase name="When the user presses the button for &lt;coffee1&gt;" classname=";paying-with-creditcard">
            <skipped message="">
            </skipped>
        </testcase>
        <testcase name="When the user presses the button for 15" classname=";paying-with-creditcard">
            <skipped message="">
            </skipped>
        </testcase>
        <testcase name="When the user presses the button for &lt;coffee3&gt;" classname=";paying-with-creditcard">
            <skipped message="">
            </skipped>
        </testcase>
        <testcase name="When the user presses the button for &lt;coffee4&gt;" classname=";paying-with-creditcard">
            <skipped message="">
            </skipped>
        </testcase>
        <testcase name="Then the user recieves 1 cup of coffee." classname=";paying-with-creditcard">
            <skipped message="">
            </skipped>
        </testcase>
    </testsuite>
    <testsuite name=";paying-with-creditcard" tests="15" failures="0" skipped="15">
        <properties>
            <property name="URI" value="C:/Users/matti/OneDrive/Skrivbord/Programming/kaffemaskin/features/kaffemaskin.feature">
            </property>
        </properties>
        <testcase name="Given that I want to buy coffee" classname=";paying-with-creditcard">
            <skipped message="">
            </skipped>
        </testcase>
        <testcase name="When I have choosen a coffee type and payment method" classname=";paying-with-creditcard">
            <skipped message="">
            </skipped>
        </testcase>
        <testcase name="Then I should some get some coffee." classname=";paying-with-creditcard">
            <skipped message="">
            </skipped>
        </testcase>
        <testcase name="Given that the machine is plugged in" classname=";paying-with-creditcard">
            <skipped message="">
            </skipped>
        </testcase>
        <testcase name="And presses the &quot;start&quot; button" classname=";paying-with-creditcard">
            <skipped message="">
            </skipped>
        </testcase>
        <testcase name="And that water is available" classname=";paying-with-creditcard">
            <skipped message="">
            </skipped>
        </testcase>
        <testcase name="And that the machine has enough ground coffee" classname=";paying-with-creditcard">
            <skipped message="">
            </skipped>
        </testcase>
        <testcase name="And that a cup has been placed" classname=";paying-with-creditcard">
            <skipped message="">
            </skipped>
        </testcase>
        <testcase name="When the user uses a creditcard" classname=";paying-with-creditcard">
            <skipped message="">
            </skipped>
        </testcase>
        <testcase name="And has enough 10" classname=";paying-with-creditcard">
            <skipped message="">
            </skipped>
        </testcase>
        <testcase name="When the user presses the button for &lt;coffee1&gt;" classname=";paying-with-creditcard">
            <skipped message="">
            </skipped>
        </testcase>
        <testcase name="When the user presses the button for 15" classname=";paying-with-creditcard">
            <skipped message="">
            </skipped>
        </testcase>
        <testcase name="When the user presses the button for &lt;coffee3&gt;" classname=";paying-with-creditcard">
            <skipped message="">
            </skipped>
        </testcase>
        <testcase name="When the user presses the button for &lt;coffee4&gt;" classname=";paying-with-creditcard">
            <skipped message="">
            </skipped>
        </testcase>
        <testcase name="Then the user recieves 0 cup of coffee." classname=";paying-with-creditcard">
            <skipped message="">
            </skipped>
        </testcase>
    </testsuite>
    <testsuite name=";paying-with-creditcard" tests="15" failures="0" skipped="15">
        <properties>
            <property name="URI" value="C:/Users/matti/OneDrive/Skrivbord/Programming/kaffemaskin/features/kaffemaskin.feature">
            </property>
        </properties>
        <testcase name="Given that I want to buy coffee" classname=";paying-with-creditcard">
            <skipped message="">
            </skipped>
        </testcase>
        <testcase name="When I have choosen a coffee type and payment method" classname=";paying-with-creditcard">
            <skipped message="">
            </skipped>
        </testcase>
        <testcase name="Then I should some get some coffee." classname=";paying-with-creditcard">
            <skipped message="">
            </skipped>
        </testcase>
        <testcase name="Given that the machine is plugged in" classname=";paying-with-creditcard">
            <skipped message="">
            </skipped>
        </testcase>
        <testcase name="And presses the &quot;start&quot; button" classname=";paying-with-creditcard">
            <skipped message="">
            </skipped>
        </testcase>
        <testcase name="And that water is available" classname=";paying-with-creditcard">
            <skipped message="">
            </skipped>
        </testcase>
        <testcase name="And that the machine has enough ground coffee" classname=";paying-with-creditcard">
            <skipped message="">
            </skipped>
        </testcase>
        <testcase name="And that a cup has been placed" classname=";paying-with-creditcard">
            <skipped message="">
            </skipped>
        </testcase>
        <testcase name="When the user uses a creditcard" classname=";paying-with-creditcard">
            <skipped message="">
            </skipped>
        </testcase>
        <testcase name="And has enough 14" classname=";paying-with-creditcard">
            <skipped message="">
            </skipped>
        </testcase>
        <testcase name="When the user presses the button for &lt;coffee1&gt;" classname=";paying-with-creditcard">
            <skipped message="">
            </skipped>
        </testcase>
        <testcase name="When the user presses the button for 15" classname=";paying-with-creditcard">
            <skipped message="">
            </skipped>
        </testcase>
        <testcase name="When the user presses the button for &lt;coffee3&gt;" classname=";paying-with-creditcard">
            <skipped message="">
            </skipped>
        </testcase>
        <testcase name="When the user presses the button for &lt;coffee4&gt;" classname=";paying-with-creditcard">
            <skipped message="">
            </skipped>
        </testcase>
        <testcase name="Then the user recieves 0 cup of coffee." classname=";paying-with-creditcard">
            <skipped message="">
            </skipped>
        </testcase>
    </testsuite>
    <testsuite name=";paying-with-creditcard" tests="15" failures="0" skipped="15">
        <properties>
            <property name="URI" value="C:/Users/matti/OneDrive/Skrivbord/Programming/kaffemaskin/features/kaffemaskin.feature">
            </property>
        </properties>
        <testcase name="Given that I want to buy coffee" classname=";paying-with-creditcard">
            <skipped message="">
            </skipped>
        </testcase>
        <testcase name="When I have choosen a coffee type and payment method" classname=";paying-with-creditcard">
            <skipped message="">
            </skipped>
        </testcase>
        <testcase name="Then I should some get some coffee." classname=";paying-with-creditcard">
            <skipped message="">
            </skipped>
        </testcase>
        <testcase name="Given that the machine is plugged in" classname=";paying-with-creditcard">
            <skipped message="">
            </skipped>
        </testcase>
        <testcase name="And presses the &quot;start&quot; button" classname=";paying-with-creditcard">
            <skipped message="">
            </skipped>
        </testcase>
        <testcase name="And that water is available" classname=";paying-with-creditcard">
            <skipped message="">
            </skipped>
        </testcase>
        <testcase name="And that the machine has enough ground coffee" classname=";paying-with-creditcard">
            <skipped message="">
            </skipped>
        </testcase>
        <testcase name="And that a cup has been placed" classname=";paying-with-creditcard">
            <skipped message="">
            </skipped>
        </testcase>
        <testcase name="When the user uses a creditcard" classname=";paying-with-creditcard">
            <skipped message="">
            </skipped>
        </testcase>
        <testcase name="And has enough 214" classname=";paying-with-creditcard">
            <skipped message="">
            </skipped>
        </testcase>
        <testcase name="When the user presses the button for &lt;coffee1&gt;" classname=";paying-with-creditcard">
            <skipped message="">
            </skipped>
        </testcase>
        <testcase name="When the user presses the button for &lt;coffee2&gt;" classname=";paying-with-creditcard">
            <skipped message="">
            </skipped>
        </testcase>
        <testcase name="When the user presses the button for 20" classname=";paying-with-creditcard">
            <skipped message="">
            </skipped>
        </testcase>
        <testcase name="When the user presses the button for &lt;coffee4&gt;" classname=";paying-with-creditcard">
            <skipped message="">
            </skipped>
        </testcase>
        <testcase name="Then the user recieves 1 cup of coffee." classname=";paying-with-creditcard">
            <skipped message="">
            </skipped>
        </testcase>
    </testsuite>
    <testsuite name=";paying-with-creditcard" tests="15" failures="0" skipped="15">
        <properties>
            <property name="URI" value="C:/Users/matti/OneDrive/Skrivbord/Programming/kaffemaskin/features/kaffemaskin.feature">
            </property>
        </properties>
        <testcase name="Given that I want to buy coffee" classname=";paying-with-creditcard">
            <skipped message="">
            </skipped>
        </testcase>
        <testcase name="When I have choosen a coffee type and payment method" classname=";paying-with-creditcard">
            <skipped message="">
            </skipped>
        </testcase>
        <testcase name="Then I should some get some coffee." classname=";paying-with-creditcard">
            <skipped message="">
            </skipped>
        </testcase>
        <testcase name="Given that the machine is plugged in" classname=";paying-with-creditcard">
            <skipped message="">
            </skipped>
        </testcase>
        <testcase name="And presses the &quot;start&quot; button" classname=";paying-with-creditcard">
            <skipped message="">
            </skipped>
        </testcase>
        <testcase name="And that water is available" classname=";paying-with-creditcard">
            <skipped message="">
            </skipped>
        </testcase>
        <testcase name="And that the machine has enough ground coffee" classname=";paying-with-creditcard">
            <skipped message="">
            </skipped>
        </testcase>
        <testcase name="And that a cup has been placed" classname=";paying-with-creditcard">
            <skipped message="">
            </skipped>
        </testcase>
        <testcase name="When the user uses a creditcard" classname=";paying-with-creditcard">
            <skipped message="">
            </skipped>
        </testcase>
        <testcase name="And has enough 34" classname=";paying-with-creditcard">
            <skipped message="">
            </skipped>
        </testcase>
        <testcase name="When the user presses the button for &lt;coffee1&gt;" classname=";paying-with-creditcard">
            <skipped message="">
            </skipped>
        </testcase>
        <testcase name="When the user presses the button for &lt;coffee2&gt;" classname=";paying-with-creditcard">
            <skipped message="">
            </skipped>
        </testcase>
        <testcase name="When the user presses the button for 20" classname=";paying-with-creditcard">
            <skipped message="">
            </skipped>
        </testcase>
        <testcase name="When the user presses the button for &lt;coffee4&gt;" classname=";paying-with-creditcard">
            <skipped message="">
            </skipped>
        </testcase>
        <testcase name="Then the user recieves 1 cup of coffee." classname=";paying-with-creditcard">
            <skipped message="">
            </skipped>
        </testcase>
    </testsuite>
    <testsuite name=";paying-with-creditcard" tests="15" failures="0" skipped="15">
        <properties>
            <property name="URI" value="C:/Users/matti/OneDrive/Skrivbord/Programming/kaffemaskin/features/kaffemaskin.feature">
            </property>
        </properties>
        <testcase name="Given that I want to buy coffee" classname=";paying-with-creditcard">
            <skipped message="">
            </skipped>
        </testcase>
        <testcase name="When I have choosen a coffee type and payment method" classname=";paying-with-creditcard">
            <skipped message="">
            </skipped>
        </testcase>
        <testcase name="Then I should some get some coffee." classname=";paying-with-creditcard">
            <skipped message="">
            </skipped>
        </testcase>
        <testcase name="Given that the machine is plugged in" classname=";paying-with-creditcard">
            <skipped message="">
            </skipped>
        </testcase>
        <testcase name="And presses the &quot;start&quot; button" classname=";paying-with-creditcard">
            <skipped message="">
            </skipped>
        </testcase>
        <testcase name="And that water is available" classname=";paying-with-creditcard">
            <skipped message="">
            </skipped>
        </testcase>
        <testcase name="And that the machine has enough ground coffee" classname=";paying-with-creditcard">
            <skipped message="">
            </skipped>
        </testcase>
        <testcase name="And that a cup has been placed" classname=";paying-with-creditcard">
            <skipped message="">
            </skipped>
        </testcase>
        <testcase name="When the user uses a creditcard" classname=";paying-with-creditcard">
            <skipped message="">
            </skipped>
        </testcase>
        <testcase name="And has enough 18" classname=";paying-with-creditcard">
            <skipped message="">
            </skipped>
        </testcase>
        <testcase name="When the user presses the button for &lt;coffee1&gt;" classname=";paying-with-creditcard">
            <skipped message="">
            </skipped>
        </testcase>
        <testcase name="When the user presses the button for &lt;coffee2&gt;" classname=";paying-with-creditcard">
            <skipped message="">
            </skipped>
        </testcase>
        <testcase name="When the user presses the button for 20" classname=";paying-with-creditcard">
            <skipped message="">
            </skipped>
        </testcase>
        <testcase name="When the user presses the button for &lt;coffee4&gt;" classname=";paying-with-creditcard">
            <skipped message="">
            </skipped>
        </testcase>
        <testcase name="Then the user recieves 0 cup of coffee." classname=";paying-with-creditcard">
            <skipped message="">
            </skipped>
        </testcase>
    </testsuite>
    <testsuite name=";paying-with-creditcard" tests="15" failures="0" skipped="15">
        <properties>
            <property name="URI" value="C:/Users/matti/OneDrive/Skrivbord/Programming/kaffemaskin/features/kaffemaskin.feature">
            </property>
        </properties>
        <testcase name="Given that I want to buy coffee" classname=";paying-with-creditcard">
            <skipped message="">
            </skipped>
        </testcase>
        <testcase name="When I have choosen a coffee type and payment method" classname=";paying-with-creditcard">
            <skipped message="">
            </skipped>
        </testcase>
        <testcase name="Then I should some get some coffee." classname=";paying-with-creditcard">
            <skipped message="">
            </skipped>
        </testcase>
        <testcase name="Given that the machine is plugged in" classname=";paying-with-creditcard">
            <skipped message="">
            </skipped>
        </testcase>
        <testcase name="And presses the &quot;start&quot; button" classname=";paying-with-creditcard">
            <skipped message="">
            </skipped>
        </testcase>
        <testcase name="And that water is available" classname=";paying-with-creditcard">
            <skipped message="">
            </skipped>
        </testcase>
        <testcase name="And that the machine has enough ground coffee" classname=";paying-with-creditcard">
            <skipped message="">
            </skipped>
        </testcase>
        <testcase name="And that a cup has been placed" classname=";paying-with-creditcard">
            <skipped message="">
            </skipped>
        </testcase>
        <testcase name="When the user uses a creditcard" classname=";paying-with-creditcard">
            <skipped message="">
            </skipped>
        </testcase>
        <testcase name="And has enough 14" classname=";paying-with-creditcard">
            <skipped message="">
            </skipped>
        </testcase>
        <testcase name="When the user presses the button for &lt;coffee1&gt;" classname=";paying-with-creditcard">
            <skipped message="">
            </skipped>
        </testcase>
        <testcase name="When the user presses the button for &lt;coffee2&gt;" classname=";paying-with-creditcard">
            <skipped message="">
            </skipped>
        </testcase>
        <testcase name="When the user presses the button for 20" classname=";paying-with-creditcard">
            <skipped message="">
            </skipped>
        </testcase>
        <testcase name="When the user presses the button for &lt;coffee4&gt;" classname=";paying-with-creditcard">
            <skipped message="">
            </skipped>
        </testcase>
        <testcase name="Then the user recieves 0 cup of coffee." classname=";paying-with-creditcard">
            <skipped message="">
            </skipped>
        </testcase>
    </testsuite>
    <testsuite name=";paying-with-creditcard" tests="15" failures="0" skipped="15">
        <properties>
            <property name="URI" value="C:/Users/matti/OneDrive/Skrivbord/Programming/kaffemaskin/features/kaffemaskin.feature">
            </property>
        </properties>
        <testcase name="Given that I want to buy coffee" classname=";paying-with-creditcard">
            <skipped message="">
            </skipped>
        </testcase>
        <testcase name="When I have choosen a coffee type and payment method" classname=";paying-with-creditcard">
            <skipped message="">
            </skipped>
        </testcase>
        <testcase name="Then I should some get some coffee." classname=";paying-with-creditcard">
            <skipped message="">
            </skipped>
        </testcase>
        <testcase name="Given that the machine is plugged in" classname=";paying-with-creditcard">
            <skipped message="">
            </skipped>
        </testcase>
        <testcase name="And presses the &quot;start&quot; button" classname=";paying-with-creditcard">
            <skipped message="">
            </skipped>
        </testcase>
        <testcase name="And that water is available" classname=";paying-with-creditcard">
            <skipped message="">
            </skipped>
        </testcase>
        <testcase name="And that the machine has enough ground coffee" classname=";paying-with-creditcard">
            <skipped message="">
            </skipped>
        </testcase>
        <testcase name="And that a cup has been placed" classname=";paying-with-creditcard">
            <skipped message="">
            </skipped>
        </testcase>
        <testcase name="When the user uses a creditcard" classname=";paying-with-creditcard">
            <skipped message="">
            </skipped>
        </testcase>
        <testcase name="And has enough 53" classname=";paying-with-creditcard">
            <skipped message="">
            </skipped>
        </testcase>
        <testcase name="When the user presses the button for &lt;coffee1&gt;" classname=";paying-with-creditcard">
            <skipped message="">
            </skipped>
        </testcase>
        <testcase name="When the user presses the button for &lt;coffee2&gt;" classname=";paying-with-creditcard">
            <skipped message="">
            </skipped>
        </testcase>
        <testcase name="When the user presses the button for &lt;coffee3&gt;" classname=";paying-with-creditcard">
            <skipped message="">
            </skipped>
        </testcase>
        <testcase name="When the user presses the button for 25" classname=";paying-with-creditcard">
            <skipped message="">
            </skipped>
        </testcase>
        <testcase name="Then the user recieves 1 cup of coffee." classname=";paying-with-creditcard">
            <skipped message="">
            </skipped>
        </testcase>
    </testsuite>
    <testsuite name=";paying-with-creditcard" tests="15" failures="0" skipped="15">
        <properties>
            <property name="URI" value="C:/Users/matti/OneDrive/Skrivbord/Programming/kaffemaskin/features/kaffemaskin.feature">
            </property>
        </properties>
        <testcase name="Given that I want to buy coffee" classname=";paying-with-creditcard">
            <skipped message="">
            </skipped>
        </testcase>
        <testcase name="When I have choosen a coffee type and payment method" classname=";paying-with-creditcard">
            <skipped message="">
            </skipped>
        </testcase>
        <testcase name="Then I should some get some coffee." classname=";paying-with-creditcard">
            <skipped message="">
            </skipped>
        </testcase>
        <testcase name="Given that the machine is plugged in" classname=";paying-with-creditcard">
            <skipped message="">
            </skipped>
        </testcase>
        <testcase name="And presses the &quot;start&quot; button" classname=";paying-with-creditcard">
            <skipped message="">
            </skipped>
        </testcase>
        <testcase name="And that water is available" classname=";paying-with-creditcard">
            <skipped message="">
            </skipped>
        </testcase>
        <testcase name="And that the machine has enough ground coffee" classname=";paying-with-creditcard">
            <skipped message="">
            </skipped>
        </testcase>
        <testcase name="And that a cup has been placed" classname=";paying-with-creditcard">
            <skipped message="">
            </skipped>
        </testcase>
        <testcase name="When the user uses a creditcard" classname=";paying-with-creditcard">
            <skipped message="">
            </skipped>
        </testcase>
        <testcase name="And has enough 90" classname=";paying-with-creditcard">
            <skipped message="">
            </skipped>
        </testcase>
        <testcase name="When the user presses the button for &lt;coffee1&gt;" classname=";paying-with-creditcard">
            <skipped message="">
            </skipped>
        </testcase>
        <testcase name="When the user presses the button for &lt;coffee2&gt;" classname=";paying-with-creditcard">
            <skipped message="">
            </skipped>
        </testcase>
        <testcase name="When the user presses the button for &lt;coffee3&gt;" classname=";paying-with-creditcard">
            <skipped message="">
            </skipped>
        </testcase>
        <testcase name="When the user presses the button for 25" classname=";paying-with-creditcard">
            <skipped message="">
            </skipped>
        </testcase>
        <testcase name="Then the user recieves 1 cup of coffee." classname=";paying-with-creditcard">
            <skipped message="">
            </skipped>
        </testcase>
    </testsuite>
    <testsuite name=";paying-with-creditcard" tests="15" failures="0" skipped="15">
        <properties>
            <property name="URI" value="C:/Users/matti/OneDrive/Skrivbord/Programming/kaffemaskin/features/kaffemaskin.feature">
            </property>
        </properties>
        <testcase name="Given that I want to buy coffee" classname=";paying-with-creditcard">
            <skipped message="">
            </skipped>
        </testcase>
        <testcase name="When I have choosen a coffee type and payment method" classname=";paying-with-creditcard">
            <skipped message="">
            </skipped>
        </testcase>
        <testcase name="Then I should some get some coffee." classname=";paying-with-creditcard">
            <skipped message="">
            </skipped>
        </testcase>
        <testcase name="Given that the machine is plugged in" classname=";paying-with-creditcard">
            <skipped message="">
            </skipped>
        </testcase>
        <testcase name="And presses the &quot;start&quot; button" classname=";paying-with-creditcard">
            <skipped message="">
            </skipped>
        </testcase>
        <testcase name="And that water is available" classname=";paying-with-creditcard">
            <skipped message="">
            </skipped>
        </testcase>
        <testcase name="And that the machine has enough ground coffee" classname=";paying-with-creditcard">
            <skipped message="">
            </skipped>
        </testcase>
        <testcase name="And that a cup has been placed" classname=";paying-with-creditcard">
            <skipped message="">
            </skipped>
        </testcase>
        <testcase name="When the user uses a creditcard" classname=";paying-with-creditcard">
            <skipped message="">
            </skipped>
        </testcase>
        <testcase name="And has enough 23" classname=";paying-with-creditcard">
            <skipped message="">
            </skipped>
        </testcase>
        <testcase name="When the user presses the button for &lt;coffee1&gt;" classname=";paying-with-creditcard">
            <skipped message="">
            </skipped>
        </testcase>
        <testcase name="When the user presses the button for &lt;coffee2&gt;" classname=";paying-with-creditcard">
            <skipped message="">
            </skipped>
        </testcase>
        <testcase name="When the user presses the button for &lt;coffee3&gt;" classname=";paying-with-creditcard">
            <skipped message="">
            </skipped>
        </testcase>
        <testcase name="When the user presses the button for 25" classname=";paying-with-creditcard">
            <skipped message="">
            </skipped>
        </testcase>
        <testcase name="Then the user recieves 0 cup of coffee." classname=";paying-with-creditcard">
            <skipped message="">
            </skipped>
        </testcase>
    </testsuite>
    <testsuite name=";paying-with-creditcard" tests="15" failures="0" skipped="15">
        <properties>
            <property name="URI" value="C:/Users/matti/OneDrive/Skrivbord/Programming/kaffemaskin/features/kaffemaskin.feature">
            </property>
        </properties>
        <testcase name="Given that I want to buy coffee" classname=";paying-with-creditcard">
            <skipped message="">
            </skipped>
        </testcase>
        <testcase name="When I have choosen a coffee type and payment method" classname=";paying-with-creditcard">
            <skipped message="">
            </skipped>
        </testcase>
        <testcase name="Then I should some get some coffee." classname=";paying-with-creditcard">
            <skipped message="">
            </skipped>
        </testcase>
        <testcase name="Given that the machine is plugged in" classname=";paying-with-creditcard">
            <skipped message="">
            </skipped>
        </testcase>
        <testcase name="And presses the &quot;start&quot; button" classname=";paying-with-creditcard">
            <skipped message="">
            </skipped>
        </testcase>
        <testcase name="And that water is available" classname=";paying-with-creditcard">
            <skipped message="">
            </skipped>
        </testcase>
        <testcase name="And that the machine has enough ground coffee" classname=";paying-with-creditcard">
            <skipped message="">
            </skipped>
        </testcase>
        <testcase name="And that a cup has been placed" classname=";paying-with-creditcard">
            <skipped message="">
            </skipped>
        </testcase>
        <testcase name="When the user uses a creditcard" classname=";paying-with-creditcard">
            <skipped message="">
            </skipped>
        </testcase>
        <testcase name="And has enough 12" classname=";paying-with-creditcard">
            <skipped message="">
            </skipped>
        </testcase>
        <testcase name="When the user presses the button for &lt;coffee1&gt;" classname=";paying-with-creditcard">
            <skipped message="">
            </skipped>
        </testcase>
        <testcase name="When the user presses the button for &lt;coffee2&gt;" classname=";paying-with-creditcard">
            <skipped message="">
            </skipped>
        </testcase>
        <testcase name="When the user presses the button for &lt;coffee3&gt;" classname=";paying-with-creditcard">
            <skipped message="">
            </skipped>
        </testcase>
        <testcase name="When the user presses the button for 25" classname=";paying-with-creditcard">
            <skipped message="">
            </skipped>
        </testcase>
        <testcase name="Then the user recieves 0 cup of coffee." classname=";paying-with-creditcard">
            <skipped message="">
            </skipped>
        </testcase>
    </testsuite>
</testsuites>