<?xml version="1.0" encoding="UTF-8"?>
<testsuites>
    <testsuite name="kaffemaskin;paying-with-coins" tests="18" failures="1" skipped="11">
        <properties>
            <property name="URI" value="C:/Users/matti/OneDrive/Skrivbord/Programming/kaffemaskin/features/kaffemaskin.feature">
            </property>
        </properties>
        <testcase name="Given that the machine is plugged in" classname="kaffemaskin;paying-with-coins" time="0.0006598">
        </testcase>
        <testcase name="And that the user has pressed the start button" classname="kaffemaskin;paying-with-coins" time="0.0001467">
        </testcase>
        <testcase name="And that ground coffee is available" classname="kaffemaskin;paying-with-coins" time="0.000161">
        </testcase>
        <testcase name="And that water is available" classname="kaffemaskin;paying-with-coins" time="0.0001299">
        </testcase>
        <testcase name="And that milk is available" classname="kaffemaskin;paying-with-coins" time="0.0001701">
        </testcase>
        <testcase name="And that a cup has been placed" classname="kaffemaskin;paying-with-coins" time="0.000128">
        </testcase>
        <testcase name="And you have used SEK only" classname="kaffemaskin;paying-with-coins" time="0.000149699">
            <failure message="ReferenceError: nonMoney is not defined">ReferenceError: nonMoney is not defined
    at CoffeeMachine.insertMoney (C:\Users\matti\OneDrive\Skrivbord\Programming\kaffemaskin\index.js:90:62)
    at createWorld.&lt;anonymous&gt; (C:\Users\matti\OneDrive\Skrivbord\Programming\kaffemaskin\step-definitions\kaffemaskin.js:69:19)
    at processTicksAndRejections (internal/process/task_queues.js:75:11)</failure>
        </testcase>
        <testcase name="And you have used either coins or creditcard" classname="kaffemaskin;paying-with-coins">
            <skipped message="">
            </skipped>
        </testcase>
        <testcase name="Then you get a cup of coffee" classname="kaffemaskin;paying-with-coins">
            <skipped message="">
            </skipped>
        </testcase>
        <testcase name="Given that coffee type Black Coffee has been chosen" classname="kaffemaskin;paying-with-coins">
            <skipped message="">
            </skipped>
        </testcase>
        <testcase name="And the payment method coins has been chosen" classname="kaffemaskin;paying-with-coins">
            <skipped message="">
            </skipped>
        </testcase>
        <testcase name="When the user inserts 10 kr coin" classname="kaffemaskin;paying-with-coins">
            <skipped message="">
            </skipped>
        </testcase>
        <testcase name="And the user inserts 10 kr coin" classname="kaffemaskin;paying-with-coins">
            <skipped message="">
            </skipped>
        </testcase>
        <testcase name="And the user inserts 5 kr coin" classname="kaffemaskin;paying-with-coins">
            <skipped message="">
            </skipped>
        </testcase>
        <testcase name="And the user inserts 0 kr coin" classname="kaffemaskin;paying-with-coins">
            <skipped message="">
            </skipped>
        </testcase>
        <testcase name="And the user inserts 0 kr coin" classname="kaffemaskin;paying-with-coins">
            <skipped message="">
            </skipped>
        </testcase>
        <testcase name="And the user inserts 0 kr coin" classname="kaffemaskin;paying-with-coins">
            <skipped message="">
            </skipped>
        </testcase>
        <testcase name="Then the user recieves 1 cup of coffee." classname="kaffemaskin;paying-with-coins">
            <skipped message="">
            </skipped>
        </testcase>
    </testsuite>
    <testsuite name="kaffemaskin;paying-with-coins" tests="18" failures="1" skipped="11">
        <properties>
            <property name="URI" value="C:/Users/matti/OneDrive/Skrivbord/Programming/kaffemaskin/features/kaffemaskin.feature">
            </property>
        </properties>
        <testcase name="Given that the machine is plugged in" classname="kaffemaskin;paying-with-coins" time="0.000062301">
        </testcase>
        <testcase name="And that the user has pressed the start button" classname="kaffemaskin;paying-with-coins" time="0.0000492">
        </testcase>
        <testcase name="And that ground coffee is available" classname="kaffemaskin;paying-with-coins" time="0.000049101">
        </testcase>
        <testcase name="And that water is available" classname="kaffemaskin;paying-with-coins" time="0.000042599">
        </testcase>
        <testcase name="And that milk is available" classname="kaffemaskin;paying-with-coins" time="0.000051501">
        </testcase>
        <testcase name="And that a cup has been placed" classname="kaffemaskin;paying-with-coins" time="0.000050401">
        </testcase>
        <testcase name="And you have used SEK only" classname="kaffemaskin;paying-with-coins" time="0.0000796">
            <failure message="ReferenceError: nonMoney is not defined">ReferenceError: nonMoney is not defined
    at CoffeeMachine.insertMoney (C:\Users\matti\OneDrive\Skrivbord\Programming\kaffemaskin\index.js:90:62)
    at createWorld.&lt;anonymous&gt; (C:\Users\matti\OneDrive\Skrivbord\Programming\kaffemaskin\step-definitions\kaffemaskin.js:69:19)
    at processTicksAndRejections (internal/process/task_queues.js:75:11)</failure>
        </testcase>
        <testcase name="And you have used either coins or creditcard" classname="kaffemaskin;paying-with-coins">
            <skipped message="">
            </skipped>
        </testcase>
        <testcase name="Then you get a cup of coffee" classname="kaffemaskin;paying-with-coins">
            <skipped message="">
            </skipped>
        </testcase>
        <testcase name="Given that coffee type Black Coffee has been chosen" classname="kaffemaskin;paying-with-coins">
            <skipped message="">
            </skipped>
        </testcase>
        <testcase name="And the payment method coins has been chosen" classname="kaffemaskin;paying-with-coins">
            <skipped message="">
            </skipped>
        </testcase>
        <testcase name="When the user inserts 10 kr coin" classname="kaffemaskin;paying-with-coins">
            <skipped message="">
            </skipped>
        </testcase>
        <testcase name="And the user inserts 5 kr coin" classname="kaffemaskin;paying-with-coins">
            <skipped message="">
            </skipped>
        </testcase>
        <testcase name="And the user inserts 5 kr coin" classname="kaffemaskin;paying-with-coins">
            <skipped message="">
            </skipped>
        </testcase>
        <testcase name="And the user inserts 5 kr coin" classname="kaffemaskin;paying-with-coins">
            <skipped message="">
            </skipped>
        </testcase>
        <testcase name="And the user inserts 0 kr coin" classname="kaffemaskin;paying-with-coins">
            <skipped message="">
            </skipped>
        </testcase>
        <testcase name="And the user inserts 0 kr coin" classname="kaffemaskin;paying-with-coins">
            <skipped message="">
            </skipped>
        </testcase>
        <testcase name="Then the user recieves 1 cup of coffee." classname="kaffemaskin;paying-with-coins">
            <skipped message="">
            </skipped>
        </testcase>
    </testsuite>
    <testsuite name="kaffemaskin;paying-with-coins" tests="18" failures="1" skipped="11">
        <properties>
            <property name="URI" value="C:/Users/matti/OneDrive/Skrivbord/Programming/kaffemaskin/features/kaffemaskin.feature">
            </property>
        </properties>
        <testcase name="Given that the machine is plugged in" classname="kaffemaskin;paying-with-coins" time="0.0001203">
        </testcase>
        <testcase name="And that the user has pressed the start button" classname="kaffemaskin;paying-with-coins" time="0.0000814">
        </testcase>
        <testcase name="And that ground coffee is available" classname="kaffemaskin;paying-with-coins" time="0.0000708">
        </testcase>
        <testcase name="And that water is available" classname="kaffemaskin;paying-with-coins" time="0.0000654">
        </testcase>
        <testcase name="And that milk is available" classname="kaffemaskin;paying-with-coins" time="0.0000621">
        </testcase>
        <testcase name="And that a cup has been placed" classname="kaffemaskin;paying-with-coins" time="0.000069099">
        </testcase>
        <testcase name="And you have used SEK only" classname="kaffemaskin;paying-with-coins" time="0.000085501">
            <failure message="ReferenceError: nonMoney is not defined">ReferenceError: nonMoney is not defined
    at CoffeeMachine.insertMoney (C:\Users\matti\OneDrive\Skrivbord\Programming\kaffemaskin\index.js:90:62)
    at createWorld.&lt;anonymous&gt; (C:\Users\matti\OneDrive\Skrivbord\Programming\kaffemaskin\step-definitions\kaffemaskin.js:69:19)
    at processTicksAndRejections (internal/process/task_queues.js:75:11)</failure>
        </testcase>
        <testcase name="And you have used either coins or creditcard" classname="kaffemaskin;paying-with-coins">
            <skipped message="">
            </skipped>
        </testcase>
        <testcase name="Then you get a cup of coffee" classname="kaffemaskin;paying-with-coins">
            <skipped message="">
            </skipped>
        </testcase>
        <testcase name="Given that coffee type Black Coffee has been chosen" classname="kaffemaskin;paying-with-coins">
            <skipped message="">
            </skipped>
        </testcase>
        <testcase name="And the payment method coins has been chosen" classname="kaffemaskin;paying-with-coins">
            <skipped message="">
            </skipped>
        </testcase>
        <testcase name="When the user inserts &quot;pollett&quot; kr coin" classname="kaffemaskin;paying-with-coins">
            <skipped message="">
            </skipped>
        </testcase>
        <testcase name="And the user inserts 5 kr coin" classname="kaffemaskin;paying-with-coins">
            <skipped message="">
            </skipped>
        </testcase>
        <testcase name="And the user inserts 5 kr coin" classname="kaffemaskin;paying-with-coins">
            <skipped message="">
            </skipped>
        </testcase>
        <testcase name="And the user inserts 2 kr coin" classname="kaffemaskin;paying-with-coins">
            <skipped message="">
            </skipped>
        </testcase>
        <testcase name="And the user inserts 2 kr coin" classname="kaffemaskin;paying-with-coins">
            <skipped message="">
            </skipped>
        </testcase>
        <testcase name="And the user inserts 0 kr coin" classname="kaffemaskin;paying-with-coins">
            <skipped message="">
            </skipped>
        </testcase>
        <testcase name="Then the user recieves 0 cup of coffee." classname="kaffemaskin;paying-with-coins">
            <skipped message="">
            </skipped>
        </testcase>
    </testsuite>
    <testsuite name="kaffemaskin;paying-with-coins" tests="18" failures="1" skipped="11">
        <properties>
            <property name="URI" value="C:/Users/matti/OneDrive/Skrivbord/Programming/kaffemaskin/features/kaffemaskin.feature">
            </property>
        </properties>
        <testcase name="Given that the machine is plugged in" classname="kaffemaskin;paying-with-coins" time="0.000085699">
        </testcase>
        <testcase name="And that the user has pressed the start button" classname="kaffemaskin;paying-with-coins" time="0.0001323">
        </testcase>
        <testcase name="And that ground coffee is available" classname="kaffemaskin;paying-with-coins" time="0.000077801">
        </testcase>
        <testcase name="And that water is available" classname="kaffemaskin;paying-with-coins" time="0.000062401">
        </testcase>
        <testcase name="And that milk is available" classname="kaffemaskin;paying-with-coins" time="0.0000524">
        </testcase>
        <testcase name="And that a cup has been placed" classname="kaffemaskin;paying-with-coins" time="0.0000466">
        </testcase>
        <testcase name="And you have used SEK only" classname="kaffemaskin;paying-with-coins" time="0.0000693">
            <failure message="ReferenceError: nonMoney is not defined">ReferenceError: nonMoney is not defined
    at CoffeeMachine.insertMoney (C:\Users\matti\OneDrive\Skrivbord\Programming\kaffemaskin\index.js:90:62)
    at createWorld.&lt;anonymous&gt; (C:\Users\matti\OneDrive\Skrivbord\Programming\kaffemaskin\step-definitions\kaffemaskin.js:69:19)
    at processTicksAndRejections (internal/process/task_queues.js:75:11)</failure>
        </testcase>
        <testcase name="And you have used either coins or creditcard" classname="kaffemaskin;paying-with-coins">
            <skipped message="">
            </skipped>
        </testcase>
        <testcase name="Then you get a cup of coffee" classname="kaffemaskin;paying-with-coins">
            <skipped message="">
            </skipped>
        </testcase>
        <testcase name="Given that coffee type Black Coffee has been chosen" classname="kaffemaskin;paying-with-coins">
            <skipped message="">
            </skipped>
        </testcase>
        <testcase name="And the payment method coins has been chosen" classname="kaffemaskin;paying-with-coins">
            <skipped message="">
            </skipped>
        </testcase>
        <testcase name="When the user inserts 5 kr coin" classname="kaffemaskin;paying-with-coins">
            <skipped message="">
            </skipped>
        </testcase>
        <testcase name="And the user inserts 5 kr coin" classname="kaffemaskin;paying-with-coins">
            <skipped message="">
            </skipped>
        </testcase>
        <testcase name="And the user inserts 5 kr coin" classname="kaffemaskin;paying-with-coins">
            <skipped message="">
            </skipped>
        </testcase>
        <testcase name="And the user inserts 5 kr coin" classname="kaffemaskin;paying-with-coins">
            <skipped message="">
            </skipped>
        </testcase>
        <testcase name="And the user inserts 2 kr coin" classname="kaffemaskin;paying-with-coins">
            <skipped message="">
            </skipped>
        </testcase>
        <testcase name="And the user inserts 1 kr coin" classname="kaffemaskin;paying-with-coins">
            <skipped message="">
            </skipped>
        </testcase>
        <testcase name="Then the user recieves 0 cup of coffee." classname="kaffemaskin;paying-with-coins">
            <skipped message="">
            </skipped>
        </testcase>
    </testsuite>
    <testsuite name="kaffemaskin;paying-with-coins" tests="18" failures="1" skipped="11">
        <properties>
            <property name="URI" value="C:/Users/matti/OneDrive/Skrivbord/Programming/kaffemaskin/features/kaffemaskin.feature">
            </property>
        </properties>
        <testcase name="Given that the machine is plugged in" classname="kaffemaskin;paying-with-coins" time="0.000073499">
        </testcase>
        <testcase name="And that the user has pressed the start button" classname="kaffemaskin;paying-with-coins" time="0.0000862">
        </testcase>
        <testcase name="And that ground coffee is available" classname="kaffemaskin;paying-with-coins" time="0.000076899">
        </testcase>
        <testcase name="And that water is available" classname="kaffemaskin;paying-with-coins" time="0.000049901">
        </testcase>
        <testcase name="And that milk is available" classname="kaffemaskin;paying-with-coins" time="0.0000592">
        </testcase>
        <testcase name="And that a cup has been placed" classname="kaffemaskin;paying-with-coins" time="0.0000385">
        </testcase>
        <testcase name="And you have used SEK only" classname="kaffemaskin;paying-with-coins" time="0.0000547">
            <failure message="ReferenceError: nonMoney is not defined">ReferenceError: nonMoney is not defined
    at CoffeeMachine.insertMoney (C:\Users\matti\OneDrive\Skrivbord\Programming\kaffemaskin\index.js:90:62)
    at createWorld.&lt;anonymous&gt; (C:\Users\matti\OneDrive\Skrivbord\Programming\kaffemaskin\step-definitions\kaffemaskin.js:69:19)
    at processTicksAndRejections (internal/process/task_queues.js:75:11)</failure>
        </testcase>
        <testcase name="And you have used either coins or creditcard" classname="kaffemaskin;paying-with-coins">
            <skipped message="">
            </skipped>
        </testcase>
        <testcase name="Then you get a cup of coffee" classname="kaffemaskin;paying-with-coins">
            <skipped message="">
            </skipped>
        </testcase>
        <testcase name="Given that coffee type Caffe Latte has been chosen" classname="kaffemaskin;paying-with-coins">
            <skipped message="">
            </skipped>
        </testcase>
        <testcase name="And the payment method coins has been chosen" classname="kaffemaskin;paying-with-coins">
            <skipped message="">
            </skipped>
        </testcase>
        <testcase name="When the user inserts 10 kr coin" classname="kaffemaskin;paying-with-coins">
            <skipped message="">
            </skipped>
        </testcase>
        <testcase name="And the user inserts 10 kr coin" classname="kaffemaskin;paying-with-coins">
            <skipped message="">
            </skipped>
        </testcase>
        <testcase name="And the user inserts 5 kr coin" classname="kaffemaskin;paying-with-coins">
            <skipped message="">
            </skipped>
        </testcase>
        <testcase name="And the user inserts 0 kr coin" classname="kaffemaskin;paying-with-coins">
            <skipped message="">
            </skipped>
        </testcase>
        <testcase name="And the user inserts 0 kr coin" classname="kaffemaskin;paying-with-coins">
            <skipped message="">
            </skipped>
        </testcase>
        <testcase name="And the user inserts 0 kr coin" classname="kaffemaskin;paying-with-coins">
            <skipped message="">
            </skipped>
        </testcase>
        <testcase name="Then the user recieves 1 cup of coffee." classname="kaffemaskin;paying-with-coins">
            <skipped message="">
            </skipped>
        </testcase>
    </testsuite>
    <testsuite name="kaffemaskin;paying-with-coins" tests="18" failures="1" skipped="11">
        <properties>
            <property name="URI" value="C:/Users/matti/OneDrive/Skrivbord/Programming/kaffemaskin/features/kaffemaskin.feature">
            </property>
        </properties>
        <testcase name="Given that the machine is plugged in" classname="kaffemaskin;paying-with-coins" time="0.000161201">
        </testcase>
        <testcase name="And that the user has pressed the start button" classname="kaffemaskin;paying-with-coins" time="0.000089901">
        </testcase>
        <testcase name="And that ground coffee is available" classname="kaffemaskin;paying-with-coins" time="0.000050201">
        </testcase>
        <testcase name="And that water is available" classname="kaffemaskin;paying-with-coins" time="0.000073799">
        </testcase>
        <testcase name="And that milk is available" classname="kaffemaskin;paying-with-coins" time="0.0000534">
        </testcase>
        <testcase name="And that a cup has been placed" classname="kaffemaskin;paying-with-coins" time="0.0000574">
        </testcase>
        <testcase name="And you have used SEK only" classname="kaffemaskin;paying-with-coins" time="0.0000626">
            <failure message="ReferenceError: nonMoney is not defined">ReferenceError: nonMoney is not defined
    at CoffeeMachine.insertMoney (C:\Users\matti\OneDrive\Skrivbord\Programming\kaffemaskin\index.js:90:62)
    at createWorld.&lt;anonymous&gt; (C:\Users\matti\OneDrive\Skrivbord\Programming\kaffemaskin\step-definitions\kaffemaskin.js:69:19)
    at processTicksAndRejections (internal/process/task_queues.js:75:11)</failure>
        </testcase>
        <testcase name="And you have used either coins or creditcard" classname="kaffemaskin;paying-with-coins">
            <skipped message="">
            </skipped>
        </testcase>
        <testcase name="Then you get a cup of coffee" classname="kaffemaskin;paying-with-coins">
            <skipped message="">
            </skipped>
        </testcase>
        <testcase name="Given that coffee type Caffe Latte has been chosen" classname="kaffemaskin;paying-with-coins">
            <skipped message="">
            </skipped>
        </testcase>
        <testcase name="And the payment method coins has been chosen" classname="kaffemaskin;paying-with-coins">
            <skipped message="">
            </skipped>
        </testcase>
        <testcase name="When the user inserts 10 kr coin" classname="kaffemaskin;paying-with-coins">
            <skipped message="">
            </skipped>
        </testcase>
        <testcase name="And the user inserts 5 kr coin" classname="kaffemaskin;paying-with-coins">
            <skipped message="">
            </skipped>
        </testcase>
        <testcase name="And the user inserts 5 kr coin" classname="kaffemaskin;paying-with-coins">
            <skipped message="">
            </skipped>
        </testcase>
        <testcase name="And the user inserts 5 kr coin" classname="kaffemaskin;paying-with-coins">
            <skipped message="">
            </skipped>
        </testcase>
        <testcase name="And the user inserts 0 kr coin" classname="kaffemaskin;paying-with-coins">
            <skipped message="">
            </skipped>
        </testcase>
        <testcase name="And the user inserts 0 kr coin" classname="kaffemaskin;paying-with-coins">
            <skipped message="">
            </skipped>
        </testcase>
        <testcase name="Then the user recieves 1 cup of coffee." classname="kaffemaskin;paying-with-coins">
            <skipped message="">
            </skipped>
        </testcase>
    </testsuite>
    <testsuite name="kaffemaskin;paying-with-coins" tests="18" failures="1" skipped="11">
        <properties>
            <property name="URI" value="C:/Users/matti/OneDrive/Skrivbord/Programming/kaffemaskin/features/kaffemaskin.feature">
            </property>
        </properties>
        <testcase name="Given that the machine is plugged in" classname="kaffemaskin;paying-with-coins" time="0.0000889">
        </testcase>
        <testcase name="And that the user has pressed the start button" classname="kaffemaskin;paying-with-coins" time="0.000083001">
        </testcase>
        <testcase name="And that ground coffee is available" classname="kaffemaskin;paying-with-coins" time="0.000113701">
        </testcase>
        <testcase name="And that water is available" classname="kaffemaskin;paying-with-coins" time="0.000071501">
        </testcase>
        <testcase name="And that milk is available" classname="kaffemaskin;paying-with-coins" time="0.0000546">
        </testcase>
        <testcase name="And that a cup has been placed" classname="kaffemaskin;paying-with-coins" time="0.0000518">
        </testcase>
        <testcase name="And you have used SEK only" classname="kaffemaskin;paying-with-coins" time="0.0000909">
            <failure message="ReferenceError: nonMoney is not defined">ReferenceError: nonMoney is not defined
    at CoffeeMachine.insertMoney (C:\Users\matti\OneDrive\Skrivbord\Programming\kaffemaskin\index.js:90:62)
    at createWorld.&lt;anonymous&gt; (C:\Users\matti\OneDrive\Skrivbord\Programming\kaffemaskin\step-definitions\kaffemaskin.js:69:19)
    at processTicksAndRejections (internal/process/task_queues.js:75:11)</failure>
        </testcase>
        <testcase name="And you have used either coins or creditcard" classname="kaffemaskin;paying-with-coins">
            <skipped message="">
            </skipped>
        </testcase>
        <testcase name="Then you get a cup of coffee" classname="kaffemaskin;paying-with-coins">
            <skipped message="">
            </skipped>
        </testcase>
        <testcase name="Given that coffee type Caffe Latte has been chosen" classname="kaffemaskin;paying-with-coins">
            <skipped message="">
            </skipped>
        </testcase>
        <testcase name="And the payment method coins has been chosen" classname="kaffemaskin;paying-with-coins">
            <skipped message="">
            </skipped>
        </testcase>
        <testcase name="When the user inserts 10 kr coin" classname="kaffemaskin;paying-with-coins">
            <skipped message="">
            </skipped>
        </testcase>
        <testcase name="And the user inserts 5 kr coin" classname="kaffemaskin;paying-with-coins">
            <skipped message="">
            </skipped>
        </testcase>
        <testcase name="And the user inserts &quot;pollett&quot; kr coin" classname="kaffemaskin;paying-with-coins">
            <skipped message="">
            </skipped>
        </testcase>
        <testcase name="And the user inserts 2 kr coin" classname="kaffemaskin;paying-with-coins">
            <skipped message="">
            </skipped>
        </testcase>
        <testcase name="And the user inserts 2 kr coin" classname="kaffemaskin;paying-with-coins">
            <skipped message="">
            </skipped>
        </testcase>
        <testcase name="And the user inserts 0 kr coin" classname="kaffemaskin;paying-with-coins">
            <skipped message="">
            </skipped>
        </testcase>
        <testcase name="Then the user recieves 0 cup of coffee." classname="kaffemaskin;paying-with-coins">
            <skipped message="">
            </skipped>
        </testcase>
    </testsuite>
    <testsuite name="kaffemaskin;paying-with-coins" tests="18" failures="1" skipped="11">
        <properties>
            <property name="URI" value="C:/Users/matti/OneDrive/Skrivbord/Programming/kaffemaskin/features/kaffemaskin.feature">
            </property>
        </properties>
        <testcase name="Given that the machine is plugged in" classname="kaffemaskin;paying-with-coins" time="0.000063">
        </testcase>
        <testcase name="And that the user has pressed the start button" classname="kaffemaskin;paying-with-coins" time="0.0000866">
        </testcase>
        <testcase name="And that ground coffee is available" classname="kaffemaskin;paying-with-coins" time="0.0001476">
        </testcase>
        <testcase name="And that water is available" classname="kaffemaskin;paying-with-coins" time="0.000071799">
        </testcase>
        <testcase name="And that milk is available" classname="kaffemaskin;paying-with-coins" time="0.0000611">
        </testcase>
        <testcase name="And that a cup has been placed" classname="kaffemaskin;paying-with-coins" time="0.0000363">
        </testcase>
        <testcase name="And you have used SEK only" classname="kaffemaskin;paying-with-coins" time="0.000056599">
            <failure message="ReferenceError: nonMoney is not defined">ReferenceError: nonMoney is not defined
    at CoffeeMachine.insertMoney (C:\Users\matti\OneDrive\Skrivbord\Programming\kaffemaskin\index.js:90:62)
    at createWorld.&lt;anonymous&gt; (C:\Users\matti\OneDrive\Skrivbord\Programming\kaffemaskin\step-definitions\kaffemaskin.js:69:19)
    at processTicksAndRejections (internal/process/task_queues.js:75:11)</failure>
        </testcase>
        <testcase name="And you have used either coins or creditcard" classname="kaffemaskin;paying-with-coins">
            <skipped message="">
            </skipped>
        </testcase>
        <testcase name="Then you get a cup of coffee" classname="kaffemaskin;paying-with-coins">
            <skipped message="">
            </skipped>
        </testcase>
        <testcase name="Given that coffee type Caffe Latte has been chosen" classname="kaffemaskin;paying-with-coins">
            <skipped message="">
            </skipped>
        </testcase>
        <testcase name="And the payment method coins has been chosen" classname="kaffemaskin;paying-with-coins">
            <skipped message="">
            </skipped>
        </testcase>
        <testcase name="When the user inserts 5 kr coin" classname="kaffemaskin;paying-with-coins">
            <skipped message="">
            </skipped>
        </testcase>
        <testcase name="And the user inserts 5 kr coin" classname="kaffemaskin;paying-with-coins">
            <skipped message="">
            </skipped>
        </testcase>
        <testcase name="And the user inserts 5 kr coin" classname="kaffemaskin;paying-with-coins">
            <skipped message="">
            </skipped>
        </testcase>
        <testcase name="And the user inserts 5 kr coin" classname="kaffemaskin;paying-with-coins">
            <skipped message="">
            </skipped>
        </testcase>
        <testcase name="And the user inserts 2 kr coin" classname="kaffemaskin;paying-with-coins">
            <skipped message="">
            </skipped>
        </testcase>
        <testcase name="And the user inserts 1 kr coin" classname="kaffemaskin;paying-with-coins">
            <skipped message="">
            </skipped>
        </testcase>
        <testcase name="Then the user recieves 0 cup of coffee." classname="kaffemaskin;paying-with-coins">
            <skipped message="">
            </skipped>
        </testcase>
    </testsuite>
    <testsuite name="kaffemaskin;paying-with-coins" tests="18" failures="1" skipped="11">
        <properties>
            <property name="URI" value="C:/Users/matti/OneDrive/Skrivbord/Programming/kaffemaskin/features/kaffemaskin.feature">
            </property>
        </properties>
        <testcase name="Given that the machine is plugged in" classname="kaffemaskin;paying-with-coins" time="0.0000964">
        </testcase>
        <testcase name="And that the user has pressed the start button" classname="kaffemaskin;paying-with-coins" time="0.0000826">
        </testcase>
        <testcase name="And that ground coffee is available" classname="kaffemaskin;paying-with-coins" time="0.000073599">
        </testcase>
        <testcase name="And that water is available" classname="kaffemaskin;paying-with-coins" time="0.000091901">
        </testcase>
        <testcase name="And that milk is available" classname="kaffemaskin;paying-with-coins" time="0.0000803">
        </testcase>
        <testcase name="And that a cup has been placed" classname="kaffemaskin;paying-with-coins" time="0.0001308">
        </testcase>
        <testcase name="And you have used SEK only" classname="kaffemaskin;paying-with-coins" time="0.000099001">
            <failure message="ReferenceError: nonMoney is not defined">ReferenceError: nonMoney is not defined
    at CoffeeMachine.insertMoney (C:\Users\matti\OneDrive\Skrivbord\Programming\kaffemaskin\index.js:90:62)
    at createWorld.&lt;anonymous&gt; (C:\Users\matti\OneDrive\Skrivbord\Programming\kaffemaskin\step-definitions\kaffemaskin.js:69:19)
    at processTicksAndRejections (internal/process/task_queues.js:75:11)</failure>
        </testcase>
        <testcase name="And you have used either coins or creditcard" classname="kaffemaskin;paying-with-coins">
            <skipped message="">
            </skipped>
        </testcase>
        <testcase name="Then you get a cup of coffee" classname="kaffemaskin;paying-with-coins">
            <skipped message="">
            </skipped>
        </testcase>
        <testcase name="Given that coffee type Cappucino has been chosen" classname="kaffemaskin;paying-with-coins">
            <skipped message="">
            </skipped>
        </testcase>
        <testcase name="And the payment method coins has been chosen" classname="kaffemaskin;paying-with-coins">
            <skipped message="">
            </skipped>
        </testcase>
        <testcase name="When the user inserts 10 kr coin" classname="kaffemaskin;paying-with-coins">
            <skipped message="">
            </skipped>
        </testcase>
        <testcase name="And the user inserts 10 kr coin" classname="kaffemaskin;paying-with-coins">
            <skipped message="">
            </skipped>
        </testcase>
        <testcase name="And the user inserts 5 kr coin" classname="kaffemaskin;paying-with-coins">
            <skipped message="">
            </skipped>
        </testcase>
        <testcase name="And the user inserts 0 kr coin" classname="kaffemaskin;paying-with-coins">
            <skipped message="">
            </skipped>
        </testcase>
        <testcase name="And the user inserts 0 kr coin" classname="kaffemaskin;paying-with-coins">
            <skipped message="">
            </skipped>
        </testcase>
        <testcase name="And the user inserts 0 kr coin" classname="kaffemaskin;paying-with-coins">
            <skipped message="">
            </skipped>
        </testcase>
        <testcase name="Then the user recieves 1 cup of coffee." classname="kaffemaskin;paying-with-coins">
            <skipped message="">
            </skipped>
        </testcase>
    </testsuite>
    <testsuite name="kaffemaskin;paying-with-coins" tests="18" failures="1" skipped="11">
        <properties>
            <property name="URI" value="C:/Users/matti/OneDrive/Skrivbord/Programming/kaffemaskin/features/kaffemaskin.feature">
            </property>
        </properties>
        <testcase name="Given that the machine is plugged in" classname="kaffemaskin;paying-with-coins" time="0.000079">
        </testcase>
        <testcase name="And that the user has pressed the start button" classname="kaffemaskin;paying-with-coins" time="0.0000991">
        </testcase>
        <testcase name="And that ground coffee is available" classname="kaffemaskin;paying-with-coins" time="0.000048401">
        </testcase>
        <testcase name="And that water is available" classname="kaffemaskin;paying-with-coins" time="0.0001207">
        </testcase>
        <testcase name="And that milk is available" classname="kaffemaskin;paying-with-coins" time="0.0000646">
        </testcase>
        <testcase name="And that a cup has been placed" classname="kaffemaskin;paying-with-coins" time="0.0000402">
        </testcase>
        <testcase name="And you have used SEK only" classname="kaffemaskin;paying-with-coins" time="0.000052099">
            <failure message="ReferenceError: nonMoney is not defined">ReferenceError: nonMoney is not defined
    at CoffeeMachine.insertMoney (C:\Users\matti\OneDrive\Skrivbord\Programming\kaffemaskin\index.js:90:62)
    at createWorld.&lt;anonymous&gt; (C:\Users\matti\OneDrive\Skrivbord\Programming\kaffemaskin\step-definitions\kaffemaskin.js:69:19)
    at processTicksAndRejections (internal/process/task_queues.js:75:11)</failure>
        </testcase>
        <testcase name="And you have used either coins or creditcard" classname="kaffemaskin;paying-with-coins">
            <skipped message="">
            </skipped>
        </testcase>
        <testcase name="Then you get a cup of coffee" classname="kaffemaskin;paying-with-coins">
            <skipped message="">
            </skipped>
        </testcase>
        <testcase name="Given that coffee type Cappucino has been chosen" classname="kaffemaskin;paying-with-coins">
            <skipped message="">
            </skipped>
        </testcase>
        <testcase name="And the payment method coins has been chosen" classname="kaffemaskin;paying-with-coins">
            <skipped message="">
            </skipped>
        </testcase>
        <testcase name="When the user inserts 10 kr coin" classname="kaffemaskin;paying-with-coins">
            <skipped message="">
            </skipped>
        </testcase>
        <testcase name="And the user inserts 5 kr coin" classname="kaffemaskin;paying-with-coins">
            <skipped message="">
            </skipped>
        </testcase>
        <testcase name="And the user inserts 5 kr coin" classname="kaffemaskin;paying-with-coins">
            <skipped message="">
            </skipped>
        </testcase>
        <testcase name="And the user inserts 5 kr coin" classname="kaffemaskin;paying-with-coins">
            <skipped message="">
            </skipped>
        </testcase>
        <testcase name="And the user inserts 0 kr coin" classname="kaffemaskin;paying-with-coins">
            <skipped message="">
            </skipped>
        </testcase>
        <testcase name="And the user inserts 0 kr coin" classname="kaffemaskin;paying-with-coins">
            <skipped message="">
            </skipped>
        </testcase>
        <testcase name="Then the user recieves 1 cup of coffee." classname="kaffemaskin;paying-with-coins">
            <skipped message="">
            </skipped>
        </testcase>
    </testsuite>
    <testsuite name="kaffemaskin;paying-with-coins" tests="18" failures="1" skipped="11">
        <properties>
            <property name="URI" value="C:/Users/matti/OneDrive/Skrivbord/Programming/kaffemaskin/features/kaffemaskin.feature">
            </property>
        </properties>
        <testcase name="Given that the machine is plugged in" classname="kaffemaskin;paying-with-coins" time="0.000071001">
        </testcase>
        <testcase name="And that the user has pressed the start button" classname="kaffemaskin;paying-with-coins" time="0.0001678">
        </testcase>
        <testcase name="And that ground coffee is available" classname="kaffemaskin;paying-with-coins" time="0.000074699">
        </testcase>
        <testcase name="And that water is available" classname="kaffemaskin;paying-with-coins" time="0.0000454">
        </testcase>
        <testcase name="And that milk is available" classname="kaffemaskin;paying-with-coins" time="0.000046301">
        </testcase>
        <testcase name="And that a cup has been placed" classname="kaffemaskin;paying-with-coins" time="0.000040599">
        </testcase>
        <testcase name="And you have used SEK only" classname="kaffemaskin;paying-with-coins" time="0.0000636">
            <failure message="ReferenceError: nonMoney is not defined">ReferenceError: nonMoney is not defined
    at CoffeeMachine.insertMoney (C:\Users\matti\OneDrive\Skrivbord\Programming\kaffemaskin\index.js:90:62)
    at createWorld.&lt;anonymous&gt; (C:\Users\matti\OneDrive\Skrivbord\Programming\kaffemaskin\step-definitions\kaffemaskin.js:69:19)
    at processTicksAndRejections (internal/process/task_queues.js:75:11)</failure>
        </testcase>
        <testcase name="And you have used either coins or creditcard" classname="kaffemaskin;paying-with-coins">
            <skipped message="">
            </skipped>
        </testcase>
        <testcase name="Then you get a cup of coffee" classname="kaffemaskin;paying-with-coins">
            <skipped message="">
            </skipped>
        </testcase>
        <testcase name="Given that coffee type Cappucino has been chosen" classname="kaffemaskin;paying-with-coins">
            <skipped message="">
            </skipped>
        </testcase>
        <testcase name="And the payment method coins has been chosen" classname="kaffemaskin;paying-with-coins">
            <skipped message="">
            </skipped>
        </testcase>
        <testcase name="When the user inserts 10 kr coin" classname="kaffemaskin;paying-with-coins">
            <skipped message="">
            </skipped>
        </testcase>
        <testcase name="And the user inserts 5 kr coin" classname="kaffemaskin;paying-with-coins">
            <skipped message="">
            </skipped>
        </testcase>
        <testcase name="And the user inserts 5 kr coin" classname="kaffemaskin;paying-with-coins">
            <skipped message="">
            </skipped>
        </testcase>
        <testcase name="And the user inserts 2 kr coin" classname="kaffemaskin;paying-with-coins">
            <skipped message="">
            </skipped>
        </testcase>
        <testcase name="And the user inserts 2 kr coin" classname="kaffemaskin;paying-with-coins">
            <skipped message="">
            </skipped>
        </testcase>
        <testcase name="And the user inserts &quot;pollett&quot; kr coin" classname="kaffemaskin;paying-with-coins">
            <skipped message="">
            </skipped>
        </testcase>
        <testcase name="Then the user recieves 0 cup of coffee." classname="kaffemaskin;paying-with-coins">
            <skipped message="">
            </skipped>
        </testcase>
    </testsuite>
    <testsuite name="kaffemaskin;paying-with-coins" tests="18" failures="1" skipped="11">
        <properties>
            <property name="URI" value="C:/Users/matti/OneDrive/Skrivbord/Programming/kaffemaskin/features/kaffemaskin.feature">
            </property>
        </properties>
        <testcase name="Given that the machine is plugged in" classname="kaffemaskin;paying-with-coins" time="0.0000907">
        </testcase>
        <testcase name="And that the user has pressed the start button" classname="kaffemaskin;paying-with-coins" time="0.0000744">
        </testcase>
        <testcase name="And that ground coffee is available" classname="kaffemaskin;paying-with-coins" time="0.000079101">
        </testcase>
        <testcase name="And that water is available" classname="kaffemaskin;paying-with-coins" time="0.0000552">
        </testcase>
        <testcase name="And that milk is available" classname="kaffemaskin;paying-with-coins" time="0.000107901">
        </testcase>
        <testcase name="And that a cup has been placed" classname="kaffemaskin;paying-with-coins" time="0.0000439">
        </testcase>
        <testcase name="And you have used SEK only" classname="kaffemaskin;paying-with-coins" time="0.000057">
            <failure message="ReferenceError: nonMoney is not defined">ReferenceError: nonMoney is not defined
    at CoffeeMachine.insertMoney (C:\Users\matti\OneDrive\Skrivbord\Programming\kaffemaskin\index.js:90:62)
    at createWorld.&lt;anonymous&gt; (C:\Users\matti\OneDrive\Skrivbord\Programming\kaffemaskin\step-definitions\kaffemaskin.js:69:19)
    at processTicksAndRejections (internal/process/task_queues.js:75:11)</failure>
        </testcase>
        <testcase name="And you have used either coins or creditcard" classname="kaffemaskin;paying-with-coins">
            <skipped message="">
            </skipped>
        </testcase>
        <testcase name="Then you get a cup of coffee" classname="kaffemaskin;paying-with-coins">
            <skipped message="">
            </skipped>
        </testcase>
        <testcase name="Given that coffee type Cappucino has been chosen" classname="kaffemaskin;paying-with-coins">
            <skipped message="">
            </skipped>
        </testcase>
        <testcase name="And the payment method coins has been chosen" classname="kaffemaskin;paying-with-coins">
            <skipped message="">
            </skipped>
        </testcase>
        <testcase name="When the user inserts 5 kr coin" classname="kaffemaskin;paying-with-coins">
            <skipped message="">
            </skipped>
        </testcase>
        <testcase name="And the user inserts 5 kr coin" classname="kaffemaskin;paying-with-coins">
            <skipped message="">
            </skipped>
        </testcase>
        <testcase name="And the user inserts 5 kr coin" classname="kaffemaskin;paying-with-coins">
            <skipped message="">
            </skipped>
        </testcase>
        <testcase name="And the user inserts 5 kr coin" classname="kaffemaskin;paying-with-coins">
            <skipped message="">
            </skipped>
        </testcase>
        <testcase name="And the user inserts 2 kr coin" classname="kaffemaskin;paying-with-coins">
            <skipped message="">
            </skipped>
        </testcase>
        <testcase name="And the user inserts 1 kr coin" classname="kaffemaskin;paying-with-coins">
            <skipped message="">
            </skipped>
        </testcase>
        <testcase name="Then the user recieves 0 cup of coffee." classname="kaffemaskin;paying-with-coins">
            <skipped message="">
            </skipped>
        </testcase>
    </testsuite>
    <testsuite name="kaffemaskin;paying-with-coins" tests="18" failures="1" skipped="11">
        <properties>
            <property name="URI" value="C:/Users/matti/OneDrive/Skrivbord/Programming/kaffemaskin/features/kaffemaskin.feature">
            </property>
        </properties>
        <testcase name="Given that the machine is plugged in" classname="kaffemaskin;paying-with-coins" time="0.0000704">
        </testcase>
        <testcase name="And that the user has pressed the start button" classname="kaffemaskin;paying-with-coins" time="0.0000607">
        </testcase>
        <testcase name="And that ground coffee is available" classname="kaffemaskin;paying-with-coins" time="0.0000504">
        </testcase>
        <testcase name="And that water is available" classname="kaffemaskin;paying-with-coins" time="0.000031401">
        </testcase>
        <testcase name="And that milk is available" classname="kaffemaskin;paying-with-coins" time="0.0000308">
        </testcase>
        <testcase name="And that a cup has been placed" classname="kaffemaskin;paying-with-coins" time="0.000032101">
        </testcase>
        <testcase name="And you have used SEK only" classname="kaffemaskin;paying-with-coins" time="0.000054901">
            <failure message="ReferenceError: nonMoney is not defined">ReferenceError: nonMoney is not defined
    at CoffeeMachine.insertMoney (C:\Users\matti\OneDrive\Skrivbord\Programming\kaffemaskin\index.js:90:62)
    at createWorld.&lt;anonymous&gt; (C:\Users\matti\OneDrive\Skrivbord\Programming\kaffemaskin\step-definitions\kaffemaskin.js:69:19)
    at processTicksAndRejections (internal/process/task_queues.js:75:11)</failure>
        </testcase>
        <testcase name="And you have used either coins or creditcard" classname="kaffemaskin;paying-with-coins">
            <skipped message="">
            </skipped>
        </testcase>
        <testcase name="Then you get a cup of coffee" classname="kaffemaskin;paying-with-coins">
            <skipped message="">
            </skipped>
        </testcase>
        <testcase name="Given that coffee type Espresso has been chosen" classname="kaffemaskin;paying-with-coins">
            <skipped message="">
            </skipped>
        </testcase>
        <testcase name="And the payment method coins has been chosen" classname="kaffemaskin;paying-with-coins">
            <skipped message="">
            </skipped>
        </testcase>
        <testcase name="When the user inserts 10 kr coin" classname="kaffemaskin;paying-with-coins">
            <skipped message="">
            </skipped>
        </testcase>
        <testcase name="And the user inserts 10 kr coin" classname="kaffemaskin;paying-with-coins">
            <skipped message="">
            </skipped>
        </testcase>
        <testcase name="And the user inserts 5 kr coin" classname="kaffemaskin;paying-with-coins">
            <skipped message="">
            </skipped>
        </testcase>
        <testcase name="And the user inserts 0 kr coin" classname="kaffemaskin;paying-with-coins">
            <skipped message="">
            </skipped>
        </testcase>
        <testcase name="And the user inserts 0 kr coin" classname="kaffemaskin;paying-with-coins">
            <skipped message="">
            </skipped>
        </testcase>
        <testcase name="And the user inserts 0 kr coin" classname="kaffemaskin;paying-with-coins">
            <skipped message="">
            </skipped>
        </testcase>
        <testcase name="Then the user recieves 1 cup of coffee." classname="kaffemaskin;paying-with-coins">
            <skipped message="">
            </skipped>
        </testcase>
    </testsuite>
    <testsuite name="kaffemaskin;paying-with-coins" tests="18" failures="1" skipped="11">
        <properties>
            <property name="URI" value="C:/Users/matti/OneDrive/Skrivbord/Programming/kaffemaskin/features/kaffemaskin.feature">
            </property>
        </properties>
        <testcase name="Given that the machine is plugged in" classname="kaffemaskin;paying-with-coins" time="0.000084799">
        </testcase>
        <testcase name="And that the user has pressed the start button" classname="kaffemaskin;paying-with-coins" time="0.0000591">
        </testcase>
        <testcase name="And that ground coffee is available" classname="kaffemaskin;paying-with-coins" time="0.0000501">
        </testcase>
        <testcase name="And that water is available" classname="kaffemaskin;paying-with-coins" time="0.0001317">
        </testcase>
        <testcase name="And that milk is available" classname="kaffemaskin;paying-with-coins" time="0.000055601">
        </testcase>
        <testcase name="And that a cup has been placed" classname="kaffemaskin;paying-with-coins" time="0.000066499">
        </testcase>
        <testcase name="And you have used SEK only" classname="kaffemaskin;paying-with-coins" time="0.00007">
            <failure message="ReferenceError: nonMoney is not defined">ReferenceError: nonMoney is not defined
    at CoffeeMachine.insertMoney (C:\Users\matti\OneDrive\Skrivbord\Programming\kaffemaskin\index.js:90:62)
    at createWorld.&lt;anonymous&gt; (C:\Users\matti\OneDrive\Skrivbord\Programming\kaffemaskin\step-definitions\kaffemaskin.js:69:19)
    at processTicksAndRejections (internal/process/task_queues.js:75:11)</failure>
        </testcase>
        <testcase name="And you have used either coins or creditcard" classname="kaffemaskin;paying-with-coins">
            <skipped message="">
            </skipped>
        </testcase>
        <testcase name="Then you get a cup of coffee" classname="kaffemaskin;paying-with-coins">
            <skipped message="">
            </skipped>
        </testcase>
        <testcase name="Given that coffee type Espresso has been chosen" classname="kaffemaskin;paying-with-coins">
            <skipped message="">
            </skipped>
        </testcase>
        <testcase name="And the payment method coins has been chosen" classname="kaffemaskin;paying-with-coins">
            <skipped message="">
            </skipped>
        </testcase>
        <testcase name="When the user inserts 10 kr coin" classname="kaffemaskin;paying-with-coins">
            <skipped message="">
            </skipped>
        </testcase>
        <testcase name="And the user inserts 5 kr coin" classname="kaffemaskin;paying-with-coins">
            <skipped message="">
            </skipped>
        </testcase>
        <testcase name="And the user inserts 5 kr coin" classname="kaffemaskin;paying-with-coins">
            <skipped message="">
            </skipped>
        </testcase>
        <testcase name="And the user inserts 5 kr coin" classname="kaffemaskin;paying-with-coins">
            <skipped message="">
            </skipped>
        </testcase>
        <testcase name="And the user inserts 0 kr coin" classname="kaffemaskin;paying-with-coins">
            <skipped message="">
            </skipped>
        </testcase>
        <testcase name="And the user inserts 0 kr coin" classname="kaffemaskin;paying-with-coins">
            <skipped message="">
            </skipped>
        </testcase>
        <testcase name="Then the user recieves 1 cup of coffee." classname="kaffemaskin;paying-with-coins">
            <skipped message="">
            </skipped>
        </testcase>
    </testsuite>
    <testsuite name="kaffemaskin;paying-with-coins" tests="18" failures="1" skipped="11">
        <properties>
            <property name="URI" value="C:/Users/matti/OneDrive/Skrivbord/Programming/kaffemaskin/features/kaffemaskin.feature">
            </property>
        </properties>
        <testcase name="Given that the machine is plugged in" classname="kaffemaskin;paying-with-coins" time="0.0000718">
        </testcase>
        <testcase name="And that the user has pressed the start button" classname="kaffemaskin;paying-with-coins" time="0.0000553">
        </testcase>
        <testcase name="And that ground coffee is available" classname="kaffemaskin;paying-with-coins" time="0.0000878">
        </testcase>
        <testcase name="And that water is available" classname="kaffemaskin;paying-with-coins" time="0.0000593">
        </testcase>
        <testcase name="And that milk is available" classname="kaffemaskin;paying-with-coins" time="0.000086699">
        </testcase>
        <testcase name="And that a cup has been placed" classname="kaffemaskin;paying-with-coins" time="0.000098701">
        </testcase>
        <testcase name="And you have used SEK only" classname="kaffemaskin;paying-with-coins" time="0.000107499">
            <failure message="ReferenceError: nonMoney is not defined">ReferenceError: nonMoney is not defined
    at CoffeeMachine.insertMoney (C:\Users\matti\OneDrive\Skrivbord\Programming\kaffemaskin\index.js:90:62)
    at createWorld.&lt;anonymous&gt; (C:\Users\matti\OneDrive\Skrivbord\Programming\kaffemaskin\step-definitions\kaffemaskin.js:69:19)
    at processTicksAndRejections (internal/process/task_queues.js:75:11)</failure>
        </testcase>
        <testcase name="And you have used either coins or creditcard" classname="kaffemaskin;paying-with-coins">
            <skipped message="">
            </skipped>
        </testcase>
        <testcase name="Then you get a cup of coffee" classname="kaffemaskin;paying-with-coins">
            <skipped message="">
            </skipped>
        </testcase>
        <testcase name="Given that coffee type Espresso has been chosen" classname="kaffemaskin;paying-with-coins">
            <skipped message="">
            </skipped>
        </testcase>
        <testcase name="And the payment method coins has been chosen" classname="kaffemaskin;paying-with-coins">
            <skipped message="">
            </skipped>
        </testcase>
        <testcase name="When the user inserts 10 kr coin" classname="kaffemaskin;paying-with-coins">
            <skipped message="">
            </skipped>
        </testcase>
        <testcase name="And the user inserts 5 kr coin" classname="kaffemaskin;paying-with-coins">
            <skipped message="">
            </skipped>
        </testcase>
        <testcase name="And the user inserts 5 kr coin" classname="kaffemaskin;paying-with-coins">
            <skipped message="">
            </skipped>
        </testcase>
        <testcase name="And the user inserts 2 kr coin" classname="kaffemaskin;paying-with-coins">
            <skipped message="">
            </skipped>
        </testcase>
        <testcase name="And the user inserts 2 kr coin" classname="kaffemaskin;paying-with-coins">
            <skipped message="">
            </skipped>
        </testcase>
        <testcase name="And the user inserts 0 kr coin" classname="kaffemaskin;paying-with-coins">
            <skipped message="">
            </skipped>
        </testcase>
        <testcase name="Then the user recieves 0 cup of coffee." classname="kaffemaskin;paying-with-coins">
            <skipped message="">
            </skipped>
        </testcase>
    </testsuite>
    <testsuite name="kaffemaskin;paying-with-coins" tests="18" failures="1" skipped="11">
        <properties>
            <property name="URI" value="C:/Users/matti/OneDrive/Skrivbord/Programming/kaffemaskin/features/kaffemaskin.feature">
            </property>
        </properties>
        <testcase name="Given that the machine is plugged in" classname="kaffemaskin;paying-with-coins" time="0.000070901">
        </testcase>
        <testcase name="And that the user has pressed the start button" classname="kaffemaskin;paying-with-coins" time="0.0000474">
        </testcase>
        <testcase name="And that ground coffee is available" classname="kaffemaskin;paying-with-coins" time="0.0000361">
        </testcase>
        <testcase name="And that water is available" classname="kaffemaskin;paying-with-coins" time="0.000033499">
        </testcase>
        <testcase name="And that milk is available" classname="kaffemaskin;paying-with-coins" time="0.0000336">
        </testcase>
        <testcase name="And that a cup has been placed" classname="kaffemaskin;paying-with-coins" time="0.0000537">
        </testcase>
        <testcase name="And you have used SEK only" classname="kaffemaskin;paying-with-coins" time="0.0001066">
            <failure message="ReferenceError: nonMoney is not defined">ReferenceError: nonMoney is not defined
    at CoffeeMachine.insertMoney (C:\Users\matti\OneDrive\Skrivbord\Programming\kaffemaskin\index.js:90:62)
    at createWorld.&lt;anonymous&gt; (C:\Users\matti\OneDrive\Skrivbord\Programming\kaffemaskin\step-definitions\kaffemaskin.js:69:19)
    at processTicksAndRejections (internal/process/task_queues.js:75:11)</failure>
        </testcase>
        <testcase name="And you have used either coins or creditcard" classname="kaffemaskin;paying-with-coins">
            <skipped message="">
            </skipped>
        </testcase>
        <testcase name="Then you get a cup of coffee" classname="kaffemaskin;paying-with-coins">
            <skipped message="">
            </skipped>
        </testcase>
        <testcase name="Given that coffee type Espresso has been chosen" classname="kaffemaskin;paying-with-coins">
            <skipped message="">
            </skipped>
        </testcase>
        <testcase name="And the payment method coins has been chosen" classname="kaffemaskin;paying-with-coins">
            <skipped message="">
            </skipped>
        </testcase>
        <testcase name="When the user inserts &quot;pollett&quot; kr coin" classname="kaffemaskin;paying-with-coins">
            <skipped message="">
            </skipped>
        </testcase>
        <testcase name="And the user inserts 5 kr coin" classname="kaffemaskin;paying-with-coins">
            <skipped message="">
            </skipped>
        </testcase>
        <testcase name="And the user inserts 5 kr coin" classname="kaffemaskin;paying-with-coins">
            <skipped message="">
            </skipped>
        </testcase>
        <testcase name="And the user inserts 5 kr coin" classname="kaffemaskin;paying-with-coins">
            <skipped message="">
            </skipped>
        </testcase>
        <testcase name="And the user inserts 2 kr coin" classname="kaffemaskin;paying-with-coins">
            <skipped message="">
            </skipped>
        </testcase>
        <testcase name="And the user inserts 2 kr coin" classname="kaffemaskin;paying-with-coins">
            <skipped message="">
            </skipped>
        </testcase>
        <testcase name="Then the user recieves 0 cup of coffee." classname="kaffemaskin;paying-with-coins">
            <skipped message="">
            </skipped>
        </testcase>
    </testsuite>
    <testsuite name="kaffemaskin;paying-with-creditcard" tests="13" failures="1" skipped="6">
        <properties>
            <property name="URI" value="C:/Users/matti/OneDrive/Skrivbord/Programming/kaffemaskin/features/kaffemaskin.feature">
            </property>
        </properties>
        <testcase name="Given that the machine is plugged in" classname="kaffemaskin;paying-with-creditcard" time="0.000082701">
        </testcase>
        <testcase name="And that the user has pressed the start button" classname="kaffemaskin;paying-with-creditcard" time="0.000146099">
        </testcase>
        <testcase name="And that ground coffee is available" classname="kaffemaskin;paying-with-creditcard" time="0.0000914">
        </testcase>
        <testcase name="And that water is available" classname="kaffemaskin;paying-with-creditcard" time="0.000081499">
        </testcase>
        <testcase name="And that milk is available" classname="kaffemaskin;paying-with-creditcard" time="0.0000691">
        </testcase>
        <testcase name="And that a cup has been placed" classname="kaffemaskin;paying-with-creditcard" time="0.0000731">
        </testcase>
        <testcase name="And you have used SEK only" classname="kaffemaskin;paying-with-creditcard" time="0.000065899">
            <failure message="ReferenceError: nonMoney is not defined">ReferenceError: nonMoney is not defined
    at CoffeeMachine.insertMoney (C:\Users\matti\OneDrive\Skrivbord\Programming\kaffemaskin\index.js:90:62)
    at createWorld.&lt;anonymous&gt; (C:\Users\matti\OneDrive\Skrivbord\Programming\kaffemaskin\step-definitions\kaffemaskin.js:69:19)
    at processTicksAndRejections (internal/process/task_queues.js:75:11)</failure>
        </testcase>
        <testcase name="And you have used either coins or creditcard" classname="kaffemaskin;paying-with-creditcard">
            <skipped message="">
            </skipped>
        </testcase>
        <testcase name="Then you get a cup of coffee" classname="kaffemaskin;paying-with-creditcard">
            <skipped message="">
            </skipped>
        </testcase>
        <testcase name="Given that coffee type Black Coffee has been chosen" classname="kaffemaskin;paying-with-creditcard">
            <skipped message="">
            </skipped>
        </testcase>
        <testcase name="When the payment method creditcard has been chosen" classname="kaffemaskin;paying-with-creditcard">
            <skipped message="">
            </skipped>
        </testcase>
        <testcase name="And has enough 10" classname="kaffemaskin;paying-with-creditcard">
            <skipped message="">
            </skipped>
        </testcase>
        <testcase name="Then the user recieves 1 cup of coffee." classname="kaffemaskin;paying-with-creditcard">
            <skipped message="">
            </skipped>
        </testcase>
    </testsuite>
    <testsuite name="kaffemaskin;paying-with-creditcard" tests="13" failures="1" skipped="6">
        <properties>
            <property name="URI" value="C:/Users/matti/OneDrive/Skrivbord/Programming/kaffemaskin/features/kaffemaskin.feature">
            </property>
        </properties>
        <testcase name="Given that the machine is plugged in" classname="kaffemaskin;paying-with-creditcard" time="0.0000812">
        </testcase>
        <testcase name="And that the user has pressed the start button" classname="kaffemaskin;paying-with-creditcard" time="0.0000691">
        </testcase>
        <testcase name="And that ground coffee is available" classname="kaffemaskin;paying-with-creditcard" time="0.0000841">
        </testcase>
        <testcase name="And that water is available" classname="kaffemaskin;paying-with-creditcard" time="0.0000912">
        </testcase>
        <testcase name="And that milk is available" classname="kaffemaskin;paying-with-creditcard" time="0.000121999">
        </testcase>
        <testcase name="And that a cup has been placed" classname="kaffemaskin;paying-with-creditcard" time="0.000078899">
        </testcase>
        <testcase name="And you have used SEK only" classname="kaffemaskin;paying-with-creditcard" time="0.000153401">
            <failure message="ReferenceError: nonMoney is not defined">ReferenceError: nonMoney is not defined
    at CoffeeMachine.insertMoney (C:\Users\matti\OneDrive\Skrivbord\Programming\kaffemaskin\index.js:90:62)
    at createWorld.&lt;anonymous&gt; (C:\Users\matti\OneDrive\Skrivbord\Programming\kaffemaskin\step-definitions\kaffemaskin.js:69:19)
    at processTicksAndRejections (internal/process/task_queues.js:75:11)</failure>
        </testcase>
        <testcase name="And you have used either coins or creditcard" classname="kaffemaskin;paying-with-creditcard">
            <skipped message="">
            </skipped>
        </testcase>
        <testcase name="Then you get a cup of coffee" classname="kaffemaskin;paying-with-creditcard">
            <skipped message="">
            </skipped>
        </testcase>
        <testcase name="Given that coffee type Black Coffee has been chosen" classname="kaffemaskin;paying-with-creditcard">
            <skipped message="">
            </skipped>
        </testcase>
        <testcase name="When the payment method creditcard has been chosen" classname="kaffemaskin;paying-with-creditcard">
            <skipped message="">
            </skipped>
        </testcase>
        <testcase name="And has enough 13" classname="kaffemaskin;paying-with-creditcard">
            <skipped message="">
            </skipped>
        </testcase>
        <testcase name="Then the user recieves 1 cup of coffee." classname="kaffemaskin;paying-with-creditcard">
            <skipped message="">
            </skipped>
        </testcase>
    </testsuite>
    <testsuite name="kaffemaskin;paying-with-creditcard" tests="13" failures="1" skipped="6">
        <properties>
            <property name="URI" value="C:/Users/matti/OneDrive/Skrivbord/Programming/kaffemaskin/features/kaffemaskin.feature">
            </property>
        </properties>
        <testcase name="Given that the machine is plugged in" classname="kaffemaskin;paying-with-creditcard" time="0.000046899">
        </testcase>
        <testcase name="And that the user has pressed the start button" classname="kaffemaskin;paying-with-creditcard" time="0.0000632">
        </testcase>
        <testcase name="And that ground coffee is available" classname="kaffemaskin;paying-with-creditcard" time="0.0000874">
        </testcase>
        <testcase name="And that water is available" classname="kaffemaskin;paying-with-creditcard" time="0.000080999">
        </testcase>
        <testcase name="And that milk is available" classname="kaffemaskin;paying-with-creditcard" time="0.0000784">
        </testcase>
        <testcase name="And that a cup has been placed" classname="kaffemaskin;paying-with-creditcard" time="0.0000363">
        </testcase>
        <testcase name="And you have used SEK only" classname="kaffemaskin;paying-with-creditcard" time="0.000065901">
            <failure message="ReferenceError: nonMoney is not defined">ReferenceError: nonMoney is not defined
    at CoffeeMachine.insertMoney (C:\Users\matti\OneDrive\Skrivbord\Programming\kaffemaskin\index.js:90:62)
    at createWorld.&lt;anonymous&gt; (C:\Users\matti\OneDrive\Skrivbord\Programming\kaffemaskin\step-definitions\kaffemaskin.js:69:19)
    at processTicksAndRejections (internal/process/task_queues.js:75:11)</failure>
        </testcase>
        <testcase name="And you have used either coins or creditcard" classname="kaffemaskin;paying-with-creditcard">
            <skipped message="">
            </skipped>
        </testcase>
        <testcase name="Then you get a cup of coffee" classname="kaffemaskin;paying-with-creditcard">
            <skipped message="">
            </skipped>
        </testcase>
        <testcase name="Given that coffee type Black Coffee has been chosen" classname="kaffemaskin;paying-with-creditcard">
            <skipped message="">
            </skipped>
        </testcase>
        <testcase name="When the payment method creditcard has been chosen" classname="kaffemaskin;paying-with-creditcard">
            <skipped message="">
            </skipped>
        </testcase>
        <testcase name="And has enough 7" classname="kaffemaskin;paying-with-creditcard">
            <skipped message="">
            </skipped>
        </testcase>
        <testcase name="Then the user recieves 0 cup of coffee." classname="kaffemaskin;paying-with-creditcard">
            <skipped message="">
            </skipped>
        </testcase>
    </testsuite>
    <testsuite name="kaffemaskin;paying-with-creditcard" tests="13" failures="1" skipped="6">
        <properties>
            <property name="URI" value="C:/Users/matti/OneDrive/Skrivbord/Programming/kaffemaskin/features/kaffemaskin.feature">
            </property>
        </properties>
        <testcase name="Given that the machine is plugged in" classname="kaffemaskin;paying-with-creditcard" time="0.0000611">
        </testcase>
        <testcase name="And that the user has pressed the start button" classname="kaffemaskin;paying-with-creditcard" time="0.0000796">
        </testcase>
        <testcase name="And that ground coffee is available" classname="kaffemaskin;paying-with-creditcard" time="0.000071201">
        </testcase>
        <testcase name="And that water is available" classname="kaffemaskin;paying-with-creditcard" time="0.0000803">
        </testcase>
        <testcase name="And that milk is available" classname="kaffemaskin;paying-with-creditcard" time="0.0001071">
        </testcase>
        <testcase name="And that a cup has been placed" classname="kaffemaskin;paying-with-creditcard" time="0.0000886">
        </testcase>
        <testcase name="And you have used SEK only" classname="kaffemaskin;paying-with-creditcard" time="0.0001654">
            <failure message="ReferenceError: nonMoney is not defined">ReferenceError: nonMoney is not defined
    at CoffeeMachine.insertMoney (C:\Users\matti\OneDrive\Skrivbord\Programming\kaffemaskin\index.js:90:62)
    at createWorld.&lt;anonymous&gt; (C:\Users\matti\OneDrive\Skrivbord\Programming\kaffemaskin\step-definitions\kaffemaskin.js:69:19)
    at processTicksAndRejections (internal/process/task_queues.js:75:11)</failure>
        </testcase>
        <testcase name="And you have used either coins or creditcard" classname="kaffemaskin;paying-with-creditcard">
            <skipped message="">
            </skipped>
        </testcase>
        <testcase name="Then you get a cup of coffee" classname="kaffemaskin;paying-with-creditcard">
            <skipped message="">
            </skipped>
        </testcase>
        <testcase name="Given that coffee type Black Coffee has been chosen" classname="kaffemaskin;paying-with-creditcard">
            <skipped message="">
            </skipped>
        </testcase>
        <testcase name="When the payment method creditcard has been chosen" classname="kaffemaskin;paying-with-creditcard">
            <skipped message="">
            </skipped>
        </testcase>
        <testcase name="And has enough 9" classname="kaffemaskin;paying-with-creditcard">
            <skipped message="">
            </skipped>
        </testcase>
        <testcase name="Then the user recieves 0 cup of coffee." classname="kaffemaskin;paying-with-creditcard">
            <skipped message="">
            </skipped>
        </testcase>
    </testsuite>
    <testsuite name="kaffemaskin;paying-with-creditcard" tests="13" failures="1" skipped="6">
        <properties>
            <property name="URI" value="C:/Users/matti/OneDrive/Skrivbord/Programming/kaffemaskin/features/kaffemaskin.feature">
            </property>
        </properties>
        <testcase name="Given that the machine is plugged in" classname="kaffemaskin;paying-with-creditcard" time="0.000071">
        </testcase>
        <testcase name="And that the user has pressed the start button" classname="kaffemaskin;paying-with-creditcard" time="0.0000735">
        </testcase>
        <testcase name="And that ground coffee is available" classname="kaffemaskin;paying-with-creditcard" time="0.000103899">
        </testcase>
        <testcase name="And that water is available" classname="kaffemaskin;paying-with-creditcard" time="0.0001356">
        </testcase>
        <testcase name="And that milk is available" classname="kaffemaskin;paying-with-creditcard" time="0.000101799">
        </testcase>
        <testcase name="And that a cup has been placed" classname="kaffemaskin;paying-with-creditcard" time="0.0000795">
        </testcase>
        <testcase name="And you have used SEK only" classname="kaffemaskin;paying-with-creditcard" time="0.000108401">
            <failure message="ReferenceError: nonMoney is not defined">ReferenceError: nonMoney is not defined
    at CoffeeMachine.insertMoney (C:\Users\matti\OneDrive\Skrivbord\Programming\kaffemaskin\index.js:90:62)
    at createWorld.&lt;anonymous&gt; (C:\Users\matti\OneDrive\Skrivbord\Programming\kaffemaskin\step-definitions\kaffemaskin.js:69:19)
    at processTicksAndRejections (internal/process/task_queues.js:75:11)</failure>
        </testcase>
        <testcase name="And you have used either coins or creditcard" classname="kaffemaskin;paying-with-creditcard">
            <skipped message="">
            </skipped>
        </testcase>
        <testcase name="Then you get a cup of coffee" classname="kaffemaskin;paying-with-creditcard">
            <skipped message="">
            </skipped>
        </testcase>
        <testcase name="Given that coffee type Caffe Latte has been chosen" classname="kaffemaskin;paying-with-creditcard">
            <skipped message="">
            </skipped>
        </testcase>
        <testcase name="When the payment method creditcard has been chosen" classname="kaffemaskin;paying-with-creditcard">
            <skipped message="">
            </skipped>
        </testcase>
        <testcase name="And has enough 20" classname="kaffemaskin;paying-with-creditcard">
            <skipped message="">
            </skipped>
        </testcase>
        <testcase name="Then the user recieves 1 cup of coffee." classname="kaffemaskin;paying-with-creditcard">
            <skipped message="">
            </skipped>
        </testcase>
    </testsuite>
    <testsuite name="kaffemaskin;paying-with-creditcard" tests="13" failures="1" skipped="6">
        <properties>
            <property name="URI" value="C:/Users/matti/OneDrive/Skrivbord/Programming/kaffemaskin/features/kaffemaskin.feature">
            </property>
        </properties>
        <testcase name="Given that the machine is plugged in" classname="kaffemaskin;paying-with-creditcard" time="0.000065">
        </testcase>
        <testcase name="And that the user has pressed the start button" classname="kaffemaskin;paying-with-creditcard" time="0.000060101">
        </testcase>
        <testcase name="And that ground coffee is available" classname="kaffemaskin;paying-with-creditcard" time="0.000069899">
        </testcase>
        <testcase name="And that water is available" classname="kaffemaskin;paying-with-creditcard" time="0.0000655">
        </testcase>
        <testcase name="And that milk is available" classname="kaffemaskin;paying-with-creditcard" time="0.000096499">
        </testcase>
        <testcase name="And that a cup has been placed" classname="kaffemaskin;paying-with-creditcard" time="0.000061901">
        </testcase>
        <testcase name="And you have used SEK only" classname="kaffemaskin;paying-with-creditcard" time="0.0001133">
            <failure message="ReferenceError: nonMoney is not defined">ReferenceError: nonMoney is not defined
    at CoffeeMachine.insertMoney (C:\Users\matti\OneDrive\Skrivbord\Programming\kaffemaskin\index.js:90:62)
    at createWorld.&lt;anonymous&gt; (C:\Users\matti\OneDrive\Skrivbord\Programming\kaffemaskin\step-definitions\kaffemaskin.js:69:19)
    at processTicksAndRejections (internal/process/task_queues.js:75:11)</failure>
        </testcase>
        <testcase name="And you have used either coins or creditcard" classname="kaffemaskin;paying-with-creditcard">
            <skipped message="">
            </skipped>
        </testcase>
        <testcase name="Then you get a cup of coffee" classname="kaffemaskin;paying-with-creditcard">
            <skipped message="">
            </skipped>
        </testcase>
        <testcase name="Given that coffee type Caffe Latte has been chosen" classname="kaffemaskin;paying-with-creditcard">
            <skipped message="">
            </skipped>
        </testcase>
        <testcase name="When the payment method creditcard has been chosen" classname="kaffemaskin;paying-with-creditcard">
            <skipped message="">
            </skipped>
        </testcase>
        <testcase name="And has enough 40" classname="kaffemaskin;paying-with-creditcard">
            <skipped message="">
            </skipped>
        </testcase>
        <testcase name="Then the user recieves 1 cup of coffee." classname="kaffemaskin;paying-with-creditcard">
            <skipped message="">
            </skipped>
        </testcase>
    </testsuite>
    <testsuite name="kaffemaskin;paying-with-creditcard" tests="13" failures="1" skipped="6">
        <properties>
            <property name="URI" value="C:/Users/matti/OneDrive/Skrivbord/Programming/kaffemaskin/features/kaffemaskin.feature">
            </property>
        </properties>
        <testcase name="Given that the machine is plugged in" classname="kaffemaskin;paying-with-creditcard" time="0.0000712">
        </testcase>
        <testcase name="And that the user has pressed the start button" classname="kaffemaskin;paying-with-creditcard" time="0.000056599">
        </testcase>
        <testcase name="And that ground coffee is available" classname="kaffemaskin;paying-with-creditcard" time="0.0000691">
        </testcase>
        <testcase name="And that water is available" classname="kaffemaskin;paying-with-creditcard" time="0.000076801">
        </testcase>
        <testcase name="And that milk is available" classname="kaffemaskin;paying-with-creditcard" time="0.0000593">
        </testcase>
        <testcase name="And that a cup has been placed" classname="kaffemaskin;paying-with-creditcard" time="0.0000586">
        </testcase>
        <testcase name="And you have used SEK only" classname="kaffemaskin;paying-with-creditcard" time="0.000104701">
            <failure message="ReferenceError: nonMoney is not defined">ReferenceError: nonMoney is not defined
    at CoffeeMachine.insertMoney (C:\Users\matti\OneDrive\Skrivbord\Programming\kaffemaskin\index.js:90:62)
    at createWorld.&lt;anonymous&gt; (C:\Users\matti\OneDrive\Skrivbord\Programming\kaffemaskin\step-definitions\kaffemaskin.js:69:19)
    at processTicksAndRejections (internal/process/task_queues.js:75:11)</failure>
        </testcase>
        <testcase name="And you have used either coins or creditcard" classname="kaffemaskin;paying-with-creditcard">
            <skipped message="">
            </skipped>
        </testcase>
        <testcase name="Then you get a cup of coffee" classname="kaffemaskin;paying-with-creditcard">
            <skipped message="">
            </skipped>
        </testcase>
        <testcase name="Given that coffee type Caffe Latte has been chosen" classname="kaffemaskin;paying-with-creditcard">
            <skipped message="">
            </skipped>
        </testcase>
        <testcase name="When the payment method creditcard has been chosen" classname="kaffemaskin;paying-with-creditcard">
            <skipped message="">
            </skipped>
        </testcase>
        <testcase name="And has enough 10" classname="kaffemaskin;paying-with-creditcard">
            <skipped message="">
            </skipped>
        </testcase>
        <testcase name="Then the user recieves 0 cup of coffee." classname="kaffemaskin;paying-with-creditcard">
            <skipped message="">
            </skipped>
        </testcase>
    </testsuite>
    <testsuite name="kaffemaskin;paying-with-creditcard" tests="13" failures="1" skipped="6">
        <properties>
            <property name="URI" value="C:/Users/matti/OneDrive/Skrivbord/Programming/kaffemaskin/features/kaffemaskin.feature">
            </property>
        </properties>
        <testcase name="Given that the machine is plugged in" classname="kaffemaskin;paying-with-creditcard" time="0.000064101">
        </testcase>
        <testcase name="And that the user has pressed the start button" classname="kaffemaskin;paying-with-creditcard" time="0.000035799">
        </testcase>
        <testcase name="And that ground coffee is available" classname="kaffemaskin;paying-with-creditcard" time="0.000075099">
        </testcase>
        <testcase name="And that water is available" classname="kaffemaskin;paying-with-creditcard" time="0.0000786">
        </testcase>
        <testcase name="And that milk is available" classname="kaffemaskin;paying-with-creditcard" time="0.000078">
        </testcase>
        <testcase name="And that a cup has been placed" classname="kaffemaskin;paying-with-creditcard" time="0.0000587">
        </testcase>
        <testcase name="And you have used SEK only" classname="kaffemaskin;paying-with-creditcard" time="0.0001027">
            <failure message="ReferenceError: nonMoney is not defined">ReferenceError: nonMoney is not defined
    at CoffeeMachine.insertMoney (C:\Users\matti\OneDrive\Skrivbord\Programming\kaffemaskin\index.js:90:62)
    at createWorld.&lt;anonymous&gt; (C:\Users\matti\OneDrive\Skrivbord\Programming\kaffemaskin\step-definitions\kaffemaskin.js:69:19)
    at processTicksAndRejections (internal/process/task_queues.js:75:11)</failure>
        </testcase>
        <testcase name="And you have used either coins or creditcard" classname="kaffemaskin;paying-with-creditcard">
            <skipped message="">
            </skipped>
        </testcase>
        <testcase name="Then you get a cup of coffee" classname="kaffemaskin;paying-with-creditcard">
            <skipped message="">
            </skipped>
        </testcase>
        <testcase name="Given that coffee type Caffe Latte has been chosen" classname="kaffemaskin;paying-with-creditcard">
            <skipped message="">
            </skipped>
        </testcase>
        <testcase name="When the payment method creditcard has been chosen" classname="kaffemaskin;paying-with-creditcard">
            <skipped message="">
            </skipped>
        </testcase>
        <testcase name="And has enough 14" classname="kaffemaskin;paying-with-creditcard">
            <skipped message="">
            </skipped>
        </testcase>
        <testcase name="Then the user recieves 0 cup of coffee." classname="kaffemaskin;paying-with-creditcard">
            <skipped message="">
            </skipped>
        </testcase>
    </testsuite>
    <testsuite name="kaffemaskin;paying-with-creditcard" tests="13" failures="1" skipped="6">
        <properties>
            <property name="URI" value="C:/Users/matti/OneDrive/Skrivbord/Programming/kaffemaskin/features/kaffemaskin.feature">
            </property>
        </properties>
        <testcase name="Given that the machine is plugged in" classname="kaffemaskin;paying-with-creditcard" time="0.0000818">
        </testcase>
        <testcase name="And that the user has pressed the start button" classname="kaffemaskin;paying-with-creditcard" time="0.0000588">
        </testcase>
        <testcase name="And that ground coffee is available" classname="kaffemaskin;paying-with-creditcard" time="0.000157599">
        </testcase>
        <testcase name="And that water is available" classname="kaffemaskin;paying-with-creditcard" time="0.0000713">
        </testcase>
        <testcase name="And that milk is available" classname="kaffemaskin;paying-with-creditcard" time="0.0000994">
        </testcase>
        <testcase name="And that a cup has been placed" classname="kaffemaskin;paying-with-creditcard" time="0.0000396">
        </testcase>
        <testcase name="And you have used SEK only" classname="kaffemaskin;paying-with-creditcard" time="0.0000688">
            <failure message="ReferenceError: nonMoney is not defined">ReferenceError: nonMoney is not defined
    at CoffeeMachine.insertMoney (C:\Users\matti\OneDrive\Skrivbord\Programming\kaffemaskin\index.js:90:62)
    at createWorld.&lt;anonymous&gt; (C:\Users\matti\OneDrive\Skrivbord\Programming\kaffemaskin\step-definitions\kaffemaskin.js:69:19)
    at processTicksAndRejections (internal/process/task_queues.js:75:11)</failure>
        </testcase>
        <testcase name="And you have used either coins or creditcard" classname="kaffemaskin;paying-with-creditcard">
            <skipped message="">
            </skipped>
        </testcase>
        <testcase name="Then you get a cup of coffee" classname="kaffemaskin;paying-with-creditcard">
            <skipped message="">
            </skipped>
        </testcase>
        <testcase name="Given that coffee type Cappucino has been chosen" classname="kaffemaskin;paying-with-creditcard">
            <skipped message="">
            </skipped>
        </testcase>
        <testcase name="When the payment method creditcard has been chosen" classname="kaffemaskin;paying-with-creditcard">
            <skipped message="">
            </skipped>
        </testcase>
        <testcase name="And has enough 214" classname="kaffemaskin;paying-with-creditcard">
            <skipped message="">
            </skipped>
        </testcase>
        <testcase name="Then the user recieves 1 cup of coffee." classname="kaffemaskin;paying-with-creditcard">
            <skipped message="">
            </skipped>
        </testcase>
    </testsuite>
    <testsuite name="kaffemaskin;paying-with-creditcard" tests="13" failures="1" skipped="6">
        <properties>
            <property name="URI" value="C:/Users/matti/OneDrive/Skrivbord/Programming/kaffemaskin/features/kaffemaskin.feature">
            </property>
        </properties>
        <testcase name="Given that the machine is plugged in" classname="kaffemaskin;paying-with-creditcard" time="0.000063">
        </testcase>
        <testcase name="And that the user has pressed the start button" classname="kaffemaskin;paying-with-creditcard" time="0.0002218">
        </testcase>
        <testcase name="And that ground coffee is available" classname="kaffemaskin;paying-with-creditcard" time="0.0000549">
        </testcase>
        <testcase name="And that water is available" classname="kaffemaskin;paying-with-creditcard" time="0.0000757">
        </testcase>
        <testcase name="And that milk is available" classname="kaffemaskin;paying-with-creditcard" time="0.0000393">
        </testcase>
        <testcase name="And that a cup has been placed" classname="kaffemaskin;paying-with-creditcard" time="0.0000365">
        </testcase>
        <testcase name="And you have used SEK only" classname="kaffemaskin;paying-with-creditcard" time="0.000065499">
            <failure message="ReferenceError: nonMoney is not defined">ReferenceError: nonMoney is not defined
    at CoffeeMachine.insertMoney (C:\Users\matti\OneDrive\Skrivbord\Programming\kaffemaskin\index.js:90:62)
    at createWorld.&lt;anonymous&gt; (C:\Users\matti\OneDrive\Skrivbord\Programming\kaffemaskin\step-definitions\kaffemaskin.js:69:19)
    at processTicksAndRejections (internal/process/task_queues.js:75:11)</failure>
        </testcase>
        <testcase name="And you have used either coins or creditcard" classname="kaffemaskin;paying-with-creditcard">
            <skipped message="">
            </skipped>
        </testcase>
        <testcase name="Then you get a cup of coffee" classname="kaffemaskin;paying-with-creditcard">
            <skipped message="">
            </skipped>
        </testcase>
        <testcase name="Given that coffee type Cappucino has been chosen" classname="kaffemaskin;paying-with-creditcard">
            <skipped message="">
            </skipped>
        </testcase>
        <testcase name="When the payment method creditcard has been chosen" classname="kaffemaskin;paying-with-creditcard">
            <skipped message="">
            </skipped>
        </testcase>
        <testcase name="And has enough 34" classname="kaffemaskin;paying-with-creditcard">
            <skipped message="">
            </skipped>
        </testcase>
        <testcase name="Then the user recieves 1 cup of coffee." classname="kaffemaskin;paying-with-creditcard">
            <skipped message="">
            </skipped>
        </testcase>
    </testsuite>
    <testsuite name="kaffemaskin;paying-with-creditcard" tests="13" failures="1" skipped="6">
        <properties>
            <property name="URI" value="C:/Users/matti/OneDrive/Skrivbord/Programming/kaffemaskin/features/kaffemaskin.feature">
            </property>
        </properties>
        <testcase name="Given that the machine is plugged in" classname="kaffemaskin;paying-with-creditcard" time="0.0001011">
        </testcase>
        <testcase name="And that the user has pressed the start button" classname="kaffemaskin;paying-with-creditcard" time="0.0000514">
        </testcase>
        <testcase name="And that ground coffee is available" classname="kaffemaskin;paying-with-creditcard" time="0.000120699">
        </testcase>
        <testcase name="And that water is available" classname="kaffemaskin;paying-with-creditcard" time="0.000116001">
        </testcase>
        <testcase name="And that milk is available" classname="kaffemaskin;paying-with-creditcard" time="0.000069301">
        </testcase>
        <testcase name="And that a cup has been placed" classname="kaffemaskin;paying-with-creditcard" time="0.000056801">
        </testcase>
        <testcase name="And you have used SEK only" classname="kaffemaskin;paying-with-creditcard" time="0.0000858">
            <failure message="ReferenceError: nonMoney is not defined">ReferenceError: nonMoney is not defined
    at CoffeeMachine.insertMoney (C:\Users\matti\OneDrive\Skrivbord\Programming\kaffemaskin\index.js:90:62)
    at createWorld.&lt;anonymous&gt; (C:\Users\matti\OneDrive\Skrivbord\Programming\kaffemaskin\step-definitions\kaffemaskin.js:69:19)
    at processTicksAndRejections (internal/process/task_queues.js:75:11)</failure>
        </testcase>
        <testcase name="And you have used either coins or creditcard" classname="kaffemaskin;paying-with-creditcard">
            <skipped message="">
            </skipped>
        </testcase>
        <testcase name="Then you get a cup of coffee" classname="kaffemaskin;paying-with-creditcard">
            <skipped message="">
            </skipped>
        </testcase>
        <testcase name="Given that coffee type Cappucino has been chosen" classname="kaffemaskin;paying-with-creditcard">
            <skipped message="">
            </skipped>
        </testcase>
        <testcase name="When the payment method creditcard has been chosen" classname="kaffemaskin;paying-with-creditcard">
            <skipped message="">
            </skipped>
        </testcase>
        <testcase name="And has enough 18" classname="kaffemaskin;paying-with-creditcard">
            <skipped message="">
            </skipped>
        </testcase>
        <testcase name="Then the user recieves 0 cup of coffee." classname="kaffemaskin;paying-with-creditcard">
            <skipped message="">
            </skipped>
        </testcase>
    </testsuite>
    <testsuite name="kaffemaskin;paying-with-creditcard" tests="13" failures="1" skipped="6">
        <properties>
            <property name="URI" value="C:/Users/matti/OneDrive/Skrivbord/Programming/kaffemaskin/features/kaffemaskin.feature">
            </property>
        </properties>
        <testcase name="Given that the machine is plugged in" classname="kaffemaskin;paying-with-creditcard" time="0.000073001">
        </testcase>
        <testcase name="And that the user has pressed the start button" classname="kaffemaskin;paying-with-creditcard" time="0.0003252">
        </testcase>
        <testcase name="And that ground coffee is available" classname="kaffemaskin;paying-with-creditcard" time="0.000046201">
        </testcase>
        <testcase name="And that water is available" classname="kaffemaskin;paying-with-creditcard" time="0.000037">
        </testcase>
        <testcase name="And that milk is available" classname="kaffemaskin;paying-with-creditcard" time="0.0000435">
        </testcase>
        <testcase name="And that a cup has been placed" classname="kaffemaskin;paying-with-creditcard" time="0.0000283">
        </testcase>
        <testcase name="And you have used SEK only" classname="kaffemaskin;paying-with-creditcard" time="0.000089601">
            <failure message="ReferenceError: nonMoney is not defined">ReferenceError: nonMoney is not defined
    at CoffeeMachine.insertMoney (C:\Users\matti\OneDrive\Skrivbord\Programming\kaffemaskin\index.js:90:62)
    at createWorld.&lt;anonymous&gt; (C:\Users\matti\OneDrive\Skrivbord\Programming\kaffemaskin\step-definitions\kaffemaskin.js:69:19)
    at processTicksAndRejections (internal/process/task_queues.js:75:11)</failure>
        </testcase>
        <testcase name="And you have used either coins or creditcard" classname="kaffemaskin;paying-with-creditcard">
            <skipped message="">
            </skipped>
        </testcase>
        <testcase name="Then you get a cup of coffee" classname="kaffemaskin;paying-with-creditcard">
            <skipped message="">
            </skipped>
        </testcase>
        <testcase name="Given that coffee type Cappucino has been chosen" classname="kaffemaskin;paying-with-creditcard">
            <skipped message="">
            </skipped>
        </testcase>
        <testcase name="When the payment method creditcard has been chosen" classname="kaffemaskin;paying-with-creditcard">
            <skipped message="">
            </skipped>
        </testcase>
        <testcase name="And has enough 14" classname="kaffemaskin;paying-with-creditcard">
            <skipped message="">
            </skipped>
        </testcase>
        <testcase name="Then the user recieves 0 cup of coffee." classname="kaffemaskin;paying-with-creditcard">
            <skipped message="">
            </skipped>
        </testcase>
    </testsuite>
    <testsuite name="kaffemaskin;paying-with-creditcard" tests="13" failures="1" skipped="6">
        <properties>
            <property name="URI" value="C:/Users/matti/OneDrive/Skrivbord/Programming/kaffemaskin/features/kaffemaskin.feature">
            </property>
        </properties>
        <testcase name="Given that the machine is plugged in" classname="kaffemaskin;paying-with-creditcard" time="0.000055701">
        </testcase>
        <testcase name="And that the user has pressed the start button" classname="kaffemaskin;paying-with-creditcard" time="0.0000685">
        </testcase>
        <testcase name="And that ground coffee is available" classname="kaffemaskin;paying-with-creditcard" time="0.0000679">
        </testcase>
        <testcase name="And that water is available" classname="kaffemaskin;paying-with-creditcard" time="0.0000747">
        </testcase>
        <testcase name="And that milk is available" classname="kaffemaskin;paying-with-creditcard" time="0.0000583">
        </testcase>
        <testcase name="And that a cup has been placed" classname="kaffemaskin;paying-with-creditcard" time="0.000042799">
        </testcase>
        <testcase name="And you have used SEK only" classname="kaffemaskin;paying-with-creditcard" time="0.000083199">
            <failure message="ReferenceError: nonMoney is not defined">ReferenceError: nonMoney is not defined
    at CoffeeMachine.insertMoney (C:\Users\matti\OneDrive\Skrivbord\Programming\kaffemaskin\index.js:90:62)
    at createWorld.&lt;anonymous&gt; (C:\Users\matti\OneDrive\Skrivbord\Programming\kaffemaskin\step-definitions\kaffemaskin.js:69:19)
    at processTicksAndRejections (internal/process/task_queues.js:75:11)</failure>
        </testcase>
        <testcase name="And you have used either coins or creditcard" classname="kaffemaskin;paying-with-creditcard">
            <skipped message="">
            </skipped>
        </testcase>
        <testcase name="Then you get a cup of coffee" classname="kaffemaskin;paying-with-creditcard">
            <skipped message="">
            </skipped>
        </testcase>
        <testcase name="Given that coffee type Espresso has been chosen" classname="kaffemaskin;paying-with-creditcard">
            <skipped message="">
            </skipped>
        </testcase>
        <testcase name="When the payment method creditcard has been chosen" classname="kaffemaskin;paying-with-creditcard">
            <skipped message="">
            </skipped>
        </testcase>
        <testcase name="And has enough 53" classname="kaffemaskin;paying-with-creditcard">
            <skipped message="">
            </skipped>
        </testcase>
        <testcase name="Then the user recieves 1 cup of coffee." classname="kaffemaskin;paying-with-creditcard">
            <skipped message="">
            </skipped>
        </testcase>
    </testsuite>
    <testsuite name="kaffemaskin;paying-with-creditcard" tests="13" failures="1" skipped="6">
        <properties>
            <property name="URI" value="C:/Users/matti/OneDrive/Skrivbord/Programming/kaffemaskin/features/kaffemaskin.feature">
            </property>
        </properties>
        <testcase name="Given that the machine is plugged in" classname="kaffemaskin;paying-with-creditcard" time="0.0000537">
        </testcase>
        <testcase name="And that the user has pressed the start button" classname="kaffemaskin;paying-with-creditcard" time="0.0000643">
        </testcase>
        <testcase name="And that ground coffee is available" classname="kaffemaskin;paying-with-creditcard" time="0.000102">
        </testcase>
        <testcase name="And that water is available" classname="kaffemaskin;paying-with-creditcard" time="0.0000726">
        </testcase>
        <testcase name="And that milk is available" classname="kaffemaskin;paying-with-creditcard" time="0.000060099">
        </testcase>
        <testcase name="And that a cup has been placed" classname="kaffemaskin;paying-with-creditcard" time="0.0000662">
        </testcase>
        <testcase name="And you have used SEK only" classname="kaffemaskin;paying-with-creditcard" time="0.0000689">
            <failure message="ReferenceError: nonMoney is not defined">ReferenceError: nonMoney is not defined
    at CoffeeMachine.insertMoney (C:\Users\matti\OneDrive\Skrivbord\Programming\kaffemaskin\index.js:90:62)
    at createWorld.&lt;anonymous&gt; (C:\Users\matti\OneDrive\Skrivbord\Programming\kaffemaskin\step-definitions\kaffemaskin.js:69:19)
    at processTicksAndRejections (internal/process/task_queues.js:75:11)</failure>
        </testcase>
        <testcase name="And you have used either coins or creditcard" classname="kaffemaskin;paying-with-creditcard">
            <skipped message="">
            </skipped>
        </testcase>
        <testcase name="Then you get a cup of coffee" classname="kaffemaskin;paying-with-creditcard">
            <skipped message="">
            </skipped>
        </testcase>
        <testcase name="Given that coffee type Espresso has been chosen" classname="kaffemaskin;paying-with-creditcard">
            <skipped message="">
            </skipped>
        </testcase>
        <testcase name="When the payment method creditcard has been chosen" classname="kaffemaskin;paying-with-creditcard">
            <skipped message="">
            </skipped>
        </testcase>
        <testcase name="And has enough 90" classname="kaffemaskin;paying-with-creditcard">
            <skipped message="">
            </skipped>
        </testcase>
        <testcase name="Then the user recieves 1 cup of coffee." classname="kaffemaskin;paying-with-creditcard">
            <skipped message="">
            </skipped>
        </testcase>
    </testsuite>
    <testsuite name="kaffemaskin;paying-with-creditcard" tests="13" failures="1" skipped="6">
        <properties>
            <property name="URI" value="C:/Users/matti/OneDrive/Skrivbord/Programming/kaffemaskin/features/kaffemaskin.feature">
            </property>
        </properties>
        <testcase name="Given that the machine is plugged in" classname="kaffemaskin;paying-with-creditcard" time="0.0000615">
        </testcase>
        <testcase name="And that the user has pressed the start button" classname="kaffemaskin;paying-with-creditcard" time="0.0001051">
        </testcase>
        <testcase name="And that ground coffee is available" classname="kaffemaskin;paying-with-creditcard" time="0.0000895">
        </testcase>
        <testcase name="And that water is available" classname="kaffemaskin;paying-with-creditcard" time="0.0000481">
        </testcase>
        <testcase name="And that milk is available" classname="kaffemaskin;paying-with-creditcard" time="0.000060099">
        </testcase>
        <testcase name="And that a cup has been placed" classname="kaffemaskin;paying-with-creditcard" time="0.000039399">
        </testcase>
        <testcase name="And you have used SEK only" classname="kaffemaskin;paying-with-creditcard" time="0.000071999">
            <failure message="ReferenceError: nonMoney is not defined">ReferenceError: nonMoney is not defined
    at CoffeeMachine.insertMoney (C:\Users\matti\OneDrive\Skrivbord\Programming\kaffemaskin\index.js:90:62)
    at createWorld.&lt;anonymous&gt; (C:\Users\matti\OneDrive\Skrivbord\Programming\kaffemaskin\step-definitions\kaffemaskin.js:69:19)
    at processTicksAndRejections (internal/process/task_queues.js:75:11)</failure>
        </testcase>
        <testcase name="And you have used either coins or creditcard" classname="kaffemaskin;paying-with-creditcard">
            <skipped message="">
            </skipped>
        </testcase>
        <testcase name="Then you get a cup of coffee" classname="kaffemaskin;paying-with-creditcard">
            <skipped message="">
            </skipped>
        </testcase>
        <testcase name="Given that coffee type Espresso has been chosen" classname="kaffemaskin;paying-with-creditcard">
            <skipped message="">
            </skipped>
        </testcase>
        <testcase name="When the payment method creditcard has been chosen" classname="kaffemaskin;paying-with-creditcard">
            <skipped message="">
            </skipped>
        </testcase>
        <testcase name="And has enough 23" classname="kaffemaskin;paying-with-creditcard">
            <skipped message="">
            </skipped>
        </testcase>
        <testcase name="Then the user recieves 0 cup of coffee." classname="kaffemaskin;paying-with-creditcard">
            <skipped message="">
            </skipped>
        </testcase>
    </testsuite>
    <testsuite name="kaffemaskin;paying-with-creditcard" tests="13" failures="1" skipped="6">
        <properties>
            <property name="URI" value="C:/Users/matti/OneDrive/Skrivbord/Programming/kaffemaskin/features/kaffemaskin.feature">
            </property>
        </properties>
        <testcase name="Given that the machine is plugged in" classname="kaffemaskin;paying-with-creditcard" time="0.000047599">
        </testcase>
        <testcase name="And that the user has pressed the start button" classname="kaffemaskin;paying-with-creditcard" time="0.0000647">
        </testcase>
        <testcase name="And that ground coffee is available" classname="kaffemaskin;paying-with-creditcard" time="0.000046999">
        </testcase>
        <testcase name="And that water is available" classname="kaffemaskin;paying-with-creditcard" time="0.000050401">
        </testcase>
        <testcase name="And that milk is available" classname="kaffemaskin;paying-with-creditcard" time="0.000044199">
        </testcase>
        <testcase name="And that a cup has been placed" classname="kaffemaskin;paying-with-creditcard" time="0.000048399">
        </testcase>
        <testcase name="And you have used SEK only" classname="kaffemaskin;paying-with-creditcard" time="0.000079601">
            <failure message="ReferenceError: nonMoney is not defined">ReferenceError: nonMoney is not defined
    at CoffeeMachine.insertMoney (C:\Users\matti\OneDrive\Skrivbord\Programming\kaffemaskin\index.js:90:62)
    at createWorld.&lt;anonymous&gt; (C:\Users\matti\OneDrive\Skrivbord\Programming\kaffemaskin\step-definitions\kaffemaskin.js:69:19)
    at processTicksAndRejections (internal/process/task_queues.js:75:11)</failure>
        </testcase>
        <testcase name="And you have used either coins or creditcard" classname="kaffemaskin;paying-with-creditcard">
            <skipped message="">
            </skipped>
        </testcase>
        <testcase name="Then you get a cup of coffee" classname="kaffemaskin;paying-with-creditcard">
            <skipped message="">
            </skipped>
        </testcase>
        <testcase name="Given that coffee type Espresso has been chosen" classname="kaffemaskin;paying-with-creditcard">
            <skipped message="">
            </skipped>
        </testcase>
        <testcase name="When the payment method creditcard has been chosen" classname="kaffemaskin;paying-with-creditcard">
            <skipped message="">
            </skipped>
        </testcase>
        <testcase name="And has enough 12" classname="kaffemaskin;paying-with-creditcard">
            <skipped message="">
            </skipped>
        </testcase>
        <testcase name="Then the user recieves 0 cup of coffee." classname="kaffemaskin;paying-with-creditcard">
            <skipped message="">
            </skipped>
        </testcase>
    </testsuite>
    <testsuite name="kaffemaskin;user-doesn&apos;t-have-enough-balance-on-their-creditcard" tests="12" failures="1" skipped="5">
        <properties>
            <property name="URI" value="C:/Users/matti/OneDrive/Skrivbord/Programming/kaffemaskin/features/kaffemaskin.feature">
            </property>
        </properties>
        <testcase name="Given that the machine is plugged in" classname="kaffemaskin;user-doesn&apos;t-have-enough-balance-on-their-creditcard" time="0.0001031">
        </testcase>
        <testcase name="And that the user has pressed the start button" classname="kaffemaskin;user-doesn&apos;t-have-enough-balance-on-their-creditcard" time="0.000059999">
        </testcase>
        <testcase name="And that ground coffee is available" classname="kaffemaskin;user-doesn&apos;t-have-enough-balance-on-their-creditcard" time="0.000059701">
        </testcase>
        <testcase name="And that water is available" classname="kaffemaskin;user-doesn&apos;t-have-enough-balance-on-their-creditcard" time="0.000094499">
        </testcase>
        <testcase name="And that milk is available" classname="kaffemaskin;user-doesn&apos;t-have-enough-balance-on-their-creditcard" time="0.000084">
        </testcase>
        <testcase name="And that a cup has been placed" classname="kaffemaskin;user-doesn&apos;t-have-enough-balance-on-their-creditcard" time="0.000059">
        </testcase>
        <testcase name="And you have used SEK only" classname="kaffemaskin;user-doesn&apos;t-have-enough-balance-on-their-creditcard" time="0.0001046">
            <failure message="ReferenceError: nonMoney is not defined">ReferenceError: nonMoney is not defined
    at CoffeeMachine.insertMoney (C:\Users\matti\OneDrive\Skrivbord\Programming\kaffemaskin\index.js:90:62)
    at createWorld.&lt;anonymous&gt; (C:\Users\matti\OneDrive\Skrivbord\Programming\kaffemaskin\step-definitions\kaffemaskin.js:69:19)
    at processTicksAndRejections (internal/process/task_queues.js:75:11)</failure>
        </testcase>
        <testcase name="And you have used either coins or creditcard" classname="kaffemaskin;user-doesn&apos;t-have-enough-balance-on-their-creditcard">
            <skipped message="">
            </skipped>
        </testcase>
        <testcase name="Then you get a cup of coffee" classname="kaffemaskin;user-doesn&apos;t-have-enough-balance-on-their-creditcard">
            <skipped message="">
            </skipped>
        </testcase>
        <testcase name="Given that the user chooses to pay with a creditcard" classname="kaffemaskin;user-doesn&apos;t-have-enough-balance-on-their-creditcard">
            <skipped message="">
            </skipped>
        </testcase>
        <testcase name="And the user doesn&apos;t have enough balance on the card" classname="kaffemaskin;user-doesn&apos;t-have-enough-balance-on-their-creditcard">
            <skipped message="">
            </skipped>
        </testcase>
        <testcase name="Then the user gets an error message" classname="kaffemaskin;user-doesn&apos;t-have-enough-balance-on-their-creditcard">
            <skipped message="">
            </skipped>
        </testcase>
    </testsuite>
    <testsuite name="kaffemaskin;the-machine-doesn&apos;t-have-enough-ingredients-for-desired-beverage" tests="13" failures="1" skipped="6">
        <properties>
            <property name="URI" value="C:/Users/matti/OneDrive/Skrivbord/Programming/kaffemaskin/features/kaffemaskin.feature">
            </property>
        </properties>
        <testcase name="Given that the machine is plugged in" classname="kaffemaskin;the-machine-doesn&apos;t-have-enough-ingredients-for-desired-beverage" time="0.000090999">
        </testcase>
        <testcase name="And that the user has pressed the start button" classname="kaffemaskin;the-machine-doesn&apos;t-have-enough-ingredients-for-desired-beverage" time="0.000061399">
        </testcase>
        <testcase name="And that ground coffee is available" classname="kaffemaskin;the-machine-doesn&apos;t-have-enough-ingredients-for-desired-beverage" time="0.0000853">
        </testcase>
        <testcase name="And that water is available" classname="kaffemaskin;the-machine-doesn&apos;t-have-enough-ingredients-for-desired-beverage" time="0.0000631">
        </testcase>
        <testcase name="And that milk is available" classname="kaffemaskin;the-machine-doesn&apos;t-have-enough-ingredients-for-desired-beverage" time="0.000053299">
        </testcase>
        <testcase name="And that a cup has been placed" classname="kaffemaskin;the-machine-doesn&apos;t-have-enough-ingredients-for-desired-beverage" time="0.0000451">
        </testcase>
        <testcase name="And you have used SEK only" classname="kaffemaskin;the-machine-doesn&apos;t-have-enough-ingredients-for-desired-beverage" time="0.0001061">
            <failure message="ReferenceError: nonMoney is not defined">ReferenceError: nonMoney is not defined
    at CoffeeMachine.insertMoney (C:\Users\matti\OneDrive\Skrivbord\Programming\kaffemaskin\index.js:90:62)
    at createWorld.&lt;anonymous&gt; (C:\Users\matti\OneDrive\Skrivbord\Programming\kaffemaskin\step-definitions\kaffemaskin.js:69:19)
    at processTicksAndRejections (internal/process/task_queues.js:75:11)</failure>
        </testcase>
        <testcase name="And you have used either coins or creditcard" classname="kaffemaskin;the-machine-doesn&apos;t-have-enough-ingredients-for-desired-beverage">
            <skipped message="">
            </skipped>
        </testcase>
        <testcase name="Then you get a cup of coffee" classname="kaffemaskin;the-machine-doesn&apos;t-have-enough-ingredients-for-desired-beverage">
            <skipped message="">
            </skipped>
        </testcase>
        <testcase name="Given that the user has selected Black Coffee" classname="kaffemaskin;the-machine-doesn&apos;t-have-enough-ingredients-for-desired-beverage">
            <skipped message="">
            </skipped>
        </testcase>
        <testcase name="And there is not enough of ground coffee" classname="kaffemaskin;the-machine-doesn&apos;t-have-enough-ingredients-for-desired-beverage">
            <skipped message="">
            </skipped>
        </testcase>
        <testcase name="When you press the Black Coffee button" classname="kaffemaskin;the-machine-doesn&apos;t-have-enough-ingredients-for-desired-beverage">
            <skipped message="">
            </skipped>
        </testcase>
        <testcase name="Then the machine displays &quot;not enough ground coffee, please refill&quot;" classname="kaffemaskin;the-machine-doesn&apos;t-have-enough-ingredients-for-desired-beverage">
            <skipped message="">
            </skipped>
        </testcase>
    </testsuite>
    <testsuite name="kaffemaskin;the-machine-doesn&apos;t-have-enough-ingredients-for-desired-beverage" tests="13" failures="1" skipped="6">
        <properties>
            <property name="URI" value="C:/Users/matti/OneDrive/Skrivbord/Programming/kaffemaskin/features/kaffemaskin.feature">
            </property>
        </properties>
        <testcase name="Given that the machine is plugged in" classname="kaffemaskin;the-machine-doesn&apos;t-have-enough-ingredients-for-desired-beverage" time="0.0000536">
        </testcase>
        <testcase name="And that the user has pressed the start button" classname="kaffemaskin;the-machine-doesn&apos;t-have-enough-ingredients-for-desired-beverage" time="0.000061399">
        </testcase>
        <testcase name="And that ground coffee is available" classname="kaffemaskin;the-machine-doesn&apos;t-have-enough-ingredients-for-desired-beverage" time="0.0000749">
        </testcase>
        <testcase name="And that water is available" classname="kaffemaskin;the-machine-doesn&apos;t-have-enough-ingredients-for-desired-beverage" time="0.000056699">
        </testcase>
        <testcase name="And that milk is available" classname="kaffemaskin;the-machine-doesn&apos;t-have-enough-ingredients-for-desired-beverage" time="0.0000483">
        </testcase>
        <testcase name="And that a cup has been placed" classname="kaffemaskin;the-machine-doesn&apos;t-have-enough-ingredients-for-desired-beverage" time="0.000039301">
        </testcase>
        <testcase name="And you have used SEK only" classname="kaffemaskin;the-machine-doesn&apos;t-have-enough-ingredients-for-desired-beverage" time="0.0000649">
            <failure message="ReferenceError: nonMoney is not defined">ReferenceError: nonMoney is not defined
    at CoffeeMachine.insertMoney (C:\Users\matti\OneDrive\Skrivbord\Programming\kaffemaskin\index.js:90:62)
    at createWorld.&lt;anonymous&gt; (C:\Users\matti\OneDrive\Skrivbord\Programming\kaffemaskin\step-definitions\kaffemaskin.js:69:19)
    at processTicksAndRejections (internal/process/task_queues.js:75:11)</failure>
        </testcase>
        <testcase name="And you have used either coins or creditcard" classname="kaffemaskin;the-machine-doesn&apos;t-have-enough-ingredients-for-desired-beverage">
            <skipped message="">
            </skipped>
        </testcase>
        <testcase name="Then you get a cup of coffee" classname="kaffemaskin;the-machine-doesn&apos;t-have-enough-ingredients-for-desired-beverage">
            <skipped message="">
            </skipped>
        </testcase>
        <testcase name="Given that the user has selected Caffe Latte" classname="kaffemaskin;the-machine-doesn&apos;t-have-enough-ingredients-for-desired-beverage">
            <skipped message="">
            </skipped>
        </testcase>
        <testcase name="And there is not enough of water" classname="kaffemaskin;the-machine-doesn&apos;t-have-enough-ingredients-for-desired-beverage">
            <skipped message="">
            </skipped>
        </testcase>
        <testcase name="When you press the Caffe Latte button" classname="kaffemaskin;the-machine-doesn&apos;t-have-enough-ingredients-for-desired-beverage">
            <skipped message="">
            </skipped>
        </testcase>
        <testcase name="Then the machine displays &quot;not enough water, please refill&quot;" classname="kaffemaskin;the-machine-doesn&apos;t-have-enough-ingredients-for-desired-beverage">
            <skipped message="">
            </skipped>
        </testcase>
    </testsuite>
    <testsuite name="kaffemaskin;the-machine-doesn&apos;t-have-enough-ingredients-for-desired-beverage" tests="13" failures="1" skipped="6">
        <properties>
            <property name="URI" value="C:/Users/matti/OneDrive/Skrivbord/Programming/kaffemaskin/features/kaffemaskin.feature">
            </property>
        </properties>
        <testcase name="Given that the machine is plugged in" classname="kaffemaskin;the-machine-doesn&apos;t-have-enough-ingredients-for-desired-beverage" time="0.000039199">
        </testcase>
        <testcase name="And that the user has pressed the start button" classname="kaffemaskin;the-machine-doesn&apos;t-have-enough-ingredients-for-desired-beverage" time="0.0000742">
        </testcase>
        <testcase name="And that ground coffee is available" classname="kaffemaskin;the-machine-doesn&apos;t-have-enough-ingredients-for-desired-beverage" time="0.000062199">
        </testcase>
        <testcase name="And that water is available" classname="kaffemaskin;the-machine-doesn&apos;t-have-enough-ingredients-for-desired-beverage" time="0.0000569">
        </testcase>
        <testcase name="And that milk is available" classname="kaffemaskin;the-machine-doesn&apos;t-have-enough-ingredients-for-desired-beverage" time="0.000054099">
        </testcase>
        <testcase name="And that a cup has been placed" classname="kaffemaskin;the-machine-doesn&apos;t-have-enough-ingredients-for-desired-beverage" time="0.0000363">
        </testcase>
        <testcase name="And you have used SEK only" classname="kaffemaskin;the-machine-doesn&apos;t-have-enough-ingredients-for-desired-beverage" time="0.0001156">
            <failure message="ReferenceError: nonMoney is not defined">ReferenceError: nonMoney is not defined
    at CoffeeMachine.insertMoney (C:\Users\matti\OneDrive\Skrivbord\Programming\kaffemaskin\index.js:90:62)
    at createWorld.&lt;anonymous&gt; (C:\Users\matti\OneDrive\Skrivbord\Programming\kaffemaskin\step-definitions\kaffemaskin.js:69:19)
    at processTicksAndRejections (internal/process/task_queues.js:75:11)</failure>
        </testcase>
        <testcase name="And you have used either coins or creditcard" classname="kaffemaskin;the-machine-doesn&apos;t-have-enough-ingredients-for-desired-beverage">
            <skipped message="">
            </skipped>
        </testcase>
        <testcase name="Then you get a cup of coffee" classname="kaffemaskin;the-machine-doesn&apos;t-have-enough-ingredients-for-desired-beverage">
            <skipped message="">
            </skipped>
        </testcase>
        <testcase name="Given that the user has selected Cappucino" classname="kaffemaskin;the-machine-doesn&apos;t-have-enough-ingredients-for-desired-beverage">
            <skipped message="">
            </skipped>
        </testcase>
        <testcase name="And there is not enough of milk" classname="kaffemaskin;the-machine-doesn&apos;t-have-enough-ingredients-for-desired-beverage">
            <skipped message="">
            </skipped>
        </testcase>
        <testcase name="When you press the Cappucino button" classname="kaffemaskin;the-machine-doesn&apos;t-have-enough-ingredients-for-desired-beverage">
            <skipped message="">
            </skipped>
        </testcase>
        <testcase name="Then the machine displays &quot;not enough milk, please refill&quot;" classname="kaffemaskin;the-machine-doesn&apos;t-have-enough-ingredients-for-desired-beverage">
            <skipped message="">
            </skipped>
        </testcase>
    </testsuite>
    <testsuite name="kaffemaskin;the-machine-doesn&apos;t-have-enough-ingredients-for-desired-beverage" tests="13" failures="1" skipped="6">
        <properties>
            <property name="URI" value="C:/Users/matti/OneDrive/Skrivbord/Programming/kaffemaskin/features/kaffemaskin.feature">
            </property>
        </properties>
        <testcase name="Given that the machine is plugged in" classname="kaffemaskin;the-machine-doesn&apos;t-have-enough-ingredients-for-desired-beverage" time="0.0000425">
        </testcase>
        <testcase name="And that the user has pressed the start button" classname="kaffemaskin;the-machine-doesn&apos;t-have-enough-ingredients-for-desired-beverage" time="0.000051301">
        </testcase>
        <testcase name="And that ground coffee is available" classname="kaffemaskin;the-machine-doesn&apos;t-have-enough-ingredients-for-desired-beverage" time="0.000060001">
        </testcase>
        <testcase name="And that water is available" classname="kaffemaskin;the-machine-doesn&apos;t-have-enough-ingredients-for-desired-beverage" time="0.0000644">
        </testcase>
        <testcase name="And that milk is available" classname="kaffemaskin;the-machine-doesn&apos;t-have-enough-ingredients-for-desired-beverage" time="0.0000542">
        </testcase>
        <testcase name="And that a cup has been placed" classname="kaffemaskin;the-machine-doesn&apos;t-have-enough-ingredients-for-desired-beverage" time="0.0000872">
        </testcase>
        <testcase name="And you have used SEK only" classname="kaffemaskin;the-machine-doesn&apos;t-have-enough-ingredients-for-desired-beverage" time="0.0001081">
            <failure message="ReferenceError: nonMoney is not defined">ReferenceError: nonMoney is not defined
    at CoffeeMachine.insertMoney (C:\Users\matti\OneDrive\Skrivbord\Programming\kaffemaskin\index.js:90:62)
    at createWorld.&lt;anonymous&gt; (C:\Users\matti\OneDrive\Skrivbord\Programming\kaffemaskin\step-definitions\kaffemaskin.js:69:19)
    at processTicksAndRejections (internal/process/task_queues.js:75:11)</failure>
        </testcase>
        <testcase name="And you have used either coins or creditcard" classname="kaffemaskin;the-machine-doesn&apos;t-have-enough-ingredients-for-desired-beverage">
            <skipped message="">
            </skipped>
        </testcase>
        <testcase name="Then you get a cup of coffee" classname="kaffemaskin;the-machine-doesn&apos;t-have-enough-ingredients-for-desired-beverage">
            <skipped message="">
            </skipped>
        </testcase>
        <testcase name="Given that the user has selected Espresso" classname="kaffemaskin;the-machine-doesn&apos;t-have-enough-ingredients-for-desired-beverage">
            <skipped message="">
            </skipped>
        </testcase>
        <testcase name="And there is not enough of " classname="kaffemaskin;the-machine-doesn&apos;t-have-enough-ingredients-for-desired-beverage">
            <skipped message="">
            </skipped>
        </testcase>
        <testcase name="When you press the Espresso button" classname="kaffemaskin;the-machine-doesn&apos;t-have-enough-ingredients-for-desired-beverage">
            <skipped message="">
            </skipped>
        </testcase>
        <testcase name="Then the machine displays " classname="kaffemaskin;the-machine-doesn&apos;t-have-enough-ingredients-for-desired-beverage">
            <skipped message="">
            </skipped>
        </testcase>
    </testsuite>
    <testsuite name="kaffemaskin;there-is-not-a-cup-placed" tests="12" failures="1" skipped="5">
        <properties>
            <property name="URI" value="C:/Users/matti/OneDrive/Skrivbord/Programming/kaffemaskin/features/kaffemaskin.feature">
            </property>
        </properties>
        <testcase name="Given that the machine is plugged in" classname="kaffemaskin;there-is-not-a-cup-placed" time="0.000044799">
        </testcase>
        <testcase name="And that the user has pressed the start button" classname="kaffemaskin;there-is-not-a-cup-placed" time="0.0001157">
        </testcase>
        <testcase name="And that ground coffee is available" classname="kaffemaskin;there-is-not-a-cup-placed" time="0.000087">
        </testcase>
        <testcase name="And that water is available" classname="kaffemaskin;there-is-not-a-cup-placed" time="0.000073201">
        </testcase>
        <testcase name="And that milk is available" classname="kaffemaskin;there-is-not-a-cup-placed" time="0.000036999">
        </testcase>
        <testcase name="And that a cup has been placed" classname="kaffemaskin;there-is-not-a-cup-placed" time="0.0000286">
        </testcase>
        <testcase name="And you have used SEK only" classname="kaffemaskin;there-is-not-a-cup-placed" time="0.0000593">
            <failure message="ReferenceError: nonMoney is not defined">ReferenceError: nonMoney is not defined
    at CoffeeMachine.insertMoney (C:\Users\matti\OneDrive\Skrivbord\Programming\kaffemaskin\index.js:90:62)
    at createWorld.&lt;anonymous&gt; (C:\Users\matti\OneDrive\Skrivbord\Programming\kaffemaskin\step-definitions\kaffemaskin.js:69:19)
    at processTicksAndRejections (internal/process/task_queues.js:75:11)</failure>
        </testcase>
        <testcase name="And you have used either coins or creditcard" classname="kaffemaskin;there-is-not-a-cup-placed">
            <skipped message="">
            </skipped>
        </testcase>
        <testcase name="Then you get a cup of coffee" classname="kaffemaskin;there-is-not-a-cup-placed">
            <skipped message="">
            </skipped>
        </testcase>
        <testcase name="Given that you need a cup in order for the machine to make the coffee" classname="kaffemaskin;there-is-not-a-cup-placed">
            <skipped message="">
            </skipped>
        </testcase>
        <testcase name="And a cup has not been placed" classname="kaffemaskin;there-is-not-a-cup-placed">
            <skipped message="">
            </skipped>
        </testcase>
        <testcase name="Then the machine will stop and prompt the user to place a cup" classname="kaffemaskin;there-is-not-a-cup-placed">
            <skipped message="">
            </skipped>
        </testcase>
    </testsuite>
    <testsuite name="kaffemaskin;user-chose-the-wrong-coffee-type" tests="13" failures="1" skipped="6">
        <properties>
            <property name="URI" value="C:/Users/matti/OneDrive/Skrivbord/Programming/kaffemaskin/features/kaffemaskin.feature">
            </property>
        </properties>
        <testcase name="Given that the machine is plugged in" classname="kaffemaskin;user-chose-the-wrong-coffee-type" time="0.0000422">
        </testcase>
        <testcase name="And that the user has pressed the start button" classname="kaffemaskin;user-chose-the-wrong-coffee-type" time="0.000074901">
        </testcase>
        <testcase name="And that ground coffee is available" classname="kaffemaskin;user-chose-the-wrong-coffee-type" time="0.0000413">
        </testcase>
        <testcase name="And that water is available" classname="kaffemaskin;user-chose-the-wrong-coffee-type" time="0.00007">
        </testcase>
        <testcase name="And that milk is available" classname="kaffemaskin;user-chose-the-wrong-coffee-type" time="0.0000465">
        </testcase>
        <testcase name="And that a cup has been placed" classname="kaffemaskin;user-chose-the-wrong-coffee-type" time="0.000033801">
        </testcase>
        <testcase name="And you have used SEK only" classname="kaffemaskin;user-chose-the-wrong-coffee-type" time="0.000090599">
            <failure message="ReferenceError: nonMoney is not defined">ReferenceError: nonMoney is not defined
    at CoffeeMachine.insertMoney (C:\Users\matti\OneDrive\Skrivbord\Programming\kaffemaskin\index.js:90:62)
    at createWorld.&lt;anonymous&gt; (C:\Users\matti\OneDrive\Skrivbord\Programming\kaffemaskin\step-definitions\kaffemaskin.js:69:19)
    at processTicksAndRejections (internal/process/task_queues.js:75:11)</failure>
        </testcase>
        <testcase name="And you have used either coins or creditcard" classname="kaffemaskin;user-chose-the-wrong-coffee-type">
            <skipped message="">
            </skipped>
        </testcase>
        <testcase name="Then you get a cup of coffee" classname="kaffemaskin;user-chose-the-wrong-coffee-type">
            <skipped message="">
            </skipped>
        </testcase>
        <testcase name="Given that the user want Black Coffee" classname="kaffemaskin;user-chose-the-wrong-coffee-type">
            <skipped message="">
            </skipped>
        </testcase>
        <testcase name="And the user chooses Espresso by accident" classname="kaffemaskin;user-chose-the-wrong-coffee-type">
            <skipped message="">
            </skipped>
        </testcase>
        <testcase name="And the user presses the cancel-button" classname="kaffemaskin;user-chose-the-wrong-coffee-type">
            <skipped message="">
            </skipped>
        </testcase>
        <testcase name="Then the user is able to choose another coffee type" classname="kaffemaskin;user-chose-the-wrong-coffee-type">
            <skipped message="">
            </skipped>
        </testcase>
    </testsuite>
    <testsuite name="kaffemaskin;user-chose-the-wrong-payment-method" tests="13" failures="1" skipped="6">
        <properties>
            <property name="URI" value="C:/Users/matti/OneDrive/Skrivbord/Programming/kaffemaskin/features/kaffemaskin.feature">
            </property>
        </properties>
        <testcase name="Given that the machine is plugged in" classname="kaffemaskin;user-chose-the-wrong-payment-method" time="0.000055701">
        </testcase>
        <testcase name="And that the user has pressed the start button" classname="kaffemaskin;user-chose-the-wrong-payment-method" time="0.000046">
        </testcase>
        <testcase name="And that ground coffee is available" classname="kaffemaskin;user-chose-the-wrong-payment-method" time="0.0000676">
        </testcase>
        <testcase name="And that water is available" classname="kaffemaskin;user-chose-the-wrong-payment-method" time="0.0000741">
        </testcase>
        <testcase name="And that milk is available" classname="kaffemaskin;user-chose-the-wrong-payment-method" time="0.000047099">
        </testcase>
        <testcase name="And that a cup has been placed" classname="kaffemaskin;user-chose-the-wrong-payment-method" time="0.0000383">
        </testcase>
        <testcase name="And you have used SEK only" classname="kaffemaskin;user-chose-the-wrong-payment-method" time="0.0000686">
            <failure message="ReferenceError: nonMoney is not defined">ReferenceError: nonMoney is not defined
    at CoffeeMachine.insertMoney (C:\Users\matti\OneDrive\Skrivbord\Programming\kaffemaskin\index.js:90:62)
    at createWorld.&lt;anonymous&gt; (C:\Users\matti\OneDrive\Skrivbord\Programming\kaffemaskin\step-definitions\kaffemaskin.js:69:19)
    at processTicksAndRejections (internal/process/task_queues.js:75:11)</failure>
        </testcase>
        <testcase name="And you have used either coins or creditcard" classname="kaffemaskin;user-chose-the-wrong-payment-method">
            <skipped message="">
            </skipped>
        </testcase>
        <testcase name="Then you get a cup of coffee" classname="kaffemaskin;user-chose-the-wrong-payment-method">
            <skipped message="">
            </skipped>
        </testcase>
        <testcase name="Given that the user wants to pay with coins" classname="kaffemaskin;user-chose-the-wrong-payment-method">
            <skipped message="">
            </skipped>
        </testcase>
        <testcase name="And the user selects creditcard as payment method" classname="kaffemaskin;user-chose-the-wrong-payment-method">
            <skipped message="">
            </skipped>
        </testcase>
        <testcase name="When the user presses the cancel-button" classname="kaffemaskin;user-chose-the-wrong-payment-method">
            <skipped message="">
            </skipped>
        </testcase>
        <testcase name="Then the user is able to choose the desired payment method" classname="kaffemaskin;user-chose-the-wrong-payment-method">
            <skipped message="">
            </skipped>
        </testcase>
    </testsuite>
    <testsuite name="kaffemaskin;user-gets-change-back-if-they-pay-to-much-using-coins" tests="12" failures="1" skipped="5">
        <properties>
            <property name="URI" value="C:/Users/matti/OneDrive/Skrivbord/Programming/kaffemaskin/features/kaffemaskin.feature">
            </property>
        </properties>
        <testcase name="Given that the machine is plugged in" classname="kaffemaskin;user-gets-change-back-if-they-pay-to-much-using-coins" time="0.000038">
        </testcase>
        <testcase name="And that the user has pressed the start button" classname="kaffemaskin;user-gets-change-back-if-they-pay-to-much-using-coins" time="0.000063901">
        </testcase>
        <testcase name="And that ground coffee is available" classname="kaffemaskin;user-gets-change-back-if-they-pay-to-much-using-coins" time="0.0001144">
        </testcase>
        <testcase name="And that water is available" classname="kaffemaskin;user-gets-change-back-if-they-pay-to-much-using-coins" time="0.0000578">
        </testcase>
        <testcase name="And that milk is available" classname="kaffemaskin;user-gets-change-back-if-they-pay-to-much-using-coins" time="0.0000366">
        </testcase>
        <testcase name="And that a cup has been placed" classname="kaffemaskin;user-gets-change-back-if-they-pay-to-much-using-coins" time="0.0000318">
        </testcase>
        <testcase name="And you have used SEK only" classname="kaffemaskin;user-gets-change-back-if-they-pay-to-much-using-coins" time="0.0000616">
            <failure message="ReferenceError: nonMoney is not defined">ReferenceError: nonMoney is not defined
    at CoffeeMachine.insertMoney (C:\Users\matti\OneDrive\Skrivbord\Programming\kaffemaskin\index.js:90:62)
    at createWorld.&lt;anonymous&gt; (C:\Users\matti\OneDrive\Skrivbord\Programming\kaffemaskin\step-definitions\kaffemaskin.js:69:19)
    at processTicksAndRejections (internal/process/task_queues.js:75:11)</failure>
        </testcase>
        <testcase name="And you have used either coins or creditcard" classname="kaffemaskin;user-gets-change-back-if-they-pay-to-much-using-coins">
            <skipped message="">
            </skipped>
        </testcase>
        <testcase name="Then you get a cup of coffee" classname="kaffemaskin;user-gets-change-back-if-they-pay-to-much-using-coins">
            <skipped message="">
            </skipped>
        </testcase>
        <testcase name="Given that the user wants a Cappucino that costs 20 kr" classname="kaffemaskin;user-gets-change-back-if-they-pay-to-much-using-coins">
            <skipped message="">
            </skipped>
        </testcase>
        <testcase name="And the user inserts 2 kr too much" classname="kaffemaskin;user-gets-change-back-if-they-pay-to-much-using-coins">
            <skipped message="">
            </skipped>
        </testcase>
        <testcase name="Then the machine returns those 2 kr back" classname="kaffemaskin;user-gets-change-back-if-they-pay-to-much-using-coins">
            <skipped message="">
            </skipped>
        </testcase>
    </testsuite>
</testsuites>